{
  "event" : "video_play",
  "params" : {
    "event_page" : "video_detail",
    "video_type" : "video",
    "event_type" : "click",
    "request_id" : "20180731112141010012034086098CB0",
    "enter_from" : "video",
    "log_pb" : "{\"rid\":\"20180731112141010012034086098CB0\"}",
    "video_id" : "6583138827504717063",
    "music" : "镜花水月",
    "user_id" : "72276650167",
    "source" : "video",
    "music_id" : "6532368496397912845",
    "_staging_flag" : "1",
    "action_type" : "click",
    "event_belong" : "video_view",
    "event_module" : "video"
  }
}