{
  "event" : "hotsoon_oom_page",
  "params" : {
    "useBDWebImage" : false,
    "terminal_type" : "kTerminalTypeFOOM",
    "app_state" : 0,
    "free_memory" : 37,
    "page_chain" : [
      "HTSLiveCocosViewController",
      "HTSLivePopupNavigationController",
      "HTSLiveInviterEnterViewController",
      "HTSInteractivePKController",
      "HTSLiveInviterPKSelectModeViewController",
      "HTSLiveInviterPKListViewController",
      "HTSLiveInviterPKConnectingViewController",
      "HTSInteractivePKController",
      "HTSLivePopupNavigationController",
      "HTSLiveReceiverPKConnectingViewController"
    ],
    "event_page" : "HTSLiveReceiverPKConnectingViewController",
    "real_active" : true,
    "available_memory" : 524,
    "useTTNet" : false,
    "memory_usage" : 293,
    "usage_rate" : 14.635364532470703,
    "total_memory" : 2002,
    "launch_interval" : 351
  }
}