{
  "event" : "video_play",
  "params" : {
    "event_page" : "video_detail",
    "video_type" : "video",
    "event_type" : "click",
    "request_id" : "20180730141915010012061083866387",
    "enter_from" : "video",
    "log_pb" : "{\"rid\":\"20180730141915010012061083866387\"}",
    "video_id" : "6583818039974694148",
    "music" : "奇妙的约会",
    "user_id" : "53597845260",
    "source" : "video",
    "music_id" : "6456568749158828814",
    "_staging_flag" : "1",
    "action_type" : "click",
    "event_belong" : "video_view",
    "event_module" : "video"
  }
}