{
  "event" : "hotsoon_oom_page",
  "params" : {
    "useBDWebImage" : false,
    "terminal_type" : "kTerminalTypeFOOM",
    "app_state" : 0,
    "free_memory" : 57,
    "page_chain" : [
      "HTSLivePopupNavigationController",
      "HTSLiveReceiverPKConnectingViewController",
      "HTSAlertController",
      "HTSAlertController",
      "HTSLivePopupNavigationController",
      "HTSLiveInviterEnterViewController",
      "HTSInteractivePKController",
      "HTSLiveInviterPKSelectModeViewController",
      "HTSLiveInviterPKListViewController",
      "HTSLiveInviterPKConnectingViewController"
    ],
    "event_page" : "HTSLiveInviterPKConnectingViewController",
    "real_active" : true,
    "available_memory" : 529,
    "useTTNet" : false,
    "memory_usage" : 310,
    "usage_rate" : 15.484515190124512,
    "total_memory" : 2002,
    "launch_interval" : 4485
  }
}