{
  "useBDWebImage" : false,
  "terminal_type" : "kTerminalTypeFOOM",
  "app_state" : 0,
  "free_memory" : 31,
  "page_chain" : [
    "HTSUGCTabBarViewController",
    "HTSCaptureVideoViewController",
    "HTSEffectCameraViewController",
    "HTSCameraViewController",
    "HTSLiveGuideViewController",
    "HTSLiveAnchorViewController",
    "HTSLiveCocosViewController",
    "HTSInteractivePKController",
    "HTSLivePopupNavigationController",
    "HTSLiveReceiverPKConnectingViewController"
  ],
  "event_page" : "HTSLiveReceiverPKConnectingViewController",
  "real_active" : true,
  "available_memory" : 521,
  "useTTNet" : false,
  "memory_usage" : 207,
  "usage_rate" : 10.33966064453125,
  "total_memory" : 2002,
  "launch_interval" : 411
}