{
  "useBDWebImage" : false,
  "terminal_type" : "kTerminalTypeFOOM",
  "app_state" : 0,
  "free_memory" : 45,
  "page_chain" : [
    "UICompatibilityInputViewController",
    "UICompatibilityInputViewController",
    "_UIRemoteInputViewController",
    "HTSAlertController",
    "HTSLivePopupNavigationController",
    "HTSLiveInviterEnterViewController",
    "HTSInteractivePKController",
    "HTSLiveInviterPKSelectModeViewController",
    "HTSLiveInviterPKListViewController",
    "HTSLiveInviterPKConnectingViewController"
  ],
  "event_page" : "HTSLiveInviterPKConnectingViewController",
  "real_active" : true,
  "available_memory" : 492,
  "useTTNet" : false,
  "memory_usage" : 288,
  "usage_rate" : 14.385614395141602,
  "total_memory" : 2002,
  "launch_interval" : 2409
}