{
  "responderList" : [
    "UIImageView",
    "HTSLiveAvatarView",
    "HTSProfileOtherHeaderView",
    "OLEContainerScrollViewContentView",
    "OLEContainerScrollView",
    "UIView",
    "HTSProfileOtherViewController",
    "_UIParallaxDimmingView",
    "UIView",
    "UIViewControllerWrapperView",
    "UINavigationTransitionView",
    "UILayoutContainerView",
    "HTSVideoNavigationController",
    "HTSTabBarController",
    "UITransitionView",
    "UIWindow",
    "UIApplication",
    "AppDelegate"
  ]
}