{
  "useBDWebImage" : false,
  "terminal_type" : "kTerminalTypeFOOM",
  "app_state" : 0,
  "free_memory" : 36,
  "page_chain" : [
    "HTSCameraViewController",
    "HTSLiveGuideViewController",
    "HTSLiveAnchorViewController",
    "HTSLiveCocosViewController",
    "HTSLivePopupNavigationController",
    "HTSLiveInviterEnterViewController",
    "HTSInteractivePKController",
    "HTSLiveInviterPKSelectModeViewController",
    "HTSLiveInviterAutoMatchViewController",
    "HTSLiveInviterPKConnectingViewController"
  ],
  "event_page" : "HTSLiveInviterPKConnectingViewController",
  "real_active" : true,
  "available_memory" : 531,
  "useTTNet" : false,
  "memory_usage" : 256,
  "usage_rate" : 12.787212371826172,
  "total_memory" : 2002,
  "launch_interval" : 155
}