Call Backtrace of 41 threads:
Backtrace of Thread 771:
libsystem_kernel.dylib          0x184a2be08 mach_msg_trap + 8
libsystem_kernel.dylib          0x184a2bc80 mach_msg + 72
libdispatch.dylib               0x1848ce8b8 <redacted> + 560
libdispatch.dylib               0x1848cedb0 <redacted> + 56
libxpc.dylib                    0x184c288d8 xpc_connection_send_message_with_reply_sync + 196
CoreMedia                       0x18836219c FigXPCRemoteClientSendSyncMessageCreatingReply + 36
CoreMedia                       0x18836210c FigXPCSendStdCopyPropertyMessage + 116
CoreMedia                       0x188246214 <redacted> + 412
AVFoundation                    0x18ab2fb78 <redacted> + 88
MediaPlayer                     0x1963f350c <redacted> + 64
libdispatch.dylib               0x1848b8b24 <redacted> + 24
libdispatch.dylib               0x1848b8ae4 <redacted> + 16
libdispatch.dylib               0x1848c56e0 <redacted> + 1012
CoreFoundation                  0x184f6f070 <redacted> + 12
CoreFoundation                  0x184f6cbc8 <redacted> + 2272
CoreFoundation                  0x184e8cda8 CFRunLoopRunSpecific + 552
GraphicsServices                0x186e6f020 GSEventRunModal + 100
UIKit                           0x18ee6d78c UIApplicationMain + 236
LiveStreaming                   0x100bb8df0 main + 124
libdyld.dylib                   0x18491dfc0 <redacted> + 4

Backtrace of Thread 7183:
libsystem_kernel.dylib          0x184a4dd84 __workq_kernreturn + 8
libsystem_pthread.dylib         0x184bebeb4 _pthread_wqthread + 928

Backtrace of Thread 7427:
libsystem_kernel.dylib          0x184a4d0f4 __psynch_cvwait + 8
libsystem_pthread.dylib         0x184befc90 <redacted> + 644
libc++.1.dylib                  0x1841042ec _ZNSt3__118condition_variable15__do_timed_waitERNS_11unique_lockINS_5mutexEEENS_6chrono10time_pointINS5_12system_clockENS5_8durationIxNS_5ratioILl1ELl1000000000EEEEEEE + 96
JavaScriptCore                  0x18c5e3430 <redacted> + 124
JavaScriptCore                  0x18c5e32e0 <redacted> + 112
JavaScriptCore                  0x18c5e2e24 <redacted> + 272
JavaScriptCore                  0x18c5e2b60 <redacted> + 12
JavaScriptCore                  0x18c5e2f7c <redacted> + 44
libsystem_pthread.dylib         0x184bed220 <redacted> + 272
libsystem_pthread.dylib         0x184bed110 _pthread_start + 292

Backtrace of Thread 8707:
libsystem_kernel.dylib          0x184a2be08 mach_msg_trap + 8
libsystem_kernel.dylib          0x184a2bc80 mach_msg + 72
CoreFoundation                  0x184f6ee40 <redacted> + 196
CoreFoundation                  0x184f6c908 <redacted> + 1568
CoreFoundation                  0x184e8cda8 CFRunLoopRunSpecific + 552
WebCore                         0x18d119dcc <redacted> + 592
libsystem_pthread.dylib         0x184bed220 <redacted> + 272
libsystem_pthread.dylib         0x184bed110 _pthread_start + 292

Backtrace of Thread 11523:
libsystem_kernel.dylib          0x184a2be08 mach_msg_trap + 8
libsystem_kernel.dylib          0x184a2bc80 mach_msg + 72
CoreFoundation                  0x184f6ee40 <redacted> + 196
CoreFoundation                  0x184f6c908 <redacted> + 1568
CoreFoundation                  0x184e8cda8 CFRunLoopRunSpecific + 552
Foundation                      0x185901674 <redacted> + 304
Foundation                      0x18590151c <redacted> + 148
UIKit                           0x18eb527e4 <redacted> + 136
Foundation                      0x185a11efc <redacted> + 1040
libsystem_pthread.dylib         0x184bed220 <redacted> + 272
libsystem_pthread.dylib         0x184bed110 _pthread_start + 292

Backtrace of Thread 16899:
libsystem_kernel.dylib          0x184a2be08 mach_msg_trap + 8
libsystem_kernel.dylib          0x184a2bc80 mach_msg + 72
libsystem_kernel.dylib          0x184a2df34 thread_get_state + 136
LiveStreaming                   0x1021da600 bs_mach_copyMem + 60
LiveStreaming                   0x1021d9d40 _bs_backtraceOfThread + 636
LiveStreaming                   0x1021da498 +[BSBacktraceLogger bs_backtraceOfAllThread] + 220
LiveStreaming                   0x101c49cd0 __40+[IESDebugToolService startStuckMonitor]_block_invoke + 204
LiveStreaming                   0x101c47150 __36-[IESDebugStuckMonitor startMonitor]_block_invoke_2 + 112
CoreFoundation                  0x184f5ff38 <redacted> + 76
LiveStreaming                   0x101c47048 __36-[IESDebugStuckMonitor startMonitor]_block_invoke + 436
Foundation                      0x1859eee88 <redacted> + 16
Foundation                      0x1859308d0 <redacted> + 72
Foundation                      0x18592fcac <redacted> + 848
Foundation                      0x1859f076c <redacted> + 404
libdispatch.dylib               0x1848b8ae4 <redacted> + 16
libdispatch.dylib               0x1848c0f18 <redacted> + 424
libdispatch.dylib               0x1848bf850 <redacted> + 604
libdispatch.dylib               0x1848c5d30 <redacted> + 588
libdispatch.dylib               0x1848c5a80 <redacted> + 120
libsystem_pthread.dylib         0x184bebfac _pthread_wqthread + 1176

Backtrace of Thread 24327:
libsystem_kernel.dylib          0x184a4dd84 __workq_kernreturn + 8
libsystem_pthread.dylib         0x184bebeb4 _pthread_wqthread + 928

Backtrace of Thread 25347:
libsystem_kernel.dylib          0x184a4dd84 __workq_kernreturn + 8
libsystem_pthread.dylib         0x184bebeb4 _pthread_wqthread + 928

Backtrace of Thread 25859:
libsystem_kernel.dylib          0x184a4dd84 __workq_kernreturn + 8
libsystem_pthread.dylib         0x184bebeb4 _pthread_wqthread + 928

Backtrace of Thread 35843:
libsystem_kernel.dylib          0x184a2be08 mach_msg_trap + 8
libsystem_kernel.dylib          0x184a2bc80 mach_msg + 72
CoreFoundation                  0x184f6ee40 <redacted> + 196
CoreFoundation                  0x184f6c908 <redacted> + 1568
CoreFoundation                  0x184e8cda8 CFRunLoopRunSpecific + 552
Foundation                      0x185901674 <redacted> + 304
Foundation                      0x1859761a8 <redacted> + 88
LiveStreaming                   0x100c9bfac +[AFURLConnectionOperation networkRequestThreadEntryPoint:] + 308
Foundation                      0x185a11efc <redacted> + 1040
libsystem_pthread.dylib         0x184bed220 <redacted> + 272
libsystem_pthread.dylib         0x184bed110 _pthread_start + 292

Backtrace of Thread 45827:
libsystem_kernel.dylib          0x184a2be08 mach_msg_trap + 8
libsystem_kernel.dylib          0x184a2bc80 mach_msg + 72
CoreFoundation                  0x184f6ee40 <redacted> + 196
CoreFoundation                  0x184f6c908 <redacted> + 1568
CoreFoundation                  0x184e8cda8 CFRunLoopRunSpecific + 552
CFNetwork                       0x18579a4b0 <redacted> + 220
Foundation                      0x185a11efc <redacted> + 1040
libsystem_pthread.dylib         0x184bed220 <redacted> + 272
libsystem_pthread.dylib         0x184bed110 _pthread_start + 292

Backtrace of Thread 54291:
libsystem_kernel.dylib          0x184a2be08 mach_msg_trap + 8
libsystem_kernel.dylib          0x184a2bc80 mach_msg + 72
AudioToolbox                    0x188d8be48 <redacted> + 184
AudioToolbox                    0x188d6c740 <redacted> + 316
AudioToolbox                    0x188c282a8 <redacted> + 52
AudioToolbox                    0x188f0f210 <redacted> + 232
CoreFoundation                  0x184f6fae8 <redacted> + 56
CoreFoundation                  0x184f6f230 <redacted> + 440
CoreFoundation                  0x184f6cc80 <redacted> + 2456
CoreFoundation                  0x184e8cda8 CFRunLoopRunSpecific + 552
AVFAudio                        0x18a972424 <redacted> + 164
AVFAudio                        0x18a99c834 <redacted> + 88
libsystem_pthread.dylib         0x184bed220 <redacted> + 272
libsystem_pthread.dylib         0x184bed110 _pthread_start + 292

Backtrace of Thread 67103:
libsystem_kernel.dylib          0x184a2be08 mach_msg_trap + 8
libsystem_kernel.dylib          0x184a2bc80 mach_msg + 72
CoreFoundation                  0x184f6ee40 <redacted> + 196
CoreFoundation                  0x184f6c908 <redacted> + 1568
CoreFoundation                  0x184e8cda8 CFRunLoopRunSpecific + 552
CoreFoundation                  0x184edcb28 CFRunLoopRun + 116
CoreMotion                      0x18a46d9dc CLStartStopAdvertisingBeacon + 231572
libsystem_pthread.dylib         0x184bed220 <redacted> + 272
libsystem_pthread.dylib         0x184bed110 _pthread_start + 292

Backtrace of Thread 88847:
libsystem_kernel.dylib          0x184a2be08 mach_msg_trap + 8
libsystem_kernel.dylib          0x184a2bc80 mach_msg + 72
CoreFoundation                  0x184f6ee40 <redacted> + 196
CoreFoundation                  0x184f6c908 <redacted> + 1568
CoreFoundation                  0x184e8cda8 CFRunLoopRunSpecific + 552
GeoServices                     0x18b2356cc <redacted> + 468
libsystem_pthread.dylib         0x184bed220 <redacted> + 272
libsystem_pthread.dylib         0x184bed110 _pthread_start + 292

Backtrace of Thread 91947:
libsystem_kernel.dylib          0x184a4d538 select$DARWIN_EXTSN + 8
CoreFoundation                  0x184f77378 <redacted> + 644
libsystem_pthread.dylib         0x184bed220 <redacted> + 272
libsystem_pthread.dylib         0x184bed110 _pthread_start + 292

Backtrace of Thread 171015:
libsystem_kernel.dylib          0x184a2be08 mach_msg_trap + 8
libsystem_kernel.dylib          0x184a2bc80 mach_msg + 72
CoreFoundation                  0x184f6ee40 <redacted> + 196
CoreFoundation                  0x184f6c908 <redacted> + 1568
CoreFoundation                  0x184e8cda8 CFRunLoopRunSpecific + 552
Foundation                      0x185901674 <redacted> + 304
LiveStreaming                   0x1020f4d24 -[_SRRunLoopThread main] + 360
Foundation                      0x185a11efc <redacted> + 1040
libsystem_pthread.dylib         0x184bed220 <redacted> + 272
libsystem_pthread.dylib         0x184bed110 _pthread_start + 292

Backtrace of Thread 164103:
libsystem_kernel.dylib          0x184a2be08 mach_msg_trap + 8
libsystem_kernel.dylib          0x184a2bc80 mach_msg + 72
LiveStreaming                   0x103d24dbc CLSMachExceptionServer + 100
libsystem_pthread.dylib         0x184bed220 <redacted> + 272
libsystem_pthread.dylib         0x184bed110 _pthread_start + 292

Backtrace of Thread 98059:
libsystem_kernel.dylib          0x184a4d0f4 __psynch_cvwait + 8
libsystem_pthread.dylib         0x184befc90 <redacted> + 644
libc++.1.dylib                  0x18410425c _ZNSt3__118condition_variable4waitERNS_11unique_lockINS_5mutexEEE + 24
LiveStreaming                   0x103047f9c _ZN3BRC9SyncQueueINSt3__110shared_ptrINS_4TaskEEEE4TakeERS4_ + 80
LiveStreaming                   0x1030479fc _ZN3BRC18SingleThreadWorker4workEv + 176
LiveStreaming                   0x1030481e0 _ZNSt3__114__thread_proxyINS_5tupleIJNS_10unique_ptrINS_15__thread_structENS_14default_deleteIS3_EEEEMN3BRC18SingleThreadWorkerEFvvEPS8_EEEEEPvSD_ + 64
libsystem_pthread.dylib         0x184bed220 <redacted> + 272
libsystem_pthread.dylib         0x184bed110 _pthread_start + 292

Backtrace of Thread 64535:
libsystem_kernel.dylib          0x184a4d0f4 __psynch_cvwait + 8
libsystem_pthread.dylib         0x184befc90 <redacted> + 644
libc++.1.dylib                  0x18410425c _ZNSt3__118condition_variable4waitERNS_11unique_lockINS_5mutexEEE + 24
LiveStreaming                   0x103047f9c _ZN3BRC9SyncQueueINSt3__110shared_ptrINS_4TaskEEEE4TakeERS4_ + 80
LiveStreaming                   0x1030479fc _ZN3BRC18SingleThreadWorker4workEv + 176
LiveStreaming                   0x1030481e0 _ZNSt3__114__thread_proxyINS_5tupleIJNS_10unique_ptrINS_15__thread_structENS_14default_deleteIS3_EEEEMN3BRC18SingleThreadWorkerEFvvEPS8_EEEEEPvSD_ + 64
libsystem_pthread.dylib         0x184bed220 <redacted> + 272
libsystem_pthread.dylib         0x184bed110 _pthread_start + 292

Backtrace of Thread 108635:
libsystem_kernel.dylib          0x184a2be08 mach_msg_trap + 8
libsystem_kernel.dylib          0x184a2bc80 mach_msg + 72
AudioToolbox                    0x188d46060 <redacted> + 156
AudioToolbox                    0x188b9f40c <redacted> + 5064
AudioToolbox                    0x188f2f404 <redacted> + 72
ZegoLiveRoom                    0x10879686c 0x1085b8000 + 1960044
ZegoLiveRoom                    0x108797314 0x1085b8000 + 1962772
ZegoLiveRoom                    0x1087957a0 0x1085b8000 + 1955744
ZegoLiveRoom                    0x1087955b4 0x1085b8000 + 1955252
ZegoLiveRoom                    0x10878cb74 0x1085b8000 + 1919860
ZegoLiveRoom                    0x108672aec 0x1085b8000 + 764652
ZegoLiveRoom                    0x10868bcbc 0x1085b8000 + 867516
ZegoLiveRoom                    0x108620330 0x1085b8000 + 426800
ZegoLiveRoom                    0x108623368 0x1085b8000 + 439144
ZegoLiveRoom                    0x10861cb48 0x1085b8000 + 412488
ZegoLiveRoom                    0x1085c77fc 0x1085b8000 + 63484
ZegoLiveRoom                    0x1086f5088 0x1085b8000 + 1298568
ZegoLiveRoom                    0x1086f7688 0x1085b8000 + 1308296
ZegoLiveRoom                    0x1086f7438 0x1085b8000 + 1307704
ZegoLiveRoom                    0x1086f71ec 0x1085b8000 + 1307116
ZegoLiveRoom                    0x1086fb5bc 0x1085b8000 + 1324476
libsystem_pthread.dylib         0x184bed220 <redacted> + 272
libsystem_pthread.dylib         0x184bed110 _pthread_start + 292

Backtrace of Thread 151111:
libsystem_kernel.dylib          0x184a303e4 poll + 8
ZegoLiveRoom                    0x1086f3398 0x1085b8000 + 1291160
ZegoLiveRoom                    0x1086f744c 0x1085b8000 + 1307724
ZegoLiveRoom                    0x1086f71ec 0x1085b8000 + 1307116
ZegoLiveRoom                    0x1086fb5bc 0x1085b8000 + 1324476
libsystem_pthread.dylib         0x184bed220 <redacted> + 272
libsystem_pthread.dylib         0x184bed110 _pthread_start + 292

Backtrace of Thread 142343:
libsystem_kernel.dylib          0x184a303e4 poll + 8
ZegoLiveRoom                    0x1086f3398 0x1085b8000 + 1291160
ZegoLiveRoom                    0x1086f744c 0x1085b8000 + 1307724
ZegoLiveRoom                    0x1086f71ec 0x1085b8000 + 1307116
ZegoLiveRoom                    0x1086fb5bc 0x1085b8000 + 1324476
libsystem_pthread.dylib         0x184bed220 <redacted> + 272
libsystem_pthread.dylib         0x184bed110 _pthread_start + 292

Backtrace of Thread 139267:
libsystem_kernel.dylib          0x184a2be5c semaphore_timedwait_trap + 8
ZegoLiveRoom                    0x10879944c 0x1085b8000 + 1971276
ZegoLiveRoom                    0x108798e00 0x1085b8000 + 1969664
ZegoLiveRoom                    0x108798efc 0x1085b8000 + 1969916
libsystem_pthread.dylib         0x184bed220 <redacted> + 272
libsystem_pthread.dylib         0x184bed110 _pthread_start + 292

Backtrace of Thread 146143:
libsystem_kernel.dylib          0x184a4d0f4 __psynch_cvwait + 8
libsystem_pthread.dylib         0x184befc90 <redacted> + 644
ZegoLiveRoom                    0x1086f97b0 0x1085b8000 + 1316784
ZegoLiveRoom                    0x108620414 0x1085b8000 + 427028
ZegoLiveRoom                    0x10866383c 0x1085b8000 + 702524
ZegoLiveRoom                    0x108663c08 0x1085b8000 + 703496
ZegoLiveRoom                    0x10871dcc4 0x1085b8000 + 1465540
ZegoLiveRoom                    0x108720334 0x1085b8000 + 1475380
ZegoLiveRoom                    0x1086640a8 0x1085b8000 + 704680
ZegoLiveRoom                    0x108669ccc 0x1085b8000 + 728268
ZegoLiveRoom                    0x1086f3880 0x1085b8000 + 1292416
ZegoLiveRoom                    0x1086f744c 0x1085b8000 + 1307724
ZegoLiveRoom                    0x1086f71ec 0x1085b8000 + 1307116
ZegoLiveRoom                    0x1086fb5bc 0x1085b8000 + 1324476
libsystem_pthread.dylib         0x184bed220 <redacted> + 272
libsystem_pthread.dylib         0x184bed110 _pthread_start + 292

Backtrace of Thread 139011:
libsystem_kernel.dylib          0x184a303e4 poll + 8
ZegoLiveRoom                    0x1086f3398 0x1085b8000 + 1291160
ZegoLiveRoom                    0x1086f744c 0x1085b8000 + 1307724
ZegoLiveRoom                    0x1086f71ec 0x1085b8000 + 1307116
ZegoLiveRoom                    0x1086fb5bc 0x1085b8000 + 1324476
libsystem_pthread.dylib         0x184bed220 <redacted> + 272
libsystem_pthread.dylib         0x184bed110 _pthread_start + 292

Backtrace of Thread 84079:
libsystem_kernel.dylib          0x184a2be44 semaphore_wait_trap + 8
ZegoLiveRoom                    0x1087b5634 0x1085b8000 + 2086452
ZegoLiveRoom                    0x1087b5774 0x1085b8000 + 2086772
libsystem_pthread.dylib         0x184bed220 <redacted> + 272
libsystem_pthread.dylib         0x184bed110 _pthread_start + 292

Backtrace of Thread 105883:
libsystem_kernel.dylib          0x184a2be44 semaphore_wait_trap + 8
ZegoLiveRoom                    0x1087b5634 0x1085b8000 + 2086452
ZegoLiveRoom                    0x1087b5774 0x1085b8000 + 2086772
libsystem_pthread.dylib         0x184bed220 <redacted> + 272
libsystem_pthread.dylib         0x184bed110 _pthread_start + 292

Backtrace of Thread 61255:
libsystem_kernel.dylib          0x184a2be44 semaphore_wait_trap + 8
ZegoLiveRoom                    0x108792c74 0x1085b8000 + 1944692
ZegoLiveRoom                    0x108798e00 0x1085b8000 + 1969664
ZegoLiveRoom                    0x108798efc 0x1085b8000 + 1969916
libsystem_pthread.dylib         0x184bed220 <redacted> + 272
libsystem_pthread.dylib         0x184bed110 _pthread_start + 292

Backtrace of Thread 118023:
libsystem_kernel.dylib          0x184a2be08 mach_msg_trap + 8
libsystem_kernel.dylib          0x184a2bc80 mach_msg + 72
CoreFoundation                  0x184f6ee40 <redacted> + 196
CoreFoundation                  0x184f6c908 <redacted> + 1568
CoreFoundation                  0x184e8cda8 CFRunLoopRunSpecific + 552
Foundation                      0x185901674 <redacted> + 304
Foundation                      0x1859761a8 <redacted> + 88
ZegoLiveRoom                    0x1087f235c 0x1085b8000 + 2335580
Foundation                      0x185a11efc <redacted> + 1040
libsystem_pthread.dylib         0x184bed220 <redacted> + 272
libsystem_pthread.dylib         0x184bed110 _pthread_start + 292

Backtrace of Thread 120111:
libsystem_kernel.dylib          0x184a303e4 poll + 8
ZegoLiveRoom                    0x1087b5cfc 0x1085b8000 + 2088188
ZegoLiveRoom                    0x1087b5444 0x1085b8000 + 2085956
ZegoLiveRoom                    0x1087b5678 0x1085b8000 + 2086520
ZegoLiveRoom                    0x1087b5774 0x1085b8000 + 2086772
libsystem_pthread.dylib         0x184bed220 <redacted> + 272
libsystem_pthread.dylib         0x184bed110 _pthread_start + 292

Backtrace of Thread 97883:
libsystem_kernel.dylib          0x184a2be5c semaphore_timedwait_trap + 8
ZegoLiveRoom                    0x108781fb4 0x1085b8000 + 1875892
ZegoLiveRoom                    0x1087b5678 0x1085b8000 + 2086520
ZegoLiveRoom                    0x1087b5774 0x1085b8000 + 2086772
libsystem_pthread.dylib         0x184bed220 <redacted> + 272
libsystem_pthread.dylib         0x184bed110 _pthread_start + 292

Backtrace of Thread 138759:
libsystem_kernel.dylib          0x184a2be44 semaphore_wait_trap + 8
ZegoLiveRoom                    0x108798da8 0x1085b8000 + 1969576
ZegoLiveRoom                    0x108798efc 0x1085b8000 + 1969916
libsystem_pthread.dylib         0x184bed220 <redacted> + 272
libsystem_pthread.dylib         0x184bed110 _pthread_start + 292

Backtrace of Thread 122375:
libsystem_kernel.dylib          0x184a303e4 poll + 8
ZegoLiveRoom                    0x1087b5cfc 0x1085b8000 + 2088188
ZegoLiveRoom                    0x1087b5444 0x1085b8000 + 2085956
ZegoLiveRoom                    0x1087b5678 0x1085b8000 + 2086520
ZegoLiveRoom                    0x1087b5774 0x1085b8000 + 2086772
libsystem_pthread.dylib         0x184bed220 <redacted> + 272
libsystem_pthread.dylib         0x184bed110 _pthread_start + 292

Backtrace of Thread 121159:
libsystem_kernel.dylib          0x184a2be44 semaphore_wait_trap + 8
ZegoLiveRoom                    0x108798da8 0x1085b8000 + 1969576
ZegoLiveRoom                    0x108798efc 0x1085b8000 + 1969916
libsystem_pthread.dylib         0x184bed220 <redacted> + 272
libsystem_pthread.dylib         0x184bed110 _pthread_start + 292

Backtrace of Thread 82951:
libsystem_kernel.dylib          0x184a4dd84 __workq_kernreturn + 8
libsystem_pthread.dylib         0x184bebeb4 _pthread_wqthread + 928

Backtrace of Thread 84871:
LiveStreaming                   0x10333ff04 _ZN9mobilecv23Mat6createEiPKii + 1572
LiveStreaming                   0x10333faec _ZN9mobilecv23Mat6createEiPKii + 524
LiveStreaming                   0x10333faec _ZN9mobilecv23Mat6createEiPKii + 524
LiveStreaming                   0x10334bf18 _ZNK9mobilecv212_OutputArray6createEiiiibi + 372
LiveStreaming                   0x1032a0500 _ZNK9mobilecv23Mat6copyToERKNS_12_OutputArrayE + 192
LiveStreaming                   0x1031ff348 _ZN5smash5face25align9AlignAlgo13FaceAlignmentERKN9mobilecv23MatERNSt3__16vectorINS3_6Point_IfEENS7_9allocatorISA_EEEERNS8_IbNSB_IbEEEEbRKNS_14InputParameterERNS_4face15AlignmentOutputE + 300
LiveStreaming                   0x103207e24 _ZN5smash5face25Face210DoTrackingEPKhRKNS_14InputParameterE + 524
LiveStreaming                   0x1032112a8 _Z12FS_DoPredictPvPKh15PixelFormatTypeiii12ScreenOrientyP10AIFaceInfo + 152
LiveStreaming                   0x102e96ee4 _ZN3BEF16FaceDetectTaskTT9doExecuteEv + 316
LiveStreaming                   0x102da4e44 _ZN3BEF13AlgorithmTask7executeEv + 28
LiveStreaming                   0x102da32e0 _ZN3BEF13AlgorithmBase7processEPKhii15bef_rotate_type16bef_pixel_formatRN3BRC7CBundleEff + 428
LiveStreaming                   0x102da4740 _ZN3BEF15AlgorithmSystem17processWithBufferEPKhii15bef_rotate_type16bef_pixel_formatRN3BRC7CBundleEff + 200
LiveStreaming                   0x102e73a20 _ZN3BEF13EffectManager16algorithmTextureEjd + 920
LiveStreaming                   0x101d137b8 -[HTSGLFilterNewEffect renderToTextureWithVertices:textureCoordinates:] + 2528
LiveStreaming                   0x101d02158 -[HTSGLFilter newFrameReadyAtTime:atIndex:] + 144
LiveStreaming                   0x101d15a58 -[HTSGLFilterNewEffect newFrameReadyAtTime:atIndex:] + 128
LiveStreaming                   0x101d31c2c -[HTSGLPassthroughFilter informTargetsAboutNewFrameAtTime:] + 1212
LiveStreaming                   0x101d31764 -[HTSGLPassthroughFilter newFrameReadyAtTime:atIndex:] + 396
LiveStreaming                   0x101d0e720 -[HTSGLFilterInput updateTargetsForVideoCameraUsingCacheTextureAtWidth:height:time:] + 1668
LiveStreaming                   0x101d0d5ac -[HTSGLFilterInput processInputBuffer:andFrametime:] + 2324
LiveStreaming                   0x101d0cc00 __59-[HTSGLFilterInput processInputBufferOnQueue:andFrametime:]_block_invoke_2 + 112
libdispatch.dylib               0x1848b8ae4 <redacted> + 16
libdispatch.dylib               0x1848c1640 <redacted> + 56
LiveStreaming                   0x101cf4420 runSynchronouslyOnVideoProcessingQueue + 212
LiveStreaming                   0x101d0ca58 -[HTSGLFilterInput processInputBufferOnQueue:andFrametime:] + 180
LiveStreaming                   0x101d0c998 -[HTSGLFilterInput processInputBuffer:] + 240
LiveStreaming                   0x101ddc278 __30-[IESCamera startVideoCapture]_block_invoke_2 + 88
LiveStreaming                   0x101cca49c -[HTSCameraKit captureOutput:didOutputSampleBuffer:fromConnection:] + 748
AVFoundation                    0x18aac45c0 <redacted> + 344
AVFoundation                    0x18aac43d8 <redacted> + 100
CoreMedia                       0x1882b26e8 <redacted> + 272
CoreMedia                       0x1882cf340 <redacted> + 224
libdispatch.dylib               0x1848b8ae4 <redacted> + 16
libdispatch.dylib               0x1848c0f18 <redacted> + 424
libdispatch.dylib               0x1848ca808 <redacted> + 1364
libdispatch.dylib               0x1848c28f0 <redacted> + 280
libdispatch.dylib               0x1848c3380 <redacted> + 336
libdispatch.dylib               0x1848c28f0 <redacted> + 280
libdispatch.dylib               0x1848c3380 <redacted> + 336
libdispatch.dylib               0x1848c3d4c <redacted> + 340
libdispatch.dylib               0x1848cc11c <redacted> + 668
libsystem_pthread.dylib         0x184bebe70 _pthread_wqthread + 860

Backtrace of Thread 58891:
libsystem_kernel.dylib          0x184a4d0f4 __psynch_cvwait + 8
libsystem_pthread.dylib         0x184befc90 <redacted> + 644
Foundation                      0x185935be8 <redacted> + 780
LiveStreaming                   0x10225dfd8 -[TTNetworkManagerAFNetworking synchronizedRequstForURL:method:headerField:jsonObjParams:needCommonParams:needResponse:needEncrypt:needContentEncodingAfterEncrypt:] + 3836
LiveStreaming                   0x10225d08c -[TTNetworkManagerAFNetworking synchronizedRequstForURL:method:headerField:jsonObjParams:needCommonParams:needResponse:needEncrypt:] + 284
LiveStreaming                   0x10225cde8 -[TTNetworkManagerAFNetworking synchronizedRequstForURL:method:headerField:jsonObjParams:needCommonParams:needResponse:] + 252
LiveStreaming                   0x10258f274 -[TTTrackerProxy actualSendTrack:trackerIDs:v3TrackIDs:URLString:headerField:postParams:needEncrypt:policy:] + 548
LiveStreaming                   0x10258d618 -[TTTrackerProxy startSendTrack:trackIDs:v3TrackIDs:policy:] + 1100
LiveStreaming                   0x1025876b8 __31-[TTTrackerCleaner startClean:]_block_invoke.65 + 136
libdispatch.dylib               0x1848b8b24 <redacted> + 24
libdispatch.dylib               0x1848b8ae4 <redacted> + 16
libdispatch.dylib               0x1848c2a38 <redacted> + 608
libdispatch.dylib               0x1848c3380 <redacted> + 336
libdispatch.dylib               0x1848c3d4c <redacted> + 340
libdispatch.dylib               0x1848cc11c <redacted> + 668
libsystem_pthread.dylib         0x184bebe70 _pthread_wqthread + 860

Backtrace of Thread 5915:
libsystem_kernel.dylib          0x184a4dd84 __workq_kernreturn + 8
libsystem_pthread.dylib         0x184bebeb4 _pthread_wqthread + 928

Backtrace of Thread 72503:
libsystem_kernel.dylib          0x184a4dd84 __workq_kernreturn + 8
libsystem_pthread.dylib         0x184bebeb4 _pthread_wqthread + 928

Backtrace of Thread 137231:
libsystem_kernel.dylib          0x184a2be5c semaphore_timedwait_trap + 8
libdispatch.dylib               0x1848bb0b0 <redacted> + 60
libdispatch.dylib               0x1848bb924 <redacted> + 72
libdispatch.dylib               0x1848c723c <redacted> + 256
libsystem_pthread.dylib         0x184bed220 <redacted> + 272
libsystem_pthread.dylib         0x184bed110 _pthread_start + 292

Backtrace of Thread 137011:
libsystem_kernel.dylib          0x184a2be5c semaphore_timedwait_trap + 8
libdispatch.dylib               0x1848bb0b0 <redacted> + 60
libdispatch.dylib               0x1848bb924 <redacted> + 72
libdispatch.dylib               0x1848c723c <redacted> + 256
libsystem_pthread.dylib         0x184bed220 <redacted> + 272
libsystem_pthread.dylib         0x184bed110 _pthread_start + 292

