Call Backtrace of 21 threads:
Backtrace of Thread 771:
libBacktraceRecording.dylib     0x10ccfe1e0 find_or_create_queue_info + 196
libBacktraceRecording.dylib     0x10ccfe1f0 find_or_create_queue_info + 212
libBacktraceRecording.dylib     0x10ccfd74c gcd_queue_item_enqueue_hook + 424
libdispatch.dylib               0x1102a11cc _dispatch_introspection_queue_item_enqueue_hook + 40
libdispatch.dylib               0x110280978 _dispatch_queue_push + 32
AVFoundation                    0x18aaf5058 <redacted> + 96
AVFoundation                    0x18aaf4e0c <redacted> + 184
AVFoundation                    0x18ab46160 <redacted> + 360
AVFoundation                    0x18ab48770 <redacted> + 52
AVFoundation                    0x18ab43e10 <redacted> + 324
AVFoundation                    0x18ab43c80 <redacted> + 172
AVFoundation                    0x18ab43bb0 <redacted> + 64
AVFoundation                    0x18ab42e80 <redacted> + 116
AVFoundation                    0x18aad8a24 <redacted> + 40
MediaRemote                     0x190e0fea0 <redacted> + 60
libdispatch.dylib               0x110271220 _dispatch_client_callout + 16
libdispatch.dylib               0x110271f34 dispatch_once_f + 120
MediaRemote                     0x190e0fe5c <redacted> + 56
MediaRemote                     0x190ecbc78 <redacted> + 72
MediaRemote                     0x190ed02bc MRAVEndpointGetLocalEndpoint + 48
MediaPlayer                     0x196430b4c <redacted> + 20
MediaPlayer                     0x196430b10 <redacted> + 28
libdispatch.dylib               0x110271220 _dispatch_client_callout + 16
libdispatch.dylib               0x110271f34 dispatch_once_f + 120
MediaPlayer                     0x196430af0 <redacted> + 112
MediaPlayer                     0x1964f9610 <redacted> + 196
MediaPlayer                     0x1964f92f4 <redacted> + 240
MediaPlayer                     0x1964f9100 <redacted> + 104
MediaPlayer                     0x1964f84d0 <redacted> + 48
MediaPlayer                     0x196406c10 <redacted> + 308
MediaPlayer                     0x19640b714 <redacted> + 160
MediaPlayer                     0x19640a598 <redacted> + 204
MediaPlayer                     0x19640a6ac <redacted> + 76
LiveStreaming                   0x104edfd48 +[HTSCustomVolumeManager hideSystemVolumeHUD] + 144
LiveStreaming                   0x104edf978 +[HTSCustomVolumeManager setup] + 40
LiveStreaming                   0x104fa7d6c +[HTSCustomVolumeBarTask performTaskWithLaunchContext:completion:] + 108
LiveStreaming                   0x10568c7a4 -[IESTaskOperation main] + 396
Foundation                      0x18592fcac <redacted> + 848
LiveStreaming                   0x10568b8a0 -[IESTaskScheduler runOperations:] + 360
LiveStreaming                   0x10568ba20 -[IESTaskScheduler enqueueOtherTasks] + 136
LiveStreaming                   0x10568a138 -[IESTaskExecutor performTasks:] + 148
LiveStreaming                   0x105688d18 -[IESTaskContainer performLaunchTasks:] + 212
LiveStreaming                   0x105688aa0 -[IESTaskContainer performLaunchTaskAtTime:] + 452
LiveStreaming                   0x105688854 __42-[IESTaskContainer observeMainRunloopIdle]_block_invoke + 92
CoreFoundation                  0x184f6e910 <redacted> + 32
CoreFoundation                  0x184f6c238 <redacted> + 412
CoreFoundation                  0x184f6c884 <redacted> + 1436
CoreFoundation                  0x184e8cda8 CFRunLoopRunSpecific + 552
GraphicsServices                0x186e6f020 GSEventRunModal + 100
UIKit                           0x18ee6d78c UIApplicationMain + 236

Backtrace of Thread 4355:
libsystem_kernel.dylib          0x184a4dd84 __workq_kernreturn + 8
libsystem_pthread.dylib         0x184bebeb4 _pthread_wqthread + 928

Backtrace of Thread 9475:
libsystem_kernel.dylib          0x184a4dd84 __workq_kernreturn + 8
libsystem_pthread.dylib         0x184bebeb4 _pthread_wqthread + 928

Backtrace of Thread 8971:
libsystem_kernel.dylib          0x184a4d610 __semwait_signal + 8
libsystem_c.dylib               0x18496612c nanosleep + 212
libsystem_c.dylib               0x18496604c usleep + 64
GPUToolsCore                    0x1102f62bc _ZL21smt_poll_thread_entryPv + 136
libsystem_pthread.dylib         0x184bed220 <redacted> + 272
libsystem_pthread.dylib         0x184bed110 _pthread_start + 292

Backtrace of Thread 8707:
libsystem_kernel.dylib          0x184a4d1a8 __psynch_rw_rdlock + 8
libsystem_pthread.dylib         0x184bf132c <redacted> + 72
libobjc.A.dylib                 0x184189be8 <redacted> + 104
libobjc.A.dylib                 0x184189988 <redacted> + 84
libobjc.A.dylib                 0x184194c38 <redacted> + 56
MediaRemote                     0x190e4fca8 MRCreateDecodedUserInfo + 688
MediaRemote                     0x190e93d90 <redacted> + 72
MediaRemote                     0x190e078c0 <redacted> + 112
libdispatch.dylib               0x1102832bc _dispatch_block_async_invoke2 + 116
libdispatch.dylib               0x110271220 _dispatch_client_callout + 16
libdispatch.dylib               0x11027fe80 _dispatch_queue_serial_drain + 768
libdispatch.dylib               0x110274730 _dispatch_queue_invoke + 328
libdispatch.dylib               0x110280dd8 _dispatch_root_queue_drain_deferred_wlh + 352
libdispatch.dylib               0x110287ebc _dispatch_workloop_worker_thread + 676
libsystem_pthread.dylib         0x184bebe70 _pthread_wqthread + 860

Backtrace of Thread 7431:
libsystem_kernel.dylib          0x184a4d610 __semwait_signal + 8
libsystem_c.dylib               0x18496612c nanosleep + 212
libsystem_c.dylib               0x18496604c usleep + 64
GPUToolsCore                    0x1102f62bc _ZL21smt_poll_thread_entryPv + 136
libsystem_pthread.dylib         0x184bed220 <redacted> + 272
libsystem_pthread.dylib         0x184bed110 _pthread_start + 292

Backtrace of Thread 7691:
libsystem_kernel.dylib          0x184a4d0f4 __psynch_cvwait + 8
libsystem_pthread.dylib         0x184befc90 <redacted> + 644
libc++.1.dylib                  0x1841042ec _ZNSt3__118condition_variable15__do_timed_waitERNS_11unique_lockINS_5mutexEEENS_6chrono10time_pointINS5_12system_clockENS5_8durationIxNS_5ratioILl1ELl1000000000EEEEEEE + 96
JavaScriptCore                  0x18c5e3430 <redacted> + 124
JavaScriptCore                  0x18c5e32e0 <redacted> + 112
JavaScriptCore                  0x18c5e2e24 <redacted> + 272
JavaScriptCore                  0x18c5e2b60 <redacted> + 12
JavaScriptCore                  0x18c5e2f7c <redacted> + 44
libsystem_pthread.dylib         0x184bed220 <redacted> + 272
libsystem_pthread.dylib         0x184bed110 _pthread_start + 292

Backtrace of Thread 21255:
libsystem_kernel.dylib          0x184a2be08 mach_msg_trap + 8
libsystem_kernel.dylib          0x184a2bc80 mach_msg + 72
CoreFoundation                  0x184f6ee40 <redacted> + 196
CoreFoundation                  0x184f6c908 <redacted> + 1568
CoreFoundation                  0x184e8cda8 CFRunLoopRunSpecific + 552
WebCore                         0x18d119dcc <redacted> + 592
libsystem_pthread.dylib         0x184bed220 <redacted> + 272
libsystem_pthread.dylib         0x184bed110 _pthread_start + 292

Backtrace of Thread 12547:
libsystem_kernel.dylib          0x184a2be08 mach_msg_trap + 8
libsystem_kernel.dylib          0x184a2bc80 mach_msg + 72
CoreFoundation                  0x184f6ee40 <redacted> + 196
CoreFoundation                  0x184f6c908 <redacted> + 1568
CoreFoundation                  0x184e8cda8 CFRunLoopRunSpecific + 552
Foundation                      0x185901674 <redacted> + 304
Foundation                      0x1859014dc <redacted> + 84
UIKit                           0x18eb527e4 <redacted> + 136
Foundation                      0x185a11efc <redacted> + 1040
libsystem_pthread.dylib         0x184bed220 <redacted> + 272
libsystem_pthread.dylib         0x184bed110 _pthread_start + 292

Backtrace of Thread 16131:
libsystem_kernel.dylib          0x184a4d118 __psynch_mutexdrop + 8
libsystem_pthread.dylib         0x184bf0a34 <redacted> + 48
Foundation                      0x185961c10 <redacted> + 112
Foundation                      0x185961b44 <redacted> + 160
LiveStreaming                   0x1054fdb84 -[AFHTTPRequestSerializer dealloc] + 356
LiveStreaming                   0x106a952ec -[TTHTTPRequestSerializerBaseAFNetworking .cxx_destruct] + 64
libobjc.A.dylib                 0x18417eef4 <redacted> + 148
libobjc.A.dylib                 0x18418c990 objc_destructInstance + 68
libobjc.A.dylib                 0x18418c9f8 object_dispose + 16
LiveStreaming                   0x106a937d8 -[TTHTTPRequestSerializerBase .cxx_destruct] + 56
libobjc.A.dylib                 0x18417eef4 <redacted> + 148
libobjc.A.dylib                 0x18418c990 objc_destructInstance + 68
libobjc.A.dylib                 0x18418c9f8 object_dispose + 16
LiveStreaming                   0x106aab514 -[TTNetworkHTTPClient requestForJSONWithURL:params:method:commonParams:headerField:pureChannelForJSONResponseSerializer:verifyRequest:requestSerializer:responseSerializer:responsePreprocessor:callback:callbackWithResponse:] + 1812
LiveStreaming                   0x106ab2588 -[TTNetworkManagerAFNetworking requestForJSONWithURL:params:method:needCommonParams:requestSerializer:responseSerializer:autoResume:callback:] + 596
LiveStreaming                   0x1060409d0 -[HTSNetworkService GET:parameters:completion:] + 324
LiveStreaming                   0x106040ad8 -[HTSNetworkService GETPath:parameters:completion:] + 176
LiveStreaming                   0x104f2e388 -[HTSQuestionnairesManager requestWithCompletion:] + 496
LiveStreaming                   0x104f2dd18 -[HTSQuestionnairesManager showQuestionnairesOrActionWith:] + 424
LiveStreaming                   0x104e61590 +[HTSPermissionManager requestPushPermission] + 324
LiveStreaming                   0x104e61440 +[HTSPermissionManager requestPermission] + 40
LiveStreaming                   0x105345cd8 +[HTSPermissionTask performTaskWithLaunchContext:completion:] + 108
LiveStreaming                   0x10568c7a4 -[IESTaskOperation main] + 396
Foundation                      0x18592fcac <redacted> + 848
Foundation                      0x1859f076c <redacted> + 404
libdispatch.dylib               0x110271220 _dispatch_client_callout + 16
libdispatch.dylib               0x11027e4d8 _dispatch_continuation_pop + 588
libdispatch.dylib               0x11027cdc8 _dispatch_async_redirect_invoke + 628
libdispatch.dylib               0x11028284c _dispatch_root_queue_drain + 604
libdispatch.dylib               0x110282584 _dispatch_worker_thread3 + 136
libsystem_pthread.dylib         0x184bebfac _pthread_wqthread + 1176

Fail to get frame pointerBacktrace of Thread 37123:
libsystem_c.dylib               0x184960cfc <redacted> + 188
libsystem_c.dylib               0x184960c7c <redacted> + 60
libsystem_c.dylib               0x184960c0c backtrace + 32
libBacktraceRecording.dylib     0x10ccfd7d8 gcd_queue_item_enqueue_hook + 564
libdispatch.dylib               0x1102a11cc _dispatch_introspection_queue_item_enqueue_hook + 40
libdispatch.dylib               0x110280978 _dispatch_queue_push + 32
LiveStreaming                   0x105376c00 -[HTSLaunchLogger task:didFinishWithElapsedTime:] + 168
LiveStreaming                   0x105689be4 __62-[IESTaskContainer initTaskExecutorWithLaunchOptionsIfNeeded:]_block_invoke + 60
LiveStreaming                   0x10568b010 __63-[IESTaskScheduler _enqueueMainThreadTaskAndScheduleOtherTask:]_block_invoke + 140
Foundation                      0x1859eda3c <redacted> + 28
libdispatch.dylib               0x110271260 _dispatch_call_block_and_release + 24
libdispatch.dylib               0x110271220 _dispatch_client_callout + 16
libdispatch.dylib               0x11027d284 _dispatch_queue_override_invoke + 968
libdispatch.dylib               0x11028284c _dispatch_root_queue_drain + 604
libdispatch.dylib               0x110282584 _dispatch_worker_thread3 + 136
libsystem_pthread.dylib         0x184bebfac _pthread_wqthread + 1176

Backtrace of Thread 36611:
libsystem_kernel.dylib          0x184a2be08 mach_msg_trap + 8
libsystem_kernel.dylib          0x184a2bc80 mach_msg + 72
libsystem_kernel.dylib          0x184a2df34 thread_get_state + 136
LiveStreaming                   0x106a32610 bs_mach_copyMem + 60
LiveStreaming                   0x106a31d50 _bs_backtraceOfThread + 636
LiveStreaming                   0x106a324a8 +[BSBacktraceLogger bs_backtraceOfAllThread] + 220
LiveStreaming                   0x1064a1ce0 __40+[IESDebugToolService startStuckMonitor]_block_invoke + 204
LiveStreaming                   0x10649f160 __36-[IESDebugStuckMonitor startMonitor]_block_invoke_2 + 112
CoreFoundation                  0x184f5ff38 <redacted> + 76
LiveStreaming                   0x10649f058 __36-[IESDebugStuckMonitor startMonitor]_block_invoke + 436
Foundation                      0x1859eee88 <redacted> + 16
Foundation                      0x1859308d0 <redacted> + 72
Foundation                      0x18592fcac <redacted> + 848
Foundation                      0x1859f076c <redacted> + 404
libdispatch.dylib               0x110271220 _dispatch_client_callout + 16
libdispatch.dylib               0x11027e4d8 _dispatch_continuation_pop + 588
libdispatch.dylib               0x11027cdc8 _dispatch_async_redirect_invoke + 628
libdispatch.dylib               0x11028284c _dispatch_root_queue_drain + 604
libdispatch.dylib               0x110282584 _dispatch_worker_thread3 + 136
libsystem_pthread.dylib         0x184bebfac _pthread_wqthread + 1176

Backtrace of Thread 26371:
libsystem_kernel.dylib          0x184a4dc08 __ulock_wake + 8
libsystem_platform.dylib        0x184be6ce4 <redacted> + 64
libsystem_asl.dylib             0x1849521c4 <redacted> + 256
LiveStreaming                   0x10564eae0 -[DDASLLogger logMessage:] + 1308
LiveStreaming                   0x10565e2f0 __16-[DDLog lt_log:]_block_invoke + 88
libdispatch.dylib               0x110271260 _dispatch_call_block_and_release + 24
libdispatch.dylib               0x110271220 _dispatch_client_callout + 16
libdispatch.dylib               0x11027fff4 _dispatch_queue_serial_drain + 1140
libdispatch.dylib               0x110274730 _dispatch_queue_invoke + 328
libdispatch.dylib               0x110280dd8 _dispatch_root_queue_drain_deferred_wlh + 352
libdispatch.dylib               0x110287ebc _dispatch_workloop_worker_thread + 676
libsystem_pthread.dylib         0x184bebe70 _pthread_wqthread + 860

Backtrace of Thread 26883:
libsystem_kernel.dylib          0x184a4dd84 __workq_kernreturn + 8
libsystem_pthread.dylib         0x184bebeb4 _pthread_wqthread + 928

Backtrace of Thread 35335:
libsystem_kernel.dylib          0x184a2be08 mach_msg_trap + 8
libsystem_kernel.dylib          0x184a2bc80 mach_msg + 72
CoreFoundation                  0x184f6ee40 <redacted> + 196
CoreFoundation                  0x184f6c908 <redacted> + 1568
CoreFoundation                  0x184e8cda8 CFRunLoopRunSpecific + 552
Foundation                      0x185901674 <redacted> + 304
Foundation                      0x1859761a8 <redacted> + 88
LiveStreaming                   0x1054f402c +[AFURLConnectionOperation networkRequestThreadEntryPoint:] + 308
Foundation                      0x185a11efc <redacted> + 1040
libsystem_pthread.dylib         0x184bed220 <redacted> + 272
libsystem_pthread.dylib         0x184bed110 _pthread_start + 292

Backtrace of Thread 31491:
libsystem_kernel.dylib          0x184a2be08 mach_msg_trap + 8
libsystem_kernel.dylib          0x184a2bc80 mach_msg + 72
CoreFoundation                  0x184f6ee40 <redacted> + 196
CoreFoundation                  0x184f6c908 <redacted> + 1568
CoreFoundation                  0x184e8cda8 CFRunLoopRunSpecific + 552
CFNetwork                       0x18579a4b0 <redacted> + 220
Foundation                      0x185a11efc <redacted> + 1040
libsystem_pthread.dylib         0x184bed220 <redacted> + 272
libsystem_pthread.dylib         0x184bed110 _pthread_start + 292

Backtrace of Thread 84487:
libsystem_kernel.dylib          0x184a4dbe4 __ulock_wait + 8
libdispatch.dylib               0x11027940c _dispatch_ulock_wait + 48
libdispatch.dylib               0x11027956c _dispatch_thread_event_wait_slow + 44
libdispatch.dylib               0x1102837e4 _dispatch_sync_wait + 452
LiveStreaming                   0x108636e90 __110+[UIScreen(YzRmNDdhMzAxZTAwZTBiOGRlOWY3OWVlNzBjN2VhMzQgIC0K) ZWQ2MGFjMDc3MWVhMzcxNDg3YzMzNjlkNzMxYmM4NDYgIC0K]_block_invoke + 208
libdispatch.dylib               0x110271220 _dispatch_client_callout + 16
libdispatch.dylib               0x110271f34 dispatch_once_f + 120
LiveStreaming                   0x108636db8 +[UIScreen(YzRmNDdhMzAxZTAwZTBiOGRlOWY3OWVlNzBjN2VhMzQgIC0K) ZWQ2MGFjMDc3MWVhMzcxNDg3YzMzNjlkNzMxYmM4NDYgIC0K] + 64
LiveStreaming                   0x108632870 -[SGMSafeGuardManager p_fetchDeviceInfo] + 2812
LiveStreaming                   0x108631b40 -[SGMSafeGuardManager p_fetchUploadDataForScene:] + 240
LiveStreaming                   0x1086318fc -[SGMSafeGuardManager preprocessDataForScene:] + 60
LiveStreaming                   0x1086317d4 -[SGMSafeGuardManager p_uploadDataForScene:] + 132
libdispatch.dylib               0x110271220 _dispatch_client_callout + 16
libdispatch.dylib               0x11027e4d8 _dispatch_continuation_pop + 588
libdispatch.dylib               0x110272ee8 _dispatch_source_invoke + 1368
libdispatch.dylib               0x11027fca4 _dispatch_queue_serial_drain + 292
libdispatch.dylib               0x110274730 _dispatch_queue_invoke + 328
libdispatch.dylib               0x110280dd8 _dispatch_root_queue_drain_deferred_wlh + 352
libdispatch.dylib               0x110287ebc _dispatch_workloop_worker_thread + 676
libsystem_pthread.dylib         0x184bebe70 _pthread_wqthread + 860

Backtrace of Thread 74259:
libsystem_kernel.dylib          0x184a2be08 mach_msg_trap + 8
libsystem_kernel.dylib          0x184a2bc80 mach_msg + 72
CoreFoundation                  0x184f6ee40 <redacted> + 196
CoreFoundation                  0x184f6c908 <redacted> + 1568
CoreFoundation                  0x184e8cda8 CFRunLoopRunSpecific + 552
AVFAudio                        0x18a972424 <redacted> + 164
AVFAudio                        0x18a99c834 <redacted> + 88
libsystem_pthread.dylib         0x184bed220 <redacted> + 272
libsystem_pthread.dylib         0x184bed110 _pthread_start + 292

Backtrace of Thread 69167:
libsystem_kernel.dylib          0x184a2be5c semaphore_timedwait_trap + 8
libdispatch.dylib               0x110279324 _dispatch_sema4_timedwait + 60
libdispatch.dylib               0x110279a9c _dispatch_semaphore_wait_slow + 72
libdispatch.dylib               0x110283f64 _dispatch_worker_thread + 260
libsystem_pthread.dylib         0x184bed220 <redacted> + 272
libsystem_pthread.dylib         0x184bed110 _pthread_start + 292

Backtrace of Thread 58895:
libsystem_kernel.dylib          0x184a4dd84 __workq_kernreturn + 8
libsystem_pthread.dylib         0x184bebeb4 _pthread_wqthread + 928

