Call Backtrace of 35 threads:
Backtrace of Thread 771:
libsystem_kernel.dylib          0x184a2be08 mach_msg_trap + 8
libsystem_kernel.dylib          0x184a2bc80 mach_msg + 72
AudioToolbox                    0x188d46060 <redacted> + 156
AudioToolbox                    0x188b9f40c <redacted> + 5064
AudioToolbox                    0x188f2f404 <redacted> + 72
LiveStreaming                   0x10243d22c -[IESSongCapture startAudioCapture] + 44
LiveStreaming                   0x1023bc5a0 __38-[IESCameraBase startAudioUnitCapture]_block_invoke + 148
libdispatch.dylib               0x10c001220 _dispatch_client_callout + 16
libdispatch.dylib               0x10c00ea40 _dispatch_queue_barrier_sync_invoke_and_complete + 120
LiveStreaming                   0x1023bc234 -[IESCameraBase runSyncOnOperationQueue:] + 292
LiveStreaming                   0x1023bc4ec -[IESCameraBase startAudioUnitCapture] + 136
LiveStreaming                   0x1023a7e6c __30-[IESCamera startAudioCapture]_block_invoke.296 + 48
LiveStreaming                   0x1023ab4a8 __33-[IESCamera runInOperationQueue:]_block_invoke + 40
libdispatch.dylib               0x10c001220 _dispatch_client_callout + 16
libdispatch.dylib               0x10c00ea40 _dispatch_queue_barrier_sync_invoke_and_complete + 120
LiveStreaming                   0x1023ab44c -[IESCamera runInOperationQueue:] + 216
LiveStreaming                   0x1023a7b84 -[IESCamera startAudioCapture] + 1180
LiveStreaming                   0x101f192d4 -[IESCamera(HTSCamera) startAudioCapturing] + 40
LiveStreaming                   0x100fce714 __33-[HTSLiveGuideViewModel goToLive]_block_invoke_2 + 168
LiveStreaming                   0x1026386ac __35-[RACSignal(Operations) initially:]_block_invoke + 40
LiveStreaming                   0x102645f58 __31+[RACSignal(Operations) defer:]_block_invoke + 80
LiveStreaming                   0x10261c498 __30-[RACDynamicSignal subscribe:]_block_invoke + 104
LiveStreaming                   0x102661ba4 -[RACSubscriptionScheduler schedule:] + 632
LiveStreaming                   0x10261c378 -[RACDynamicSignal subscribe:] + 828
LiveStreaming                   0x10264851c __37-[RACSignal(Operations) subscribeOn:]_block_invoke_2 + 56
LiveStreaming                   0x10262c6dc -[RACScheduler performAsCurrentScheduler:] + 676
LiveStreaming                   0x102627f34 __30-[RACQueueScheduler schedule:]_block_invoke + 88
libdispatch.dylib               0x10c001260 _dispatch_call_block_and_release + 24
libdispatch.dylib               0x10c001220 _dispatch_client_callout + 16
libdispatch.dylib               0x10c00fe80 _dispatch_queue_serial_drain + 768
libdispatch.dylib               0x10c004730 _dispatch_queue_invoke + 328
libdispatch.dylib               0x10c005bf0 _dispatch_main_queue_callback_4CF + 732
CoreFoundation                  0x184f6f070 <redacted> + 12
CoreFoundation                  0x184f6cbc8 <redacted> + 2272
CoreFoundation                  0x184e8cda8 CFRunLoopRunSpecific + 552
GraphicsServices                0x186e6f020 GSEventRunModal + 100
UIKit                           0x18ee6d78c UIApplicationMain + 236
LiveStreaming                   0x101184e70 main + 124
libdyld.dylib                   0x18491dfc0 <redacted> + 4

Backtrace of Thread 5895:
libsystem_kernel.dylib          0x184a2be08 mach_msg_trap + 8
libsystem_kernel.dylib          0x184a2bc80 mach_msg + 72
libsystem_kernel.dylib          0x184a2df34 thread_get_state + 136
LiveStreaming                   0x1027a6610 bs_mach_copyMem + 60
LiveStreaming                   0x1027a5d50 _bs_backtraceOfThread + 636
LiveStreaming                   0x1027a64a8 +[BSBacktraceLogger bs_backtraceOfAllThread] + 220
LiveStreaming                   0x102215ce0 __40+[IESDebugToolService startStuckMonitor]_block_invoke + 204
LiveStreaming                   0x102213160 __36-[IESDebugStuckMonitor startMonitor]_block_invoke_2 + 112
CoreFoundation                  0x184f5ff38 <redacted> + 76
LiveStreaming                   0x102213058 __36-[IESDebugStuckMonitor startMonitor]_block_invoke + 436
Foundation                      0x1859eee88 <redacted> + 16
Foundation                      0x1859308d0 <redacted> + 72
Foundation                      0x18592fcac <redacted> + 848
Foundation                      0x1859f076c <redacted> + 404
libdispatch.dylib               0x10c001220 _dispatch_client_callout + 16
libdispatch.dylib               0x10c00e4d8 _dispatch_continuation_pop + 588
libdispatch.dylib               0x10c00cdc8 _dispatch_async_redirect_invoke + 628
libdispatch.dylib               0x10c01284c _dispatch_root_queue_drain + 604
libdispatch.dylib               0x10c012584 _dispatch_worker_thread3 + 136
libsystem_pthread.dylib         0x184bebfac _pthread_wqthread + 1176

Backtrace of Thread 9731:
libsystem_kernel.dylib          0x184a4d610 __semwait_signal + 8
libsystem_c.dylib               0x18496612c nanosleep + 212
libsystem_c.dylib               0x18496604c usleep + 64
GPUToolsCore                    0x10c0862bc _ZL21smt_poll_thread_entryPv + 136
libsystem_pthread.dylib         0x184bed220 <redacted> + 272
libsystem_pthread.dylib         0x184bed110 _pthread_start + 292

Backtrace of Thread 8711:
libsystem_kernel.dylib          0x184a4d610 __semwait_signal + 8
libsystem_c.dylib               0x18496612c nanosleep + 212
libsystem_c.dylib               0x18496604c usleep + 64
GPUToolsCore                    0x10c0862bc _ZL21smt_poll_thread_entryPv + 136
libsystem_pthread.dylib         0x184bed220 <redacted> + 272
libsystem_pthread.dylib         0x184bed110 _pthread_start + 292

Backtrace of Thread 11015:
libsystem_kernel.dylib          0x184a4d0f4 __psynch_cvwait + 8
libsystem_pthread.dylib         0x184befc90 <redacted> + 644
libc++.1.dylib                  0x18410425c _ZNSt3__118condition_variable4waitERNS_11unique_lockINS_5mutexEEE + 24
JavaScriptCore                  0x18c5e31a4 <redacted> + 104
JavaScriptCore                  0x18c5e2db8 <redacted> + 164
JavaScriptCore                  0x18c5e2b60 <redacted> + 12
JavaScriptCore                  0x18c5e2f7c <redacted> + 44
libsystem_pthread.dylib         0x184bed220 <redacted> + 272
libsystem_pthread.dylib         0x184bed110 _pthread_start + 292

Backtrace of Thread 11271:
libsystem_kernel.dylib          0x184a2be08 mach_msg_trap + 8
libsystem_kernel.dylib          0x184a2bc80 mach_msg + 72
CoreFoundation                  0x184f6ee40 <redacted> + 196
CoreFoundation                  0x184f6c908 <redacted> + 1568
CoreFoundation                  0x184e8cda8 CFRunLoopRunSpecific + 552
WebCore                         0x18d119dcc <redacted> + 592
libsystem_pthread.dylib         0x184bed220 <redacted> + 272
libsystem_pthread.dylib         0x184bed110 _pthread_start + 292

Backtrace of Thread 18947:
libsystem_kernel.dylib          0x184a2be08 mach_msg_trap + 8
libsystem_kernel.dylib          0x184a2bc80 mach_msg + 72
CoreFoundation                  0x184f6ee40 <redacted> + 196
CoreFoundation                  0x184f6c908 <redacted> + 1568
CoreFoundation                  0x184e8cda8 CFRunLoopRunSpecific + 552
Foundation                      0x185901674 <redacted> + 304
Foundation                      0x18590151c <redacted> + 148
UIKit                           0x18eb527e4 <redacted> + 136
Foundation                      0x185a11efc <redacted> + 1040
libsystem_pthread.dylib         0x184bed220 <redacted> + 272
libsystem_pthread.dylib         0x184bed110 _pthread_start + 292

Backtrace of Thread 37127:
libsystem_kernel.dylib          0x184a2be08 mach_msg_trap + 8
libsystem_kernel.dylib          0x184a2bc80 mach_msg + 72
CoreFoundation                  0x184f6ee40 <redacted> + 196
CoreFoundation                  0x184f6c908 <redacted> + 1568
CoreFoundation                  0x184e8cda8 CFRunLoopRunSpecific + 552
Foundation                      0x185901674 <redacted> + 304
Foundation                      0x1859761a8 <redacted> + 88
LiveStreaming                   0x10126802c +[AFURLConnectionOperation networkRequestThreadEntryPoint:] + 308
Foundation                      0x185a11efc <redacted> + 1040
libsystem_pthread.dylib         0x184bed220 <redacted> + 272
libsystem_pthread.dylib         0x184bed110 _pthread_start + 292

Backtrace of Thread 32011:
libsystem_kernel.dylib          0x184a2be08 mach_msg_trap + 8
libsystem_kernel.dylib          0x184a2bc80 mach_msg + 72
CoreFoundation                  0x184f6ee40 <redacted> + 196
CoreFoundation                  0x184f6c908 <redacted> + 1568
CoreFoundation                  0x184e8cda8 CFRunLoopRunSpecific + 552
CFNetwork                       0x18579a4b0 <redacted> + 220
Foundation                      0x185a11efc <redacted> + 1040
libsystem_pthread.dylib         0x184bed220 <redacted> + 272
libsystem_pthread.dylib         0x184bed110 _pthread_start + 292

Backtrace of Thread 76819:
libsystem_kernel.dylib          0x184a2be08 mach_msg_trap + 8
libsystem_kernel.dylib          0x184a2bc80 mach_msg + 72
CoreFoundation                  0x184f6ee40 <redacted> + 196
CoreFoundation                  0x184f6c908 <redacted> + 1568
CoreFoundation                  0x184e8cda8 CFRunLoopRunSpecific + 552
AVFAudio                        0x18a972424 <redacted> + 164
AVFAudio                        0x18a99c834 <redacted> + 88
libsystem_pthread.dylib         0x184bed220 <redacted> + 272
libsystem_pthread.dylib         0x184bed110 _pthread_start + 292

Backtrace of Thread 67135:
libsystem_kernel.dylib          0x184a2be08 mach_msg_trap + 8
libsystem_kernel.dylib          0x184a2bc80 mach_msg + 72
CoreFoundation                  0x184f6ee40 <redacted> + 196
CoreFoundation                  0x184f6c908 <redacted> + 1568
CoreFoundation                  0x184e8cda8 CFRunLoopRunSpecific + 552
CoreFoundation                  0x184edcb28 CFRunLoopRun + 116
CoreMotion                      0x18a46d9dc CLStartStopAdvertisingBeacon + 231572
libsystem_pthread.dylib         0x184bed220 <redacted> + 272
libsystem_pthread.dylib         0x184bed110 _pthread_start + 292

Backtrace of Thread 65051:
libsystem_kernel.dylib          0x184a2be08 mach_msg_trap + 8
libsystem_kernel.dylib          0x184a2bc80 mach_msg + 72
CoreFoundation                  0x184f6ee40 <redacted> + 196
CoreFoundation                  0x184f6c908 <redacted> + 1568
CoreFoundation                  0x184e8cda8 CFRunLoopRunSpecific + 552
GeoServices                     0x18b2356cc <redacted> + 468
libsystem_pthread.dylib         0x184bed220 <redacted> + 272
libsystem_pthread.dylib         0x184bed110 _pthread_start + 292

Backtrace of Thread 88583:
libsystem_kernel.dylib          0x184a2be08 mach_msg_trap + 8
libsystem_kernel.dylib          0x184a2bc80 mach_msg + 72
CoreFoundation                  0x184f6ee40 <redacted> + 196
CoreFoundation                  0x184f6c908 <redacted> + 1568
CoreFoundation                  0x184e8cda8 CFRunLoopRunSpecific + 552
Foundation                      0x185901674 <redacted> + 304
LiveStreaming                   0x1026c0d34 -[_SRRunLoopThread main] + 360
Foundation                      0x185a11efc <redacted> + 1040
libsystem_pthread.dylib         0x184bed220 <redacted> + 272
libsystem_pthread.dylib         0x184bed110 _pthread_start + 292

Backtrace of Thread 42531:
libsystem_kernel.dylib          0x184a4d538 select$DARWIN_EXTSN + 8
CoreFoundation                  0x184f77378 <redacted> + 644
libsystem_pthread.dylib         0x184bed220 <redacted> + 272
libsystem_pthread.dylib         0x184bed110 _pthread_start + 292

Backtrace of Thread 112179:
libsystem_kernel.dylib          0x184a303e4 poll + 8
ZegoLiveRoom                    0x10936b398 0x109230000 + 1291160
ZegoLiveRoom                    0x10936f44c 0x109230000 + 1307724
ZegoLiveRoom                    0x10936f1ec 0x109230000 + 1307116
ZegoLiveRoom                    0x1093735bc 0x109230000 + 1324476
libsystem_pthread.dylib         0x184bed220 <redacted> + 272
libsystem_pthread.dylib         0x184bed110 _pthread_start + 292

Backtrace of Thread 147499:
libsystem_kernel.dylib          0x184a303e4 poll + 8
ZegoLiveRoom                    0x10936b398 0x109230000 + 1291160
ZegoLiveRoom                    0x10936f44c 0x109230000 + 1307724
ZegoLiveRoom                    0x10936f1ec 0x109230000 + 1307116
ZegoLiveRoom                    0x1093735bc 0x109230000 + 1324476
libsystem_pthread.dylib         0x184bed220 <redacted> + 272
libsystem_pthread.dylib         0x184bed110 _pthread_start + 292

Backtrace of Thread 112903:
libsystem_kernel.dylib          0x184a303e4 poll + 8
ZegoLiveRoom                    0x10936b398 0x109230000 + 1291160
ZegoLiveRoom                    0x10936f44c 0x109230000 + 1307724
ZegoLiveRoom                    0x10936f1ec 0x109230000 + 1307116
ZegoLiveRoom                    0x1093735bc 0x109230000 + 1324476
libsystem_pthread.dylib         0x184bed220 <redacted> + 272
libsystem_pthread.dylib         0x184bed110 _pthread_start + 292

Backtrace of Thread 113439:
libsystem_kernel.dylib          0x184a303e4 poll + 8
ZegoLiveRoom                    0x10936b398 0x109230000 + 1291160
ZegoLiveRoom                    0x10936f44c 0x109230000 + 1307724
ZegoLiveRoom                    0x10936f1ec 0x109230000 + 1307116
ZegoLiveRoom                    0x1093735bc 0x109230000 + 1324476
libsystem_pthread.dylib         0x184bed220 <redacted> + 272
libsystem_pthread.dylib         0x184bed110 _pthread_start + 292

Backtrace of Thread 123927:
libsystem_kernel.dylib          0x184a303e4 poll + 8
ZegoLiveRoom                    0x10936b398 0x109230000 + 1291160
ZegoLiveRoom                    0x10936f44c 0x109230000 + 1307724
ZegoLiveRoom                    0x10936f1ec 0x109230000 + 1307116
ZegoLiveRoom                    0x1093735bc 0x109230000 + 1324476
libsystem_pthread.dylib         0x184bed220 <redacted> + 272
libsystem_pthread.dylib         0x184bed110 _pthread_start + 292

Backtrace of Thread 122487:
libsystem_kernel.dylib          0x184a4d0f4 __psynch_cvwait + 8
libsystem_pthread.dylib         0x184befc90 <redacted> + 644
LiveStreaming                   0x103e2567c _ZN8AgoraRTC10EventPosix4WaitEm + 244
LiveStreaming                   0x103e32efc _ZN8AgoraRTC9TraceImpl3RunEPv + 40
LiveStreaming                   0x103e32aa8 _ZN8AgoraRTC11ThreadPosix3RunEv + 160
LiveStreaming                   0x103e328f4 _ZN8AgoraRTC11StartThreadEPv + 12
libsystem_pthread.dylib         0x184bed220 <redacted> + 272
libsystem_pthread.dylib         0x184bed110 _pthread_start + 292

Backtrace of Thread 51379:
libsystem_kernel.dylib          0x184a4d0f4 __psynch_cvwait + 8
libsystem_pthread.dylib         0x184befc90 <redacted> + 644
libc++.1.dylib                  0x18410425c _ZNSt3__118condition_variable4waitERNS_11unique_lockINS_5mutexEEE + 24
LiveStreaming                   0x1041e6c14 _ZN5agora7commons10async_task3runENSt3__110shared_ptrINS1_11thread_dataEEE + 164
LiveStreaming                   0x1041e6e78 _ZNSt3__114__thread_proxyINS_5tupleIJNS_6__bindIPFvNS_10shared_ptrIN5agora7commons10async_task11thread_dataEEEEJRS8_EEEEEEEEPvSE_ + 124
libsystem_pthread.dylib         0x184bed220 <redacted> + 272
libsystem_pthread.dylib         0x184bed110 _pthread_start + 292

Backtrace of Thread 122775:
libsystem_kernel.dylib          0x184a303e4 poll + 8
LiveStreaming                   0x1041dada0 poll_dispatch + 188
LiveStreaming                   0x1041cff78 event_base_loop + 888
LiveStreaming                   0x1041141d4 _ZN5agora3rtc9RtcEngine3runEv + 64
LiveStreaming                   0x1041efdac _ZNSt3__114__thread_proxyINS_5tupleIJNS_6__bindIMN5agora3rtc9RtcEngineEFvvEJPS5_EEEEEEEEPvSB_ + 116
libsystem_pthread.dylib         0x184bed220 <redacted> + 272
libsystem_pthread.dylib         0x184bed110 _pthread_start + 292

Backtrace of Thread 343719:
libsystem_kernel.dylib          0x184a4dd84 __workq_kernreturn + 8
libsystem_pthread.dylib         0x184bebeb4 _pthread_wqthread + 928

Backtrace of Thread 122887:
libsystem_kernel.dylib          0x184a4dd84 __workq_kernreturn + 8
libsystem_pthread.dylib         0x184bec0a0 _pthread_wqthread + 1420

Backtrace of Thread 342815:
libsystem_kernel.dylib          0x184a4dd84 __workq_kernreturn + 8
libsystem_pthread.dylib         0x184bebeb4 _pthread_wqthread + 928

Backtrace of Thread 340227:
libsystem_kernel.dylib          0x184a4dd84 __workq_kernreturn + 8
libsystem_pthread.dylib         0x184bebeb4 _pthread_wqthread + 928

Backtrace of Thread 198959:
libsystem_kernel.dylib          0x184a4dd84 __workq_kernreturn + 8
libsystem_pthread.dylib         0x184bebeb4 _pthread_wqthread + 928

Backtrace of Thread 323923:
libsystem_kernel.dylib          0x184a4dd84 __workq_kernreturn + 8
libsystem_pthread.dylib         0x184bebeb4 _pthread_wqthread + 928

Fail to get information about thread: 125083Fail to get information about thread: 94487Backtrace of Thread 105119:
libsystem_kernel.dylib          0x184a2be08 mach_msg_trap + 8
libsystem_kernel.dylib          0x184a2bc80 mach_msg + 72
AudioToolbox                    0x188d8bc78 <redacted> + 280
AudioToolbox                    0x188d6b350 AudioSessionSetProperty_Priv + 524
AVFAudio                        0x18a976db0 <redacted> + 148
AVFAudio                        0x18a976ffc <redacted> + 48
LiveStreaming                   0x1027a4ee0 ___ZN9videocore3iOS13TTAudioSourceC2EdiNSt3__18functionIFvRP28OpaqueAudioComponentInstanceEEE_block_invoke + 56
AudioToolbox                    0x188d6c138 AudioSessionRequestRecordPermission + 696
AVFAudio                        0x18a977c84 <redacted> + 68
LiveStreaming                   0x1027a4e10 _ZN9videocore3iOS13TTAudioSourceC2EdiNSt3__18functionIFvRP28OpaqueAudioComponentInstanceEEE + 236
LiveStreaming                   0x10275bf64 _ZNSt3__110shared_ptrIN9videocore3iOS13TTAudioSourceEE11make_sharedIJfiEEES4_DpOT_ + 128
LiveStreaming                   0x102750adc -[TTLiveStreamerSession setupGraph] + 2472
libdispatch.dylib               0x10c001260 _dispatch_call_block_and_release + 24
libdispatch.dylib               0x10c001220 _dispatch_client_callout + 16
libdispatch.dylib               0x10c00fe80 _dispatch_queue_serial_drain + 768
libdispatch.dylib               0x10c004730 _dispatch_queue_invoke + 328
libdispatch.dylib               0x10c010dd8 _dispatch_root_queue_drain_deferred_wlh + 352
libdispatch.dylib               0x10c017ebc _dispatch_workloop_worker_thread + 676
libsystem_pthread.dylib         0x184bebe70 _pthread_wqthread + 860

Backtrace of Thread 184467:
libsystem_kernel.dylib          0x184a2be5c semaphore_timedwait_trap + 8
libdispatch.dylib               0x10c009324 _dispatch_sema4_timedwait + 60
libdispatch.dylib               0x10c009a9c _dispatch_semaphore_wait_slow + 72
libdispatch.dylib               0x10c013f64 _dispatch_worker_thread + 260
libsystem_pthread.dylib         0x184bed220 <redacted> + 272
libsystem_pthread.dylib         0x184bed110 _pthread_start + 292

Backtrace of Thread 155451:
libsystem_kernel.dylib          0x184a2be5c semaphore_timedwait_trap + 8
libdispatch.dylib               0x10c009324 _dispatch_sema4_timedwait + 60
libdispatch.dylib               0x10c009a9c _dispatch_semaphore_wait_slow + 72
libdispatch.dylib               0x10c013f64 _dispatch_worker_thread + 260
libsystem_pthread.dylib         0x184bed220 <redacted> + 272
libsystem_pthread.dylib         0x184bed110 _pthread_start + 292

Backtrace of Thread 328975:
libsystem_kernel.dylib          0x184a2be08 mach_msg_trap + 8
libsystem_kernel.dylib          0x184a2bc80 mach_msg + 72
AudioToolbox                    0x188ba0a6c <redacted> + 260
AudioToolbox                    0x188ba52f0 <redacted> + 156
AudioToolbox                    0x188f17128 <redacted> + 88
libsystem_pthread.dylib         0x184bed220 <redacted> + 272
libsystem_pthread.dylib         0x184bed110 _pthread_start + 292

Backtrace of Thread 191591:
libsystem_kernel.dylib          0x184a4dd84 __workq_kernreturn + 8
libsystem_pthread.dylib         0x184bec0a0 _pthread_wqthread + 1420

