Call Backtrace of 44 threads:
Backtrace of Thread 771:
libsystem_kernel.dylib          0x184a2be08 mach_msg_trap + 8
libsystem_kernel.dylib          0x184a2bc80 mach_msg + 72
AudioToolbox                    0x188d8bc78 <redacted> + 280
AudioToolbox                    0x188d6b350 AudioSessionSetProperty_Priv + 524
AVFAudio                        0x18a976db0 <redacted> + 148
LiveStreaming                   0x10412712c -[AgoraRtcEngineKit leaveChannel:] + 416
LiveStreaming                   0x102722034 -[AgoraClient leaveChannelWithDestroy:] + 464
LiveStreaming                   0x10195dd24 -[HTSLiveLinkmicMediaService stopLiveShow] + 304
LiveStreaming                   0x10196645c -[HTSLiveLinkmicMediaService stopOutputWithNext:] + 96
LiveStreaming                   0x101a3c62c -[HTSLiveRecordVideoDataPipe stopWorkingWithNext:] + 248
LiveStreaming                   0x101a3c7c4 -[HTSLiveRecordVideoDataPipe redirectOutput:] + 256
LiveStreaming                   0x101a3ce0c -[HTSLiveRecordVideoDataPipe restoreStandardOutput] + 228
LiveStreaming                   0x101773e6c -[HTSInteractivePKController closeInteractive] + 912
LiveStreaming                   0x101917a2c -[HTSLiveInteractivePKStore pr_close] + 152
LiveStreaming                   0x10191a30c __48-[HTSLiveInteractivePKStore stopInteractiveMode]_block_invoke + 580
LiveStreaming                   0x1017b8f84 -[HTSLiveApi onRequest:finishedWithJsonObj:] + 1388
LiveStreaming                   0x1017b8240 __18-[HTSLiveApi get:]_block_invoke + 672
LiveStreaming                   0x10281fa08 __223-[TTNetworkHTTPClient requestForJSONWithURL:params:method:commonParams:headerField:pureChannelForJSONResponseSerializer:verifyRequest:requestSerializer:responseSerializer:responsePreprocessor:callback:callbackWithResponse:]_block_invoke + 292
LiveStreaming                   0x10281ddb8 __83-[TTNetworkHTTPClient _dataTaskWithRequest:responsePreprocessor:completionHandler:]_block_invoke_2 + 2392
LiveStreaming                   0x101284e84 __72-[AFURLSessionManagerTaskDelegate URLSession:task:didCompleteWithError:]_block_invoke_2.72 + 224
libdispatch.dylib               0x10c001260 _dispatch_call_block_and_release + 24
libdispatch.dylib               0x10c001220 _dispatch_client_callout + 16
libdispatch.dylib               0x10c005b38 _dispatch_main_queue_callback_4CF + 548
CoreFoundation                  0x184f6f070 <redacted> + 12
CoreFoundation                  0x184f6cbc8 <redacted> + 2272
CoreFoundation                  0x184e8cda8 CFRunLoopRunSpecific + 552
GraphicsServices                0x186e6f020 GSEventRunModal + 100
UIKit                           0x18ee6d78c UIApplicationMain + 236
LiveStreaming                   0x101184e70 main + 124
libdyld.dylib                   0x18491dfc0 <redacted> + 4

Backtrace of Thread 5895:
libsystem_kernel.dylib          0x184a2be08 mach_msg_trap + 8
libsystem_kernel.dylib          0x184a2bc80 mach_msg + 72
libsystem_kernel.dylib          0x184a2df34 thread_get_state + 136
LiveStreaming                   0x1027a6610 bs_mach_copyMem + 60
LiveStreaming                   0x1027a5d50 _bs_backtraceOfThread + 636
LiveStreaming                   0x1027a64a8 +[BSBacktraceLogger bs_backtraceOfAllThread] + 220
LiveStreaming                   0x102215ce0 __40+[IESDebugToolService startStuckMonitor]_block_invoke + 204
LiveStreaming                   0x102213160 __36-[IESDebugStuckMonitor startMonitor]_block_invoke_2 + 112
CoreFoundation                  0x184f5ff38 <redacted> + 76
LiveStreaming                   0x102213058 __36-[IESDebugStuckMonitor startMonitor]_block_invoke + 436
Foundation                      0x1859eee88 <redacted> + 16
Foundation                      0x1859308d0 <redacted> + 72
Foundation                      0x18592fcac <redacted> + 848
Foundation                      0x1859f076c <redacted> + 404
libdispatch.dylib               0x10c001220 _dispatch_client_callout + 16
libdispatch.dylib               0x10c00e4d8 _dispatch_continuation_pop + 588
libdispatch.dylib               0x10c00cdc8 _dispatch_async_redirect_invoke + 628
libdispatch.dylib               0x10c01284c _dispatch_root_queue_drain + 604
libdispatch.dylib               0x10c012584 _dispatch_worker_thread3 + 136
libsystem_pthread.dylib         0x184bebfac _pthread_wqthread + 1176

Backtrace of Thread 9731:
libsystem_kernel.dylib          0x184a4d610 __semwait_signal + 8
libsystem_c.dylib               0x18496612c nanosleep + 212
libsystem_c.dylib               0x18496604c usleep + 64
GPUToolsCore                    0x10c0862bc _ZL21smt_poll_thread_entryPv + 136
libsystem_pthread.dylib         0x184bed220 <redacted> + 272
libsystem_pthread.dylib         0x184bed110 _pthread_start + 292

Backtrace of Thread 8711:
libsystem_kernel.dylib          0x184a4d610 __semwait_signal + 8
libsystem_c.dylib               0x18496612c nanosleep + 212
libsystem_c.dylib               0x18496604c usleep + 64
GPUToolsCore                    0x10c0862bc _ZL21smt_poll_thread_entryPv + 136
libsystem_pthread.dylib         0x184bed220 <redacted> + 272
libsystem_pthread.dylib         0x184bed110 _pthread_start + 292

Backtrace of Thread 11015:
libsystem_kernel.dylib          0x184a4d0f4 __psynch_cvwait + 8
libsystem_pthread.dylib         0x184befc90 <redacted> + 644
libc++.1.dylib                  0x18410425c _ZNSt3__118condition_variable4waitERNS_11unique_lockINS_5mutexEEE + 24
JavaScriptCore                  0x18c5e31a4 <redacted> + 104
JavaScriptCore                  0x18c5e2db8 <redacted> + 164
JavaScriptCore                  0x18c5e2b60 <redacted> + 12
JavaScriptCore                  0x18c5e2f7c <redacted> + 44
libsystem_pthread.dylib         0x184bed220 <redacted> + 272
libsystem_pthread.dylib         0x184bed110 _pthread_start + 292

Backtrace of Thread 11271:
libsystem_kernel.dylib          0x184a2be08 mach_msg_trap + 8
libsystem_kernel.dylib          0x184a2bc80 mach_msg + 72
CoreFoundation                  0x184f6ee40 <redacted> + 196
CoreFoundation                  0x184f6c908 <redacted> + 1568
CoreFoundation                  0x184e8cda8 CFRunLoopRunSpecific + 552
WebCore                         0x18d119dcc <redacted> + 592
libsystem_pthread.dylib         0x184bed220 <redacted> + 272
libsystem_pthread.dylib         0x184bed110 _pthread_start + 292

Backtrace of Thread 18947:
libsystem_kernel.dylib          0x184a2be08 mach_msg_trap + 8
libsystem_kernel.dylib          0x184a2bc80 mach_msg + 72
CoreFoundation                  0x184f6ee40 <redacted> + 196
CoreFoundation                  0x184f6c908 <redacted> + 1568
CoreFoundation                  0x184e8cda8 CFRunLoopRunSpecific + 552
Foundation                      0x185901674 <redacted> + 304
Foundation                      0x18590151c <redacted> + 148
UIKit                           0x18eb527e4 <redacted> + 136
Foundation                      0x185a11efc <redacted> + 1040
libsystem_pthread.dylib         0x184bed220 <redacted> + 272
libsystem_pthread.dylib         0x184bed110 _pthread_start + 292

Backtrace of Thread 37127:
libsystem_kernel.dylib          0x184a2be08 mach_msg_trap + 8
libsystem_kernel.dylib          0x184a2bc80 mach_msg + 72
CoreFoundation                  0x184f6ee40 <redacted> + 196
CoreFoundation                  0x184f6c908 <redacted> + 1568
CoreFoundation                  0x184e8cda8 CFRunLoopRunSpecific + 552
Foundation                      0x185901674 <redacted> + 304
Foundation                      0x1859761a8 <redacted> + 88
LiveStreaming                   0x10126802c +[AFURLConnectionOperation networkRequestThreadEntryPoint:] + 308
Foundation                      0x185a11efc <redacted> + 1040
libsystem_pthread.dylib         0x184bed220 <redacted> + 272
libsystem_pthread.dylib         0x184bed110 _pthread_start + 292

Backtrace of Thread 32011:
libsystem_kernel.dylib          0x184a2be08 mach_msg_trap + 8
libsystem_kernel.dylib          0x184a2bc80 mach_msg + 72
CoreFoundation                  0x184f6ee40 <redacted> + 196
CoreFoundation                  0x184f6c908 <redacted> + 1568
CoreFoundation                  0x184e8cda8 CFRunLoopRunSpecific + 552
CFNetwork                       0x18579a4b0 <redacted> + 220
Foundation                      0x185a11efc <redacted> + 1040
libsystem_pthread.dylib         0x184bed220 <redacted> + 272
libsystem_pthread.dylib         0x184bed110 _pthread_start + 292

Backtrace of Thread 76819:
libsystem_kernel.dylib          0x184a2be08 mach_msg_trap + 8
libsystem_kernel.dylib          0x184a2bc80 mach_msg + 72
CoreFoundation                  0x184f6ee40 <redacted> + 196
CoreFoundation                  0x184f6c908 <redacted> + 1568
CoreFoundation                  0x184e8cda8 CFRunLoopRunSpecific + 552
AVFAudio                        0x18a972424 <redacted> + 164
AVFAudio                        0x18a99c834 <redacted> + 88
libsystem_pthread.dylib         0x184bed220 <redacted> + 272
libsystem_pthread.dylib         0x184bed110 _pthread_start + 292

Backtrace of Thread 67135:
libsystem_kernel.dylib          0x184a2be08 mach_msg_trap + 8
libsystem_kernel.dylib          0x184a2bc80 mach_msg + 72
CoreFoundation                  0x184f6ee40 <redacted> + 196
CoreFoundation                  0x184f6c908 <redacted> + 1568
CoreFoundation                  0x184e8cda8 CFRunLoopRunSpecific + 552
CoreFoundation                  0x184edcb28 CFRunLoopRun + 116
CoreMotion                      0x18a46d9dc CLStartStopAdvertisingBeacon + 231572
libsystem_pthread.dylib         0x184bed220 <redacted> + 272
libsystem_pthread.dylib         0x184bed110 _pthread_start + 292

Backtrace of Thread 65051:
libsystem_kernel.dylib          0x184a2be08 mach_msg_trap + 8
libsystem_kernel.dylib          0x184a2bc80 mach_msg + 72
CoreFoundation                  0x184f6ee40 <redacted> + 196
CoreFoundation                  0x184f6c908 <redacted> + 1568
CoreFoundation                  0x184e8cda8 CFRunLoopRunSpecific + 552
GeoServices                     0x18b2356cc <redacted> + 468
libsystem_pthread.dylib         0x184bed220 <redacted> + 272
libsystem_pthread.dylib         0x184bed110 _pthread_start + 292

Backtrace of Thread 88583:
libsystem_kernel.dylib          0x184a2be08 mach_msg_trap + 8
libsystem_kernel.dylib          0x184a2bc80 mach_msg + 72
CoreFoundation                  0x184f6ee40 <redacted> + 196
CoreFoundation                  0x184f6c908 <redacted> + 1568
CoreFoundation                  0x184e8cda8 CFRunLoopRunSpecific + 552
Foundation                      0x185901674 <redacted> + 304
LiveStreaming                   0x1026c0d34 -[_SRRunLoopThread main] + 360
Foundation                      0x185a11efc <redacted> + 1040
libsystem_pthread.dylib         0x184bed220 <redacted> + 272
libsystem_pthread.dylib         0x184bed110 _pthread_start + 292

Backtrace of Thread 42531:
libsystem_kernel.dylib          0x184a4d538 select$DARWIN_EXTSN + 8
CoreFoundation                  0x184f77378 <redacted> + 644
libsystem_pthread.dylib         0x184bed220 <redacted> + 272
libsystem_pthread.dylib         0x184bed110 _pthread_start + 292

Backtrace of Thread 112179:
libsystem_kernel.dylib          0x184a303e4 poll + 8
ZegoLiveRoom                    0x10936b398 0x109230000 + 1291160
ZegoLiveRoom                    0x10936f44c 0x109230000 + 1307724
ZegoLiveRoom                    0x10936f1ec 0x109230000 + 1307116
ZegoLiveRoom                    0x1093735bc 0x109230000 + 1324476
libsystem_pthread.dylib         0x184bed220 <redacted> + 272
libsystem_pthread.dylib         0x184bed110 _pthread_start + 292

Backtrace of Thread 147499:
libsystem_kernel.dylib          0x184a303e4 poll + 8
ZegoLiveRoom                    0x10936b398 0x109230000 + 1291160
ZegoLiveRoom                    0x10936f44c 0x109230000 + 1307724
ZegoLiveRoom                    0x10936f1ec 0x109230000 + 1307116
ZegoLiveRoom                    0x1093735bc 0x109230000 + 1324476
libsystem_pthread.dylib         0x184bed220 <redacted> + 272
libsystem_pthread.dylib         0x184bed110 _pthread_start + 292

Backtrace of Thread 112903:
libsystem_kernel.dylib          0x184a303e4 poll + 8
ZegoLiveRoom                    0x10936b398 0x109230000 + 1291160
ZegoLiveRoom                    0x10936f44c 0x109230000 + 1307724
ZegoLiveRoom                    0x10936f1ec 0x109230000 + 1307116
ZegoLiveRoom                    0x1093735bc 0x109230000 + 1324476
libsystem_pthread.dylib         0x184bed220 <redacted> + 272
libsystem_pthread.dylib         0x184bed110 _pthread_start + 292

Backtrace of Thread 113439:
libsystem_kernel.dylib          0x184a303e4 poll + 8
ZegoLiveRoom                    0x10936b398 0x109230000 + 1291160
ZegoLiveRoom                    0x10936f44c 0x109230000 + 1307724
ZegoLiveRoom                    0x10936f1ec 0x109230000 + 1307116
ZegoLiveRoom                    0x1093735bc 0x109230000 + 1324476
libsystem_pthread.dylib         0x184bed220 <redacted> + 272
libsystem_pthread.dylib         0x184bed110 _pthread_start + 292

Backtrace of Thread 123927:
libsystem_kernel.dylib          0x184a303e4 poll + 8
ZegoLiveRoom                    0x10936b398 0x109230000 + 1291160
ZegoLiveRoom                    0x10936f44c 0x109230000 + 1307724
ZegoLiveRoom                    0x10936f1ec 0x109230000 + 1307116
ZegoLiveRoom                    0x1093735bc 0x109230000 + 1324476
libsystem_pthread.dylib         0x184bed220 <redacted> + 272
libsystem_pthread.dylib         0x184bed110 _pthread_start + 292

Backtrace of Thread 69123:
libsystem_kernel.dylib          0x184a4dd84 __workq_kernreturn + 8
libsystem_pthread.dylib         0x184bebeb4 _pthread_wqthread + 928

Backtrace of Thread 131599:
libsystem_kernel.dylib          0x184a4dd84 __workq_kernreturn + 8
libsystem_pthread.dylib         0x184bebeb4 _pthread_wqthread + 928

Backtrace of Thread 73507:
libsystem_kernel.dylib          0x184a4dd84 __workq_kernreturn + 8
libsystem_pthread.dylib         0x184bec0a0 _pthread_wqthread + 1420

Backtrace of Thread 170143:
libsystem_kernel.dylib          0x184a4dd84 __workq_kernreturn + 8
libsystem_pthread.dylib         0x184bebeb4 _pthread_wqthread + 928

Backtrace of Thread 54295:
libsystem_kernel.dylib          0x184a4dd84 __workq_kernreturn + 8
libsystem_pthread.dylib         0x184bebeb4 _pthread_wqthread + 928

Backtrace of Thread 100107:
libsystem_kernel.dylib          0x184a4d0f4 __psynch_cvwait + 8
libsystem_pthread.dylib         0x184befc90 <redacted> + 644
libc++.1.dylib                  0x18410425c _ZNSt3__118condition_variable4waitERNS_11unique_lockINS_5mutexEEE + 24
LiveStreaming                   0x103613f9c _ZN3BRC9SyncQueueINSt3__110shared_ptrINS_4TaskEEEE4TakeERS4_ + 80
LiveStreaming                   0x1036139fc _ZN3BRC18SingleThreadWorker4workEv + 176
LiveStreaming                   0x1036141e0 _ZNSt3__114__thread_proxyINS_5tupleIJNS_10unique_ptrINS_15__thread_structENS_14default_deleteIS3_EEEEMN3BRC18SingleThreadWorkerEFvvEPS8_EEEEEPvSD_ + 64
libsystem_pthread.dylib         0x184bed220 <redacted> + 272
libsystem_pthread.dylib         0x184bed110 _pthread_start + 292

Backtrace of Thread 159491:
libsystem_kernel.dylib          0x184a4d0f4 __psynch_cvwait + 8
libsystem_pthread.dylib         0x184befc90 <redacted> + 644
libc++.1.dylib                  0x18410425c _ZNSt3__118condition_variable4waitERNS_11unique_lockINS_5mutexEEE + 24
LiveStreaming                   0x103613f9c _ZN3BRC9SyncQueueINSt3__110shared_ptrINS_4TaskEEEE4TakeERS4_ + 80
LiveStreaming                   0x1036139fc _ZN3BRC18SingleThreadWorker4workEv + 176
LiveStreaming                   0x1036141e0 _ZNSt3__114__thread_proxyINS_5tupleIJNS_10unique_ptrINS_15__thread_structENS_14default_deleteIS3_EEEEMN3BRC18SingleThreadWorkerEFvvEPS8_EEEEEPvSD_ + 64
libsystem_pthread.dylib         0x184bed220 <redacted> + 272
libsystem_pthread.dylib         0x184bed110 _pthread_start + 292

Backtrace of Thread 137739:
libsystem_kernel.dylib          0x184a4dd84 __workq_kernreturn + 8
libsystem_pthread.dylib         0x184bebeb4 _pthread_wqthread + 928

Backtrace of Thread 118959:
libsystem_kernel.dylib          0x184a4dd84 __workq_kernreturn + 8
libsystem_pthread.dylib         0x184bebeb4 _pthread_wqthread + 928

Backtrace of Thread 122487:
libsystem_kernel.dylib          0x184a4d0f4 __psynch_cvwait + 8
libsystem_pthread.dylib         0x184befc90 <redacted> + 644
LiveStreaming                   0x103e2567c _ZN8AgoraRTC10EventPosix4WaitEm + 244
LiveStreaming                   0x103e32efc _ZN8AgoraRTC9TraceImpl3RunEPv + 40
LiveStreaming                   0x103e32aa8 _ZN8AgoraRTC11ThreadPosix3RunEv + 160
LiveStreaming                   0x103e328f4 _ZN8AgoraRTC11StartThreadEPv + 12
libsystem_pthread.dylib         0x184bed220 <redacted> + 272
libsystem_pthread.dylib         0x184bed110 _pthread_start + 292

Backtrace of Thread 51379:
libsystem_kernel.dylib          0x184a4d0f4 __psynch_cvwait + 8
libsystem_pthread.dylib         0x184befc90 <redacted> + 644
libc++.1.dylib                  0x18410425c _ZNSt3__118condition_variable4waitERNS_11unique_lockINS_5mutexEEE + 24
LiveStreaming                   0x1041e6c14 _ZN5agora7commons10async_task3runENSt3__110shared_ptrINS1_11thread_dataEEE + 164
LiveStreaming                   0x1041e6e78 _ZNSt3__114__thread_proxyINS_5tupleIJNS_6__bindIPFvNS_10shared_ptrIN5agora7commons10async_task11thread_dataEEEEJRS8_EEEEEEEEPvSE_ + 124
libsystem_pthread.dylib         0x184bed220 <redacted> + 272
libsystem_pthread.dylib         0x184bed110 _pthread_start + 292

Backtrace of Thread 122775:
libsystem_kernel.dylib          0x184a4d610 __semwait_signal + 8
libsystem_c.dylib               0x18496612c nanosleep + 212
libc++.1.dylib                  0x184146a80 _ZNSt3__111this_thread9sleep_forERKNS_6chrono8durationIxNS_5ratioILl1ELl1000000000EEEEE + 80
LiveStreaming                   0x10416ffb8 _ZN5agora3rtc11CallManager12leaveChannelEv + 372
LiveStreaming                   0x10416c69c _ZN5agora3rtc11CallContext8stopCallEv + 60
LiveStreaming                   0x104116da8 _ZNSt3__110__function6__funcIZN5agora3rtc9RtcEngine12leaveChannelEvE3$_1NS_9allocatorIS5_EEFvvEEclEv + 216
LiveStreaming                   0x1041ee5c4 _ZN5agora7commons8libevent11async_queueINSt3__18functionIFvvEEENS0_5cjson11JsonWrapperENS1_14efd_socketpairENS3_5mutexEE8on_eventEis + 504
LiveStreaming                   0x1041d02d0 event_base_loop + 1744
LiveStreaming                   0x1041141d4 _ZN5agora3rtc9RtcEngine3runEv + 64
LiveStreaming                   0x1041efdac _ZNSt3__114__thread_proxyINS_5tupleIJNS_6__bindIMN5agora3rtc9RtcEngineEFvvEJPS5_EEEEEEEEPvSB_ + 116
libsystem_pthread.dylib         0x184bed220 <redacted> + 272
libsystem_pthread.dylib         0x184bed110 _pthread_start + 292

Backtrace of Thread 115123:
libsystem_kernel.dylib          0x184a4d0f4 __psynch_cvwait + 8
libsystem_pthread.dylib         0x184befc90 <redacted> + 644
LiveStreaming                   0x103e2567c _ZN8AgoraRTC10EventPosix4WaitEm + 244
LiveStreaming                   0x103d08360 _ZN8AgoraRTC17ProcessThreadImpl7ProcessEv + 200
LiveStreaming                   0x103e32aa8 _ZN8AgoraRTC11ThreadPosix3RunEv + 160
LiveStreaming                   0x103e328f4 _ZN8AgoraRTC11StartThreadEPv + 12
libsystem_pthread.dylib         0x184bed220 <redacted> + 272
libsystem_pthread.dylib         0x184bed110 _pthread_start + 292

Backtrace of Thread 139295:
libsystem_kernel.dylib          0x184a4d610 __semwait_signal + 8
libsystem_c.dylib               0x18496612c nanosleep + 212
LiveStreaming                   0x103e28ac8 _ZN8AgoraRTC7SleepMsEi + 88
LiveStreaming                   0x103db1c90 _ZN8AgoraRTC21VideoCodingModuleImpl19DeliverFrameProcessEv + 304
LiveStreaming                   0x103e32aa8 _ZN8AgoraRTC11ThreadPosix3RunEv + 160
LiveStreaming                   0x103e328f4 _ZN8AgoraRTC11StartThreadEPv + 12
libsystem_pthread.dylib         0x184bed220 <redacted> + 272
libsystem_pthread.dylib         0x184bed110 _pthread_start + 292

Fail to get information about thread: 144919Backtrace of Thread 126063:
libsystem_kernel.dylib          0x184a4d0f4 __psynch_cvwait + 8
libsystem_pthread.dylib         0x184befc90 <redacted> + 644
LiveStreaming                   0x103e2567c _ZN8AgoraRTC10EventPosix4WaitEm + 244
LiveStreaming                   0x103d08360 _ZN8AgoraRTC17ProcessThreadImpl7ProcessEv + 200
LiveStreaming                   0x103e32aa8 _ZN8AgoraRTC11ThreadPosix3RunEv + 160
LiveStreaming                   0x103e328f4 _ZN8AgoraRTC11StartThreadEPv + 12
libsystem_pthread.dylib         0x184bed220 <redacted> + 272
libsystem_pthread.dylib         0x184bed110 _pthread_start + 292

Backtrace of Thread 123415:
libsystem_kernel.dylib          0x184a2be08 mach_msg_trap + 8
libsystem_kernel.dylib          0x184a2bc80 mach_msg + 72
AudioToolbox                    0x188ba0a6c <redacted> + 260
AudioToolbox                    0x188ba52f0 <redacted> + 156
AudioToolbox                    0x188f17128 <redacted> + 88
libsystem_pthread.dylib         0x184bed220 <redacted> + 272
libsystem_pthread.dylib         0x184bed110 _pthread_start + 292

Backtrace of Thread 161907:
libsystem_kernel.dylib          0x184a4d0f4 __psynch_cvwait + 8
libsystem_pthread.dylib         0x184befc90 <redacted> + 644
LiveStreaming                   0x103e2567c _ZN8AgoraRTC10EventPosix4WaitEm + 244
LiveStreaming                   0x103da69e4 _ZN8AgoraRTC15VCMJitterBuffer21NextCompleteTimestampEjPj + 176
LiveStreaming                   0x103dadf70 _ZN8AgoraRTC11VCMReceiver18FrameForDecodingExEtPx + 68
LiveStreaming                   0x103db3038 _ZN8AgoraRTC3vcm13VideoReceiver9PumpFrameEt + 220
LiveStreaming                   0x103cbc40c _ZN5agora5media11VideoEngine20liveDecodingFunctionEPv + 28
LiveStreaming                   0x103e32aa8 _ZN8AgoraRTC11ThreadPosix3RunEv + 160
LiveStreaming                   0x103e328f4 _ZN8AgoraRTC11StartThreadEPv + 12
libsystem_pthread.dylib         0x184bed220 <redacted> + 272
libsystem_pthread.dylib         0x184bed110 _pthread_start + 292

Fail to get information about thread: 128975Fail to get information about thread: 161303Fail to get information about thread: 155291Fail to get information about thread: 127507Backtrace of Thread 52195:
libsystem_kernel.dylib          0x184a4dd84 __workq_kernreturn + 8
libsystem_pthread.dylib         0x184bebeb4 _pthread_wqthread + 928

Backtrace of Thread 125779:
libsystem_kernel.dylib          0x184a4dd84 __workq_kernreturn + 8
libsystem_pthread.dylib         0x184bebeb4 _pthread_wqthread + 928

Backtrace of Thread 134251:
libsystem_kernel.dylib          0x184a4dd84 __workq_kernreturn + 8
libsystem_pthread.dylib         0x184bec0a0 _pthread_wqthread + 1420

