Call Backtrace of 30 threads:
Backtrace of Thread 771:
libsystem_kernel.dylib          0x184a2be08 mach_msg_trap + 8
libsystem_kernel.dylib          0x184a2bc80 mach_msg + 72
CoreFoundation                  0x184f6ee40 <redacted> + 196
CoreFoundation                  0x184f6c908 <redacted> + 1568
CoreFoundation                  0x184e8cda8 CFRunLoopRunSpecific + 552
AVFoundation                    0x18aad84f8 <redacted> + 412
AVFoundation                    0x18aab908c <redacted> + 1068
AVFoundation                    0x18aab6a24 <redacted> + 144
LiveStreaming                   0x10229168c __34-[HTSCameraKit startCameraCapture]_block_invoke + 764
libdispatch.dylib               0x10c001220 _dispatch_client_callout + 16
libdispatch.dylib               0x10c00ea40 _dispatch_queue_barrier_sync_invoke_and_complete + 120
LiveStreaming                   0x1023bc234 -[IESCameraBase runSyncOnOperationQueue:] + 292
LiveStreaming                   0x102291370 -[HTSCameraKit startCameraCapture] + 136
LiveStreaming                   0x1023a8744 __30-[IESCamera startVideoCapture]_block_invoke.318 + 80
libdispatch.dylib               0x10c001260 _dispatch_call_block_and_release + 24
libdispatch.dylib               0x10c001220 _dispatch_client_callout + 16
libdispatch.dylib               0x10c005db0 _dispatch_main_queue_callback_4CF + 1180
CoreFoundation                  0x184f6f070 <redacted> + 12
CoreFoundation                  0x184f6cbc8 <redacted> + 2272
CoreFoundation                  0x184e8cda8 CFRunLoopRunSpecific + 552
GraphicsServices                0x186e6f020 GSEventRunModal + 100
UIKit                           0x18ee6d78c UIApplicationMain + 236
LiveStreaming                   0x101184e70 main + 124
libdyld.dylib                   0x18491dfc0 <redacted> + 4

Backtrace of Thread 5895:
libsystem_kernel.dylib          0x184a2be08 mach_msg_trap + 8
libsystem_kernel.dylib          0x184a2bc80 mach_msg + 72
libsystem_kernel.dylib          0x184a2df34 thread_get_state + 136
LiveStreaming                   0x1027a6610 bs_mach_copyMem + 60
LiveStreaming                   0x1027a5d50 _bs_backtraceOfThread + 636
LiveStreaming                   0x1027a64a8 +[BSBacktraceLogger bs_backtraceOfAllThread] + 220
LiveStreaming                   0x102215ce0 __40+[IESDebugToolService startStuckMonitor]_block_invoke + 204
LiveStreaming                   0x102213160 __36-[IESDebugStuckMonitor startMonitor]_block_invoke_2 + 112
CoreFoundation                  0x184f5ff38 <redacted> + 76
LiveStreaming                   0x102213058 __36-[IESDebugStuckMonitor startMonitor]_block_invoke + 436
Foundation                      0x1859eee88 <redacted> + 16
Foundation                      0x1859308d0 <redacted> + 72
Foundation                      0x18592fcac <redacted> + 848
Foundation                      0x1859f076c <redacted> + 404
libdispatch.dylib               0x10c001220 _dispatch_client_callout + 16
libdispatch.dylib               0x10c00e4d8 _dispatch_continuation_pop + 588
libdispatch.dylib               0x10c00cdc8 _dispatch_async_redirect_invoke + 628
libdispatch.dylib               0x10c01284c _dispatch_root_queue_drain + 604
libdispatch.dylib               0x10c012584 _dispatch_worker_thread3 + 136
libsystem_pthread.dylib         0x184bebfac _pthread_wqthread + 1176

Backtrace of Thread 9731:
libsystem_kernel.dylib          0x184a4d610 __semwait_signal + 8
libsystem_c.dylib               0x18496612c nanosleep + 212
libsystem_c.dylib               0x18496604c usleep + 64
GPUToolsCore                    0x10c0862bc _ZL21smt_poll_thread_entryPv + 136
libsystem_pthread.dylib         0x184bed220 <redacted> + 272
libsystem_pthread.dylib         0x184bed110 _pthread_start + 292

Backtrace of Thread 8711:
libsystem_kernel.dylib          0x184a4d610 __semwait_signal + 8
libsystem_c.dylib               0x18496612c nanosleep + 212
libsystem_c.dylib               0x18496604c usleep + 64
GPUToolsCore                    0x10c0862bc _ZL21smt_poll_thread_entryPv + 136
libsystem_pthread.dylib         0x184bed220 <redacted> + 272
libsystem_pthread.dylib         0x184bed110 _pthread_start + 292

Backtrace of Thread 11015:
libsystem_kernel.dylib          0x184a4d0f4 __psynch_cvwait + 8
libsystem_pthread.dylib         0x184befc90 <redacted> + 644
libc++.1.dylib                  0x18410425c _ZNSt3__118condition_variable4waitERNS_11unique_lockINS_5mutexEEE + 24
JavaScriptCore                  0x18c5e31a4 <redacted> + 104
JavaScriptCore                  0x18c5e2db8 <redacted> + 164
JavaScriptCore                  0x18c5e2b60 <redacted> + 12
JavaScriptCore                  0x18c5e2f7c <redacted> + 44
libsystem_pthread.dylib         0x184bed220 <redacted> + 272
libsystem_pthread.dylib         0x184bed110 _pthread_start + 292

Backtrace of Thread 11271:
libsystem_kernel.dylib          0x184a2be08 mach_msg_trap + 8
libsystem_kernel.dylib          0x184a2bc80 mach_msg + 72
CoreFoundation                  0x184f6ee40 <redacted> + 196
CoreFoundation                  0x184f6c908 <redacted> + 1568
CoreFoundation                  0x184e8cda8 CFRunLoopRunSpecific + 552
WebCore                         0x18d119dcc <redacted> + 592
libsystem_pthread.dylib         0x184bed220 <redacted> + 272
libsystem_pthread.dylib         0x184bed110 _pthread_start + 292

Backtrace of Thread 18947:
libsystem_kernel.dylib          0x184a2be08 mach_msg_trap + 8
libsystem_kernel.dylib          0x184a2bc80 mach_msg + 72
CoreFoundation                  0x184f6ee40 <redacted> + 196
CoreFoundation                  0x184f6c908 <redacted> + 1568
CoreFoundation                  0x184e8cda8 CFRunLoopRunSpecific + 552
Foundation                      0x185901674 <redacted> + 304
Foundation                      0x18590151c <redacted> + 148
UIKit                           0x18eb527e4 <redacted> + 136
Foundation                      0x185a11efc <redacted> + 1040
libsystem_pthread.dylib         0x184bed220 <redacted> + 272
libsystem_pthread.dylib         0x184bed110 _pthread_start + 292

Backtrace of Thread 37127:
libsystem_kernel.dylib          0x184a2be08 mach_msg_trap + 8
libsystem_kernel.dylib          0x184a2bc80 mach_msg + 72
CoreFoundation                  0x184f6ee40 <redacted> + 196
CoreFoundation                  0x184f6c908 <redacted> + 1568
CoreFoundation                  0x184e8cda8 CFRunLoopRunSpecific + 552
Foundation                      0x185901674 <redacted> + 304
Foundation                      0x1859761a8 <redacted> + 88
LiveStreaming                   0x10126802c +[AFURLConnectionOperation networkRequestThreadEntryPoint:] + 308
Foundation                      0x185a11efc <redacted> + 1040
libsystem_pthread.dylib         0x184bed220 <redacted> + 272
libsystem_pthread.dylib         0x184bed110 _pthread_start + 292

Backtrace of Thread 32011:
libsystem_kernel.dylib          0x184a2be08 mach_msg_trap + 8
libsystem_kernel.dylib          0x184a2bc80 mach_msg + 72
CoreFoundation                  0x184f6ee40 <redacted> + 196
CoreFoundation                  0x184f6c908 <redacted> + 1568
CoreFoundation                  0x184e8cda8 CFRunLoopRunSpecific + 552
CFNetwork                       0x18579a4b0 <redacted> + 220
Foundation                      0x185a11efc <redacted> + 1040
libsystem_pthread.dylib         0x184bed220 <redacted> + 272
libsystem_pthread.dylib         0x184bed110 _pthread_start + 292

Backtrace of Thread 76819:
libsystem_kernel.dylib          0x184a2be08 mach_msg_trap + 8
libsystem_kernel.dylib          0x184a2bc80 mach_msg + 72
CoreFoundation                  0x184f6ee40 <redacted> + 196
CoreFoundation                  0x184f6c908 <redacted> + 1568
CoreFoundation                  0x184e8cda8 CFRunLoopRunSpecific + 552
AVFAudio                        0x18a972424 <redacted> + 164
AVFAudio                        0x18a99c834 <redacted> + 88
libsystem_pthread.dylib         0x184bed220 <redacted> + 272
libsystem_pthread.dylib         0x184bed110 _pthread_start + 292

Backtrace of Thread 67135:
libsystem_kernel.dylib          0x184a2be08 mach_msg_trap + 8
libsystem_kernel.dylib          0x184a2bc80 mach_msg + 72
CoreFoundation                  0x184f6ee40 <redacted> + 196
CoreFoundation                  0x184f6c908 <redacted> + 1568
CoreFoundation                  0x184e8cda8 CFRunLoopRunSpecific + 552
CoreFoundation                  0x184edcb28 CFRunLoopRun + 116
CoreMotion                      0x18a46d9dc CLStartStopAdvertisingBeacon + 231572
libsystem_pthread.dylib         0x184bed220 <redacted> + 272
libsystem_pthread.dylib         0x184bed110 _pthread_start + 292

Backtrace of Thread 65051:
libsystem_kernel.dylib          0x184a2be08 mach_msg_trap + 8
libsystem_kernel.dylib          0x184a2bc80 mach_msg + 72
CoreFoundation                  0x184f6ee40 <redacted> + 196
CoreFoundation                  0x184f6c908 <redacted> + 1568
CoreFoundation                  0x184e8cda8 CFRunLoopRunSpecific + 552
GeoServices                     0x18b2356cc <redacted> + 468
libsystem_pthread.dylib         0x184bed220 <redacted> + 272
libsystem_pthread.dylib         0x184bed110 _pthread_start + 292

Backtrace of Thread 88583:
libsystem_kernel.dylib          0x184a2be08 mach_msg_trap + 8
libsystem_kernel.dylib          0x184a2bc80 mach_msg + 72
CoreFoundation                  0x184f6ee40 <redacted> + 196
CoreFoundation                  0x184f6c908 <redacted> + 1568
CoreFoundation                  0x184e8cda8 CFRunLoopRunSpecific + 552
Foundation                      0x185901674 <redacted> + 304
LiveStreaming                   0x1026c0d34 -[_SRRunLoopThread main] + 360
Foundation                      0x185a11efc <redacted> + 1040
libsystem_pthread.dylib         0x184bed220 <redacted> + 272
libsystem_pthread.dylib         0x184bed110 _pthread_start + 292

Backtrace of Thread 42531:
libsystem_kernel.dylib          0x184a4d538 select$DARWIN_EXTSN + 8
CoreFoundation                  0x184f77378 <redacted> + 644
libsystem_pthread.dylib         0x184bed220 <redacted> + 272
libsystem_pthread.dylib         0x184bed110 _pthread_start + 292

Backtrace of Thread 112179:
libsystem_kernel.dylib          0x184a303e4 poll + 8
ZegoLiveRoom                    0x10936b398 0x109230000 + 1291160
ZegoLiveRoom                    0x10936f44c 0x109230000 + 1307724
ZegoLiveRoom                    0x10936f1ec 0x109230000 + 1307116
ZegoLiveRoom                    0x1093735bc 0x109230000 + 1324476
libsystem_pthread.dylib         0x184bed220 <redacted> + 272
libsystem_pthread.dylib         0x184bed110 _pthread_start + 292

Backtrace of Thread 147499:
libsystem_kernel.dylib          0x184a303e4 poll + 8
ZegoLiveRoom                    0x10936b398 0x109230000 + 1291160
ZegoLiveRoom                    0x10936f44c 0x109230000 + 1307724
ZegoLiveRoom                    0x10936f1ec 0x109230000 + 1307116
ZegoLiveRoom                    0x1093735bc 0x109230000 + 1324476
libsystem_pthread.dylib         0x184bed220 <redacted> + 272
libsystem_pthread.dylib         0x184bed110 _pthread_start + 292

Backtrace of Thread 112903:
libsystem_kernel.dylib          0x184a303e4 poll + 8
ZegoLiveRoom                    0x10936b398 0x109230000 + 1291160
ZegoLiveRoom                    0x10936f44c 0x109230000 + 1307724
ZegoLiveRoom                    0x10936f1ec 0x109230000 + 1307116
ZegoLiveRoom                    0x1093735bc 0x109230000 + 1324476
libsystem_pthread.dylib         0x184bed220 <redacted> + 272
libsystem_pthread.dylib         0x184bed110 _pthread_start + 292

Backtrace of Thread 113439:
libsystem_kernel.dylib          0x184a303e4 poll + 8
ZegoLiveRoom                    0x10936b398 0x109230000 + 1291160
ZegoLiveRoom                    0x10936f44c 0x109230000 + 1307724
ZegoLiveRoom                    0x10936f1ec 0x109230000 + 1307116
ZegoLiveRoom                    0x1093735bc 0x109230000 + 1324476
libsystem_pthread.dylib         0x184bed220 <redacted> + 272
libsystem_pthread.dylib         0x184bed110 _pthread_start + 292

Backtrace of Thread 123927:
libsystem_kernel.dylib          0x184a303e4 poll + 8
ZegoLiveRoom                    0x10936b398 0x109230000 + 1291160
ZegoLiveRoom                    0x10936f44c 0x109230000 + 1307724
ZegoLiveRoom                    0x10936f1ec 0x109230000 + 1307116
ZegoLiveRoom                    0x1093735bc 0x109230000 + 1324476
libsystem_pthread.dylib         0x184bed220 <redacted> + 272
libsystem_pthread.dylib         0x184bed110 _pthread_start + 292

Backtrace of Thread 69123:
libsystem_kernel.dylib          0x184a4dd84 __workq_kernreturn + 8
libsystem_pthread.dylib         0x184bebeb4 _pthread_wqthread + 928

Backtrace of Thread 74007:
libsystem_kernel.dylib          0x184a4dd84 __workq_kernreturn + 8
libsystem_pthread.dylib         0x184bebeb4 _pthread_wqthread + 928

Backtrace of Thread 131599:
libsystem_kernel.dylib          0x184a4dd84 __workq_kernreturn + 8
libsystem_pthread.dylib         0x184bebeb4 _pthread_wqthread + 928

Backtrace of Thread 73507:
CoreFoundation                  0x184f15ff0 <redacted> + 124
CoreFoundation                  0x184f15fa4 <redacted> + 48
CoreFoundation                  0x184f824c0 <redacted> + 1788
CoreFoundation                  0x184e9179c CFStringCreateCopy + 612
CoreFoundation                  0x184f8674c _CFStringCreateWithFormatAndArgumentsAux2 + 144
Foundation                      0x185900b88 <redacted> + 68
LiveStreaming                   0x10439f064 +[NSString(YzRmNDdhMzAxZTAwZTBiOGRlOWY3OWVlNzBjN2VhMzQgIC0K) MDEwNzMzOGI1NzgwM2VkYTIzNDg0OWUxOWE4MDVjZTYgIC0K:] + 248
LiveStreaming                   0x1043a3790 -[NTJjMDRlZThlYzNiYjMzZWU4MjQ3MWNhODIzNWZjNmEgIC0K Mzg5NDFlZmQ3ZjllNGI1NWU1NjUxNmMyMGM3YWJjYWUgIC0K:] + 536
LiveStreaming                   0x1043a4db4 -[SGMSafeGuardManager p_saveAccelerometerData:] + 80
libdispatch.dylib               0x10c001260 _dispatch_call_block_and_release + 24
libdispatch.dylib               0x10c001220 _dispatch_client_callout + 16
libdispatch.dylib               0x10c00fe80 _dispatch_queue_serial_drain + 768
libdispatch.dylib               0x10c004730 _dispatch_queue_invoke + 328
libdispatch.dylib               0x10c010dd8 _dispatch_root_queue_drain_deferred_wlh + 352
libdispatch.dylib               0x10c017ebc _dispatch_workloop_worker_thread + 676
libsystem_pthread.dylib         0x184bebe70 _pthread_wqthread + 860

Backtrace of Thread 170143:
libsystem_kernel.dylib          0x184a4dd84 __workq_kernreturn + 8
libsystem_pthread.dylib         0x184bebeb4 _pthread_wqthread + 928

Backtrace of Thread 54295:
libsystem_kernel.dylib          0x184a4dd84 __workq_kernreturn + 8
libsystem_pthread.dylib         0x184bec0a0 _pthread_wqthread + 1420

Backtrace of Thread 100107:
libsystem_kernel.dylib          0x184a4d0f4 __psynch_cvwait + 8
libsystem_pthread.dylib         0x184befc90 <redacted> + 644
libc++.1.dylib                  0x18410425c _ZNSt3__118condition_variable4waitERNS_11unique_lockINS_5mutexEEE + 24
LiveStreaming                   0x103613f9c _ZN3BRC9SyncQueueINSt3__110shared_ptrINS_4TaskEEEE4TakeERS4_ + 80
LiveStreaming                   0x1036139fc _ZN3BRC18SingleThreadWorker4workEv + 176
LiveStreaming                   0x1036141e0 _ZNSt3__114__thread_proxyINS_5tupleIJNS_10unique_ptrINS_15__thread_structENS_14default_deleteIS3_EEEEMN3BRC18SingleThreadWorkerEFvvEPS8_EEEEEPvSD_ + 64
libsystem_pthread.dylib         0x184bed220 <redacted> + 272
libsystem_pthread.dylib         0x184bed110 _pthread_start + 292

Backtrace of Thread 159491:
libsystem_kernel.dylib          0x184a4d0f4 __psynch_cvwait + 8
libsystem_pthread.dylib         0x184befc90 <redacted> + 644
libc++.1.dylib                  0x18410425c _ZNSt3__118condition_variable4waitERNS_11unique_lockINS_5mutexEEE + 24
LiveStreaming                   0x103613f9c _ZN3BRC9SyncQueueINSt3__110shared_ptrINS_4TaskEEEE4TakeERS4_ + 80
LiveStreaming                   0x1036139fc _ZN3BRC18SingleThreadWorker4workEv + 176
LiveStreaming                   0x1036141e0 _ZNSt3__114__thread_proxyINS_5tupleIJNS_10unique_ptrINS_15__thread_structENS_14default_deleteIS3_EEEEMN3BRC18SingleThreadWorkerEFvvEPS8_EEEEEPvSD_ + 64
libsystem_pthread.dylib         0x184bed220 <redacted> + 272
libsystem_pthread.dylib         0x184bed110 _pthread_start + 292

Backtrace of Thread 82967:
libsystem_kernel.dylib          0x184a2be5c semaphore_timedwait_trap + 8
libdispatch.dylib               0x10c009324 _dispatch_sema4_timedwait + 60
libdispatch.dylib               0x10c009a9c _dispatch_semaphore_wait_slow + 72
libdispatch.dylib               0x10c013f64 _dispatch_worker_thread + 260
libsystem_pthread.dylib         0x184bed220 <redacted> + 272
libsystem_pthread.dylib         0x184bed110 _pthread_start + 292

Backtrace of Thread 32267:
libsystem_kernel.dylib          0x184a2be5c semaphore_timedwait_trap + 8
libdispatch.dylib               0x10c009324 _dispatch_sema4_timedwait + 60
libdispatch.dylib               0x10c009a9c _dispatch_semaphore_wait_slow + 72
libdispatch.dylib               0x10c013f64 _dispatch_worker_thread + 260
libsystem_pthread.dylib         0x184bed220 <redacted> + 272
libsystem_pthread.dylib         0x184bed110 _pthread_start + 292

Fail to get information about thread: 106559