Call Backtrace of 32 threads:
Backtrace of Thread 771:
libobjc.A.dylib                 0x18418eaf8 <redacted> + 48
libobjc.A.dylib                 0x184189db4 <redacted> + 100
libobjc.A.dylib                 0x184189aa8 <redacted> + 372
libobjc.A.dylib                 0x184194c38 <redacted> + 56
LiveStreaming                   0x1026257b8 -[RACKVOTrampoline dispose] + 596
LiveStreaming                   0x102619ccc -[RACCompoundDisposable dispose] + 472
LiveStreaming                   0x102609e8c __69-[NSObject(RACKVOWrapper) rac_observeKeyPath:options:observer:block:]_block_invoke.100 + 52
LiveStreaming                   0x10261aaa0 -[RACDisposable dispose] + 184
LiveStreaming                   0x102619ccc -[RACCompoundDisposable dispose] + 472
LiveStreaming                   0x102619ccc -[RACCompoundDisposable dispose] + 472
LiveStreaming                   0x102641ee8 __35-[RACSignal(Operations) takeUntil:]_block_invoke_2 + 52
LiveStreaming                   0x1026420d0 __35-[RACSignal(Operations) takeUntil:]_block_invoke.587 + 40
LiveStreaming                   0x102660f64 -[RACSubscriber sendCompleted] + 272
LiveStreaming                   0x1026274c0 -[RACPassthroughSubscriber sendCompleted] + 344
LiveStreaming                   0x102633824 __37-[RACSignal(Operations) doCompleted:]_block_invoke.70 + 72
LiveStreaming                   0x102660f64 -[RACSubscriber sendCompleted] + 272
LiveStreaming                   0x1026274c0 -[RACPassthroughSubscriber sendCompleted] + 344
LiveStreaming                   0x1026517e4 __29-[RACSignal(RACStream) bind:]_block_invoke_2 + 104
LiveStreaming                   0x1026524d4 __29-[RACSignal(RACStream) bind:]_block_invoke.132 + 68
LiveStreaming                   0x102660f64 -[RACSubscriber sendCompleted] + 272
LiveStreaming                   0x1026274c0 -[RACPassthroughSubscriber sendCompleted] + 344
LiveStreaming                   0x1026539c8 __32-[RACSignal(RACStream) zipWith:]_block_invoke_2 + 272
LiveStreaming                   0x1026548dc __32-[RACSignal(RACStream) zipWith:]_block_invoke.207 + 96
LiveStreaming                   0x102660f64 -[RACSubscriber sendCompleted] + 272
LiveStreaming                   0x1026274c0 -[RACPassthroughSubscriber sendCompleted] + 344
LiveStreaming                   0x102660220 __27-[RACSubject sendCompleted]_block_invoke + 68
LiveStreaming                   0x10265fcc8 -[RACSubject enumerateSubscribersUsingBlock:] + 472
LiveStreaming                   0x1026601d0 -[RACSubject sendCompleted] + 128
LiveStreaming                   0x102629ddc -[RACReplaySubject sendCompleted] + 120
LiveStreaming                   0x1026071c0 __50-[NSObject(RACDeallocating) rac_willDeallocSignal]_block_invoke + 48
LiveStreaming                   0x10261aaa0 -[RACDisposable dispose] + 184
LiveStreaming                   0x102619ccc -[RACCompoundDisposable dispose] + 472
LiveStreaming                   0x102607700 __swizzleDeallocIfNeeded_block_invoke + 100
LiveStreaming                   0x101f41ddc -[HTSCaptureVideoViewController .cxx_destruct] + 280
libobjc.A.dylib                 0x18417eef4 <redacted> + 148
libobjc.A.dylib                 0x18418c990 objc_destructInstance + 68
libobjc.A.dylib                 0x18418c9f8 object_dispose + 16
UIKit                           0x18eb6b008 <redacted> + 152
UIKit                           0x18ed68678 <redacted> + 1764
LiveStreaming                   0x101f37004 -[HTSCaptureVideoViewController dealloc] + 148
LiveStreaming                   0x102607778 __swizzleDeallocIfNeeded_block_invoke + 220
LiveStreaming                   0x10207be58 -[HTSUGCTabBarViewController .cxx_destruct] + 208
libobjc.A.dylib                 0x18417eef4 <redacted> + 148
libobjc.A.dylib                 0x18418c990 objc_destructInstance + 68
libobjc.A.dylib                 0x18418c9f8 object_dispose + 16
UIKit                           0x18eb6b008 <redacted> + 152
UIKit                           0x18ed68678 <redacted> + 1764
UIKit                           0x18f067df4 <redacted> + 672
UIKit                           0x18ec50174 <redacted> + 2416
UIKit                           0x18ec4f720 <redacted> + 164

Backtrace of Thread 5895:
libsystem_kernel.dylib          0x184a2be08 mach_msg_trap + 8
libsystem_kernel.dylib          0x184a2bc80 mach_msg + 72
libsystem_kernel.dylib          0x184a2df34 thread_get_state + 136
LiveStreaming                   0x1027a6610 bs_mach_copyMem + 60
LiveStreaming                   0x1027a5d50 _bs_backtraceOfThread + 636
LiveStreaming                   0x1027a64a8 +[BSBacktraceLogger bs_backtraceOfAllThread] + 220
LiveStreaming                   0x102215ce0 __40+[IESDebugToolService startStuckMonitor]_block_invoke + 204
LiveStreaming                   0x102213160 __36-[IESDebugStuckMonitor startMonitor]_block_invoke_2 + 112
CoreFoundation                  0x184f5ff38 <redacted> + 76
LiveStreaming                   0x102213058 __36-[IESDebugStuckMonitor startMonitor]_block_invoke + 436
Foundation                      0x1859eee88 <redacted> + 16
Foundation                      0x1859308d0 <redacted> + 72
Foundation                      0x18592fcac <redacted> + 848
Foundation                      0x1859f076c <redacted> + 404
libdispatch.dylib               0x10c001220 _dispatch_client_callout + 16
libdispatch.dylib               0x10c00e4d8 _dispatch_continuation_pop + 588
libdispatch.dylib               0x10c00cdc8 _dispatch_async_redirect_invoke + 628
libdispatch.dylib               0x10c01284c _dispatch_root_queue_drain + 604
libdispatch.dylib               0x10c012584 _dispatch_worker_thread3 + 136
libsystem_pthread.dylib         0x184bebfac _pthread_wqthread + 1176

Backtrace of Thread 9731:
libsystem_kernel.dylib          0x184a4d610 __semwait_signal + 8
libsystem_c.dylib               0x18496612c nanosleep + 212
libsystem_c.dylib               0x18496604c usleep + 64
GPUToolsCore                    0x10c0862bc _ZL21smt_poll_thread_entryPv + 136
libsystem_pthread.dylib         0x184bed220 <redacted> + 272
libsystem_pthread.dylib         0x184bed110 _pthread_start + 292

Backtrace of Thread 8711:
libsystem_kernel.dylib          0x184a4d610 __semwait_signal + 8
libsystem_c.dylib               0x18496612c nanosleep + 212
libsystem_c.dylib               0x18496604c usleep + 64
GPUToolsCore                    0x10c0862bc _ZL21smt_poll_thread_entryPv + 136
libsystem_pthread.dylib         0x184bed220 <redacted> + 272
libsystem_pthread.dylib         0x184bed110 _pthread_start + 292

Backtrace of Thread 11015:
libsystem_kernel.dylib          0x184a4d0f4 __psynch_cvwait + 8
libsystem_pthread.dylib         0x184befc90 <redacted> + 644
libc++.1.dylib                  0x1841042ec _ZNSt3__118condition_variable15__do_timed_waitERNS_11unique_lockINS_5mutexEEENS_6chrono10time_pointINS5_12system_clockENS5_8durationIxNS_5ratioILl1ELl1000000000EEEEEEE + 96
JavaScriptCore                  0x18c5e3430 <redacted> + 124
JavaScriptCore                  0x18c5e32e0 <redacted> + 112
JavaScriptCore                  0x18c5e2e24 <redacted> + 272
JavaScriptCore                  0x18c5e2b60 <redacted> + 12
JavaScriptCore                  0x18c5e2f7c <redacted> + 44
libsystem_pthread.dylib         0x184bed220 <redacted> + 272
libsystem_pthread.dylib         0x184bed110 _pthread_start + 292

Backtrace of Thread 11271:
libsystem_kernel.dylib          0x184a4d0f4 __psynch_cvwait + 8
libsystem_pthread.dylib         0x184befc90 <redacted> + 644
JavaScriptCore                  0x18bb37310 _ZN3WTF15ThreadCondition9timedWaitERNS_5MutexEd + 148
JavaScriptCore                  0x18c5c873c _ZN3WTF10ParkingLot21parkConditionallyImplEPKvRKNS_12ScopedLambdaIFbvEEERKNS3_IFvvEEERKNS_24TimeWithDynamicClockTypeE + 2252
WebCore                         0x18d630508 <redacted> + 184
WebCore                         0x18d12f8a8 <redacted> + 636
CoreFoundation                  0x184fcc2d4 <redacted> + 624
CoreFoundation                  0x184eb241c _CF_forwarding_prep_0 + 92
WebCore                         0x18d12c104 <redacted> + 72
WebCore                         0x18d12ad04 <redacted> + 172
WebCore                         0x18d15eb4c <redacted> + 224
WebCore                         0x18df42fe4 <redacted> + 112
WebCore                         0x18dd6f360 <redacted> + 52
WebCore                         0x18dd58d10 <redacted> + 516
WebCore                         0x18dd589b0 <redacted> + 996
WebCore                         0x18d15c22c <redacted> + 324
WebCore                         0x18e03a0a8 <redacted> + 520
WebCore                         0x18e033c60 <redacted> + 148
WebCore                         0x18d69bf00 <redacted> + 80
JavaScriptCore                  0x18bb297d4 <redacted> + 344
Foundation                      0x185a120ec <redacted> + 340
CoreFoundation                  0x184f6f404 <redacted> + 24
CoreFoundation                  0x184f6ec2c <redacted> + 276
CoreFoundation                  0x184f6c79c <redacted> + 1204
CoreFoundation                  0x184e8cda8 CFRunLoopRunSpecific + 552
WebCore                         0x18d119dcc <redacted> + 592
libsystem_pthread.dylib         0x184bed220 <redacted> + 272
libsystem_pthread.dylib         0x184bed110 _pthread_start + 292

Backtrace of Thread 18947:
libsystem_kernel.dylib          0x184a2be08 mach_msg_trap + 8
libsystem_kernel.dylib          0x184a2bc80 mach_msg + 72
CoreFoundation                  0x184f6ee40 <redacted> + 196
CoreFoundation                  0x184f6c908 <redacted> + 1568
CoreFoundation                  0x184e8cda8 CFRunLoopRunSpecific + 552
Foundation                      0x185901674 <redacted> + 304
Foundation                      0x18590151c <redacted> + 148
UIKit                           0x18eb527e4 <redacted> + 136
Foundation                      0x185a11efc <redacted> + 1040
libsystem_pthread.dylib         0x184bed220 <redacted> + 272
libsystem_pthread.dylib         0x184bed110 _pthread_start + 292

Backtrace of Thread 37127:
libsystem_kernel.dylib          0x184a2be08 mach_msg_trap + 8
libsystem_kernel.dylib          0x184a2bc80 mach_msg + 72
CoreFoundation                  0x184f6ee40 <redacted> + 196
CoreFoundation                  0x184f6c908 <redacted> + 1568
CoreFoundation                  0x184e8cda8 CFRunLoopRunSpecific + 552
Foundation                      0x185901674 <redacted> + 304
Foundation                      0x1859761a8 <redacted> + 88
LiveStreaming                   0x10126802c +[AFURLConnectionOperation networkRequestThreadEntryPoint:] + 308
Foundation                      0x185a11efc <redacted> + 1040
libsystem_pthread.dylib         0x184bed220 <redacted> + 272
libsystem_pthread.dylib         0x184bed110 _pthread_start + 292

Backtrace of Thread 32011:
libsystem_kernel.dylib          0x184a2be08 mach_msg_trap + 8
libsystem_kernel.dylib          0x184a2bc80 mach_msg + 72
CoreFoundation                  0x184f6ee40 <redacted> + 196
CoreFoundation                  0x184f6c908 <redacted> + 1568
CoreFoundation                  0x184e8cda8 CFRunLoopRunSpecific + 552
CFNetwork                       0x18579a4b0 <redacted> + 220
Foundation                      0x185a11efc <redacted> + 1040
libsystem_pthread.dylib         0x184bed220 <redacted> + 272
libsystem_pthread.dylib         0x184bed110 _pthread_start + 292

Backtrace of Thread 76819:
libsystem_kernel.dylib          0x184a2be08 mach_msg_trap + 8
libsystem_kernel.dylib          0x184a2bc80 mach_msg + 72
CoreFoundation                  0x184f6ee40 <redacted> + 196
CoreFoundation                  0x184f6c908 <redacted> + 1568
CoreFoundation                  0x184e8cda8 CFRunLoopRunSpecific + 552
AVFAudio                        0x18a972424 <redacted> + 164
AVFAudio                        0x18a99c834 <redacted> + 88
libsystem_pthread.dylib         0x184bed220 <redacted> + 272
libsystem_pthread.dylib         0x184bed110 _pthread_start + 292

Backtrace of Thread 67135:
libsystem_kernel.dylib          0x184a2be08 mach_msg_trap + 8
libsystem_kernel.dylib          0x184a2bc80 mach_msg + 72
CoreFoundation                  0x184f6ee40 <redacted> + 196
CoreFoundation                  0x184f6c908 <redacted> + 1568
CoreFoundation                  0x184e8cda8 CFRunLoopRunSpecific + 552
CoreFoundation                  0x184edcb28 CFRunLoopRun + 116
CoreMotion                      0x18a46d9dc CLStartStopAdvertisingBeacon + 231572
libsystem_pthread.dylib         0x184bed220 <redacted> + 272
libsystem_pthread.dylib         0x184bed110 _pthread_start + 292

Backtrace of Thread 65051:
libsystem_kernel.dylib          0x184a2be08 mach_msg_trap + 8
libsystem_kernel.dylib          0x184a2bc80 mach_msg + 72
CoreFoundation                  0x184f6ee40 <redacted> + 196
CoreFoundation                  0x184f6c908 <redacted> + 1568
CoreFoundation                  0x184e8cda8 CFRunLoopRunSpecific + 552
GeoServices                     0x18b2356cc <redacted> + 468
libsystem_pthread.dylib         0x184bed220 <redacted> + 272
libsystem_pthread.dylib         0x184bed110 _pthread_start + 292

Backtrace of Thread 88583:
libsystem_kernel.dylib          0x184a2be08 mach_msg_trap + 8
libsystem_kernel.dylib          0x184a2bc80 mach_msg + 72
CoreFoundation                  0x184f6ee40 <redacted> + 196
CoreFoundation                  0x184f6c908 <redacted> + 1568
CoreFoundation                  0x184e8cda8 CFRunLoopRunSpecific + 552
Foundation                      0x185901674 <redacted> + 304
LiveStreaming                   0x1026c0d34 -[_SRRunLoopThread main] + 360
Foundation                      0x185a11efc <redacted> + 1040
libsystem_pthread.dylib         0x184bed220 <redacted> + 272
libsystem_pthread.dylib         0x184bed110 _pthread_start + 292

Backtrace of Thread 42531:
libsystem_kernel.dylib          0x184a4d538 select$DARWIN_EXTSN + 8
CoreFoundation                  0x184f77378 <redacted> + 644
libsystem_pthread.dylib         0x184bed220 <redacted> + 272
libsystem_pthread.dylib         0x184bed110 _pthread_start + 292

Backtrace of Thread 112179:
libsystem_kernel.dylib          0x184a303e4 poll + 8
ZegoLiveRoom                    0x10936b398 0x109230000 + 1291160
ZegoLiveRoom                    0x10936f44c 0x109230000 + 1307724
ZegoLiveRoom                    0x10936f1ec 0x109230000 + 1307116
ZegoLiveRoom                    0x1093735bc 0x109230000 + 1324476
libsystem_pthread.dylib         0x184bed220 <redacted> + 272
libsystem_pthread.dylib         0x184bed110 _pthread_start + 292

Backtrace of Thread 147499:
libsystem_kernel.dylib          0x184a303e4 poll + 8
ZegoLiveRoom                    0x10936b398 0x109230000 + 1291160
ZegoLiveRoom                    0x10936f44c 0x109230000 + 1307724
ZegoLiveRoom                    0x10936f1ec 0x109230000 + 1307116
ZegoLiveRoom                    0x1093735bc 0x109230000 + 1324476
libsystem_pthread.dylib         0x184bed220 <redacted> + 272
libsystem_pthread.dylib         0x184bed110 _pthread_start + 292

Backtrace of Thread 112903:
libsystem_kernel.dylib          0x184a303e4 poll + 8
ZegoLiveRoom                    0x10936b398 0x109230000 + 1291160
ZegoLiveRoom                    0x10936f44c 0x109230000 + 1307724
ZegoLiveRoom                    0x10936f1ec 0x109230000 + 1307116
ZegoLiveRoom                    0x1093735bc 0x109230000 + 1324476
libsystem_pthread.dylib         0x184bed220 <redacted> + 272
libsystem_pthread.dylib         0x184bed110 _pthread_start + 292

Backtrace of Thread 113439:
libsystem_kernel.dylib          0x184a303e4 poll + 8
ZegoLiveRoom                    0x10936b398 0x109230000 + 1291160
ZegoLiveRoom                    0x10936f44c 0x109230000 + 1307724
ZegoLiveRoom                    0x10936f1ec 0x109230000 + 1307116
ZegoLiveRoom                    0x1093735bc 0x109230000 + 1324476
libsystem_pthread.dylib         0x184bed220 <redacted> + 272
libsystem_pthread.dylib         0x184bed110 _pthread_start + 292

Backtrace of Thread 123927:
libsystem_kernel.dylib          0x184a303e4 poll + 8
ZegoLiveRoom                    0x10936b398 0x109230000 + 1291160
ZegoLiveRoom                    0x10936f44c 0x109230000 + 1307724
ZegoLiveRoom                    0x10936f1ec 0x109230000 + 1307116
ZegoLiveRoom                    0x1093735bc 0x109230000 + 1324476
libsystem_pthread.dylib         0x184bed220 <redacted> + 272
libsystem_pthread.dylib         0x184bed110 _pthread_start + 292

Backtrace of Thread 69123:
libsystem_kernel.dylib          0x184a4dd84 __workq_kernreturn + 8
libsystem_pthread.dylib         0x184bec0a0 _pthread_wqthread + 1420

Backtrace of Thread 74007:
libsystem_kernel.dylib          0x184a4d0f4 __psynch_cvwait + 8
libsystem_pthread.dylib         0x184befc90 <redacted> + 644
Foundation                      0x185935be8 <redacted> + 780
CFNetwork                       0x1857c42ac <redacted> + 200
CFNetwork                       0x1857c4420 <redacted> + 56
CFNetwork                       0x18577ba10 <redacted> + 84
CFNetwork                       0x1856be580 <redacted> + 216
CFNetwork                       0x1856b9bf4 <redacted> + 108
CFNetwork                       0x18579befc <redacted> + 52
libdispatch.dylib               0x10c001260 _dispatch_call_block_and_release + 24
libdispatch.dylib               0x10c001220 _dispatch_client_callout + 16
libdispatch.dylib               0x10c00fe80 _dispatch_queue_serial_drain + 768
libdispatch.dylib               0x10c004730 _dispatch_queue_invoke + 328
libdispatch.dylib               0x10c010dd8 _dispatch_root_queue_drain_deferred_wlh + 352
libdispatch.dylib               0x10c017ebc _dispatch_workloop_worker_thread + 676
libsystem_pthread.dylib         0x184bebe70 _pthread_wqthread + 860

Backtrace of Thread 131599:
libsystem_kernel.dylib          0x184a4d0f4 __psynch_cvwait + 8
libsystem_pthread.dylib         0x184befc90 <redacted> + 644
Foundation                      0x185935be8 <redacted> + 780
CFNetwork                       0x1857c42ac <redacted> + 200
CFNetwork                       0x1857c4420 <redacted> + 56
CFNetwork                       0x18577ba10 <redacted> + 84
CFNetwork                       0x1856be580 <redacted> + 216
CFNetwork                       0x1856b9bf4 <redacted> + 108
CFNetwork                       0x18579befc <redacted> + 52
libdispatch.dylib               0x10c001260 _dispatch_call_block_and_release + 24
libdispatch.dylib               0x10c001220 _dispatch_client_callout + 16
libdispatch.dylib               0x10c00fe80 _dispatch_queue_serial_drain + 768
libdispatch.dylib               0x10c004730 _dispatch_queue_invoke + 328
libdispatch.dylib               0x10c010dd8 _dispatch_root_queue_drain_deferred_wlh + 352
libdispatch.dylib               0x10c017ebc _dispatch_workloop_worker_thread + 676
libsystem_pthread.dylib         0x184bebe70 _pthread_wqthread + 860

Backtrace of Thread 73507:
libsystem_kernel.dylib          0x184a4dd84 __workq_kernreturn + 8
libsystem_pthread.dylib         0x184bebeb4 _pthread_wqthread + 928

Backtrace of Thread 170143:
Metal                           0x186e2023c MTLFailureTypeGetEnabled + 32
Metal                           0x186e2d3e8 <redacted> + 92
Metal                           0x186e2d3e8 <redacted> + 92
Metal                           0x186e2853c <redacted> + 120
Metal                           0x186dda8e0 <redacted> + 144
AGXMetalA10                     0x1a54383e0 0x1a53f6000 + 271328
AppleMetalGLRenderer            0x1a54c4154 <redacted> + 512
GLEngine                        0x1a6300c2c <redacted> + 188
OpenGLES                        0x187fd9a8c <redacted> + 80
libglInterpose.dylib            0x108fdf478 _ZL35_EAGLContext_PresentInterposeCommonP11EAGLContextjmdU13block_pointerFbvE + 436
libglInterpose.dylib            0x108fdcfb8 _ZL31EAGLContext_presentRenderbufferP11EAGLContextP13objc_selectorm + 80
LiveStreaming                   0x1022c1bdc -[HTSGLContext presentBufferForDisplay] + 84
LiveStreaming                   0x102301d84 -[HTSGLPreview presentFramebuffer] + 124
LiveStreaming                   0x102302624 __44-[HTSGLPreview newFrameReadyAtTime:atIndex:]_block_invoke + 740
LiveStreaming                   0x1022c0420 runSynchronouslyOnVideoProcessingQueue + 196
LiveStreaming                   0x102302320 -[HTSGLPreview newFrameReadyAtTime:atIndex:] + 116
LiveStreaming                   0x1022cb198 -[HTSGLFilter informTargetsAboutNewFrameAtTime:] + 1496
LiveStreaming                   0x1022c33c8 -[HTSGLCropFilter newFrameReadyAtTime:atIndex:] + 152
LiveStreaming                   0x1022cb198 -[HTSGLFilter informTargetsAboutNewFrameAtTime:] + 1496
LiveStreaming                   0x1022ce1b0 -[HTSGLFilter newFrameReadyAtTime:atIndex:] + 216
LiveStreaming                   0x1022e1a68 -[HTSGLFilterNewEffect newFrameReadyAtTime:atIndex:] + 128
LiveStreaming                   0x1022fdc3c -[HTSGLPassthroughFilter informTargetsAboutNewFrameAtTime:] + 1212
LiveStreaming                   0x1022fd774 -[HTSGLPassthroughFilter newFrameReadyAtTime:atIndex:] + 396
LiveStreaming                   0x1022da730 -[HTSGLFilterInput updateTargetsForVideoCameraUsingCacheTextureAtWidth:height:time:] + 1668
LiveStreaming                   0x1022d95bc -[HTSGLFilterInput processInputBuffer:andFrametime:] + 2324
LiveStreaming                   0x1022d8c10 __59-[HTSGLFilterInput processInputBufferOnQueue:andFrametime:]_block_invoke_2 + 112
libdispatch.dylib               0x10c001220 _dispatch_client_callout + 16
libdispatch.dylib               0x10c00ea40 _dispatch_queue_barrier_sync_invoke_and_complete + 120
LiveStreaming                   0x1022c0430 runSynchronouslyOnVideoProcessingQueue + 212
LiveStreaming                   0x1022d8a68 -[HTSGLFilterInput processInputBufferOnQueue:andFrametime:] + 180
LiveStreaming                   0x1022d89a8 -[HTSGLFilterInput processInputBuffer:] + 240
LiveStreaming                   0x1023a8288 __30-[IESCamera startVideoCapture]_block_invoke_2 + 88
LiveStreaming                   0x1022964ac -[HTSCameraKit captureOutput:didOutputSampleBuffer:fromConnection:] + 748
AVFoundation                    0x18aac45c0 <redacted> + 344
AVFoundation                    0x18aac43d8 <redacted> + 100
CoreMedia                       0x1882b26e8 <redacted> + 272
CoreMedia                       0x1882cf340 <redacted> + 224
libdispatch.dylib               0x10c001220 _dispatch_client_callout + 16
libdispatch.dylib               0x10c00e4d8 _dispatch_continuation_pop + 588
libdispatch.dylib               0x10c002ee8 _dispatch_source_invoke + 1368
libdispatch.dylib               0x10c00fca4 _dispatch_queue_serial_drain + 292
libdispatch.dylib               0x10c004730 _dispatch_queue_invoke + 328
libdispatch.dylib               0x10c00fca4 _dispatch_queue_serial_drain + 292
libdispatch.dylib               0x10c004730 _dispatch_queue_invoke + 328
libdispatch.dylib               0x10c010dd8 _dispatch_root_queue_drain_deferred_wlh + 352
libdispatch.dylib               0x10c017ebc _dispatch_workloop_worker_thread + 676
libsystem_pthread.dylib         0x184bebe70 _pthread_wqthread + 860

Backtrace of Thread 54295:
libsystem_kernel.dylib          0x184a4dd84 __workq_kernreturn + 8
libsystem_pthread.dylib         0x184bebeb4 _pthread_wqthread + 928

Backtrace of Thread 100107:
libsystem_kernel.dylib          0x184a4d0f4 __psynch_cvwait + 8
libsystem_pthread.dylib         0x184befc90 <redacted> + 644
libc++.1.dylib                  0x18410425c _ZNSt3__118condition_variable4waitERNS_11unique_lockINS_5mutexEEE + 24
LiveStreaming                   0x103613f9c _ZN3BRC9SyncQueueINSt3__110shared_ptrINS_4TaskEEEE4TakeERS4_ + 80
LiveStreaming                   0x1036139fc _ZN3BRC18SingleThreadWorker4workEv + 176
LiveStreaming                   0x1036141e0 _ZNSt3__114__thread_proxyINS_5tupleIJNS_10unique_ptrINS_15__thread_structENS_14default_deleteIS3_EEEEMN3BRC18SingleThreadWorkerEFvvEPS8_EEEEEPvSD_ + 64
libsystem_pthread.dylib         0x184bed220 <redacted> + 272
libsystem_pthread.dylib         0x184bed110 _pthread_start + 292

Backtrace of Thread 159491:
libsystem_kernel.dylib          0x184a4d0f4 __psynch_cvwait + 8
libsystem_pthread.dylib         0x184befc90 <redacted> + 644
libc++.1.dylib                  0x18410425c _ZNSt3__118condition_variable4waitERNS_11unique_lockINS_5mutexEEE + 24
LiveStreaming                   0x103613f9c _ZN3BRC9SyncQueueINSt3__110shared_ptrINS_4TaskEEEE4TakeERS4_ + 80
LiveStreaming                   0x1036139fc _ZN3BRC18SingleThreadWorker4workEv + 176
LiveStreaming                   0x1036141e0 _ZNSt3__114__thread_proxyINS_5tupleIJNS_10unique_ptrINS_15__thread_structENS_14default_deleteIS3_EEEEMN3BRC18SingleThreadWorkerEFvvEPS8_EEEEEPvSD_ + 64
libsystem_pthread.dylib         0x184bed220 <redacted> + 272
libsystem_pthread.dylib         0x184bed110 _pthread_start + 292

Backtrace of Thread 82967:
libsystem_kernel.dylib          0x184a2be5c semaphore_timedwait_trap + 8
libdispatch.dylib               0x10c009324 _dispatch_sema4_timedwait + 60
libdispatch.dylib               0x10c009a9c _dispatch_semaphore_wait_slow + 72
libdispatch.dylib               0x10c013f64 _dispatch_worker_thread + 260
libsystem_pthread.dylib         0x184bed220 <redacted> + 272
libsystem_pthread.dylib         0x184bed110 _pthread_start + 292

Backtrace of Thread 32267:
libsystem_kernel.dylib          0x184a2be5c semaphore_timedwait_trap + 8
libdispatch.dylib               0x10c009324 _dispatch_sema4_timedwait + 60
libdispatch.dylib               0x10c009a9c _dispatch_semaphore_wait_slow + 72
libdispatch.dylib               0x10c013f64 _dispatch_worker_thread + 260
libsystem_pthread.dylib         0x184bed220 <redacted> + 272
libsystem_pthread.dylib         0x184bed110 _pthread_start + 292

Backtrace of Thread 137739:
libsystem_kernel.dylib          0x184a4dd84 __workq_kernreturn + 8
libsystem_pthread.dylib         0x184bebeb4 _pthread_wqthread + 928

Backtrace of Thread 118959:
libsystem_kernel.dylib          0x184a4dd84 __workq_kernreturn + 8
libsystem_pthread.dylib         0x184bec0a0 _pthread_wqthread + 1420

Backtrace of Thread 141911:
libsystem_kernel.dylib          0x184a4dd84 __workq_kernreturn + 8
libsystem_pthread.dylib         0x184bebeb4 _pthread_wqthread + 928

