Call Backtrace of 45 threads:
Backtrace of Thread 771:
libsystem_kernel.dylib          0x184a2be08 mach_msg_trap + 8
libsystem_kernel.dylib          0x184a2bc80 mach_msg + 72
libdispatch.dylib               0x10c01a4f0 _dispatch_mach_send_and_wait_for_reply + 560
libdispatch.dylib               0x10c01a9e8 dispatch_mach_send_with_result_and_wait_for_reply + 56
libxpc.dylib                    0x184c288d8 xpc_connection_send_message_with_reply_sync + 196
CoreMedia                       0x18836219c FigXPCRemoteClientSendSyncMessageCreatingReply + 36
CoreMedia                       0x1882e2ef0 <redacted> + 92
AVFoundation                    0x18ab47c78 <redacted> + 88
MediaPlayer                     0x1963f31e4 <redacted> + 92
MediaPlayer                     0x1963f3630 <redacted> + 68
libdispatch.dylib               0x10c001260 _dispatch_call_block_and_release + 24
libdispatch.dylib               0x10c001220 _dispatch_client_callout + 16
libdispatch.dylib               0x10c005db0 _dispatch_main_queue_callback_4CF + 1180
CoreFoundation                  0x184f6f070 <redacted> + 12
CoreFoundation                  0x184f6cbc8 <redacted> + 2272
CoreFoundation                  0x184e8cda8 CFRunLoopRunSpecific + 552
GraphicsServices                0x186e6f020 GSEventRunModal + 100
UIKit                           0x18ee6d78c UIApplicationMain + 236
LiveStreaming                   0x101184e70 main + 124
libdyld.dylib                   0x18491dfc0 <redacted> + 4

Backtrace of Thread 5895:
libsystem_kernel.dylib          0x184a2be08 mach_msg_trap + 8
libsystem_kernel.dylib          0x184a2bc80 mach_msg + 72
libsystem_kernel.dylib          0x184a2df34 thread_get_state + 136
LiveStreaming                   0x1027a6610 bs_mach_copyMem + 60
LiveStreaming                   0x1027a5d50 _bs_backtraceOfThread + 636
LiveStreaming                   0x1027a64a8 +[BSBacktraceLogger bs_backtraceOfAllThread] + 220
LiveStreaming                   0x102215ce0 __40+[IESDebugToolService startStuckMonitor]_block_invoke + 204
LiveStreaming                   0x102213160 __36-[IESDebugStuckMonitor startMonitor]_block_invoke_2 + 112
CoreFoundation                  0x184f5ff38 <redacted> + 76
LiveStreaming                   0x102213058 __36-[IESDebugStuckMonitor startMonitor]_block_invoke + 436
Foundation                      0x1859eee88 <redacted> + 16
Foundation                      0x1859308d0 <redacted> + 72
Foundation                      0x18592fcac <redacted> + 848
Foundation                      0x1859f076c <redacted> + 404
libdispatch.dylib               0x10c001220 _dispatch_client_callout + 16
libdispatch.dylib               0x10c00e4d8 _dispatch_continuation_pop + 588
libdispatch.dylib               0x10c00cdc8 _dispatch_async_redirect_invoke + 628
libdispatch.dylib               0x10c01284c _dispatch_root_queue_drain + 604
libdispatch.dylib               0x10c012584 _dispatch_worker_thread3 + 136
libsystem_pthread.dylib         0x184bebfac _pthread_wqthread + 1176

Backtrace of Thread 9731:
libsystem_kernel.dylib          0x184a4d610 __semwait_signal + 8
libsystem_c.dylib               0x18496612c nanosleep + 212
libsystem_c.dylib               0x18496604c usleep + 64
GPUToolsCore                    0x10c0862bc _ZL21smt_poll_thread_entryPv + 136
libsystem_pthread.dylib         0x184bed220 <redacted> + 272
libsystem_pthread.dylib         0x184bed110 _pthread_start + 292

Backtrace of Thread 8711:
libsystem_kernel.dylib          0x184a4d610 __semwait_signal + 8
libsystem_c.dylib               0x18496612c nanosleep + 212
libsystem_c.dylib               0x18496604c usleep + 64
GPUToolsCore                    0x10c0862bc _ZL21smt_poll_thread_entryPv + 136
libsystem_pthread.dylib         0x184bed220 <redacted> + 272
libsystem_pthread.dylib         0x184bed110 _pthread_start + 292

Backtrace of Thread 11015:
libsystem_kernel.dylib          0x184a4d0f4 __psynch_cvwait + 8
libsystem_pthread.dylib         0x184befc90 <redacted> + 644
libc++.1.dylib                  0x1841042ec _ZNSt3__118condition_variable15__do_timed_waitERNS_11unique_lockINS_5mutexEEENS_6chrono10time_pointINS5_12system_clockENS5_8durationIxNS_5ratioILl1ELl1000000000EEEEEEE + 96
JavaScriptCore                  0x18c5e3430 <redacted> + 124
JavaScriptCore                  0x18c5e32e0 <redacted> + 112
JavaScriptCore                  0x18c5e2e24 <redacted> + 272
JavaScriptCore                  0x18c5e2b60 <redacted> + 12
JavaScriptCore                  0x18c5e2f7c <redacted> + 44
libsystem_pthread.dylib         0x184bed220 <redacted> + 272
libsystem_pthread.dylib         0x184bed110 _pthread_start + 292

Backtrace of Thread 11271:
libsystem_kernel.dylib          0x184a2be08 mach_msg_trap + 8
libsystem_kernel.dylib          0x184a2bc80 mach_msg + 72
CoreFoundation                  0x184f6ee40 <redacted> + 196
CoreFoundation                  0x184f6c908 <redacted> + 1568
CoreFoundation                  0x184e8cda8 CFRunLoopRunSpecific + 552
WebCore                         0x18d119dcc <redacted> + 592
libsystem_pthread.dylib         0x184bed220 <redacted> + 272
libsystem_pthread.dylib         0x184bed110 _pthread_start + 292

Backtrace of Thread 18947:
libsystem_kernel.dylib          0x184a2be08 mach_msg_trap + 8
libsystem_kernel.dylib          0x184a2bc80 mach_msg + 72
CoreFoundation                  0x184f6ee40 <redacted> + 196
CoreFoundation                  0x184f6c908 <redacted> + 1568
CoreFoundation                  0x184e8cda8 CFRunLoopRunSpecific + 552
Foundation                      0x185901674 <redacted> + 304
Foundation                      0x18590151c <redacted> + 148
UIKit                           0x18eb527e4 <redacted> + 136
Foundation                      0x185a11efc <redacted> + 1040
libsystem_pthread.dylib         0x184bed220 <redacted> + 272
libsystem_pthread.dylib         0x184bed110 _pthread_start + 292

Backtrace of Thread 37127:
libsystem_kernel.dylib          0x184a2be08 mach_msg_trap + 8
libsystem_kernel.dylib          0x184a2bc80 mach_msg + 72
CoreFoundation                  0x184f6ee40 <redacted> + 196
CoreFoundation                  0x184f6c908 <redacted> + 1568
CoreFoundation                  0x184e8cda8 CFRunLoopRunSpecific + 552
Foundation                      0x185901674 <redacted> + 304
Foundation                      0x1859761a8 <redacted> + 88
LiveStreaming                   0x10126802c +[AFURLConnectionOperation networkRequestThreadEntryPoint:] + 308
Foundation                      0x185a11efc <redacted> + 1040
libsystem_pthread.dylib         0x184bed220 <redacted> + 272
libsystem_pthread.dylib         0x184bed110 _pthread_start + 292

Backtrace of Thread 32011:
libsystem_kernel.dylib          0x184a2be08 mach_msg_trap + 8
libsystem_kernel.dylib          0x184a2bc80 mach_msg + 72
CoreFoundation                  0x184f6ee40 <redacted> + 196
CoreFoundation                  0x184f6c908 <redacted> + 1568
CoreFoundation                  0x184e8cda8 CFRunLoopRunSpecific + 552
CFNetwork                       0x18579a4b0 <redacted> + 220
Foundation                      0x185a11efc <redacted> + 1040
libsystem_pthread.dylib         0x184bed220 <redacted> + 272
libsystem_pthread.dylib         0x184bed110 _pthread_start + 292

Backtrace of Thread 76819:
libsystem_kernel.dylib          0x184a2be08 mach_msg_trap + 8
libsystem_kernel.dylib          0x184a2bc80 mach_msg + 72
AudioToolbox                    0x188d8be48 <redacted> + 184
AudioToolbox                    0x188d6c740 <redacted> + 316
AudioToolbox                    0x188c282a8 <redacted> + 52
AudioToolbox                    0x188f0f210 <redacted> + 232
CoreFoundation                  0x184f6fae8 <redacted> + 56
CoreFoundation                  0x184f6f230 <redacted> + 440
CoreFoundation                  0x184f6cc80 <redacted> + 2456
CoreFoundation                  0x184e8cda8 CFRunLoopRunSpecific + 552
AVFAudio                        0x18a972424 <redacted> + 164
AVFAudio                        0x18a99c834 <redacted> + 88
libsystem_pthread.dylib         0x184bed220 <redacted> + 272
libsystem_pthread.dylib         0x184bed110 _pthread_start + 292

Backtrace of Thread 67135:
libsystem_kernel.dylib          0x184a2be08 mach_msg_trap + 8
libsystem_kernel.dylib          0x184a2bc80 mach_msg + 72
CoreFoundation                  0x184f6ee40 <redacted> + 196
CoreFoundation                  0x184f6c908 <redacted> + 1568
CoreFoundation                  0x184e8cda8 CFRunLoopRunSpecific + 552
CoreFoundation                  0x184edcb28 CFRunLoopRun + 116
CoreMotion                      0x18a46d9dc CLStartStopAdvertisingBeacon + 231572
libsystem_pthread.dylib         0x184bed220 <redacted> + 272
libsystem_pthread.dylib         0x184bed110 _pthread_start + 292

Backtrace of Thread 65051:
libsystem_kernel.dylib          0x184a2be08 mach_msg_trap + 8
libsystem_kernel.dylib          0x184a2bc80 mach_msg + 72
CoreFoundation                  0x184f6ee40 <redacted> + 196
CoreFoundation                  0x184f6c908 <redacted> + 1568
CoreFoundation                  0x184e8cda8 CFRunLoopRunSpecific + 552
GeoServices                     0x18b2356cc <redacted> + 468
libsystem_pthread.dylib         0x184bed220 <redacted> + 272
libsystem_pthread.dylib         0x184bed110 _pthread_start + 292

Backtrace of Thread 88583:
libsystem_kernel.dylib          0x184a2be08 mach_msg_trap + 8
libsystem_kernel.dylib          0x184a2bc80 mach_msg + 72
CoreFoundation                  0x184f6ee40 <redacted> + 196
CoreFoundation                  0x184f6c908 <redacted> + 1568
CoreFoundation                  0x184e8cda8 CFRunLoopRunSpecific + 552
Foundation                      0x185901674 <redacted> + 304
LiveStreaming                   0x1026c0d34 -[_SRRunLoopThread main] + 360
Foundation                      0x185a11efc <redacted> + 1040
libsystem_pthread.dylib         0x184bed220 <redacted> + 272
libsystem_pthread.dylib         0x184bed110 _pthread_start + 292

Backtrace of Thread 42531:
libsystem_kernel.dylib          0x184a4d538 select$DARWIN_EXTSN + 8
CoreFoundation                  0x184f77378 <redacted> + 644
libsystem_pthread.dylib         0x184bed220 <redacted> + 272
libsystem_pthread.dylib         0x184bed110 _pthread_start + 292

Backtrace of Thread 112179:
libsystem_kernel.dylib          0x184a2be08 mach_msg_trap + 8
libsystem_kernel.dylib          0x184a2bc80 mach_msg + 72
AudioToolbox                    0x188d8bc78 <redacted> + 280
AudioToolbox                    0x188d6b350 AudioSessionSetProperty_Priv + 524
AVFAudio                        0x18a979b84 <redacted> + 60
ZegoLiveRoom                    0x10940e85c 0x109230000 + 1960028
ZegoLiveRoom                    0x10940f314 0x109230000 + 1962772
ZegoLiveRoom                    0x10940d7a0 0x109230000 + 1955744
ZegoLiveRoom                    0x10940d5b4 0x109230000 + 1955252
ZegoLiveRoom                    0x109404a08 0x109230000 + 1919496
ZegoLiveRoom                    0x1092ea648 0x109230000 + 763464
ZegoLiveRoom                    0x1092eb810 0x109230000 + 768016
ZegoLiveRoom                    0x1092f0860 0x109230000 + 788576
ZegoLiveRoom                    0x1092bba60 0x109230000 + 572000
ZegoLiveRoom                    0x1092bc290 0x109230000 + 574096
ZegoLiveRoom                    0x1092dbf24 0x109230000 + 704292
ZegoLiveRoom                    0x1092df8a8 0x109230000 + 719016
ZegoLiveRoom                    0x10923f7fc 0x109230000 + 63484
ZegoLiveRoom                    0x10936d088 0x109230000 + 1298568
ZegoLiveRoom                    0x10936f688 0x109230000 + 1308296
ZegoLiveRoom                    0x10936f438 0x109230000 + 1307704
ZegoLiveRoom                    0x10936f1ec 0x109230000 + 1307116
ZegoLiveRoom                    0x1093735bc 0x109230000 + 1324476
libsystem_pthread.dylib         0x184bed220 <redacted> + 272
libsystem_pthread.dylib         0x184bed110 _pthread_start + 292

Backtrace of Thread 147499:
libsystem_kernel.dylib          0x184a303e4 poll + 8
ZegoLiveRoom                    0x10936b398 0x109230000 + 1291160
ZegoLiveRoom                    0x10936f44c 0x109230000 + 1307724
ZegoLiveRoom                    0x10936f1ec 0x109230000 + 1307116
ZegoLiveRoom                    0x1093735bc 0x109230000 + 1324476
libsystem_pthread.dylib         0x184bed220 <redacted> + 272
libsystem_pthread.dylib         0x184bed110 _pthread_start + 292

Backtrace of Thread 112903:
libsystem_kernel.dylib          0x184a303e4 poll + 8
ZegoLiveRoom                    0x10936b398 0x109230000 + 1291160
ZegoLiveRoom                    0x10936f44c 0x109230000 + 1307724
ZegoLiveRoom                    0x10936f1ec 0x109230000 + 1307116
ZegoLiveRoom                    0x1093735bc 0x109230000 + 1324476
libsystem_pthread.dylib         0x184bed220 <redacted> + 272
libsystem_pthread.dylib         0x184bed110 _pthread_start + 292

Backtrace of Thread 113439:
libsystem_kernel.dylib          0x184a4d0f4 __psynch_cvwait + 8
libsystem_pthread.dylib         0x184befc90 <redacted> + 644
ZegoLiveRoom                    0x1093717b0 0x109230000 + 1316784
ZegoLiveRoom                    0x109298414 0x109230000 + 427028
ZegoLiveRoom                    0x1092db658 0x109230000 + 702040
ZegoLiveRoom                    0x1092dbc08 0x109230000 + 703496
ZegoLiveRoom                    0x109395cc4 0x109230000 + 1465540
ZegoLiveRoom                    0x109395ea4 0x109230000 + 1466020
ZegoLiveRoom                    0x1092dc5d4 0x109230000 + 706004
ZegoLiveRoom                    0x1092dc0dc 0x109230000 + 704732
ZegoLiveRoom                    0x1092e1ccc 0x109230000 + 728268
ZegoLiveRoom                    0x10936b880 0x109230000 + 1292416
ZegoLiveRoom                    0x10936f44c 0x109230000 + 1307724
ZegoLiveRoom                    0x10936f1ec 0x109230000 + 1307116
ZegoLiveRoom                    0x1093735bc 0x109230000 + 1324476
libsystem_pthread.dylib         0x184bed220 <redacted> + 272
libsystem_pthread.dylib         0x184bed110 _pthread_start + 292

Backtrace of Thread 123927:
libsystem_kernel.dylib          0x184a303e4 poll + 8
ZegoLiveRoom                    0x10936b398 0x109230000 + 1291160
ZegoLiveRoom                    0x10936f44c 0x109230000 + 1307724
ZegoLiveRoom                    0x10936f1ec 0x109230000 + 1307116
ZegoLiveRoom                    0x1093735bc 0x109230000 + 1324476
libsystem_pthread.dylib         0x184bed220 <redacted> + 272
libsystem_pthread.dylib         0x184bed110 _pthread_start + 292

Backtrace of Thread 131599:
libsystem_kernel.dylib          0x184a2be08 mach_msg_trap + 8
libsystem_kernel.dylib          0x184a2bc80 mach_msg + 72
libdispatch.dylib               0x10c01a4f0 _dispatch_mach_send_and_wait_for_reply + 560
libdispatch.dylib               0x10c01a9e8 dispatch_mach_send_with_result_and_wait_for_reply + 56
libxpc.dylib                    0x184c288d8 xpc_connection_send_message_with_reply_sync + 196
CoreMedia                       0x18836219c FigXPCRemoteClientSendSyncMessageCreatingReply + 36
CoreMedia                       0x1882e2ef0 <redacted> + 92
AVFoundation                    0x18ab47c78 <redacted> + 88
MediaRemote                     0x190e1373c <redacted> + 148
MediaRemote                     0x190e11fa0 <redacted> + 356
CoreFoundation                  0x184f58c3c <redacted> + 20
CoreFoundation                  0x184f581b8 <redacted> + 428
CoreFoundation                  0x184f57f14 <redacted> + 216
CoreFoundation                  0x184fd584c <redacted> + 1408
CoreFoundation                  0x184e8ef38 _CFXNotificationPost + 384
Foundation                      0x1858ffbbc <redacted> + 68
AVFoundation                    0x18aaf4f24 <redacted> + 200
CoreFoundation                  0x184f58c3c <redacted> + 20
CoreFoundation                  0x184f581b8 <redacted> + 428
CoreFoundation                  0x184f57f14 <redacted> + 216
CoreFoundation                  0x184fd584c <redacted> + 1408
CoreFoundation                  0x184e8ef38 _CFXNotificationPost + 384
CoreFoundation                  0x184eb28f0 CFNotificationCenterPostNotification + 132
CoreMedia                       0x188259488 CMNotificationCenterPostNotification + 124
CoreMedia                       0x188365314 <redacted> + 164
libdispatch.dylib               0x10c001260 _dispatch_call_block_and_release + 24
libdispatch.dylib               0x10c001220 _dispatch_client_callout + 16
libdispatch.dylib               0x10c00fe80 _dispatch_queue_serial_drain + 768
libdispatch.dylib               0x10c004730 _dispatch_queue_invoke + 328
libdispatch.dylib               0x10c010dd8 _dispatch_root_queue_drain_deferred_wlh + 352
libdispatch.dylib               0x10c017ebc _dispatch_workloop_worker_thread + 676
libsystem_pthread.dylib         0x184bebe70 _pthread_wqthread + 860

Backtrace of Thread 170143:
libsystem_kernel.dylib          0x184a4dd84 __workq_kernreturn + 8
libsystem_pthread.dylib         0x184bebeb4 _pthread_wqthread + 928

Backtrace of Thread 100107:
libsystem_kernel.dylib          0x184a4d0f4 __psynch_cvwait + 8
libsystem_pthread.dylib         0x184befc90 <redacted> + 644
libc++.1.dylib                  0x18410425c _ZNSt3__118condition_variable4waitERNS_11unique_lockINS_5mutexEEE + 24
LiveStreaming                   0x103613f9c _ZN3BRC9SyncQueueINSt3__110shared_ptrINS_4TaskEEEE4TakeERS4_ + 80
LiveStreaming                   0x1036139fc _ZN3BRC18SingleThreadWorker4workEv + 176
LiveStreaming                   0x1036141e0 _ZNSt3__114__thread_proxyINS_5tupleIJNS_10unique_ptrINS_15__thread_structENS_14default_deleteIS3_EEEEMN3BRC18SingleThreadWorkerEFvvEPS8_EEEEEPvSD_ + 64
libsystem_pthread.dylib         0x184bed220 <redacted> + 272
libsystem_pthread.dylib         0x184bed110 _pthread_start + 292

Backtrace of Thread 159491:
libsystem_kernel.dylib          0x184a4d0f4 __psynch_cvwait + 8
libsystem_pthread.dylib         0x184befc90 <redacted> + 644
libc++.1.dylib                  0x18410425c _ZNSt3__118condition_variable4waitERNS_11unique_lockINS_5mutexEEE + 24
LiveStreaming                   0x103613f9c _ZN3BRC9SyncQueueINSt3__110shared_ptrINS_4TaskEEEE4TakeERS4_ + 80
LiveStreaming                   0x1036139fc _ZN3BRC18SingleThreadWorker4workEv + 176
LiveStreaming                   0x1036141e0 _ZNSt3__114__thread_proxyINS_5tupleIJNS_10unique_ptrINS_15__thread_structENS_14default_deleteIS3_EEEEMN3BRC18SingleThreadWorkerEFvvEPS8_EEEEEPvSD_ + 64
libsystem_pthread.dylib         0x184bed220 <redacted> + 272
libsystem_pthread.dylib         0x184bed110 _pthread_start + 292

Backtrace of Thread 118959:
libsystem_kernel.dylib          0x184a4dd84 __workq_kernreturn + 8
libsystem_pthread.dylib         0x184bebeb4 _pthread_wqthread + 928

Backtrace of Thread 122487:
libsystem_kernel.dylib          0x184a4d0f4 __psynch_cvwait + 8
libsystem_pthread.dylib         0x184befc90 <redacted> + 644
LiveStreaming                   0x103e2567c _ZN8AgoraRTC10EventPosix4WaitEm + 244
LiveStreaming                   0x103e32efc _ZN8AgoraRTC9TraceImpl3RunEPv + 40
LiveStreaming                   0x103e32aa8 _ZN8AgoraRTC11ThreadPosix3RunEv + 160
LiveStreaming                   0x103e328f4 _ZN8AgoraRTC11StartThreadEPv + 12
libsystem_pthread.dylib         0x184bed220 <redacted> + 272
libsystem_pthread.dylib         0x184bed110 _pthread_start + 292

Backtrace of Thread 51379:
libsystem_kernel.dylib          0x184a4d0f4 __psynch_cvwait + 8
libsystem_pthread.dylib         0x184befc90 <redacted> + 644
libc++.1.dylib                  0x18410425c _ZNSt3__118condition_variable4waitERNS_11unique_lockINS_5mutexEEE + 24
LiveStreaming                   0x1041e6c14 _ZN5agora7commons10async_task3runENSt3__110shared_ptrINS1_11thread_dataEEE + 164
LiveStreaming                   0x1041e6e78 _ZNSt3__114__thread_proxyINS_5tupleIJNS_6__bindIPFvNS_10shared_ptrIN5agora7commons10async_task11thread_dataEEEEJRS8_EEEEEEEEPvSE_ + 124
libsystem_pthread.dylib         0x184bed220 <redacted> + 272
libsystem_pthread.dylib         0x184bed110 _pthread_start + 292

Backtrace of Thread 122775:
libsystem_kernel.dylib          0x184a303e4 poll + 8
LiveStreaming                   0x1041dada0 poll_dispatch + 188
LiveStreaming                   0x1041cff78 event_base_loop + 888
LiveStreaming                   0x1041141d4 _ZN5agora3rtc9RtcEngine3runEv + 64
LiveStreaming                   0x1041efdac _ZNSt3__114__thread_proxyINS_5tupleIJNS_6__bindIMN5agora3rtc9RtcEngineEFvvEJPS5_EEEEEEEEPvSB_ + 116
libsystem_pthread.dylib         0x184bed220 <redacted> + 272
libsystem_pthread.dylib         0x184bed110 _pthread_start + 292

Backtrace of Thread 125779:
libsystem_kernel.dylib          0x184a4dd84 __workq_kernreturn + 8
libsystem_pthread.dylib         0x184bebeb4 _pthread_wqthread + 928

Backtrace of Thread 343719:
libsystem_kernel.dylib          0x184a4dd84 __workq_kernreturn + 8
libsystem_pthread.dylib         0x184bebeb4 _pthread_wqthread + 928

Backtrace of Thread 169799:
libsystem_kernel.dylib          0x184a4dd84 __workq_kernreturn + 8
libsystem_pthread.dylib         0x184bebeb4 _pthread_wqthread + 928

Backtrace of Thread 122887:
libsystem_kernel.dylib          0x184a2be08 mach_msg_trap + 8
libsystem_kernel.dylib          0x184a2bc80 mach_msg + 72
libdispatch.dylib               0x10c01a4f0 _dispatch_mach_send_and_wait_for_reply + 560
libdispatch.dylib               0x10c01a9e8 dispatch_mach_send_with_result_and_wait_for_reply + 56
libxpc.dylib                    0x184c288d8 xpc_connection_send_message_with_reply_sync + 196
CoreMedia                       0x18836219c FigXPCRemoteClientSendSyncMessageCreatingReply + 36
CoreMedia                       0x18836210c FigXPCSendStdCopyPropertyMessage + 116
CoreMedia                       0x1882e23cc <redacted> + 68
AVFoundation                    0x18ab44900 <redacted> + 88
MediaRemote                     0x190e1557c <redacted> + 100
Foundation                      0x1859ea060 <redacted> + 56
Foundation                      0x1859eee88 <redacted> + 16
Foundation                      0x1859308d0 <redacted> + 72
Foundation                      0x18592fcac <redacted> + 848
Foundation                      0x1859f076c <redacted> + 404
libdispatch.dylib               0x10c001220 _dispatch_client_callout + 16
libdispatch.dylib               0x10c00e4d8 _dispatch_continuation_pop + 588
libdispatch.dylib               0x10c00cdc8 _dispatch_async_redirect_invoke + 628
libdispatch.dylib               0x10c01284c _dispatch_root_queue_drain + 604
libdispatch.dylib               0x10c012584 _dispatch_worker_thread3 + 136
libsystem_pthread.dylib         0x184bebfac _pthread_wqthread + 1176

Backtrace of Thread 334779:
libsystem_kernel.dylib          0x184a4dd84 __workq_kernreturn + 8
libsystem_pthread.dylib         0x184bebeb4 _pthread_wqthread + 928

Backtrace of Thread 348995:
libsystem_kernel.dylib          0x184a4dd84 __workq_kernreturn + 8
libsystem_pthread.dylib         0x184bebeb4 _pthread_wqthread + 928

Backtrace of Thread 140743:
libsystem_kernel.dylib          0x184a4dd84 __workq_kernreturn + 8
libsystem_pthread.dylib         0x184bebeb4 _pthread_wqthread + 928

Backtrace of Thread 339027:
libsystem_kernel.dylib          0x184a4dd84 __workq_kernreturn + 8
libsystem_pthread.dylib         0x184bebeb4 _pthread_wqthread + 928

Backtrace of Thread 187147:
libsystem_kernel.dylib          0x184a2be5c semaphore_timedwait_trap + 8
libdispatch.dylib               0x10c009324 _dispatch_sema4_timedwait + 60
libdispatch.dylib               0x10c009a9c _dispatch_semaphore_wait_slow + 72
libdispatch.dylib               0x10c013f64 _dispatch_worker_thread + 260
libsystem_pthread.dylib         0x184bed220 <redacted> + 272
libsystem_pthread.dylib         0x184bed110 _pthread_start + 292

Backtrace of Thread 178511:
libsystem_kernel.dylib          0x184a2be5c semaphore_timedwait_trap + 8
libdispatch.dylib               0x10c009324 _dispatch_sema4_timedwait + 60
libdispatch.dylib               0x10c009a9c _dispatch_semaphore_wait_slow + 72
libdispatch.dylib               0x10c013f64 _dispatch_worker_thread + 260
libsystem_pthread.dylib         0x184bed220 <redacted> + 272
libsystem_pthread.dylib         0x184bed110 _pthread_start + 292

Backtrace of Thread 330307:
libsystem_kernel.dylib          0x184a2be5c semaphore_timedwait_trap + 8
ZegoLiveRoom                    0x10941144c 0x109230000 + 1971276
ZegoLiveRoom                    0x109410e00 0x109230000 + 1969664
ZegoLiveRoom                    0x109410efc 0x109230000 + 1969916
libsystem_pthread.dylib         0x184bed220 <redacted> + 272
libsystem_pthread.dylib         0x184bed110 _pthread_start + 292

Backtrace of Thread 178991:
libsystem_kernel.dylib          0x184a2be44 semaphore_wait_trap + 8
ZegoLiveRoom                    0x10942d634 0x109230000 + 2086452
ZegoLiveRoom                    0x10942d774 0x109230000 + 2086772
libsystem_pthread.dylib         0x184bed220 <redacted> + 272
libsystem_pthread.dylib         0x184bed110 _pthread_start + 292

Backtrace of Thread 145415:
libsystem_kernel.dylib          0x184a2be44 semaphore_wait_trap + 8
ZegoLiveRoom                    0x10942d634 0x109230000 + 2086452
ZegoLiveRoom                    0x10942d774 0x109230000 + 2086772
libsystem_pthread.dylib         0x184bed220 <redacted> + 272
libsystem_pthread.dylib         0x184bed110 _pthread_start + 292

Backtrace of Thread 190987:
libsystem_kernel.dylib          0x184a2be44 semaphore_wait_trap + 8
ZegoLiveRoom                    0x10940ac74 0x109230000 + 1944692
ZegoLiveRoom                    0x109410e00 0x109230000 + 1969664
ZegoLiveRoom                    0x109410efc 0x109230000 + 1969916
libsystem_pthread.dylib         0x184bed220 <redacted> + 272
libsystem_pthread.dylib         0x184bed110 _pthread_start + 292

Backtrace of Thread 181015:
libsystem_kernel.dylib          0x184a2be08 mach_msg_trap + 8
libsystem_kernel.dylib          0x184a2bc80 mach_msg + 72
CoreFoundation                  0x184f6ee40 <redacted> + 196
CoreFoundation                  0x184f6c908 <redacted> + 1568
CoreFoundation                  0x184e8cda8 CFRunLoopRunSpecific + 552
Foundation                      0x185901674 <redacted> + 304
Foundation                      0x1859761a8 <redacted> + 88
ZegoLiveRoom                    0x10946a35c 0x109230000 + 2335580
Foundation                      0x185a11efc <redacted> + 1040
libsystem_pthread.dylib         0x184bed220 <redacted> + 272
libsystem_pthread.dylib         0x184bed110 _pthread_start + 292

Backtrace of Thread 192067:
libsystem_kernel.dylib          0x184a303e4 poll + 8
ZegoLiveRoom                    0x10942dcfc 0x109230000 + 2088188
ZegoLiveRoom                    0x10942d444 0x109230000 + 2085956
ZegoLiveRoom                    0x10942d678 0x109230000 + 2086520
ZegoLiveRoom                    0x10942d774 0x109230000 + 2086772
libsystem_pthread.dylib         0x184bed220 <redacted> + 272
libsystem_pthread.dylib         0x184bed110 _pthread_start + 292

Backtrace of Thread 181263:
libsystem_kernel.dylib          0x184a2be5c semaphore_timedwait_trap + 8
ZegoLiveRoom                    0x1093f9fb4 0x109230000 + 1875892
ZegoLiveRoom                    0x10942d678 0x109230000 + 2086520
ZegoLiveRoom                    0x10942d774 0x109230000 + 2086772
libsystem_pthread.dylib         0x184bed220 <redacted> + 272
libsystem_pthread.dylib         0x184bed110 _pthread_start + 292

Backtrace of Thread 195587:
libsystem_kernel.dylib          0x184a2be44 semaphore_wait_trap + 8
ZegoLiveRoom                    0x109410da8 0x109230000 + 1969576
ZegoLiveRoom                    0x109410efc 0x109230000 + 1969916
libsystem_pthread.dylib         0x184bed220 <redacted> + 272
libsystem_pthread.dylib         0x184bed110 _pthread_start + 292

