Call Backtrace of 26 threads:
Backtrace of Thread 771:
libsystem_kernel.dylib          0x184a2be08 mach_msg_trap + 8
libsystem_kernel.dylib          0x184a2bc80 mach_msg + 72
libdispatch.dylib               0x10c01a4f0 _dispatch_mach_send_and_wait_for_reply + 560
libdispatch.dylib               0x10c01a9e8 dispatch_mach_send_with_result_and_wait_for_reply + 56
libxpc.dylib                    0x184c288d8 xpc_connection_send_message_with_reply_sync + 196
CoreFoundation                  0x184f62d08 <redacted> + 40
CoreFoundation                  0x185009d04 <redacted> + 48
CoreFoundation                  0x184f62cd4 <redacted> + 124
libsystem_trace.dylib           0x184c09c70 <redacted> + 60
CoreFoundation                  0x184f62c2c <redacted> + 124
CoreFoundation                  0x184f6274c <redacted> + 48
CoreFoundation                  0x184f62984 <redacted> + 184
CoreFoundation                  0x184f63238 <redacted> + 384
CoreFoundation                  0x184f61e54 <redacted> + 960
CoreFoundation                  0x184ffe080 <redacted> + 220
CoreFoundation                  0x184ffe304 <redacted> + 64
CoreFoundation                  0x184f64d6c <redacted> + 268
CoreFoundation                  0x184f64588 <redacted> + 356
CoreFoundation                  0x184f64c54 <redacted> + 108
CoreFoundation                  0x185008218 <redacted> + 92
CoreFoundation                  0x18500b8a0 _CFPreferencesSetAppValueWithContainer + 128
Foundation                      0x185926af4 <redacted> + 68
LiveStreaming                   0x104406644 +[MobClickConfig setConfigure:withKey:] + 128
LiveStreaming                   0x1043f39e0 -[MobClickEnvelope makeEnvelopeData] + 368
LiveStreaming                   0x10440a0e4 -[MobClickInternal generateEnvelopeFile] + 60
LiveStreaming                   0x10440a28c -[MobClickInternal beginPerformJob] + 240
LiveStreaming                   0x10440a938 -[MobClickInternal workEvent:] + 684
LiveStreaming                   0x1043efc00 -[UMWorkDispatch workWithEvent:] + 100
Foundation                      0x185a120ec <redacted> + 340
CoreFoundation                  0x184f6f404 <redacted> + 24
CoreFoundation                  0x184f6ece0 <redacted> + 456
CoreFoundation                  0x184f6c79c <redacted> + 1204
CoreFoundation                  0x184e8cda8 CFRunLoopRunSpecific + 552
GraphicsServices                0x186e6f020 GSEventRunModal + 100
UIKit                           0x18ee6d78c UIApplicationMain + 236
LiveStreaming                   0x101184e70 main + 124
libdyld.dylib                   0x18491dfc0 <redacted> + 4

Backtrace of Thread 5895:
libsystem_kernel.dylib          0x184a2be08 mach_msg_trap + 8
libsystem_kernel.dylib          0x184a2bc80 mach_msg + 72
libsystem_kernel.dylib          0x184a2df34 thread_get_state + 136
LiveStreaming                   0x1027a6610 bs_mach_copyMem + 60
LiveStreaming                   0x1027a5d50 _bs_backtraceOfThread + 636
LiveStreaming                   0x1027a64a8 +[BSBacktraceLogger bs_backtraceOfAllThread] + 220
LiveStreaming                   0x102215ce0 __40+[IESDebugToolService startStuckMonitor]_block_invoke + 204
LiveStreaming                   0x102213160 __36-[IESDebugStuckMonitor startMonitor]_block_invoke_2 + 112
CoreFoundation                  0x184f5ff38 <redacted> + 76
LiveStreaming                   0x102213058 __36-[IESDebugStuckMonitor startMonitor]_block_invoke + 436
Foundation                      0x1859eee88 <redacted> + 16
Foundation                      0x1859308d0 <redacted> + 72
Foundation                      0x18592fcac <redacted> + 848
Foundation                      0x1859f076c <redacted> + 404
libdispatch.dylib               0x10c001220 _dispatch_client_callout + 16
libdispatch.dylib               0x10c00e4d8 _dispatch_continuation_pop + 588
libdispatch.dylib               0x10c00cdc8 _dispatch_async_redirect_invoke + 628
libdispatch.dylib               0x10c01284c _dispatch_root_queue_drain + 604
libdispatch.dylib               0x10c012584 _dispatch_worker_thread3 + 136
libsystem_pthread.dylib         0x184bebfac _pthread_wqthread + 1176

Backtrace of Thread 9731:
libsystem_kernel.dylib          0x184a4d610 __semwait_signal + 8
libsystem_c.dylib               0x18496612c nanosleep + 212
libsystem_c.dylib               0x18496604c usleep + 64
GPUToolsCore                    0x10c0862bc _ZL21smt_poll_thread_entryPv + 136
libsystem_pthread.dylib         0x184bed220 <redacted> + 272
libsystem_pthread.dylib         0x184bed110 _pthread_start + 292

Backtrace of Thread 8711:
libsystem_kernel.dylib          0x184a4d610 __semwait_signal + 8
libsystem_c.dylib               0x18496612c nanosleep + 212
libsystem_c.dylib               0x18496604c usleep + 64
GPUToolsCore                    0x10c0862bc _ZL21smt_poll_thread_entryPv + 136
libsystem_pthread.dylib         0x184bed220 <redacted> + 272
libsystem_pthread.dylib         0x184bed110 _pthread_start + 292

Backtrace of Thread 11015:
libsystem_kernel.dylib          0x184a4d0f4 __psynch_cvwait + 8
libsystem_pthread.dylib         0x184befc90 <redacted> + 644
libc++.1.dylib                  0x18410425c _ZNSt3__118condition_variable4waitERNS_11unique_lockINS_5mutexEEE + 24
JavaScriptCore                  0x18c5e31a4 <redacted> + 104
JavaScriptCore                  0x18c5e2db8 <redacted> + 164
JavaScriptCore                  0x18c5e2b60 <redacted> + 12
JavaScriptCore                  0x18c5e2f7c <redacted> + 44
libsystem_pthread.dylib         0x184bed220 <redacted> + 272
libsystem_pthread.dylib         0x184bed110 _pthread_start + 292

Backtrace of Thread 11271:
libsystem_kernel.dylib          0x184a2be08 mach_msg_trap + 8
libsystem_kernel.dylib          0x184a2bc80 mach_msg + 72
CoreFoundation                  0x184f6ee40 <redacted> + 196
CoreFoundation                  0x184f6c908 <redacted> + 1568
CoreFoundation                  0x184e8cda8 CFRunLoopRunSpecific + 552
WebCore                         0x18d119dcc <redacted> + 592
libsystem_pthread.dylib         0x184bed220 <redacted> + 272
libsystem_pthread.dylib         0x184bed110 _pthread_start + 292

Backtrace of Thread 18947:
libsystem_kernel.dylib          0x184a2be08 mach_msg_trap + 8
libsystem_kernel.dylib          0x184a2bc80 mach_msg + 72
CoreFoundation                  0x184f6ee40 <redacted> + 196
CoreFoundation                  0x184f6c908 <redacted> + 1568
CoreFoundation                  0x184e8cda8 CFRunLoopRunSpecific + 552
Foundation                      0x185901674 <redacted> + 304
Foundation                      0x18590151c <redacted> + 148
UIKit                           0x18eb527e4 <redacted> + 136
Foundation                      0x185a11efc <redacted> + 1040
libsystem_pthread.dylib         0x184bed220 <redacted> + 272
libsystem_pthread.dylib         0x184bed110 _pthread_start + 292

Backtrace of Thread 37127:
libsystem_kernel.dylib          0x184a2be08 mach_msg_trap + 8
libsystem_kernel.dylib          0x184a2bc80 mach_msg + 72
CoreFoundation                  0x184f6ee40 <redacted> + 196
CoreFoundation                  0x184f6c908 <redacted> + 1568
CoreFoundation                  0x184e8cda8 CFRunLoopRunSpecific + 552
Foundation                      0x185901674 <redacted> + 304
Foundation                      0x1859761a8 <redacted> + 88
LiveStreaming                   0x10126802c +[AFURLConnectionOperation networkRequestThreadEntryPoint:] + 308
Foundation                      0x185a11efc <redacted> + 1040
libsystem_pthread.dylib         0x184bed220 <redacted> + 272
libsystem_pthread.dylib         0x184bed110 _pthread_start + 292

Backtrace of Thread 32011:
libsystem_kernel.dylib          0x184a2be08 mach_msg_trap + 8
libsystem_kernel.dylib          0x184a2bc80 mach_msg + 72
CoreFoundation                  0x184f6ee40 <redacted> + 196
CoreFoundation                  0x184f6c908 <redacted> + 1568
CoreFoundation                  0x184e8cda8 CFRunLoopRunSpecific + 552
CFNetwork                       0x18579a4b0 <redacted> + 220
Foundation                      0x185a11efc <redacted> + 1040
libsystem_pthread.dylib         0x184bed220 <redacted> + 272
libsystem_pthread.dylib         0x184bed110 _pthread_start + 292

Backtrace of Thread 76819:
libsystem_kernel.dylib          0x184a2be08 mach_msg_trap + 8
libsystem_kernel.dylib          0x184a2bc80 mach_msg + 72
CoreFoundation                  0x184f6ee40 <redacted> + 196
CoreFoundation                  0x184f6c908 <redacted> + 1568
CoreFoundation                  0x184e8cda8 CFRunLoopRunSpecific + 552
AVFAudio                        0x18a972424 <redacted> + 164
AVFAudio                        0x18a99c834 <redacted> + 88
libsystem_pthread.dylib         0x184bed220 <redacted> + 272
libsystem_pthread.dylib         0x184bed110 _pthread_start + 292

Backtrace of Thread 67135:
libsystem_kernel.dylib          0x184a2be08 mach_msg_trap + 8
libsystem_kernel.dylib          0x184a2bc80 mach_msg + 72
CoreFoundation                  0x184f6ee40 <redacted> + 196
CoreFoundation                  0x184f6c908 <redacted> + 1568
CoreFoundation                  0x184e8cda8 CFRunLoopRunSpecific + 552
CoreFoundation                  0x184edcb28 CFRunLoopRun + 116
CoreMotion                      0x18a46d9dc CLStartStopAdvertisingBeacon + 231572
libsystem_pthread.dylib         0x184bed220 <redacted> + 272
libsystem_pthread.dylib         0x184bed110 _pthread_start + 292

Backtrace of Thread 65051:
libsystem_kernel.dylib          0x184a2be08 mach_msg_trap + 8
libsystem_kernel.dylib          0x184a2bc80 mach_msg + 72
CoreFoundation                  0x184f6ee40 <redacted> + 196
CoreFoundation                  0x184f6c908 <redacted> + 1568
CoreFoundation                  0x184e8cda8 CFRunLoopRunSpecific + 552
GeoServices                     0x18b2356cc <redacted> + 468
libsystem_pthread.dylib         0x184bed220 <redacted> + 272
libsystem_pthread.dylib         0x184bed110 _pthread_start + 292

Backtrace of Thread 88583:
libsystem_kernel.dylib          0x184a2be08 mach_msg_trap + 8
libsystem_kernel.dylib          0x184a2bc80 mach_msg + 72
CoreFoundation                  0x184f6ee40 <redacted> + 196
CoreFoundation                  0x184f6c908 <redacted> + 1568
CoreFoundation                  0x184e8cda8 CFRunLoopRunSpecific + 552
Foundation                      0x185901674 <redacted> + 304
LiveStreaming                   0x1026c0d34 -[_SRRunLoopThread main] + 360
Foundation                      0x185a11efc <redacted> + 1040
libsystem_pthread.dylib         0x184bed220 <redacted> + 272
libsystem_pthread.dylib         0x184bed110 _pthread_start + 292

Backtrace of Thread 42531:
libsystem_kernel.dylib          0x184a4d538 select$DARWIN_EXTSN + 8
CoreFoundation                  0x184f77378 <redacted> + 644
libsystem_pthread.dylib         0x184bed220 <redacted> + 272
libsystem_pthread.dylib         0x184bed110 _pthread_start + 292

Backtrace of Thread 112179:
libsystem_kernel.dylib          0x184a303e4 poll + 8
ZegoLiveRoom                    0x10936b398 0x109230000 + 1291160
ZegoLiveRoom                    0x10936f44c 0x109230000 + 1307724
ZegoLiveRoom                    0x10936f1ec 0x109230000 + 1307116
ZegoLiveRoom                    0x1093735bc 0x109230000 + 1324476
libsystem_pthread.dylib         0x184bed220 <redacted> + 272
libsystem_pthread.dylib         0x184bed110 _pthread_start + 292

Backtrace of Thread 147499:
libsystem_kernel.dylib          0x184a303e4 poll + 8
ZegoLiveRoom                    0x10936b398 0x109230000 + 1291160
ZegoLiveRoom                    0x10936f44c 0x109230000 + 1307724
ZegoLiveRoom                    0x10936f1ec 0x109230000 + 1307116
ZegoLiveRoom                    0x1093735bc 0x109230000 + 1324476
libsystem_pthread.dylib         0x184bed220 <redacted> + 272
libsystem_pthread.dylib         0x184bed110 _pthread_start + 292

Backtrace of Thread 112903:
libsystem_kernel.dylib          0x184a303e4 poll + 8
ZegoLiveRoom                    0x10936b398 0x109230000 + 1291160
ZegoLiveRoom                    0x10936f44c 0x109230000 + 1307724
ZegoLiveRoom                    0x10936f1ec 0x109230000 + 1307116
ZegoLiveRoom                    0x1093735bc 0x109230000 + 1324476
libsystem_pthread.dylib         0x184bed220 <redacted> + 272
libsystem_pthread.dylib         0x184bed110 _pthread_start + 292

Backtrace of Thread 113439:
libsystem_kernel.dylib          0x184a303e4 poll + 8
ZegoLiveRoom                    0x10936b398 0x109230000 + 1291160
ZegoLiveRoom                    0x10936f44c 0x109230000 + 1307724
ZegoLiveRoom                    0x10936f1ec 0x109230000 + 1307116
ZegoLiveRoom                    0x1093735bc 0x109230000 + 1324476
libsystem_pthread.dylib         0x184bed220 <redacted> + 272
libsystem_pthread.dylib         0x184bed110 _pthread_start + 292

Backtrace of Thread 123927:
libsystem_kernel.dylib          0x184a303e4 poll + 8
ZegoLiveRoom                    0x10936b398 0x109230000 + 1291160
ZegoLiveRoom                    0x10936f44c 0x109230000 + 1307724
ZegoLiveRoom                    0x10936f1ec 0x109230000 + 1307116
ZegoLiveRoom                    0x1093735bc 0x109230000 + 1324476
libsystem_pthread.dylib         0x184bed220 <redacted> + 272
libsystem_pthread.dylib         0x184bed110 _pthread_start + 292

Backtrace of Thread 60811:
libsystem_kernel.dylib          0x184a4dd84 __workq_kernreturn + 8
libsystem_pthread.dylib         0x184bebeb4 _pthread_wqthread + 928

Backtrace of Thread 106299:
libsystem_kernel.dylib          0x184a4dd84 __workq_kernreturn + 8
libsystem_pthread.dylib         0x184bebeb4 _pthread_wqthread + 928

Backtrace of Thread 69123:
libsystem_kernel.dylib          0x184a4dd84 __workq_kernreturn + 8
libsystem_pthread.dylib         0x184bec0a0 _pthread_wqthread + 1420

Backtrace of Thread 74007:
libsystem_kernel.dylib          0x184a4dd84 __workq_kernreturn + 8
libsystem_pthread.dylib         0x184bec0a0 _pthread_wqthread + 1420

Backtrace of Thread 131599:
libsystem_kernel.dylib          0x184a4dd84 __workq_kernreturn + 8
libsystem_pthread.dylib         0x184bebeb4 _pthread_wqthread + 928

Backtrace of Thread 100915:
libsystem_kernel.dylib          0x184a4dd84 __workq_kernreturn + 8
libsystem_pthread.dylib         0x184bebeb4 _pthread_wqthread + 928

Backtrace of Thread 73507:
libsystem_kernel.dylib          0x184a2be44 semaphore_wait_trap + 8
libdispatch.dylib               0x10c009240 _dispatch_sema4_wait + 24
libdispatch.dylib               0x10c009adc _dispatch_semaphore_wait_slow + 136
CFNetwork                       0x1855d4f7c CFURLConnectionSendSynchronousRequest + 292
CFNetwork                       0x185603190 <redacted> + 116
LiveStreaming                   0x1043f2590 -[UMANWorker postDataToServer:withFile:] + 208
LiveStreaming                   0x1043f2364 -[UMANWorker postDataWithFile:] + 212
LiveStreaming                   0x1043f1f60 -[UMANWorker main] + 120
Foundation                      0x18592fcac <redacted> + 848
Foundation                      0x1859f076c <redacted> + 404
libdispatch.dylib               0x10c001220 _dispatch_client_callout + 16
libdispatch.dylib               0x10c00e4d8 _dispatch_continuation_pop + 588
libdispatch.dylib               0x10c00cdc8 _dispatch_async_redirect_invoke + 628
libdispatch.dylib               0x10c01284c _dispatch_root_queue_drain + 604
libdispatch.dylib               0x10c012584 _dispatch_worker_thread3 + 136
libsystem_pthread.dylib         0x184bebfac _pthread_wqthread + 1176

