Call Backtrace of 39 threads:
Backtrace of Thread 771:
libobjc.A.dylib                 0x18418eb38 <redacted> + 112
libobjc.A.dylib                 0x184189db4 <redacted> + 100
libobjc.A.dylib                 0x184189aa8 <redacted> + 372
libobjc.A.dylib                 0x184194c38 <redacted> + 56
LiveStreaming                   0x1031ba4c0 -[HTSSendRedEnvelopeView bindWith:] + 572
LiveStreaming                   0x103175de0 -[HTSRedEnvelopeFragment showSendRedEnvelopeView] + 256
LiveStreaming                   0x103174f04 __40-[HTSRedEnvelopeFragment initWithStore:]_block_invoke + 108
LiveStreaming                   0x103c8cc2c -[RACSubscriber sendNext:] + 228
LiveStreaming                   0x103c52f24 -[RACPassthroughSubscriber sendNext:] + 444
LiveStreaming                   0x103c7dc68 __29-[RACSignal(RACStream) bind:]_block_invoke_2.95 + 84
LiveStreaming                   0x103c8cc2c -[RACSubscriber sendNext:] + 228
LiveStreaming                   0x103c56610 __29-[RACReturnSignal subscribe:]_block_invoke + 100
LiveStreaming                   0x103c8dba4 -[RACSubscriptionScheduler schedule:] + 632
LiveStreaming                   0x103c56554 -[RACReturnSignal subscribe:] + 616
LiveStreaming                   0x103c819a0 -[RACSignal(Subscription) subscribeNext:error:completed:] + 1420
LiveStreaming                   0x103c7db44 __29-[RACSignal(RACStream) bind:]_block_invoke.87 + 528
LiveStreaming                   0x103c7e14c __29-[RACSignal(RACStream) bind:]_block_invoke.122 + 184
LiveStreaming                   0x103c8cc2c -[RACSubscriber sendNext:] + 228
LiveStreaming                   0x103c52f24 -[RACPassthroughSubscriber sendNext:] + 444
LiveStreaming                   0x103c7dc68 __29-[RACSignal(RACStream) bind:]_block_invoke_2.95 + 84
LiveStreaming                   0x103c8cc2c -[RACSubscriber sendNext:] + 228
LiveStreaming                   0x103c56610 __29-[RACReturnSignal subscribe:]_block_invoke + 100
LiveStreaming                   0x103c8dba4 -[RACSubscriptionScheduler schedule:] + 632
LiveStreaming                   0x103c56554 -[RACReturnSignal subscribe:] + 616
LiveStreaming                   0x103c819a0 -[RACSignal(Subscription) subscribeNext:error:completed:] + 1420
LiveStreaming                   0x103c7db44 __29-[RACSignal(RACStream) bind:]_block_invoke.87 + 528
LiveStreaming                   0x103c7e14c __29-[RACSignal(RACStream) bind:]_block_invoke.122 + 184
LiveStreaming                   0x103c8cc2c -[RACSubscriber sendNext:] + 228
LiveStreaming                   0x103c52f24 -[RACPassthroughSubscriber sendNext:] + 444
LiveStreaming                   0x103c6e1a4 __35-[RACSignal(Operations) takeUntil:]_block_invoke.595 + 84
LiveStreaming                   0x103c8cc2c -[RACSubscriber sendNext:] + 228
LiveStreaming                   0x103c52f24 -[RACPassthroughSubscriber sendNext:] + 444
LiveStreaming                   0x103c38678 __84-[NSObject(RACPropertySubscribing) rac_valuesAndChangesForKeyPath:options:observer:]_block_invoke.46 + 532
LiveStreaming                   0x103c35b24 __69-[NSObject(RACKVOWrapper) rac_observeKeyPath:options:observer:block:]_block_invoke.81 + 740
LiveStreaming                   0x103c51a84 -[RACKVOTrampoline observeValueForKeyPath:ofObject:change:context:] + 516
LiveStreaming                   0x103c50978 -[RACKVOProxy observeValueForKeyPath:ofObject:change:context:] + 472
Foundation                      0x1859552f8 <redacted> + 304
Foundation                      0x185954e30 <redacted> + 380
Foundation                      0x18592c5a4 <redacted> + 664
Foundation                      0x185954534 <redacted> + 60
Foundation                      0x1859d8224 <redacted> + 272
LiveStreaming                   0x103180b40 -[HTSRedEnvelopeStore showSendRedEnvelopeView] + 68
CoreFoundation                  0x184fce580 <redacted> + 144
CoreFoundation                  0x184ead748 <redacted> + 284
CoreFoundation                  0x184eb256c <redacted> + 60
LiveStreaming                   0x1031cbe9c __40-[IESActionMulticast forwardInvocation:]_block_invoke + 184
CoreFoundation                  0x184ea0a20 <redacted> + 216
LiveStreaming                   0x1031cbd1c -[IESActionMulticast forwardInvocation:] + 636
CoreFoundation                  0x184fcc2d4 <redacted> + 624
CoreFoundation                  0x184eb241c _CF_forwarding_prep_0 + 92

Backtrace of Thread 3331:
libsystem_kernel.dylib          0x184a4dd84 __workq_kernreturn + 8
libsystem_pthread.dylib         0x184bebeb4 _pthread_wqthread + 928

Backtrace of Thread 8715:
libsystem_kernel.dylib          0x184a4d0f4 __psynch_cvwait + 8
libsystem_pthread.dylib         0x184befc90 <redacted> + 644
libc++.1.dylib                  0x1841042ec _ZNSt3__118condition_variable15__do_timed_waitERNS_11unique_lockINS_5mutexEEENS_6chrono10time_pointINS5_12system_clockENS5_8durationIxNS_5ratioILl1ELl1000000000EEEEEEE + 96
JavaScriptCore                  0x18c5e3430 <redacted> + 124
JavaScriptCore                  0x18c5e32e0 <redacted> + 112
JavaScriptCore                  0x18c5e2e24 <redacted> + 272
JavaScriptCore                  0x18c5e2b60 <redacted> + 12
JavaScriptCore                  0x18c5e2f7c <redacted> + 44
libsystem_pthread.dylib         0x184bed220 <redacted> + 272
libsystem_pthread.dylib         0x184bed110 _pthread_start + 292

Backtrace of Thread 8451:
libsystem_kernel.dylib          0x184a2be08 mach_msg_trap + 8
libsystem_kernel.dylib          0x184a2bc80 mach_msg + 72
CoreFoundation                  0x184f6ee40 <redacted> + 196
CoreFoundation                  0x184f6c908 <redacted> + 1568
CoreFoundation                  0x184e8cda8 CFRunLoopRunSpecific + 552
WebCore                         0x18d119dcc <redacted> + 592
libsystem_pthread.dylib         0x184bed220 <redacted> + 272
libsystem_pthread.dylib         0x184bed110 _pthread_start + 292

Backtrace of Thread 19971:
libsystem_kernel.dylib          0x184a2be08 mach_msg_trap + 8
libsystem_kernel.dylib          0x184a2bc80 mach_msg + 72
CoreFoundation                  0x184f6ee40 <redacted> + 196
CoreFoundation                  0x184f6c908 <redacted> + 1568
CoreFoundation                  0x184e8cda8 CFRunLoopRunSpecific + 552
Foundation                      0x185901674 <redacted> + 304
Foundation                      0x18590151c <redacted> + 148
UIKit                           0x18eb527e4 <redacted> + 136
Foundation                      0x185a11efc <redacted> + 1040
libsystem_pthread.dylib         0x184bed220 <redacted> + 272
libsystem_pthread.dylib         0x184bed110 _pthread_start + 292

Backtrace of Thread 42499:
libsystem_kernel.dylib          0x184a4dd84 __workq_kernreturn + 8
libsystem_pthread.dylib         0x184bec0a0 _pthread_wqthread + 1420

Backtrace of Thread 24583:
libsystem_kernel.dylib          0x184a4dd84 __workq_kernreturn + 8
libsystem_pthread.dylib         0x184bec0a0 _pthread_wqthread + 1420

Backtrace of Thread 24835:
libsystem_kernel.dylib          0x184a4dd84 __workq_kernreturn + 8
libsystem_pthread.dylib         0x184bebeb4 _pthread_wqthread + 928

Backtrace of Thread 36359:
libsystem_kernel.dylib          0x184a4dd84 __workq_kernreturn + 8
libsystem_pthread.dylib         0x184bebeb4 _pthread_wqthread + 928

Backtrace of Thread 27651:
libsystem_kernel.dylib          0x184a4dd84 __workq_kernreturn + 8
libsystem_pthread.dylib         0x184bebeb4 _pthread_wqthread + 928

Backtrace of Thread 28163:
libsystem_kernel.dylib          0x184a2be08 mach_msg_trap + 8
libsystem_kernel.dylib          0x184a2bc80 mach_msg + 72
CoreFoundation                  0x184f6ee40 <redacted> + 196
CoreFoundation                  0x184f6c908 <redacted> + 1568
CoreFoundation                  0x184e8cda8 CFRunLoopRunSpecific + 552
Foundation                      0x185901674 <redacted> + 304
Foundation                      0x1859761a8 <redacted> + 88
LiveStreaming                   0x10289402c +[AFURLConnectionOperation networkRequestThreadEntryPoint:] + 308
Foundation                      0x185a11efc <redacted> + 1040
libsystem_pthread.dylib         0x184bed220 <redacted> + 272
libsystem_pthread.dylib         0x184bed110 _pthread_start + 292

Backtrace of Thread 86359:
libsystem_kernel.dylib          0x184a2be08 mach_msg_trap + 8
libsystem_kernel.dylib          0x184a2bc80 mach_msg + 72
CoreFoundation                  0x184f6ee40 <redacted> + 196
CoreFoundation                  0x184f6c908 <redacted> + 1568
CoreFoundation                  0x184e8cda8 CFRunLoopRunSpecific + 552
CFNetwork                       0x18579a4b0 <redacted> + 220
Foundation                      0x185a11efc <redacted> + 1040
libsystem_pthread.dylib         0x184bed220 <redacted> + 272
libsystem_pthread.dylib         0x184bed110 _pthread_start + 292

Backtrace of Thread 77327:
libsystem_kernel.dylib          0x184a2be08 mach_msg_trap + 8
libsystem_kernel.dylib          0x184a2bc80 mach_msg + 72
CoreFoundation                  0x184f6ee40 <redacted> + 196
CoreFoundation                  0x184f6c908 <redacted> + 1568
CoreFoundation                  0x184e8cda8 CFRunLoopRunSpecific + 552
AVFAudio                        0x18a972424 <redacted> + 164
AVFAudio                        0x18a99c834 <redacted> + 88
libsystem_pthread.dylib         0x184bed220 <redacted> + 272
libsystem_pthread.dylib         0x184bed110 _pthread_start + 292

Backtrace of Thread 56331:
libsystem_kernel.dylib          0x184a2be08 mach_msg_trap + 8
libsystem_kernel.dylib          0x184a2bc80 mach_msg + 72
libsystem_kernel.dylib          0x184a2df34 thread_get_state + 136
LiveStreaming                   0x103dd2610 bs_mach_copyMem + 60
LiveStreaming                   0x103dd1d50 _bs_backtraceOfThread + 636
LiveStreaming                   0x103dd24a8 +[BSBacktraceLogger bs_backtraceOfAllThread] + 220
LiveStreaming                   0x103841ce0 __40+[IESDebugToolService startStuckMonitor]_block_invoke + 204
LiveStreaming                   0x10383f160 __36-[IESDebugStuckMonitor startMonitor]_block_invoke_2 + 112
CoreFoundation                  0x184f5ff38 <redacted> + 76
LiveStreaming                   0x10383f058 __36-[IESDebugStuckMonitor startMonitor]_block_invoke + 436
Foundation                      0x1859eee88 <redacted> + 16
Foundation                      0x1859308d0 <redacted> + 72
Foundation                      0x18592fcac <redacted> + 848
Foundation                      0x1859f076c <redacted> + 404
libdispatch.dylib               0x1848b8ae4 <redacted> + 16
libdispatch.dylib               0x1848c0f18 <redacted> + 424
libdispatch.dylib               0x1848bf850 <redacted> + 604
libdispatch.dylib               0x1848c5d30 <redacted> + 588
libdispatch.dylib               0x1848c5a80 <redacted> + 120
libsystem_pthread.dylib         0x184bebfac _pthread_wqthread + 1176

Backtrace of Thread 62751:
libsystem_kernel.dylib          0x184a2be08 mach_msg_trap + 8
libsystem_kernel.dylib          0x184a2bc80 mach_msg + 72
CoreFoundation                  0x184f6ee40 <redacted> + 196
CoreFoundation                  0x184f6c908 <redacted> + 1568
CoreFoundation                  0x184e8cda8 CFRunLoopRunSpecific + 552
CoreFoundation                  0x184edcb28 CFRunLoopRun + 116
CoreMotion                      0x18a46d9dc CLStartStopAdvertisingBeacon + 231572
libsystem_pthread.dylib         0x184bed220 <redacted> + 272
libsystem_pthread.dylib         0x184bed110 _pthread_start + 292

Backtrace of Thread 71451:
libsystem_kernel.dylib          0x184a2be08 mach_msg_trap + 8
libsystem_kernel.dylib          0x184a2bc80 mach_msg + 72
CoreFoundation                  0x184f6ee40 <redacted> + 196
CoreFoundation                  0x184f6c908 <redacted> + 1568
CoreFoundation                  0x184e8cda8 CFRunLoopRunSpecific + 552
GeoServices                     0x18b2356cc <redacted> + 468
libsystem_pthread.dylib         0x184bed220 <redacted> + 272
libsystem_pthread.dylib         0x184bed110 _pthread_start + 292

Backtrace of Thread 57639:
libsystem_kernel.dylib          0x184a4d538 select$DARWIN_EXTSN + 8
CoreFoundation                  0x184f77378 <redacted> + 644
libsystem_pthread.dylib         0x184bed220 <redacted> + 272
libsystem_pthread.dylib         0x184bed110 _pthread_start + 292

Backtrace of Thread 172043:
libsystem_kernel.dylib          0x184a2be08 mach_msg_trap + 8
libsystem_kernel.dylib          0x184a2bc80 mach_msg + 72
CoreFoundation                  0x184f6ee40 <redacted> + 196
CoreFoundation                  0x184f6c908 <redacted> + 1568
CoreFoundation                  0x184e8cda8 CFRunLoopRunSpecific + 552
Foundation                      0x185901674 <redacted> + 304
LiveStreaming                   0x103cecd34 -[_SRRunLoopThread main] + 360
Foundation                      0x185a11efc <redacted> + 1040
libsystem_pthread.dylib         0x184bed220 <redacted> + 272
libsystem_pthread.dylib         0x184bed110 _pthread_start + 292

Backtrace of Thread 94279:
libsystem_kernel.dylib          0x184a2be08 mach_msg_trap + 8
libsystem_kernel.dylib          0x184a2bc80 mach_msg + 72
CoreFoundation                  0x184f6ee40 <redacted> + 196
CoreFoundation                  0x184f6c908 <redacted> + 1568
CoreFoundation                  0x184e8cda8 CFRunLoopRunSpecific + 552
Foundation                      0x185901674 <redacted> + 304
LiveStreaming                   0x1047d6708 +[WXOMTAGCDAsyncSocket cfstreamThread] + 360
Foundation                      0x185a11efc <redacted> + 1040
libsystem_pthread.dylib         0x184bed220 <redacted> + 272
libsystem_pthread.dylib         0x184bed110 _pthread_start + 292

Backtrace of Thread 103523:
libsystem_kernel.dylib          0x184a2be08 mach_msg_trap + 8
libsystem_kernel.dylib          0x184a2bc80 mach_msg + 72
LiveStreaming                   0x10591cdbc CLSMachExceptionServer + 100
libsystem_pthread.dylib         0x184bed220 <redacted> + 272
libsystem_pthread.dylib         0x184bed110 _pthread_start + 292

Backtrace of Thread 158243:
libsystem_kernel.dylib          0x184a4dd84 __workq_kernreturn + 8
libsystem_pthread.dylib         0x184bebeb4 _pthread_wqthread + 928

Backtrace of Thread 109827:
libsystem_kernel.dylib          0x184a2be5c semaphore_timedwait_trap + 8
libdispatch.dylib               0x1848bb0b0 <redacted> + 60
libdispatch.dylib               0x1848bb924 <redacted> + 72
libdispatch.dylib               0x1848c723c <redacted> + 256
libsystem_pthread.dylib         0x184bed220 <redacted> + 272
libsystem_pthread.dylib         0x184bed110 _pthread_start + 292

Backtrace of Thread 107539:
libsystem_kernel.dylib          0x184a303e4 poll + 8
ZegoLiveRoom                    0x10a57b398 0x10a440000 + 1291160
ZegoLiveRoom                    0x10a57f44c 0x10a440000 + 1307724
ZegoLiveRoom                    0x10a57f1ec 0x10a440000 + 1307116
ZegoLiveRoom                    0x10a5835bc 0x10a440000 + 1324476
libsystem_pthread.dylib         0x184bed220 <redacted> + 272
libsystem_pthread.dylib         0x184bed110 _pthread_start + 292

Backtrace of Thread 106775:
libsystem_kernel.dylib          0x184a303e4 poll + 8
ZegoLiveRoom                    0x10a57b398 0x10a440000 + 1291160
ZegoLiveRoom                    0x10a57f44c 0x10a440000 + 1307724
ZegoLiveRoom                    0x10a57f1ec 0x10a440000 + 1307116
ZegoLiveRoom                    0x10a5835bc 0x10a440000 + 1324476
libsystem_pthread.dylib         0x184bed220 <redacted> + 272
libsystem_pthread.dylib         0x184bed110 _pthread_start + 292

Backtrace of Thread 148999:
libsystem_kernel.dylib          0x184a303e4 poll + 8
ZegoLiveRoom                    0x10a57b398 0x10a440000 + 1291160
ZegoLiveRoom                    0x10a57f44c 0x10a440000 + 1307724
ZegoLiveRoom                    0x10a57f1ec 0x10a440000 + 1307116
ZegoLiveRoom                    0x10a5835bc 0x10a440000 + 1324476
libsystem_pthread.dylib         0x184bed220 <redacted> + 272
libsystem_pthread.dylib         0x184bed110 _pthread_start + 292

Backtrace of Thread 51467:
libsystem_kernel.dylib          0x184a2be44 semaphore_wait_trap + 8
ZegoLiveRoom                    0x10a620da8 0x10a440000 + 1969576
ZegoLiveRoom                    0x10a620efc 0x10a440000 + 1969916
libsystem_pthread.dylib         0x184bed220 <redacted> + 272
libsystem_pthread.dylib         0x184bed110 _pthread_start + 292

Backtrace of Thread 80139:
libsystem_kernel.dylib          0x184a303e4 poll + 8
ZegoLiveRoom                    0x10a57b398 0x10a440000 + 1291160
ZegoLiveRoom                    0x10a57f44c 0x10a440000 + 1307724
ZegoLiveRoom                    0x10a57f1ec 0x10a440000 + 1307116
ZegoLiveRoom                    0x10a5835bc 0x10a440000 + 1324476
libsystem_pthread.dylib         0x184bed220 <redacted> + 272
libsystem_pthread.dylib         0x184bed110 _pthread_start + 292

Backtrace of Thread 79623:
libsystem_kernel.dylib          0x184a303e4 poll + 8
ZegoLiveRoom                    0x10a57b398 0x10a440000 + 1291160
ZegoLiveRoom                    0x10a57f44c 0x10a440000 + 1307724
ZegoLiveRoom                    0x10a57f1ec 0x10a440000 + 1307116
ZegoLiveRoom                    0x10a5835bc 0x10a440000 + 1324476
libsystem_pthread.dylib         0x184bed220 <redacted> + 272
libsystem_pthread.dylib         0x184bed110 _pthread_start + 292

Backtrace of Thread 112315:
libsystem_kernel.dylib          0x184a4d0f4 __psynch_cvwait + 8
libsystem_pthread.dylib         0x184befc90 <redacted> + 644
ZegoLiveRoom                    0x10a5d6024 0x10a440000 + 1663012
libsystem_pthread.dylib         0x184bed220 <redacted> + 272
libsystem_pthread.dylib         0x184bed110 _pthread_start + 292

Backtrace of Thread 147223:
libsystem_kernel.dylib          0x184a2be5c semaphore_timedwait_trap + 8
libdispatch.dylib               0x1848bb0b0 <redacted> + 60
libdispatch.dylib               0x1848bb924 <redacted> + 72
libdispatch.dylib               0x1848c723c <redacted> + 256
libsystem_pthread.dylib         0x184bed220 <redacted> + 272
libsystem_pthread.dylib         0x184bed110 _pthread_start + 292

Backtrace of Thread 170523:
libsystem_kernel.dylib          0x184a2be5c semaphore_timedwait_trap + 8
libdispatch.dylib               0x1848bb0b0 <redacted> + 60
libdispatch.dylib               0x1848bb924 <redacted> + 72
libdispatch.dylib               0x1848c723c <redacted> + 256
libsystem_pthread.dylib         0x184bed220 <redacted> + 272
libsystem_pthread.dylib         0x184bed110 _pthread_start + 292

Backtrace of Thread 146715:
libsystem_kernel.dylib          0x184a2be44 semaphore_wait_trap + 8
ZegoLiveRoom                    0x10a63d634 0x10a440000 + 2086452
ZegoLiveRoom                    0x10a63d774 0x10a440000 + 2086772
libsystem_pthread.dylib         0x184bed220 <redacted> + 272
libsystem_pthread.dylib         0x184bed110 _pthread_start + 292

Backtrace of Thread 113211:
libsystem_kernel.dylib          0x184a2be44 semaphore_wait_trap + 8
ZegoLiveRoom                    0x10a63d634 0x10a440000 + 2086452
ZegoLiveRoom                    0x10a63d774 0x10a440000 + 2086772
libsystem_pthread.dylib         0x184bed220 <redacted> + 272
libsystem_pthread.dylib         0x184bed110 _pthread_start + 292

Backtrace of Thread 146435:
libsystem_kernel.dylib          0x184a2be44 semaphore_wait_trap + 8
ZegoLiveRoom                    0x10a61ac74 0x10a440000 + 1944692
ZegoLiveRoom                    0x10a620e00 0x10a440000 + 1969664
ZegoLiveRoom                    0x10a620efc 0x10a440000 + 1969916
libsystem_pthread.dylib         0x184bed220 <redacted> + 272
libsystem_pthread.dylib         0x184bed110 _pthread_start + 292

Backtrace of Thread 145923:
libsystem_kernel.dylib          0x184a2be08 mach_msg_trap + 8
libsystem_kernel.dylib          0x184a2bc80 mach_msg + 72
AudioToolbox                    0x188ba0a6c <redacted> + 260
AudioToolbox                    0x188ba52f0 <redacted> + 156
AudioToolbox                    0x188f17128 <redacted> + 88
libsystem_pthread.dylib         0x184bed220 <redacted> + 272
libsystem_pthread.dylib         0x184bed110 _pthread_start + 292

Backtrace of Thread 114955:
libsystem_kernel.dylib          0x184a2be08 mach_msg_trap + 8
libsystem_kernel.dylib          0x184a2bc80 mach_msg + 72
CoreFoundation                  0x184f6ee40 <redacted> + 196
CoreFoundation                  0x184f6c908 <redacted> + 1568
CoreFoundation                  0x184e8cda8 CFRunLoopRunSpecific + 552
Foundation                      0x185901674 <redacted> + 304
Foundation                      0x1859761a8 <redacted> + 88
ZegoLiveRoom                    0x10a67a35c 0x10a440000 + 2335580
Foundation                      0x185a11efc <redacted> + 1040
libsystem_pthread.dylib         0x184bed220 <redacted> + 272
libsystem_pthread.dylib         0x184bed110 _pthread_start + 292

Backtrace of Thread 153643:
libsystem_kernel.dylib          0x184a303e4 poll + 8
ZegoLiveRoom                    0x10a63dcfc 0x10a440000 + 2088188
ZegoLiveRoom                    0x10a63d444 0x10a440000 + 2085956
ZegoLiveRoom                    0x10a63d678 0x10a440000 + 2086520
ZegoLiveRoom                    0x10a63d774 0x10a440000 + 2086772
libsystem_pthread.dylib         0x184bed220 <redacted> + 272
libsystem_pthread.dylib         0x184bed110 _pthread_start + 292

Backtrace of Thread 113983:
libsystem_kernel.dylib          0x184a2be5c semaphore_timedwait_trap + 8
ZegoLiveRoom                    0x10a609fb4 0x10a440000 + 1875892
ZegoLiveRoom                    0x10a63d678 0x10a440000 + 2086520
ZegoLiveRoom                    0x10a63d774 0x10a440000 + 2086772
libsystem_pthread.dylib         0x184bed220 <redacted> + 272
libsystem_pthread.dylib         0x184bed110 _pthread_start + 292

Backtrace of Thread 144131:
libsystem_kernel.dylib          0x184a2be44 semaphore_wait_trap + 8
ZegoLiveRoom                    0x10a620da8 0x10a440000 + 1969576
ZegoLiveRoom                    0x10a620efc 0x10a440000 + 1969916
libsystem_pthread.dylib         0x184bed220 <redacted> + 272
libsystem_pthread.dylib         0x184bed110 _pthread_start + 292

