Call Backtrace of 41 threads:
Backtrace of Thread 771:
libsystem_kernel.dylib          0x184a2be08 mach_msg_trap + 8
libsystem_kernel.dylib          0x184a2bc80 mach_msg + 72
libdispatch.dylib               0x1848ce8b8 <redacted> + 560
libdispatch.dylib               0x1848cedb0 <redacted> + 56
libxpc.dylib                    0x184c288d8 xpc_connection_send_message_with_reply_sync + 196
CoreMedia                       0x18836219c FigXPCRemoteClientSendSyncMessageCreatingReply + 36
CoreMedia                       0x1882e1a2c <redacted> + 520
AVFoundation                    0x18aaf1910 <redacted> + 112
AVFoundation                    0x18ab43b94 <redacted> + 36
AVFoundation                    0x18ab42e80 <redacted> + 116
AVFoundation                    0x18aad8a24 <redacted> + 40
MediaPlayer                     0x1963f31cc <redacted> + 68
MediaPlayer                     0x1963f3630 <redacted> + 68
libdispatch.dylib               0x1848b8b24 <redacted> + 24
libdispatch.dylib               0x1848b8ae4 <redacted> + 16
libdispatch.dylib               0x1848c56e0 <redacted> + 1012
CoreFoundation                  0x184f6f070 <redacted> + 12
CoreFoundation                  0x184f6cbc8 <redacted> + 2272
CoreFoundation                  0x184e8cda8 CFRunLoopRunSpecific + 552
GraphicsServices                0x186e6f020 GSEventRunModal + 100
UIKit                           0x18ee6d78c UIApplicationMain + 236
LiveStreaming                   0x1027b0e70 main + 124
libdyld.dylib                   0x18491dfc0 <redacted> + 4

Backtrace of Thread 8715:
libsystem_kernel.dylib          0x184a4d0f4 __psynch_cvwait + 8
libsystem_pthread.dylib         0x184befc90 <redacted> + 644
libc++.1.dylib                  0x1841042ec _ZNSt3__118condition_variable15__do_timed_waitERNS_11unique_lockINS_5mutexEEENS_6chrono10time_pointINS5_12system_clockENS5_8durationIxNS_5ratioILl1ELl1000000000EEEEEEE + 96
JavaScriptCore                  0x18c5e3430 <redacted> + 124
JavaScriptCore                  0x18c5e32e0 <redacted> + 112
JavaScriptCore                  0x18c5e2e24 <redacted> + 272
JavaScriptCore                  0x18c5e2b60 <redacted> + 12
JavaScriptCore                  0x18c5e2f7c <redacted> + 44
libsystem_pthread.dylib         0x184bed220 <redacted> + 272
libsystem_pthread.dylib         0x184bed110 _pthread_start + 292

Backtrace of Thread 8451:
libsystem_kernel.dylib          0x184a2be08 mach_msg_trap + 8
libsystem_kernel.dylib          0x184a2bc80 mach_msg + 72
CoreFoundation                  0x184f6ee40 <redacted> + 196
CoreFoundation                  0x184f6c908 <redacted> + 1568
CoreFoundation                  0x184e8cda8 CFRunLoopRunSpecific + 552
WebCore                         0x18d119dcc <redacted> + 592
libsystem_pthread.dylib         0x184bed220 <redacted> + 272
libsystem_pthread.dylib         0x184bed110 _pthread_start + 292

Backtrace of Thread 19971:
libsystem_kernel.dylib          0x184a2be08 mach_msg_trap + 8
libsystem_kernel.dylib          0x184a2bc80 mach_msg + 72
CoreFoundation                  0x184f6ee40 <redacted> + 196
CoreFoundation                  0x184f6c908 <redacted> + 1568
CoreFoundation                  0x184e8cda8 CFRunLoopRunSpecific + 552
Foundation                      0x185901674 <redacted> + 304
Foundation                      0x18590151c <redacted> + 148
UIKit                           0x18eb527e4 <redacted> + 136
Foundation                      0x185a11efc <redacted> + 1040
libsystem_pthread.dylib         0x184bed220 <redacted> + 272
libsystem_pthread.dylib         0x184bed110 _pthread_start + 292

Backtrace of Thread 28163:
libsystem_kernel.dylib          0x184a2be08 mach_msg_trap + 8
libsystem_kernel.dylib          0x184a2bc80 mach_msg + 72
CoreFoundation                  0x184f6ee40 <redacted> + 196
CoreFoundation                  0x184f6c908 <redacted> + 1568
CoreFoundation                  0x184e8cda8 CFRunLoopRunSpecific + 552
Foundation                      0x185901674 <redacted> + 304
Foundation                      0x1859761a8 <redacted> + 88
LiveStreaming                   0x10289402c +[AFURLConnectionOperation networkRequestThreadEntryPoint:] + 308
Foundation                      0x185a11efc <redacted> + 1040
libsystem_pthread.dylib         0x184bed220 <redacted> + 272
libsystem_pthread.dylib         0x184bed110 _pthread_start + 292

Backtrace of Thread 86359:
libsystem_kernel.dylib          0x184a2be08 mach_msg_trap + 8
libsystem_kernel.dylib          0x184a2bc80 mach_msg + 72
CoreFoundation                  0x184f6ee40 <redacted> + 196
CoreFoundation                  0x184f6c908 <redacted> + 1568
CoreFoundation                  0x184e8cda8 CFRunLoopRunSpecific + 552
CFNetwork                       0x18579a4b0 <redacted> + 220
Foundation                      0x185a11efc <redacted> + 1040
libsystem_pthread.dylib         0x184bed220 <redacted> + 272
libsystem_pthread.dylib         0x184bed110 _pthread_start + 292

Backtrace of Thread 77327:
libsystem_kernel.dylib          0x184a2be08 mach_msg_trap + 8
libsystem_kernel.dylib          0x184a2bc80 mach_msg + 72
AudioToolbox                    0x188d8be48 <redacted> + 184
AudioToolbox                    0x188d6ae2c AudioSessionCopyProperty_Priv + 568
AVFAudio                        0x18a8f3bc4 <redacted> + 72
AVFAudio                        0x18a97aa88 <redacted> + 76
AVFAudio                        0x18a97463c <redacted> + 312
AVFAudio                        0x18a973f08 <redacted> + 1764
AudioToolbox                    0x188c37cc0 <redacted> + 744
AudioToolbox                    0x188d2aa3c <redacted> + 224
AudioToolbox                    0x188d69754 <redacted> + 644
AudioToolbox                    0x188d6dcb4 <redacted> + 292
AudioToolbox                    0x188d6d110 <redacted> + 1496
AudioToolbox                    0x188d6c84c <redacted> + 584
AudioToolbox                    0x188c282a8 <redacted> + 52
AudioToolbox                    0x188f0f210 <redacted> + 232
CoreFoundation                  0x184f6fae8 <redacted> + 56
CoreFoundation                  0x184f6f230 <redacted> + 440
CoreFoundation                  0x184f6cc80 <redacted> + 2456
CoreFoundation                  0x184e8cda8 CFRunLoopRunSpecific + 552
AVFAudio                        0x18a972424 <redacted> + 164
AVFAudio                        0x18a99c834 <redacted> + 88
libsystem_pthread.dylib         0x184bed220 <redacted> + 272
libsystem_pthread.dylib         0x184bed110 _pthread_start + 292

Backtrace of Thread 56331:
libsystem_kernel.dylib          0x184a2be08 mach_msg_trap + 8
libsystem_kernel.dylib          0x184a2bc80 mach_msg + 72
libsystem_kernel.dylib          0x184a2df34 thread_get_state + 136
LiveStreaming                   0x103dd2610 bs_mach_copyMem + 60
LiveStreaming                   0x103dd1d50 _bs_backtraceOfThread + 636
LiveStreaming                   0x103dd24a8 +[BSBacktraceLogger bs_backtraceOfAllThread] + 220
LiveStreaming                   0x103841ce0 __40+[IESDebugToolService startStuckMonitor]_block_invoke + 204
LiveStreaming                   0x10383f160 __36-[IESDebugStuckMonitor startMonitor]_block_invoke_2 + 112
CoreFoundation                  0x184f5ff38 <redacted> + 76
LiveStreaming                   0x10383f058 __36-[IESDebugStuckMonitor startMonitor]_block_invoke + 436
Foundation                      0x1859eee88 <redacted> + 16
Foundation                      0x1859308d0 <redacted> + 72
Foundation                      0x18592fcac <redacted> + 848
Foundation                      0x1859f076c <redacted> + 404
libdispatch.dylib               0x1848b8ae4 <redacted> + 16
libdispatch.dylib               0x1848c0f18 <redacted> + 424
libdispatch.dylib               0x1848bf850 <redacted> + 604
libdispatch.dylib               0x1848c5d30 <redacted> + 588
libdispatch.dylib               0x1848c5a80 <redacted> + 120
libsystem_pthread.dylib         0x184bebfac _pthread_wqthread + 1176

Backtrace of Thread 62751:
libsystem_kernel.dylib          0x184a2be08 mach_msg_trap + 8
libsystem_kernel.dylib          0x184a2bc80 mach_msg + 72
CoreFoundation                  0x184f6ee40 <redacted> + 196
CoreFoundation                  0x184f6c908 <redacted> + 1568
CoreFoundation                  0x184e8cda8 CFRunLoopRunSpecific + 552
CoreFoundation                  0x184edcb28 CFRunLoopRun + 116
CoreMotion                      0x18a46d9dc CLStartStopAdvertisingBeacon + 231572
libsystem_pthread.dylib         0x184bed220 <redacted> + 272
libsystem_pthread.dylib         0x184bed110 _pthread_start + 292

Backtrace of Thread 71451:
libsystem_kernel.dylib          0x184a2be08 mach_msg_trap + 8
libsystem_kernel.dylib          0x184a2bc80 mach_msg + 72
CoreFoundation                  0x184f6ee40 <redacted> + 196
CoreFoundation                  0x184f6c908 <redacted> + 1568
CoreFoundation                  0x184e8cda8 CFRunLoopRunSpecific + 552
GeoServices                     0x18b2356cc <redacted> + 468
libsystem_pthread.dylib         0x184bed220 <redacted> + 272
libsystem_pthread.dylib         0x184bed110 _pthread_start + 292

Backtrace of Thread 57639:
libsystem_kernel.dylib          0x184a4d538 select$DARWIN_EXTSN + 8
CoreFoundation                  0x184f77378 <redacted> + 644
libsystem_pthread.dylib         0x184bed220 <redacted> + 272
libsystem_pthread.dylib         0x184bed110 _pthread_start + 292

Backtrace of Thread 172043:
libsystem_kernel.dylib          0x184a2be08 mach_msg_trap + 8
libsystem_kernel.dylib          0x184a2bc80 mach_msg + 72
CoreFoundation                  0x184f6ee40 <redacted> + 196
CoreFoundation                  0x184f6c908 <redacted> + 1568
CoreFoundation                  0x184e8cda8 CFRunLoopRunSpecific + 552
Foundation                      0x185901674 <redacted> + 304
LiveStreaming                   0x103cecd34 -[_SRRunLoopThread main] + 360
Foundation                      0x185a11efc <redacted> + 1040
libsystem_pthread.dylib         0x184bed220 <redacted> + 272
libsystem_pthread.dylib         0x184bed110 _pthread_start + 292

Backtrace of Thread 103523:
libsystem_kernel.dylib          0x184a2be08 mach_msg_trap + 8
libsystem_kernel.dylib          0x184a2bc80 mach_msg + 72
LiveStreaming                   0x10591cdbc CLSMachExceptionServer + 100
libsystem_pthread.dylib         0x184bed220 <redacted> + 272
libsystem_pthread.dylib         0x184bed110 _pthread_start + 292

Backtrace of Thread 107539:
libsystem_kernel.dylib          0x184a2be08 mach_msg_trap + 8
libsystem_kernel.dylib          0x184a2bc80 mach_msg + 72
AudioToolbox                    0x188d8b978 <redacted> + 144
AudioToolbox                    0x188d6aa14 AudioSessionSetActive_Priv + 316
AVFAudio                        0x18a977590 <redacted> + 84
ZegoLiveRoom                    0x10a61eac4 0x10a440000 + 1960644
ZegoLiveRoom                    0x10a61e9ec 0x10a440000 + 1960428
ZegoLiveRoom                    0x10a614880 0x10a440000 + 1919104
ZegoLiveRoom                    0x10a5110a4 0x10a440000 + 856228
ZegoLiveRoom                    0x10a511330 0x10a440000 + 856880
ZegoLiveRoom                    0x10a4a8330 0x10a440000 + 426800
ZegoLiveRoom                    0x10a4aaf20 0x10a440000 + 438048
ZegoLiveRoom                    0x10a558fa0 0x10a440000 + 1150880
ZegoLiveRoom                    0x10a44f7fc 0x10a440000 + 63484
ZegoLiveRoom                    0x10a57d088 0x10a440000 + 1298568
ZegoLiveRoom                    0x10a57f688 0x10a440000 + 1308296
ZegoLiveRoom                    0x10a57f438 0x10a440000 + 1307704
ZegoLiveRoom                    0x10a57f1ec 0x10a440000 + 1307116
ZegoLiveRoom                    0x10a5835bc 0x10a440000 + 1324476
libsystem_pthread.dylib         0x184bed220 <redacted> + 272
libsystem_pthread.dylib         0x184bed110 _pthread_start + 292

Backtrace of Thread 106775:
libsystem_kernel.dylib          0x184a303e4 poll + 8
ZegoLiveRoom                    0x10a57b398 0x10a440000 + 1291160
ZegoLiveRoom                    0x10a57f44c 0x10a440000 + 1307724
ZegoLiveRoom                    0x10a57f1ec 0x10a440000 + 1307116
ZegoLiveRoom                    0x10a5835bc 0x10a440000 + 1324476
libsystem_pthread.dylib         0x184bed220 <redacted> + 272
libsystem_pthread.dylib         0x184bed110 _pthread_start + 292

Backtrace of Thread 148999:
libsystem_kernel.dylib          0x184a303e4 poll + 8
ZegoLiveRoom                    0x10a57b398 0x10a440000 + 1291160
ZegoLiveRoom                    0x10a57f44c 0x10a440000 + 1307724
ZegoLiveRoom                    0x10a57f1ec 0x10a440000 + 1307116
ZegoLiveRoom                    0x10a5835bc 0x10a440000 + 1324476
libsystem_pthread.dylib         0x184bed220 <redacted> + 272
libsystem_pthread.dylib         0x184bed110 _pthread_start + 292

Backtrace of Thread 80139:
libsystem_kernel.dylib          0x184a4d0f4 __psynch_cvwait + 8
libsystem_pthread.dylib         0x184befc90 <redacted> + 644
ZegoLiveRoom                    0x10a5817b0 0x10a440000 + 1316784
ZegoLiveRoom                    0x10a4a8414 0x10a440000 + 427028
ZegoLiveRoom                    0x10a4eb83c 0x10a440000 + 702524
ZegoLiveRoom                    0x10a4ebc08 0x10a440000 + 703496
ZegoLiveRoom                    0x10a5a5cc4 0x10a440000 + 1465540
ZegoLiveRoom                    0x10a5a8334 0x10a440000 + 1475380
ZegoLiveRoom                    0x10a4ec0a8 0x10a440000 + 704680
ZegoLiveRoom                    0x10a4ebc08 0x10a440000 + 703496
ZegoLiveRoom                    0x10a5a5cc4 0x10a440000 + 1465540
ZegoLiveRoom                    0x10a5a8334 0x10a440000 + 1475380
ZegoLiveRoom                    0x10a4ec0a8 0x10a440000 + 704680
ZegoLiveRoom                    0x10a4ebc08 0x10a440000 + 703496
ZegoLiveRoom                    0x10a5a5cc4 0x10a440000 + 1465540
ZegoLiveRoom                    0x10a5a5a2c 0x10a440000 + 1464876
ZegoLiveRoom                    0x10a4ee6c0 0x10a440000 + 714432
ZegoLiveRoom                    0x10a44f7fc 0x10a440000 + 63484
ZegoLiveRoom                    0x10a57d088 0x10a440000 + 1298568
ZegoLiveRoom                    0x10a57f688 0x10a440000 + 1308296
ZegoLiveRoom                    0x10a57f438 0x10a440000 + 1307704
ZegoLiveRoom                    0x10a57f1ec 0x10a440000 + 1307116
ZegoLiveRoom                    0x10a5835bc 0x10a440000 + 1324476
libsystem_pthread.dylib         0x184bed220 <redacted> + 272
libsystem_pthread.dylib         0x184bed110 _pthread_start + 292

Backtrace of Thread 79623:
libsystem_kernel.dylib          0x184a303e4 poll + 8
ZegoLiveRoom                    0x10a57b398 0x10a440000 + 1291160
ZegoLiveRoom                    0x10a57f44c 0x10a440000 + 1307724
ZegoLiveRoom                    0x10a57f1ec 0x10a440000 + 1307116
ZegoLiveRoom                    0x10a5835bc 0x10a440000 + 1324476
libsystem_pthread.dylib         0x184bed220 <redacted> + 272
libsystem_pthread.dylib         0x184bed110 _pthread_start + 292

Backtrace of Thread 112315:
libsystem_kernel.dylib          0x184a4d0f4 __psynch_cvwait + 8
libsystem_pthread.dylib         0x184befc90 <redacted> + 644
ZegoLiveRoom                    0x10a5d6024 0x10a440000 + 1663012
libsystem_pthread.dylib         0x184bed220 <redacted> + 272
libsystem_pthread.dylib         0x184bed110 _pthread_start + 292

Backtrace of Thread 141827:
libsystem_kernel.dylib          0x184a4d0f4 __psynch_cvwait + 8
libsystem_pthread.dylib         0x184befc90 <redacted> + 644
LiveStreaming                   0x103eb5a00 _ZN3com2ss3ttm5utils7AVQueueIPNS1_9AVMessageEE9dequeue_lEi + 148
LiveStreaming                   0x103eb5d70 _ZN3com2ss3ttm8AVLooper7processEv + 60
LiveStreaming                   0x103eae6f8 _ZN3com2ss3ttm5utils8AVThread3runEv + 228
LiveStreaming                   0x103eae608 _ZN3com2ss3ttm5utils8AVThread10thread_funEPv + 12
libsystem_pthread.dylib         0x184bed220 <redacted> + 272
libsystem_pthread.dylib         0x184bed110 _pthread_start + 292

Backtrace of Thread 118019:
libsystem_kernel.dylib          0x184a4d0f4 __psynch_cvwait + 8
libsystem_pthread.dylib         0x184befc90 <redacted> + 644
LiveStreaming                   0x103eae6a4 _ZN3com2ss3ttm5utils8AVThread3runEv + 144
LiveStreaming                   0x103eae608 _ZN3com2ss3ttm5utils8AVThread10thread_funEPv + 12
libsystem_pthread.dylib         0x184bed220 <redacted> + 272
libsystem_pthread.dylib         0x184bed110 _pthread_start + 292

Backtrace of Thread 118275:
libsystem_kernel.dylib          0x184a4d0f4 __psynch_cvwait + 8
libsystem_pthread.dylib         0x184befc90 <redacted> + 644
LiveStreaming                   0x103eae6a4 _ZN3com2ss3ttm5utils8AVThread3runEv + 144
LiveStreaming                   0x103eae608 _ZN3com2ss3ttm5utils8AVThread10thread_funEPv + 12
libsystem_pthread.dylib         0x184bed220 <redacted> + 272
libsystem_pthread.dylib         0x184bed110 _pthread_start + 292

Backtrace of Thread 118531:
libsystem_kernel.dylib          0x184a4d0f4 __psynch_cvwait + 8
libsystem_pthread.dylib         0x184befc90 <redacted> + 644
LiveStreaming                   0x103eae6a4 _ZN3com2ss3ttm5utils8AVThread3runEv + 144
LiveStreaming                   0x103eae608 _ZN3com2ss3ttm5utils8AVThread10thread_funEPv + 12
libsystem_pthread.dylib         0x184bed220 <redacted> + 272
libsystem_pthread.dylib         0x184bed110 _pthread_start + 292

Backtrace of Thread 141571:
libsystem_kernel.dylib          0x184a4d0f4 __psynch_cvwait + 8
libsystem_pthread.dylib         0x184befc90 <redacted> + 644
LiveStreaming                   0x103eae6a4 _ZN3com2ss3ttm5utils8AVThread3runEv + 144
LiveStreaming                   0x103eae608 _ZN3com2ss3ttm5utils8AVThread10thread_funEPv + 12
libsystem_pthread.dylib         0x184bed220 <redacted> + 272
libsystem_pthread.dylib         0x184bed110 _pthread_start + 292

Backtrace of Thread 148435:
CoreFoundation                  0x184e8938c CFHash + 292
CoreFoundation                  0x184e8634c <redacted> + 208
CoreFoundation                  0x184e8634c <redacted> + 208
CoreFoundation                  0x184e86260 CFDictionaryGetValue + 224
CoreMedia                       0x188257978 CMVideoFormatDescriptionMatchesImageBuffer + 416
CoreMedia                       0x18833ac4c <redacted> + 1124
CoreMedia                       0x18833a774 FigRemote_CreateSampleBufferFromSerializedAtomBlockBufferAndSurface + 148
CoreMedia                       0x1882b3b28 <redacted> + 104
CoreMedia                       0x1882b2680 <redacted> + 168
CoreMedia                       0x1882cf340 <redacted> + 224
libdispatch.dylib               0x1848b8ae4 <redacted> + 16
libdispatch.dylib               0x1848c0f18 <redacted> + 424
libdispatch.dylib               0x1848ca808 <redacted> + 1364
libdispatch.dylib               0x1848c28f0 <redacted> + 280
libdispatch.dylib               0x1848c3380 <redacted> + 336
libdispatch.dylib               0x1848c28f0 <redacted> + 280
libdispatch.dylib               0x1848c3380 <redacted> + 336
libdispatch.dylib               0x1848c3d4c <redacted> + 340
libdispatch.dylib               0x1848cc11c <redacted> + 668
libsystem_pthread.dylib         0x184bebe70 _pthread_wqthread + 860

Backtrace of Thread 135943:
libsystem_kernel.dylib          0x184a2be08 mach_msg_trap + 8
libsystem_kernel.dylib          0x184a2bc80 mach_msg + 72
libdispatch.dylib               0x1848ce8b8 <redacted> + 560
libdispatch.dylib               0x1848cedb0 <redacted> + 56
libxpc.dylib                    0x184c288d8 xpc_connection_send_message_with_reply_sync + 196
CoreMedia                       0x18836219c FigXPCRemoteClientSendSyncMessageCreatingReply + 36
CoreMedia                       0x1882e2ef0 <redacted> + 92
AVFoundation                    0x18ab47c78 <redacted> + 88
MediaRemote                     0x190e11f2c <redacted> + 240
CoreFoundation                  0x184f58c3c <redacted> + 20
CoreFoundation                  0x184f581b8 <redacted> + 428
CoreFoundation                  0x184f57f14 <redacted> + 216
CoreFoundation                  0x184fd584c <redacted> + 1408
CoreFoundation                  0x184e8ef38 _CFXNotificationPost + 384
Foundation                      0x1858ffbbc <redacted> + 68
AVFoundation                    0x18aaf4f24 <redacted> + 200
CoreFoundation                  0x184f58c3c <redacted> + 20
CoreFoundation                  0x184f581b8 <redacted> + 428
CoreFoundation                  0x184f57f14 <redacted> + 216
CoreFoundation                  0x184fd584c <redacted> + 1408
CoreFoundation                  0x184e8ef38 _CFXNotificationPost + 384
CoreFoundation                  0x184eb28f0 CFNotificationCenterPostNotification + 132
CoreMedia                       0x188259488 CMNotificationCenterPostNotification + 124
CoreMedia                       0x188365314 <redacted> + 164
libdispatch.dylib               0x1848b8b24 <redacted> + 24
libdispatch.dylib               0x1848b8ae4 <redacted> + 16
libdispatch.dylib               0x1848c2a38 <redacted> + 608
libdispatch.dylib               0x1848c3380 <redacted> + 336
libdispatch.dylib               0x1848c3d4c <redacted> + 340
libdispatch.dylib               0x1848cc11c <redacted> + 668
libsystem_pthread.dylib         0x184bebe70 _pthread_wqthread + 860

Backtrace of Thread 136747:
libsystem_kernel.dylib          0x184a2be08 mach_msg_trap + 8
libsystem_kernel.dylib          0x184a2bc80 mach_msg + 72
CoreFoundation                  0x184f6ee40 <redacted> + 196
CoreFoundation                  0x184f6c908 <redacted> + 1568
CoreFoundation                  0x184e8cda8 CFRunLoopRunSpecific + 552
Foundation                      0x185901674 <redacted> + 304
LiveStreaming                   0x1047d6708 +[WXOMTAGCDAsyncSocket cfstreamThread] + 360
Foundation                      0x185a11efc <redacted> + 1040
libsystem_pthread.dylib         0x184bed220 <redacted> + 272
libsystem_pthread.dylib         0x184bed110 _pthread_start + 292

Backtrace of Thread 157975:
libsystem_kernel.dylib          0x184a4dd84 __workq_kernreturn + 8
libsystem_pthread.dylib         0x184bebeb4 _pthread_wqthread + 928

Backtrace of Thread 164111:
libsystem_kernel.dylib          0x184a4d0f4 __psynch_cvwait + 8
libsystem_pthread.dylib         0x184befc90 <redacted> + 644
libc++.1.dylib                  0x18410425c _ZNSt3__118condition_variable4waitERNS_11unique_lockINS_5mutexEEE + 24
LiveStreaming                   0x104c3ff9c _ZN3BRC9SyncQueueINSt3__110shared_ptrINS_4TaskEEEE4TakeERS4_ + 80
LiveStreaming                   0x104c3f9fc _ZN3BRC18SingleThreadWorker4workEv + 176
LiveStreaming                   0x104c401e0 _ZNSt3__114__thread_proxyINS_5tupleIJNS_10unique_ptrINS_15__thread_structENS_14default_deleteIS3_EEEEMN3BRC18SingleThreadWorkerEFvvEPS8_EEEEEPvSD_ + 64
libsystem_pthread.dylib         0x184bed220 <redacted> + 272
libsystem_pthread.dylib         0x184bed110 _pthread_start + 292

Backtrace of Thread 167691:
libsystem_kernel.dylib          0x184a4d0f4 __psynch_cvwait + 8
libsystem_pthread.dylib         0x184befc90 <redacted> + 644
libc++.1.dylib                  0x18410425c _ZNSt3__118condition_variable4waitERNS_11unique_lockINS_5mutexEEE + 24
LiveStreaming                   0x104c3ff9c _ZN3BRC9SyncQueueINSt3__110shared_ptrINS_4TaskEEEE4TakeERS4_ + 80
LiveStreaming                   0x104c3f9fc _ZN3BRC18SingleThreadWorker4workEv + 176
LiveStreaming                   0x104c401e0 _ZNSt3__114__thread_proxyINS_5tupleIJNS_10unique_ptrINS_15__thread_structENS_14default_deleteIS3_EEEEMN3BRC18SingleThreadWorkerEFvvEPS8_EEEEEPvSD_ + 64
libsystem_pthread.dylib         0x184bed220 <redacted> + 272
libsystem_pthread.dylib         0x184bed110 _pthread_start + 292

Backtrace of Thread 145171:
libsystem_kernel.dylib          0x184a2be08 mach_msg_trap + 8
libsystem_kernel.dylib          0x184a2bc80 mach_msg + 72
AudioToolbox                    0x188d8b978 <redacted> + 144
AudioToolbox                    0x188d6aa14 AudioSessionSetActive_Priv + 316
AVFAudio                        0x18a977590 <redacted> + 84
LiveStreaming                   0x103dd0ef8 ___ZN9videocore3iOS13TTAudioSourceC2EdiNSt3__18functionIFvRP28OpaqueAudioComponentInstanceEEE_block_invoke + 80
AudioToolbox                    0x188d6c138 AudioSessionRequestRecordPermission + 696
AVFAudio                        0x18a977c84 <redacted> + 68
LiveStreaming                   0x103dd0e10 _ZN9videocore3iOS13TTAudioSourceC2EdiNSt3__18functionIFvRP28OpaqueAudioComponentInstanceEEE + 236
LiveStreaming                   0x103d87f64 _ZNSt3__110shared_ptrIN9videocore3iOS13TTAudioSourceEE11make_sharedIJfiEEES4_DpOT_ + 128
LiveStreaming                   0x103d7cadc -[TTLiveStreamerSession setupGraph] + 2472
libdispatch.dylib               0x1848b8b24 <redacted> + 24
libdispatch.dylib               0x1848b8ae4 <redacted> + 16
libdispatch.dylib               0x1848c2a38 <redacted> + 608
libdispatch.dylib               0x1848c3380 <redacted> + 336
libdispatch.dylib               0x1848c3d4c <redacted> + 340
libdispatch.dylib               0x1848cc11c <redacted> + 668
libsystem_pthread.dylib         0x184bebe70 _pthread_wqthread + 860

Backtrace of Thread 124435:
libsystem_kernel.dylib          0x184a4dd84 __workq_kernreturn + 8
libsystem_pthread.dylib         0x184bebeb4 _pthread_wqthread + 928

Backtrace of Thread 136487:
libsystem_kernel.dylib          0x184a2be08 mach_msg_trap + 8
libsystem_kernel.dylib          0x184a2bc80 mach_msg + 72
IOKit                           0x185293e80 <redacted> + 832
IOKit                           0x185230410 IOConnectCallMethod + 172
IOAccelerator                   0x186dc26c4 IOAccelCommandQueueSubmitCommandBuffers + 164
Metal                           0x186e0071c <redacted> + 648
Metal                           0x186e2d810 <redacted> + 836
libdispatch.dylib               0x1848b8ae4 <redacted> + 16
libdispatch.dylib               0x1848c0f18 <redacted> + 424
libdispatch.dylib               0x1848ca808 <redacted> + 1364
libdispatch.dylib               0x1848c28f0 <redacted> + 280
libdispatch.dylib               0x1848c33ac <redacted> + 380
libdispatch.dylib               0x1848c3d4c <redacted> + 340
libdispatch.dylib               0x1848cc11c <redacted> + 668
libsystem_pthread.dylib         0x184bebe70 _pthread_wqthread + 860

Backtrace of Thread 53651:
libsystem_kernel.dylib          0x184a4d0f4 __psynch_cvwait + 8
libsystem_pthread.dylib         0x184befc90 <redacted> + 644
AppleMetalGLRenderer            0x1a54b4584 <redacted> + 72
GLEngine                        0x1a624ce20 <redacted> + 168
LiveStreaming                   0x10397d0b4 __37-[HTSRawDataOutputRender pixelBuffer]_block_invoke + 92
libdispatch.dylib               0x1848b8ae4 <redacted> + 16
libdispatch.dylib               0x1848c1640 <redacted> + 56
LiveStreaming                   0x1038ec430 runSynchronouslyOnVideoProcessingQueue + 212
LiveStreaming                   0x10397cfec -[HTSRawDataOutputRender pixelBuffer] + 160
LiveStreaming                   0x1039d4438 __30-[IESCamera startVideoCapture]_block_invoke_2 + 520
LiveStreaming                   0x1038c24ac -[HTSCameraKit captureOutput:didOutputSampleBuffer:fromConnection:] + 748
AVFoundation                    0x18aac45c0 <redacted> + 344
AVFoundation                    0x18aac43d8 <redacted> + 100
CoreMedia                       0x1882b26e8 <redacted> + 272
CoreMedia                       0x1882cf340 <redacted> + 224
libdispatch.dylib               0x1848b8ae4 <redacted> + 16
libdispatch.dylib               0x1848c0f18 <redacted> + 424
libdispatch.dylib               0x1848ca808 <redacted> + 1364
libdispatch.dylib               0x1848c28f0 <redacted> + 280
libdispatch.dylib               0x1848c3380 <redacted> + 336
libdispatch.dylib               0x1848c28f0 <redacted> + 280
libdispatch.dylib               0x1848c3380 <redacted> + 336
libdispatch.dylib               0x1848c3d4c <redacted> + 340
libdispatch.dylib               0x1848cc11c <redacted> + 668
libsystem_pthread.dylib         0x184bebe70 _pthread_wqthread + 860

Backtrace of Thread 348931:
libsystem_kernel.dylib          0x184a2be44 semaphore_wait_trap + 8
ZegoLiveRoom                    0x10a620da8 0x10a440000 + 1969576
ZegoLiveRoom                    0x10a620efc 0x10a440000 + 1969916
libsystem_pthread.dylib         0x184bed220 <redacted> + 272
libsystem_pthread.dylib         0x184bed110 _pthread_start + 292

Backtrace of Thread 348703:
libsystem_kernel.dylib          0x184a2be44 semaphore_wait_trap + 8
ZegoLiveRoom                    0x10a63d634 0x10a440000 + 2086452
ZegoLiveRoom                    0x10a63d774 0x10a440000 + 2086772
libsystem_pthread.dylib         0x184bed220 <redacted> + 272
libsystem_pthread.dylib         0x184bed110 _pthread_start + 292

Backtrace of Thread 152439:
libsystem_kernel.dylib          0x184a2be44 semaphore_wait_trap + 8
ZegoLiveRoom                    0x10a63d634 0x10a440000 + 2086452
ZegoLiveRoom                    0x10a63d774 0x10a440000 + 2086772
libsystem_pthread.dylib         0x184bed220 <redacted> + 272
libsystem_pthread.dylib         0x184bed110 _pthread_start + 292

Backtrace of Thread 175875:
libsystem_kernel.dylib          0x184a2be44 semaphore_wait_trap + 8
ZegoLiveRoom                    0x10a61ac74 0x10a440000 + 1944692
ZegoLiveRoom                    0x10a620e00 0x10a440000 + 1969664
ZegoLiveRoom                    0x10a620efc 0x10a440000 + 1969916
libsystem_pthread.dylib         0x184bed220 <redacted> + 272
libsystem_pthread.dylib         0x184bed110 _pthread_start + 292

Backtrace of Thread 11299:
libsystem_kernel.dylib          0x184a2be08 mach_msg_trap + 8
libsystem_kernel.dylib          0x184a2bc80 mach_msg + 72
CoreFoundation                  0x184f6ee40 <redacted> + 196
CoreFoundation                  0x184f6c908 <redacted> + 1568
CoreFoundation                  0x184e8cda8 CFRunLoopRunSpecific + 552
Foundation                      0x185901674 <redacted> + 304
Foundation                      0x1859761a8 <redacted> + 88
ZegoLiveRoom                    0x10a67a35c 0x10a440000 + 2335580
Foundation                      0x185a11efc <redacted> + 1040
libsystem_pthread.dylib         0x184bed220 <redacted> + 272
libsystem_pthread.dylib         0x184bed110 _pthread_start + 292

Backtrace of Thread 180503:
libsystem_kernel.dylib          0x184a2be5c semaphore_timedwait_trap + 8
libdispatch.dylib               0x1848bb0b0 <redacted> + 60
libdispatch.dylib               0x1848bb924 <redacted> + 72
libdispatch.dylib               0x1848c723c <redacted> + 256
libsystem_pthread.dylib         0x184bed220 <redacted> + 272
libsystem_pthread.dylib         0x184bed110 _pthread_start + 292

Backtrace of Thread 179215:
libsystem_kernel.dylib          0x184a2be5c semaphore_timedwait_trap + 8
libdispatch.dylib               0x1848bb0b0 <redacted> + 60
libdispatch.dylib               0x1848bb924 <redacted> + 72
libdispatch.dylib               0x1848c723c <redacted> + 256
libsystem_pthread.dylib         0x184bed220 <redacted> + 272
libsystem_pthread.dylib         0x184bed110 _pthread_start + 292

