Call Backtrace of 24 threads:
Backtrace of Thread 771:
libsystem_kernel.dylib          0x184a4d1a8 __psynch_rw_rdlock + 8
libsystem_pthread.dylib         0x184bf132c <redacted> + 72
libobjc.A.dylib                 0x184189be8 <redacted> + 104
libobjc.A.dylib                 0x184189988 <redacted> + 84
libobjc.A.dylib                 0x184194c38 <redacted> + 56
LiveStreaming                   0x1040e0c50 -[RACStream(Operations) flattenMap:] + 192
LiveStreaming                   0x1040e14e8 -[RACStream(Operations) map:] + 596
LiveStreaming                   0x1040e3854 +[RACStream(Operations) join:block:] + 360
LiveStreaming                   0x1040e3df0 +[RACStream(Operations) zip:] + 80
LiveStreaming                   0x104093a1c -[NSObject(RACPropertySubscribing) rac_valuesAndChangesForKeyPath:options:observer:] + 584
LiveStreaming                   0x104093640 -[NSObject(RACPropertySubscribing) rac_valuesForKeyPath:observer:] + 144
LiveStreaming                   0x1039d71ac -[HTSCaptureVideoViewModel _bindRecordContext:] + 292
LiveStreaming                   0x1039ca4f0 -[HTSCaptureVideoViewModel initWithVideoWrapper:] + 1976
LiveStreaming                   0x1039cac54 -[HTSCaptureVideoViewModel initWithUserInfo:videoBuilder:] + 1796
LiveStreaming                   0x103b00764 -[HTSUGCTabBarViewController _configTabBar] + 524
LiveStreaming                   0x103aff734 -[HTSUGCTabBarViewController initWithUserInfo:] + 444
LiveStreaming                   0x103afe058 __42+[HTSUGCTabBarViewController(Router) load]_block_invoke_2 + 2408
LiveStreaming                   0x103afe39c __42+[HTSUGCTabBarViewController(Router) load]_block_invoke.211 + 40
LiveStreaming                   0x103afee8c __67+[HTSUGCTabBarViewController(Router) presentDeviceDeniedAlertView:]_block_invoke.273 + 616
LiveStreaming                   0x1040e8b58 -[RACSubscriber sendNext:] + 228
LiveStreaming                   0x1040aee50 -[RACPassthroughSubscriber sendNext:] + 444
LiveStreaming                   0x1040d0e78 __44-[RACSignal(Operations) deliverOnMainThread]_block_invoke_2.839 + 52
LiveStreaming                   0x1040d0af4 __44-[RACSignal(Operations) deliverOnMainThread]_block_invoke_2 + 144
LiveStreaming                   0x1040d0e08 __44-[RACSignal(Operations) deliverOnMainThread]_block_invoke.838 + 196
LiveStreaming                   0x1040e8b58 -[RACSubscriber sendNext:] + 228
LiveStreaming                   0x1040aee50 -[RACPassthroughSubscriber sendNext:] + 444
LiveStreaming                   0x1040c357c __43-[RACSignal(Operations) combineLatestWith:]_block_invoke_2 + 568
LiveStreaming                   0x1040c3d94 __43-[RACSignal(Operations) combineLatestWith:]_block_invoke.369 + 264
LiveStreaming                   0x1040e8b58 -[RACSubscriber sendNext:] + 228
LiveStreaming                   0x1040aee50 -[RACPassthroughSubscriber sendNext:] + 444
LiveStreaming                   0x1040d5558 __36-[RACSignal(Operations) materialize]_block_invoke.1009 + 120
LiveStreaming                   0x1040e8e90 -[RACSubscriber sendCompleted] + 272
LiveStreaming                   0x1040af3ec -[RACPassthroughSubscriber sendCompleted] + 344
LiveStreaming                   0x103abf398 __51+[HTSPermissionSignals requestMicroPhonePermission]_block_invoke_2 + 60
LiveStreaming                   0x1039de12c +[HTSDeviceManager requestMicroPhonePermission:] + 356
LiveStreaming                   0x103abf328 __51+[HTSPermissionSignals requestMicroPhonePermission]_block_invoke + 168
LiveStreaming                   0x1040a43c4 __30-[RACDynamicSignal subscribe:]_block_invoke + 104
LiveStreaming                   0x1040e9ad0 -[RACSubscriptionScheduler schedule:] + 632
LiveStreaming                   0x1040a42a4 -[RACDynamicSignal subscribe:] + 828
LiveStreaming                   0x1040dd8cc -[RACSignal(Subscription) subscribeNext:error:completed:] + 1420
LiveStreaming                   0x1040d51f8 __36-[RACSignal(Operations) materialize]_block_invoke + 344
LiveStreaming                   0x1040a43c4 __30-[RACDynamicSignal subscribe:]_block_invoke + 104
LiveStreaming                   0x1040e9ad0 -[RACSubscriptionScheduler schedule:] + 632
LiveStreaming                   0x1040a42a4 -[RACDynamicSignal subscribe:] + 828
LiveStreaming                   0x1040dd8cc -[RACSignal(Subscription) subscribeNext:error:completed:] + 1420
LiveStreaming                   0x1040c3178 __43-[RACSignal(Operations) combineLatestWith:]_block_invoke + 1156
LiveStreaming                   0x1040a43c4 __30-[RACDynamicSignal subscribe:]_block_invoke + 104
LiveStreaming                   0x1040e9ad0 -[RACSubscriptionScheduler schedule:] + 632
LiveStreaming                   0x1040a42a4 -[RACDynamicSignal subscribe:] + 828
LiveStreaming                   0x1040dd8cc -[RACSignal(Subscription) subscribeNext:error:completed:] + 1420

Backtrace of Thread 3331:
libsystem_kernel.dylib          0x184a4dd84 __workq_kernreturn + 8
libsystem_pthread.dylib         0x184bebeb4 _pthread_wqthread + 928

Backtrace of Thread 9987:
libsystem_kernel.dylib          0x184a4dd84 __workq_kernreturn + 8
libsystem_pthread.dylib         0x184bebeb4 _pthread_wqthread + 928

Backtrace of Thread 9731:
libsystem_kernel.dylib          0x184a4d610 __semwait_signal + 8
libsystem_c.dylib               0x18496612c nanosleep + 212
libsystem_c.dylib               0x18496604c usleep + 64
GPUToolsCore                    0x10daae2bc _ZL21smt_poll_thread_entryPv + 136
libsystem_pthread.dylib         0x184bed220 <redacted> + 272
libsystem_pthread.dylib         0x184bed110 _pthread_start + 292

Backtrace of Thread 9475:
libsystem_kernel.dylib          0x184a4d0f4 __psynch_cvwait + 8
libsystem_pthread.dylib         0x184befc90 <redacted> + 644
Foundation                      0x185935be8 <redacted> + 780
Foundation                      0x18592a170 <redacted> + 236
CoreFoundation                  0x184f58c3c <redacted> + 20
CoreFoundation                  0x184f581b8 <redacted> + 428
CoreFoundation                  0x184f57f14 <redacted> + 216
CoreFoundation                  0x184fd584c <redacted> + 1408
CoreFoundation                  0x184e8ef38 _CFXNotificationPost + 384
Foundation                      0x1858ffbbc <redacted> + 68
AVFoundation                    0x18aaf4f24 <redacted> + 200
CoreFoundation                  0x184f58c3c <redacted> + 20
CoreFoundation                  0x184f581b8 <redacted> + 428
CoreFoundation                  0x184f57f14 <redacted> + 216
CoreFoundation                  0x184fd584c <redacted> + 1408
CoreFoundation                  0x184e8ef38 _CFXNotificationPost + 384
CoreFoundation                  0x184eb28f0 CFNotificationCenterPostNotification + 132
CoreMedia                       0x188259488 CMNotificationCenterPostNotification + 124
CoreMedia                       0x188365314 <redacted> + 164
libdispatch.dylib               0x10da29260 _dispatch_call_block_and_release + 24
libdispatch.dylib               0x10da29220 _dispatch_client_callout + 16
libdispatch.dylib               0x10da37e80 _dispatch_queue_serial_drain + 768
libdispatch.dylib               0x10da2c730 _dispatch_queue_invoke + 328
libdispatch.dylib               0x10da38dd8 _dispatch_root_queue_drain_deferred_wlh + 352
libdispatch.dylib               0x10da3febc _dispatch_workloop_worker_thread + 676
libsystem_pthread.dylib         0x184bebe70 _pthread_wqthread + 860

Backtrace of Thread 8711:
libsystem_kernel.dylib          0x184a4d610 __semwait_signal + 8
libsystem_c.dylib               0x18496612c nanosleep + 212
libsystem_c.dylib               0x18496604c usleep + 64
GPUToolsCore                    0x10daae2bc _ZL21smt_poll_thread_entryPv + 136
libsystem_pthread.dylib         0x184bed220 <redacted> + 272
libsystem_pthread.dylib         0x184bed110 _pthread_start + 292

Backtrace of Thread 10511:
libsystem_kernel.dylib          0x184a4d0f4 __psynch_cvwait + 8
libsystem_pthread.dylib         0x184befc90 <redacted> + 644
libc++.1.dylib                  0x1841042ec _ZNSt3__118condition_variable15__do_timed_waitERNS_11unique_lockINS_5mutexEEENS_6chrono10time_pointINS5_12system_clockENS5_8durationIxNS_5ratioILl1ELl1000000000EEEEEEE + 96
JavaScriptCore                  0x18c5e3430 <redacted> + 124
JavaScriptCore                  0x18c5e32e0 <redacted> + 112
JavaScriptCore                  0x18c5e2e24 <redacted> + 272
JavaScriptCore                  0x18c5e2b60 <redacted> + 12
JavaScriptCore                  0x18c5e2f7c <redacted> + 44
libsystem_pthread.dylib         0x184bed220 <redacted> + 272
libsystem_pthread.dylib         0x184bed110 _pthread_start + 292

Backtrace of Thread 11015:
libsystem_kernel.dylib          0x184a4d0f4 __psynch_cvwait + 8
libsystem_pthread.dylib         0x184befc90 <redacted> + 644
JavaScriptCore                  0x18bb372cc _ZN3WTF15ThreadCondition9timedWaitERNS_5MutexEd + 80
JavaScriptCore                  0x18c5c873c _ZN3WTF10ParkingLot21parkConditionallyImplEPKvRKNS_12ScopedLambdaIFbvEEERKNS3_IFvvEEERKNS_24TimeWithDynamicClockTypeE + 2252
JavaScriptCore                  0x18c5c06c0 <redacted> + 372
WebCore                         0x18d62fb40 <redacted> + 244
WebCore                         0x18d11d350 <redacted> + 44
CoreFoundation                  0x184f6e910 <redacted> + 32
CoreFoundation                  0x184f6c238 <redacted> + 412
CoreFoundation                  0x184f6ca6c <redacted> + 1924
CoreFoundation                  0x184e8cda8 CFRunLoopRunSpecific + 552
WebCore                         0x18d119dcc <redacted> + 592
libsystem_pthread.dylib         0x184bed220 <redacted> + 272
libsystem_pthread.dylib         0x184bed110 _pthread_start + 292

Backtrace of Thread 19459:
libsystem_kernel.dylib          0x184a2be08 mach_msg_trap + 8
libsystem_kernel.dylib          0x184a2bc80 mach_msg + 72
CoreFoundation                  0x184f6ee40 <redacted> + 196
CoreFoundation                  0x184f6c908 <redacted> + 1568
CoreFoundation                  0x184e8cda8 CFRunLoopRunSpecific + 552
Foundation                      0x185901674 <redacted> + 304
Foundation                      0x18590151c <redacted> + 148
UIKit                           0x18eb527e4 <redacted> + 136
Foundation                      0x185a11efc <redacted> + 1040
libsystem_pthread.dylib         0x184bed220 <redacted> + 272
libsystem_pthread.dylib         0x184bed110 _pthread_start + 292

Backtrace of Thread 16395:
libsystem_kernel.dylib          0x184a4dd84 __workq_kernreturn + 8
libsystem_pthread.dylib         0x184bebeb4 _pthread_wqthread + 928

Backtrace of Thread 16643:
CoreFoundation                  0x184f2277c <redacted> + 12
Foundation                      0x1859db4a4 <redacted> + 152
Foundation                      0x1859d9b08 <redacted> + 356
LiveStreaming                   0x102e887d0 -[IESTaskOperation setState:] + 212
LiveStreaming                   0x102e884ac -[IESTaskOperation main] + 148
Foundation                      0x18592fcac <redacted> + 848
Foundation                      0x1859f076c <redacted> + 404
libdispatch.dylib               0x10da29220 _dispatch_client_callout + 16
libdispatch.dylib               0x10da364d8 _dispatch_continuation_pop + 588
libdispatch.dylib               0x10da34dc8 _dispatch_async_redirect_invoke + 628
libdispatch.dylib               0x10da3a84c _dispatch_root_queue_drain + 604
libdispatch.dylib               0x10da3a584 _dispatch_worker_thread3 + 136
libsystem_pthread.dylib         0x184bebfac _pthread_wqthread + 1176

Backtrace of Thread 28167:
libsystem_kernel.dylib          0x184a2be08 mach_msg_trap + 8
libsystem_kernel.dylib          0x184a2bc80 mach_msg + 72
CoreFoundation                  0x184f6ee40 <redacted> + 196
CoreFoundation                  0x184f6c908 <redacted> + 1568
CoreFoundation                  0x184e8cda8 CFRunLoopRunSpecific + 552
Foundation                      0x185901674 <redacted> + 304
Foundation                      0x1859761a8 <redacted> + 88
LiveStreaming                   0x102cefe2c +[AFURLConnectionOperation networkRequestThreadEntryPoint:] + 308
Foundation                      0x185a11efc <redacted> + 1040
libsystem_pthread.dylib         0x184bed220 <redacted> + 272
libsystem_pthread.dylib         0x184bed110 _pthread_start + 292

Backtrace of Thread 36867:
libsystem_kernel.dylib          0x184a4dd84 __workq_kernreturn + 8
libsystem_pthread.dylib         0x184bec0a0 _pthread_wqthread + 1420

Backtrace of Thread 36611:
libsystem_kernel.dylib          0x184a2be5c semaphore_timedwait_trap + 8
libdispatch.dylib               0x10da31324 _dispatch_sema4_timedwait + 60
libdispatch.dylib               0x10da31a9c _dispatch_semaphore_wait_slow + 72
CoreLocation                    0x18b738888 CLClientInvalidate + 888
CoreLocation                    0x18b73e43c CLClientRetrieveData + 1744
CoreLocation                    0x18b73e11c CLClientRetrieveData + 944
CoreLocation                    0x18b794928 CLClientCreateIso6709Notation + 79000
CoreLocation                    0x18b790988 CLClientCreateIso6709Notation + 62712
CoreLocation                    0x18b790850 CLClientCreateIso6709Notation + 62400
CoreLocation                    0x18b7922ac CLClientCreateIso6709Notation + 69148
libxpc.dylib                    0x184c27220 <redacted> + 68
libxpc.dylib                    0x184c24bb4 <redacted> + 984
libdispatch.dylib               0x10da292f0 _dispatch_client_callout4 + 16
libdispatch.dylib               0x10da2ccdc _dispatch_mach_msg_invoke + 380
libdispatch.dylib               0x10da37ca4 _dispatch_queue_serial_drain + 292
libdispatch.dylib               0x10da2c080 _dispatch_mach_invoke + 520
libdispatch.dylib               0x10da37ca4 _dispatch_queue_serial_drain + 292
libdispatch.dylib               0x10da2c730 _dispatch_queue_invoke + 328
libdispatch.dylib               0x10da37ca4 _dispatch_queue_serial_drain + 292
libdispatch.dylib               0x10da2c730 _dispatch_queue_invoke + 328
libdispatch.dylib               0x10da38dd8 _dispatch_root_queue_drain_deferred_wlh + 352
libdispatch.dylib               0x10da3febc _dispatch_workloop_worker_thread + 676
libsystem_pthread.dylib         0x184bebe70 _pthread_wqthread + 860

Backtrace of Thread 36355:
libsystem_kernel.dylib          0x184a4dd84 __workq_kernreturn + 8
libsystem_pthread.dylib         0x184bec0a0 _pthread_wqthread + 1420

Backtrace of Thread 32267:
libsystem_kernel.dylib          0x184a2be08 mach_msg_trap + 8
libsystem_kernel.dylib          0x184a2bc80 mach_msg + 72
CoreFoundation                  0x184f6ee40 <redacted> + 196
CoreFoundation                  0x184f6c908 <redacted> + 1568
CoreFoundation                  0x184e8cda8 CFRunLoopRunSpecific + 552
CFNetwork                       0x18579a4b0 <redacted> + 220
Foundation                      0x185a11efc <redacted> + 1040
libsystem_pthread.dylib         0x184bed220 <redacted> + 272
libsystem_pthread.dylib         0x184bed110 _pthread_start + 292

Backtrace of Thread 47171:
libsystem_kernel.dylib          0x184a4dbe4 __ulock_wait + 8
libdispatch.dylib               0x10da3140c _dispatch_ulock_wait + 48
libdispatch.dylib               0x10da3156c _dispatch_thread_event_wait_slow + 44
libdispatch.dylib               0x10da3b7e4 _dispatch_sync_wait + 452
LiveStreaming                   0x105e32dd0 __110+[UIScreen(YzRmNDdhMzAxZTAwZTBiOGRlOWY3OWVlNzBjN2VhMzQgIC0K) ZWQ2MGFjMDc3MWVhMzcxNDg3YzMzNjlkNzMxYmM4NDYgIC0K]_block_invoke + 208
libdispatch.dylib               0x10da29220 _dispatch_client_callout + 16
libdispatch.dylib               0x10da29f34 dispatch_once_f + 120
LiveStreaming                   0x105e32cf8 +[UIScreen(YzRmNDdhMzAxZTAwZTBiOGRlOWY3OWVlNzBjN2VhMzQgIC0K) ZWQ2MGFjMDc3MWVhMzcxNDg3YzMzNjlkNzMxYmM4NDYgIC0K] + 64
LiveStreaming                   0x105e2e7b0 -[SGMSafeGuardManager p_fetchDeviceInfo] + 2812
LiveStreaming                   0x105e2da80 -[SGMSafeGuardManager p_fetchUploadDataForScene:] + 240
LiveStreaming                   0x105e2d83c -[SGMSafeGuardManager preprocessDataForScene:] + 60
LiveStreaming                   0x105e2d714 -[SGMSafeGuardManager p_uploadDataForScene:] + 132
libdispatch.dylib               0x10da29220 _dispatch_client_callout + 16
libdispatch.dylib               0x10da364d8 _dispatch_continuation_pop + 588
libdispatch.dylib               0x10da2aee8 _dispatch_source_invoke + 1368
libdispatch.dylib               0x10da37ca4 _dispatch_queue_serial_drain + 292
libdispatch.dylib               0x10da2c730 _dispatch_queue_invoke + 328
libdispatch.dylib               0x10da38dd8 _dispatch_root_queue_drain_deferred_wlh + 352
libdispatch.dylib               0x10da3febc _dispatch_workloop_worker_thread + 676
libsystem_pthread.dylib         0x184bebe70 _pthread_wqthread + 860

Backtrace of Thread 47619:
libsystem_kernel.dylib          0x184a4dc08 __ulock_wake + 8
libsystem_platform.dylib        0x184be6ce4 <redacted> + 64
Foundation                      0x185902958 <redacted> + 252
Foundation                      0x1859ce4ec <redacted> + 176
LiveStreaming                   0x103f97be0 -[MTLModel dictionaryValue] + 228
LiveStreaming                   0x103f95b48 -[MTLModel(NSCoding) encodeWithCoder:] + 352
Foundation                      0x18597a3cc <redacted> + 1208
Foundation                      0x185920d0c <redacted> + 444
Foundation                      0x18597a3cc <redacted> + 1208
LiveStreaming                   0x103f95df0 __38-[MTLModel(NSCoding) encodeWithCoder:]_block_invoke + 416
CoreFoundation                  0x184eea564 <redacted> + 160
LiveStreaming                   0x103f95bd8 -[MTLModel(NSCoding) encodeWithCoder:] + 496
Foundation                      0x18597a3cc <redacted> + 1208
Foundation                      0x185920d0c <redacted> + 444
Foundation                      0x1859311e8 <redacted> + 964
Foundation                      0x18597a3cc <redacted> + 1208
Foundation                      0x1859dcad8 <redacted> + 212
LiveStreaming                   0x102e8a2fc __28-[EffectPlatform _saveCache]_block_invoke + 212
LiveStreaming                   0x102e8b0cc -[EffectPlatform _runInCacheQueue:] + 92
LiveStreaming                   0x102e8a208 -[EffectPlatform _saveCache] + 136
LiveStreaming                   0x102e8c810 __75+[EffectPlatform(EffectDownloader) downloadEffectListWithPanel:completion:]_block_invoke.292 + 508
LiveStreaming                   0x102e8b1a4 __35-[EffectPlatform _runInCacheQueue:]_block_invoke + 40
libdispatch.dylib               0x10da29220 _dispatch_client_callout + 16
libdispatch.dylib               0x10da36a40 _dispatch_queue_barrier_sync_invoke_and_complete + 120
LiveStreaming                   0x102e8b148 -[EffectPlatform _runInCacheQueue:] + 216
LiveStreaming                   0x102e8c1e8 __75+[EffectPlatform(EffectDownloader) downloadEffectListWithPanel:completion:]_block_invoke + 1196
LiveStreaming                   0x102e8f90c __98+[EffectPlatform(EffectDownloader) _requestWithURLString:parameters:cookie:httpMethod:completion:]_block_invoke_2 + 504
libdispatch.dylib               0x10da29260 _dispatch_call_block_and_release + 24
libdispatch.dylib               0x10da29220 _dispatch_client_callout + 16
libdispatch.dylib               0x10da37e80 _dispatch_queue_serial_drain + 768
libdispatch.dylib               0x10da2c730 _dispatch_queue_invoke + 328
libdispatch.dylib               0x10da38dd8 _dispatch_root_queue_drain_deferred_wlh + 352
libdispatch.dylib               0x10da3febc _dispatch_workloop_worker_thread + 676
libsystem_pthread.dylib         0x184bebe70 _pthread_wqthread + 860

Backtrace of Thread 77331:
libsystem_kernel.dylib          0x184a2be08 mach_msg_trap + 8
libsystem_kernel.dylib          0x184a2bc80 mach_msg + 72
CoreFoundation                  0x184f6ee40 <redacted> + 196
CoreFoundation                  0x184f6c908 <redacted> + 1568
CoreFoundation                  0x184e8cda8 CFRunLoopRunSpecific + 552
AVFAudio                        0x18a972424 <redacted> + 164
AVFAudio                        0x18a99c834 <redacted> + 88
libsystem_pthread.dylib         0x184bed220 <redacted> + 272
libsystem_pthread.dylib         0x184bed110 _pthread_start + 292

Fail to get frame pointerBacktrace of Thread 75023:
libsystem_kernel.dylib          0x184a2be08 mach_msg_trap + 8
libsystem_kernel.dylib          0x184a2bc80 mach_msg + 72
libsystem_kernel.dylib          0x184a2df34 thread_get_state + 136
LiveStreaming                   0x10422e53c bs_mach_copyMem + 60
LiveStreaming                   0x10422dc7c _bs_backtraceOfThread + 636
LiveStreaming                   0x10422e3d4 +[BSBacktraceLogger bs_backtraceOfAllThread] + 220
LiveStreaming                   0x103c9dc0c __40+[IESDebugToolService startStuckMonitor]_block_invoke + 204
LiveStreaming                   0x103c9b08c __36-[IESDebugStuckMonitor startMonitor]_block_invoke_2 + 112
CoreFoundation                  0x184f5ff38 <redacted> + 76
LiveStreaming                   0x103c9af84 __36-[IESDebugStuckMonitor startMonitor]_block_invoke + 436
Foundation                      0x1859eee88 <redacted> + 16
Foundation                      0x1859308d0 <redacted> + 72
Foundation                      0x18592fcac <redacted> + 848
Foundation                      0x1859f076c <redacted> + 404
libdispatch.dylib               0x10da29220 _dispatch_client_callout + 16
libdispatch.dylib               0x10da364d8 _dispatch_continuation_pop + 588
libdispatch.dylib               0x10da34dc8 _dispatch_async_redirect_invoke + 628
libdispatch.dylib               0x10da3a84c _dispatch_root_queue_drain + 604
libdispatch.dylib               0x10da3a584 _dispatch_worker_thread3 + 136
libsystem_pthread.dylib         0x184bebfac _pthread_wqthread + 1176

Backtrace of Thread 73227:
libsystem_kernel.dylib          0x184a4dd84 __workq_kernreturn + 8
libsystem_pthread.dylib         0x184bec0a0 _pthread_wqthread + 1420

Backtrace of Thread 57355:
libsystem_kernel.dylib          0x184a4e7c8 kevent_id + 8
libdispatch.dylib               0x10da4703c _dispatch_kq_poll + 208
libdispatch.dylib               0x10da479e8 _dispatch_event_loop_wait_for_ownership + 420
libdispatch.dylib               0x10da3b7c4 _dispatch_sync_wait + 420
LiveStreaming                   0x103d4835c runSynchronouslyOnVideoProcessingQueue + 212
LiveStreaming                   0x103d45b70 -[HTSFilterInterface addTarget:atTextureLocation:] + 280
LiveStreaming                   0x103d45a08 -[HTSFilterInterface addTarget:] + 100
LiveStreaming                   0x103d20174 -[HTSCameraWriter startWriting:hasMusic:forceRecordAudio:] + 1796
LiveStreaming                   0x103e34d4c __29-[IESCamera videoRecordready]_block_invoke + 676
LiveStreaming                   0x103e333d4 __33-[IESCamera runInOperationQueue:]_block_invoke + 40
libdispatch.dylib               0x10da29220 _dispatch_client_callout + 16
libdispatch.dylib               0x10da36a40 _dispatch_queue_barrier_sync_invoke_and_complete + 120
LiveStreaming                   0x103e33378 -[IESCamera runInOperationQueue:] + 216
LiveStreaming                   0x103e34984 -[IESCamera videoRecordready] + 244
LiveStreaming                   0x103e308b0 __30-[IESCamera startVideoCapture]_block_invoke_2.323 + 52
libdispatch.dylib               0x10da29260 _dispatch_call_block_and_release + 24
libdispatch.dylib               0x10da29220 _dispatch_client_callout + 16
libdispatch.dylib               0x10da35284 _dispatch_queue_override_invoke + 968
libdispatch.dylib               0x10da3a84c _dispatch_root_queue_drain + 604
libdispatch.dylib               0x10da3a584 _dispatch_worker_thread3 + 136
libsystem_pthread.dylib         0x184bebfac _pthread_wqthread + 1176

Backtrace of Thread 70415:
libsystem_kernel.dylib          0x184a4dd84 __workq_kernreturn + 8
libsystem_pthread.dylib         0x184bebeb4 _pthread_wqthread + 928

