Call Backtrace of 28 threads:
Backtrace of Thread 771:
0x0000000000000000              0x108572484 0x0 + 4434896004
0x0000000000000000              0x10856c3e4 0x0 + 4434871268

Backtrace of Thread 2819:
libsystem_kernel.dylib          0x184a4dd84 __workq_kernreturn + 8
libsystem_pthread.dylib         0x184bebeb4 _pthread_wqthread + 928

Backtrace of Thread 5891:
libsystem_kernel.dylib          0x184a2be44 semaphore_wait_trap + 8
libdispatch.dylib               0x10b7f5240 _dispatch_sema4_wait + 24
libdispatch.dylib               0x10b7f5adc _dispatch_semaphore_wait_slow + 136
CFNetwork                       0x1855d4f7c CFURLConnectionSendSynchronousRequest + 292
CFNetwork                       0x185603190 <redacted> + 116
LiveStreaming                   0x103bce490 -[UMANWorker postDataToServer:withFile:] + 208
LiveStreaming                   0x103bce264 -[UMANWorker postDataWithFile:] + 212
LiveStreaming                   0x103bcde60 -[UMANWorker main] + 120
Foundation                      0x18592fcac <redacted> + 848
Foundation                      0x1859f076c <redacted> + 404
libdispatch.dylib               0x10b7ed220 _dispatch_client_callout + 16
libdispatch.dylib               0x10b7fa4d8 _dispatch_continuation_pop + 588
libdispatch.dylib               0x10b7f8dc8 _dispatch_async_redirect_invoke + 628
libdispatch.dylib               0x10b7fe84c _dispatch_root_queue_drain + 604
libdispatch.dylib               0x10b7fe584 _dispatch_worker_thread3 + 136
libsystem_pthread.dylib         0x184bebfac _pthread_wqthread + 1176

Backtrace of Thread 6411:
libsystem_kernel.dylib          0x184a4d610 __semwait_signal + 8
libsystem_c.dylib               0x18496612c nanosleep + 212
libsystem_c.dylib               0x18496604c usleep + 64
GPUToolsCore                    0x10b8722bc _ZL21smt_poll_thread_entryPv + 136
libsystem_pthread.dylib         0x184bed220 <redacted> + 272
libsystem_pthread.dylib         0x184bed110 _pthread_start + 292

Backtrace of Thread 7175:
libsystem_kernel.dylib          0x184a4d610 __semwait_signal + 8
libsystem_c.dylib               0x18496612c nanosleep + 212
libsystem_c.dylib               0x18496604c usleep + 64
GPUToolsCore                    0x10b8722bc _ZL21smt_poll_thread_entryPv + 136
libsystem_pthread.dylib         0x184bed220 <redacted> + 272
libsystem_pthread.dylib         0x184bed110 _pthread_start + 292

Backtrace of Thread 5395:
libsystem_kernel.dylib          0x184a2be08 mach_msg_trap + 8
libsystem_kernel.dylib          0x184a2bc80 mach_msg + 72
libsystem_kernel.dylib          0x184a2df34 thread_get_state + 136
LiveStreaming                   0x101f824f4 bs_mach_copyMem + 60
LiveStreaming                   0x101f81c34 _bs_backtraceOfThread + 636
LiveStreaming                   0x101f8238c +[BSBacktraceLogger bs_backtraceOfAllThread] + 220
LiveStreaming                   0x1019f1bc4 __40+[IESDebugToolService startStuckMonitor]_block_invoke + 204
LiveStreaming                   0x1019ef044 __36-[IESDebugStuckMonitor startMonitor]_block_invoke_2 + 112
CoreFoundation                  0x184f5ff38 <redacted> + 76
LiveStreaming                   0x1019eef3c __36-[IESDebugStuckMonitor startMonitor]_block_invoke + 436
Foundation                      0x1859eee88 <redacted> + 16
Foundation                      0x1859308d0 <redacted> + 72
Foundation                      0x18592fcac <redacted> + 848
Foundation                      0x1859f076c <redacted> + 404
libdispatch.dylib               0x10b7ed220 _dispatch_client_callout + 16
libdispatch.dylib               0x10b7fa4d8 _dispatch_continuation_pop + 588
libdispatch.dylib               0x10b7f8dc8 _dispatch_async_redirect_invoke + 628
libdispatch.dylib               0x10b7fe84c _dispatch_root_queue_drain + 604
libdispatch.dylib               0x10b7fe584 _dispatch_worker_thread3 + 136
libsystem_pthread.dylib         0x184bebfac _pthread_wqthread + 1176

Backtrace of Thread 10759:
libsystem_kernel.dylib          0x184a4d0f4 __psynch_cvwait + 8
libsystem_pthread.dylib         0x184befc90 <redacted> + 644
libc++.1.dylib                  0x1841042ec _ZNSt3__118condition_variable15__do_timed_waitERNS_11unique_lockINS_5mutexEEENS_6chrono10time_pointINS5_12system_clockENS5_8durationIxNS_5ratioILl1ELl1000000000EEEEEEE + 96
JavaScriptCore                  0x18c5e3430 <redacted> + 124
JavaScriptCore                  0x18c5e32e0 <redacted> + 112
JavaScriptCore                  0x18c5e2e24 <redacted> + 272
JavaScriptCore                  0x18c5e2b60 <redacted> + 12
JavaScriptCore                  0x18c5e2f7c <redacted> + 44
libsystem_pthread.dylib         0x184bed220 <redacted> + 272
libsystem_pthread.dylib         0x184bed110 _pthread_start + 292

Backtrace of Thread 21255:
libsystem_kernel.dylib          0x184a2be08 mach_msg_trap + 8
libsystem_kernel.dylib          0x184a2bc80 mach_msg + 72
CoreFoundation                  0x184f6ee40 <redacted> + 196
CoreFoundation                  0x184f6c908 <redacted> + 1568
CoreFoundation                  0x184e8cda8 CFRunLoopRunSpecific + 552
WebCore                         0x18d119dcc <redacted> + 592
libsystem_pthread.dylib         0x184bed220 <redacted> + 272
libsystem_pthread.dylib         0x184bed110 _pthread_start + 292

Backtrace of Thread 19459:
libsystem_kernel.dylib          0x184a2be08 mach_msg_trap + 8
libsystem_kernel.dylib          0x184a2bc80 mach_msg + 72
CoreFoundation                  0x184f6ee40 <redacted> + 196
CoreFoundation                  0x184f6c908 <redacted> + 1568
CoreFoundation                  0x184e8cda8 CFRunLoopRunSpecific + 552
Foundation                      0x185901674 <redacted> + 304
Foundation                      0x1859014dc <redacted> + 84
UIKit                           0x18eb527e4 <redacted> + 136
Foundation                      0x185a11efc <redacted> + 1040
libsystem_pthread.dylib         0x184bed220 <redacted> + 272
libsystem_pthread.dylib         0x184bed110 _pthread_start + 292

Backtrace of Thread 16907:
libsystem_kernel.dylib          0x184a4dd84 __workq_kernreturn + 8
libsystem_pthread.dylib         0x184bebeb4 _pthread_wqthread + 928

Backtrace of Thread 42243:
libsystem_kernel.dylib          0x184a2be44 semaphore_wait_trap + 8
libdispatch.dylib               0x10b7f5240 _dispatch_sema4_wait + 24
libdispatch.dylib               0x10b7f5f38 _dispatch_group_wait_slow + 192
LiveStreaming                   0x100badd04 -[DDLog lt_log:] + 996
LiveStreaming                   0x100baaacc __40-[DDLog queueLogMessage:asynchronously:]_block_invoke + 100
libdispatch.dylib               0x10b7ed260 _dispatch_call_block_and_release + 24
libdispatch.dylib               0x10b7ed220 _dispatch_client_callout + 16
libdispatch.dylib               0x10b7fbe80 _dispatch_queue_serial_drain + 768
libdispatch.dylib               0x10b7f0730 _dispatch_queue_invoke + 328
libdispatch.dylib               0x10b7fcdd8 _dispatch_root_queue_drain_deferred_wlh + 352
libdispatch.dylib               0x10b803ebc _dispatch_workloop_worker_thread + 676
libsystem_pthread.dylib         0x184bebe70 _pthread_wqthread + 860

Backtrace of Thread 27651:
libsystem_kernel.dylib          0x184a4dd84 __workq_kernreturn + 8
libsystem_pthread.dylib         0x184bec0a0 _pthread_wqthread + 1420

Backtrace of Thread 38147:
libsystem_kernel.dylib          0x184a2be5c semaphore_timedwait_trap + 8
libdispatch.dylib               0x10b7f5324 _dispatch_sema4_timedwait + 60
libdispatch.dylib               0x10b7f5a9c _dispatch_semaphore_wait_slow + 72
CoreLocation                    0x18b738888 CLClientInvalidate + 888
CoreLocation                    0x18b73e43c CLClientRetrieveData + 1744
CoreLocation                    0x18b73e11c CLClientRetrieveData + 944
CoreLocation                    0x18b794928 CLClientCreateIso6709Notation + 79000
CoreLocation                    0x18b790988 CLClientCreateIso6709Notation + 62712
CoreLocation                    0x18b790850 CLClientCreateIso6709Notation + 62400
CoreLocation                    0x18b7922ac CLClientCreateIso6709Notation + 69148
libxpc.dylib                    0x184c27220 <redacted> + 68
libxpc.dylib                    0x184c24bb4 <redacted> + 984
libdispatch.dylib               0x10b7ed2f0 _dispatch_client_callout4 + 16
libdispatch.dylib               0x10b7f0cdc _dispatch_mach_msg_invoke + 380
libdispatch.dylib               0x10b7fbca4 _dispatch_queue_serial_drain + 292
libdispatch.dylib               0x10b7f0080 _dispatch_mach_invoke + 520
libdispatch.dylib               0x10b7fbca4 _dispatch_queue_serial_drain + 292
libdispatch.dylib               0x10b7f0730 _dispatch_queue_invoke + 328
libdispatch.dylib               0x10b7fbca4 _dispatch_queue_serial_drain + 292
libdispatch.dylib               0x10b7f0730 _dispatch_queue_invoke + 328
libdispatch.dylib               0x10b7fcdd8 _dispatch_root_queue_drain_deferred_wlh + 352
libdispatch.dylib               0x10b803ebc _dispatch_workloop_worker_thread + 676
libsystem_pthread.dylib         0x184bebe70 _pthread_wqthread + 860

Backtrace of Thread 28419:
libsystem_kernel.dylib          0x184a4dd84 __workq_kernreturn + 8
libsystem_pthread.dylib         0x184bebeb4 _pthread_wqthread + 928

Backtrace of Thread 37639:
libsystem_kernel.dylib          0x184a2be08 mach_msg_trap + 8
libsystem_kernel.dylib          0x184a2bc80 mach_msg + 72
CoreFoundation                  0x184f6ee40 <redacted> + 196
CoreFoundation                  0x184f6c908 <redacted> + 1568
CoreFoundation                  0x184e8cda8 CFRunLoopRunSpecific + 552
Foundation                      0x185901674 <redacted> + 304
Foundation                      0x1859761a8 <redacted> + 88
LiveStreaming                   0x100a43d2c +[AFURLConnectionOperation networkRequestThreadEntryPoint:] + 308
Foundation                      0x185a11efc <redacted> + 1040
libsystem_pthread.dylib         0x184bed220 <redacted> + 272
libsystem_pthread.dylib         0x184bed110 _pthread_start + 292

Backtrace of Thread 36103:
libsystem_kernel.dylib          0x184a4dd84 __workq_kernreturn + 8
libsystem_pthread.dylib         0x184bec0a0 _pthread_wqthread + 1420

Backtrace of Thread 87047:
libsystem_kernel.dylib          0x184a2be08 mach_msg_trap + 8
libsystem_kernel.dylib          0x184a2bc80 mach_msg + 72
CoreFoundation                  0x184f6ee40 <redacted> + 196
CoreFoundation                  0x184f6c908 <redacted> + 1568
CoreFoundation                  0x184e8cda8 CFRunLoopRunSpecific + 552
CFNetwork                       0x18579a4b0 <redacted> + 220
Foundation                      0x185a11efc <redacted> + 1040
libsystem_pthread.dylib         0x184bed220 <redacted> + 272
libsystem_pthread.dylib         0x184bed110 _pthread_start + 292

Backtrace of Thread 52751:
libsystem_kernel.dylib          0x184a2be08 mach_msg_trap + 8
libsystem_kernel.dylib          0x184a2bc80 mach_msg + 72
CoreFoundation                  0x184f6ee40 <redacted> + 196
CoreFoundation                  0x184f6c908 <redacted> + 1568
CoreFoundation                  0x184e8cda8 CFRunLoopRunSpecific + 552
AVFAudio                        0x18a972424 <redacted> + 164
AVFAudio                        0x18a99c834 <redacted> + 88
libsystem_pthread.dylib         0x184bed220 <redacted> + 272
libsystem_pthread.dylib         0x184bed110 _pthread_start + 292

Backtrace of Thread 75275:
libsystem_kernel.dylib          0x184a4dc08 __ulock_wake + 8
libsystem_platform.dylib        0x184be6ce4 <redacted> + 64
libBacktraceRecording.dylib     0x10824d76c gcd_queue_item_enqueue_hook + 456
libdispatch.dylib               0x10b81d1cc _dispatch_introspection_queue_item_enqueue_hook + 40
libdispatch.dylib               0x10b7fc978 _dispatch_queue_push + 32
LiveStreaming                   0x100a63230 -[AFURLSessionManager taskDidResume:] + 368
CoreFoundation                  0x184f58c3c <redacted> + 20
CoreFoundation                  0x184f581b8 <redacted> + 428
CoreFoundation                  0x184f57f14 <redacted> + 216
CoreFoundation                  0x184fd584c <redacted> + 1408
CoreFoundation                  0x184e8ef38 _CFXNotificationPost + 384
Foundation                      0x1858ffbbc <redacted> + 68
LiveStreaming                   0x100a6216c -[_AFURLSessionTaskSwizzling af_resume] + 476
LiveStreaming                   0x101fedae4 -[TTHttpTaskAFNetworking resume] + 76
LiveStreaming                   0x1020024a0 -[TTNetworkManagerAFNetworking requestForJSONWithURL:params:method:needCommonParams:requestSerializer:responseSerializer:autoResume:callback:] + 648
LiveStreaming                   0x1015908b4 -[HTSNetworkService GET:parameters:completion:] + 324
LiveStreaming                   0x1015909bc -[HTSNetworkService GETPath:parameters:completion:] + 176
LiveStreaming                   0x100631204 -[HTSFeedTabManager __checkNewConfiguration] + 280
LiveStreaming                   0x100632f3c +[HTSCheckNewTabConfigTask performTaskWithLaunchContext:completion:] + 144
LiveStreaming                   0x100bdc4a4 -[IESTaskOperation main] + 396
Foundation                      0x18592fcac <redacted> + 848
Foundation                      0x1859f076c <redacted> + 404
libdispatch.dylib               0x10b7ed220 _dispatch_client_callout + 16
libdispatch.dylib               0x10b7fa4d8 _dispatch_continuation_pop + 588
libdispatch.dylib               0x10b7f8dc8 _dispatch_async_redirect_invoke + 628
libdispatch.dylib               0x10b7fe84c _dispatch_root_queue_drain + 604
libdispatch.dylib               0x10b7fe584 _dispatch_worker_thread3 + 136
libsystem_pthread.dylib         0x184bebfac _pthread_wqthread + 1176

Backtrace of Thread 56083:
libsystem_kernel.dylib          0x184a2be20 semaphore_signal_trap + 8
libdispatch.dylib               0x10b7f5188 _dispatch_sema4_signal + 28
libdispatch.dylib               0x10b7f5bc4 _dispatch_group_wake + 136
libdispatch.dylib               0x10b7fc014 _dispatch_queue_serial_drain + 1172
libdispatch.dylib               0x10b7f0730 _dispatch_queue_invoke + 328
libdispatch.dylib               0x10b7fcdd8 _dispatch_root_queue_drain_deferred_wlh + 352
libdispatch.dylib               0x10b803ebc _dispatch_workloop_worker_thread + 676
libsystem_pthread.dylib         0x184bebe70 _pthread_wqthread + 860

Backtrace of Thread 78355:
libsystem_kernel.dylib          0x184a4dd84 __workq_kernreturn + 8
libsystem_pthread.dylib         0x184bebeb4 _pthread_wqthread + 928

Backtrace of Thread 57103:
libsystem_kernel.dylib          0x184a4dd84 __workq_kernreturn + 8
libsystem_pthread.dylib         0x184bec0a0 _pthread_wqthread + 1420

Backtrace of Thread 73739:
libsystem_kernel.dylib          0x184a4dd84 __workq_kernreturn + 8
libsystem_pthread.dylib         0x184bebeb4 _pthread_wqthread + 928

Backtrace of Thread 70155:
libsystem_kernel.dylib          0x184a2be5c semaphore_timedwait_trap + 8
libdispatch.dylib               0x10b7f5324 _dispatch_sema4_timedwait + 60
libdispatch.dylib               0x10b7f5a9c _dispatch_semaphore_wait_slow + 72
libdispatch.dylib               0x10b7fff64 _dispatch_worker_thread + 260
libsystem_pthread.dylib         0x184bed220 <redacted> + 272
libsystem_pthread.dylib         0x184bed110 _pthread_start + 292

Backtrace of Thread 68367:
libsystem_kernel.dylib          0x184a4dd84 __workq_kernreturn + 8
libsystem_pthread.dylib         0x184bebeb4 _pthread_wqthread + 928

Fail to get frame pointerBacktrace of Thread 61195:
libsystem_kernel.dylib          0x184a4dd84 __workq_kernreturn + 8
libsystem_pthread.dylib         0x184bebeb4 _pthread_wqthread + 928

Backtrace of Thread 62219:
libsystem_kernel.dylib          0x184a4dd84 __workq_kernreturn + 8
libsystem_pthread.dylib         0x184bebeb4 _pthread_wqthread + 928

