Call Backtrace of 32 threads:
Backtrace of Thread 771:
libsystem_kernel.dylib          0x184a4e7c8 kevent_id + 8
libdispatch.dylib               0x10a77303c _dispatch_kq_poll + 208
libdispatch.dylib               0x10a772bdc _dispatch_kq_drain + 108
libdispatch.dylib               0x10a771e48 _dispatch_kq_unote_update + 264
libdispatch.dylib               0x10a7713d0 _dispatch_mach_reply_kevent_register + 520
libdispatch.dylib               0x10a770d08 _dispatch_mach_msg_send + 1156
libdispatch.dylib               0x10a77008c _dispatch_mach_send_drain + 220
Pasteboard                      0x19a086e81 PBNewDataProviderXPCInterface + 8545

Backtrace of Thread 4355:
libsystem_kernel.dylib          0x184a4dd84 __workq_kernreturn + 8
libsystem_pthread.dylib         0x184bec0a0 _pthread_wqthread + 1420

Backtrace of Thread 5895:
libsystem_kernel.dylib          0x184a4dd84 __workq_kernreturn + 8
libsystem_pthread.dylib         0x184bebeb4 _pthread_wqthread + 928

Backtrace of Thread 9731:
libsystem_kernel.dylib          0x184a4d610 __semwait_signal + 8
libsystem_c.dylib               0x18496612c nanosleep + 212
libsystem_c.dylib               0x18496604c usleep + 64
GPUToolsCore                    0x10dcba2bc _ZL21smt_poll_thread_entryPv + 136
libsystem_pthread.dylib         0x184bed220 <redacted> + 272
libsystem_pthread.dylib         0x184bed110 _pthread_start + 292

Backtrace of Thread 9475:
libsystem_kernel.dylib          0x184a4dd84 __workq_kernreturn + 8
libsystem_pthread.dylib         0x184bebeb4 _pthread_wqthread + 928

Backtrace of Thread 8711:
libsystem_kernel.dylib          0x184a4d610 __semwait_signal + 8
libsystem_c.dylib               0x18496612c nanosleep + 212
libsystem_c.dylib               0x18496604c usleep + 64
GPUToolsCore                    0x10dcba2bc _ZL21smt_poll_thread_entryPv + 136
libsystem_pthread.dylib         0x184bed220 <redacted> + 272
libsystem_pthread.dylib         0x184bed110 _pthread_start + 292

Backtrace of Thread 7179:
libsystem_kernel.dylib          0x184a4d0f4 __psynch_cvwait + 8
libsystem_pthread.dylib         0x184befc90 <redacted> + 644
libc++.1.dylib                  0x1841042ec _ZNSt3__118condition_variable15__do_timed_waitERNS_11unique_lockINS_5mutexEEENS_6chrono10time_pointINS5_12system_clockENS5_8durationIxNS_5ratioILl1ELl1000000000EEEEEEE + 96
JavaScriptCore                  0x18c5e3430 <redacted> + 124
JavaScriptCore                  0x18c5e32e0 <redacted> + 112
JavaScriptCore                  0x18c5e2e24 <redacted> + 272
JavaScriptCore                  0x18c5e2b60 <redacted> + 12
JavaScriptCore                  0x18c5e2f7c <redacted> + 44
libsystem_pthread.dylib         0x184bed220 <redacted> + 272
libsystem_pthread.dylib         0x184bed110 _pthread_start + 292

Backtrace of Thread 11527:
libsystem_kernel.dylib          0x184a2be08 mach_msg_trap + 8
libsystem_kernel.dylib          0x184a2bc80 mach_msg + 72
CoreFoundation                  0x184f6ee40 <redacted> + 196
CoreFoundation                  0x184f6c908 <redacted> + 1568
CoreFoundation                  0x184e8cda8 CFRunLoopRunSpecific + 552
WebCore                         0x18d119dcc <redacted> + 592
libsystem_pthread.dylib         0x184bed220 <redacted> + 272
libsystem_pthread.dylib         0x184bed110 _pthread_start + 292

Backtrace of Thread 18435:
libsystem_kernel.dylib          0x184a2be08 mach_msg_trap + 8
libsystem_kernel.dylib          0x184a2bc80 mach_msg + 72
CoreFoundation                  0x184f6ee40 <redacted> + 196
CoreFoundation                  0x184f6c908 <redacted> + 1568
CoreFoundation                  0x184e8cda8 CFRunLoopRunSpecific + 552
Foundation                      0x185901674 <redacted> + 304
Foundation                      0x1859014dc <redacted> + 84
UIKit                           0x18eb527e4 <redacted> + 136
Foundation                      0x185a11efc <redacted> + 1040
libsystem_pthread.dylib         0x184bed220 <redacted> + 272
libsystem_pthread.dylib         0x184bed110 _pthread_start + 292

Backtrace of Thread 16131:
libsystem_kernel.dylib          0x184a4dd84 __workq_kernreturn + 8
libsystem_pthread.dylib         0x184bebeb4 _pthread_wqthread + 928

Backtrace of Thread 15875:
libsystem_kernel.dylib          0x184a4dd84 __workq_kernreturn + 8
libsystem_pthread.dylib         0x184bebeb4 _pthread_wqthread + 928

Backtrace of Thread 27139:
libsystem_kernel.dylib          0x184a4dd84 __workq_kernreturn + 8
libsystem_pthread.dylib         0x184bec0a0 _pthread_wqthread + 1420

Backtrace of Thread 27395:
libsystem_kernel.dylib          0x184a4dd84 __workq_kernreturn + 8
libsystem_pthread.dylib         0x184bebeb4 _pthread_wqthread + 928

Backtrace of Thread 28163:
libsystem_kernel.dylib          0x184a2be08 mach_msg_trap + 8
libsystem_kernel.dylib          0x184a2bc80 mach_msg + 72
libdispatch.dylib               0x10a76e4f0 _dispatch_mach_send_and_wait_for_reply + 560
libdispatch.dylib               0x10a76e9e8 dispatch_mach_send_with_result_and_wait_for_reply + 56
libxpc.dylib                    0x184c288d8 xpc_connection_send_message_with_reply_sync + 196
Security                        0x185bfd180 securityd_message_with_reply_sync + 168
Security                        0x185bfd4cc securityd_send_sync_and_do + 80
Security                        0x185c94034 <redacted> + 424
Security                        0x185c60cc8 SecOSStatusWith + 52
Security                        0x185c93e70 <redacted> + 96
libsystem_trace.dylib           0x184c09c70 <redacted> + 60
Security                        0x185c93e00 <redacted> + 256
libdispatch.dylib               0x10a755220 _dispatch_client_callout + 16
libdispatch.dylib               0x10a762a40 _dispatch_queue_barrier_sync_invoke_and_complete + 120
Security                        0x185c8fed0 <redacted> + 520
Security                        0x185c901d8 SecTrustEvaluate + 64
libboringssl.dylib              0x185dec7ac <redacted> + 600
libboringssl.dylib              0x185de4144 <redacted> + 648
libboringssl.dylib              0x185e52470 <redacted> + 224
libboringssl.dylib              0x185df949c <redacted> + 2040
libboringssl.dylib              0x185e54ad0 SSL_do_handshake + 124
libboringssl.dylib              0x185de2ae8 boringssl_session_handshake_continue + 216
libboringssl.dylib              0x185de26ac boringssl_context_handshake_negotiate + 560
libboringssl.dylib              0x185dedd9c <redacted> + 92
libboringssl.dylib              0x185dee380 <redacted> + 612
libboringssl.dylib              0x185def278 <redacted> + 100
libusrtcp.dylib                 0x18606406c <redacted> + 460
libusrtcp.dylib                 0x18608cb48 <redacted> + 84
libsystem_network.dylib         0x184acd6b8 <redacted> + 4328
libsystem_network.dylib         0x184acc56c <redacted> + 136
libsystem_network.dylib         0x184acbd64 <redacted> + 52
libdispatch.dylib               0x10a755220 _dispatch_client_callout + 16
libdispatch.dylib               0x10a7624d8 _dispatch_continuation_pop + 588
libdispatch.dylib               0x10a756ee8 _dispatch_source_invoke + 1368
libdispatch.dylib               0x10a763ca4 _dispatch_queue_serial_drain + 292
libdispatch.dylib               0x10a758730 _dispatch_queue_invoke + 328
libdispatch.dylib               0x10a764dd8 _dispatch_root_queue_drain_deferred_wlh + 352
libdispatch.dylib               0x10a76bebc _dispatch_workloop_worker_thread + 676
libsystem_pthread.dylib         0x184bebe70 _pthread_wqthread + 860

Backtrace of Thread 28675:
libsystem_kernel.dylib          0x184a4dd84 __workq_kernreturn + 8
libsystem_pthread.dylib         0x184bebeb4 _pthread_wqthread + 928

Backtrace of Thread 29447:
libsystem_kernel.dylib          0x184a2be08 mach_msg_trap + 8
libsystem_kernel.dylib          0x184a2bc80 mach_msg + 72
CoreFoundation                  0x184f6ee40 <redacted> + 196
CoreFoundation                  0x184f6c908 <redacted> + 1568
CoreFoundation                  0x184e8cda8 CFRunLoopRunSpecific + 552
Foundation                      0x185901674 <redacted> + 304
Foundation                      0x1859761a8 <redacted> + 88
LiveStreaming                   0x102ed7dac +[AFURLConnectionOperation networkRequestThreadEntryPoint:] + 308
Foundation                      0x185a11efc <redacted> + 1040
libsystem_pthread.dylib         0x184bed220 <redacted> + 272
libsystem_pthread.dylib         0x184bed110 _pthread_start + 292

Backtrace of Thread 43783:
libsystem_kernel.dylib          0x184a2be08 mach_msg_trap + 8
libsystem_kernel.dylib          0x184a2bc80 mach_msg + 72
CoreFoundation                  0x184f6ee40 <redacted> + 196
CoreFoundation                  0x184f6c908 <redacted> + 1568
CoreFoundation                  0x184e8cda8 CFRunLoopRunSpecific + 552
CFNetwork                       0x18579a4b0 <redacted> + 220
Foundation                      0x185a11efc <redacted> + 1040
libsystem_pthread.dylib         0x184bed220 <redacted> + 272
libsystem_pthread.dylib         0x184bed110 _pthread_start + 292

Backtrace of Thread 86019:
libsystem_kernel.dylib          0x184a2be08 mach_msg_trap + 8
libsystem_kernel.dylib          0x184a2bc80 mach_msg + 72
libsystem_kernel.dylib          0x184a2df34 thread_get_state + 136
LiveStreaming                   0x1044164f0 bs_mach_copyMem + 60
LiveStreaming                   0x104415c30 _bs_backtraceOfThread + 636
LiveStreaming                   0x104416388 +[BSBacktraceLogger bs_backtraceOfAllThread] + 220
LiveStreaming                   0x103e85bc0 __40+[IESDebugToolService startStuckMonitor]_block_invoke + 204
LiveStreaming                   0x103e83040 __36-[IESDebugStuckMonitor startMonitor]_block_invoke_2 + 112
CoreFoundation                  0x184f5ff38 <redacted> + 76
LiveStreaming                   0x103e82f38 __36-[IESDebugStuckMonitor startMonitor]_block_invoke + 436
Foundation                      0x1859eee88 <redacted> + 16
Foundation                      0x1859308d0 <redacted> + 72
Foundation                      0x18592fcac <redacted> + 848
Foundation                      0x1859f076c <redacted> + 404
libdispatch.dylib               0x10a755220 _dispatch_client_callout + 16
libdispatch.dylib               0x10a7624d8 _dispatch_continuation_pop + 588
libdispatch.dylib               0x10a760dc8 _dispatch_async_redirect_invoke + 628
libdispatch.dylib               0x10a76684c _dispatch_root_queue_drain + 604
libdispatch.dylib               0x10a766584 _dispatch_worker_thread3 + 136
libsystem_pthread.dylib         0x184bebfac _pthread_wqthread + 1176

Backtrace of Thread 77071:
libsystem_kernel.dylib          0x184a2be08 mach_msg_trap + 8
libsystem_kernel.dylib          0x184a2bc80 mach_msg + 72
CoreFoundation                  0x184f6ee40 <redacted> + 196
CoreFoundation                  0x184f6c908 <redacted> + 1568
CoreFoundation                  0x184e8cda8 CFRunLoopRunSpecific + 552
AVFAudio                        0x18a972424 <redacted> + 164
AVFAudio                        0x18a99c834 <redacted> + 88
libsystem_pthread.dylib         0x184bed220 <redacted> + 272
libsystem_pthread.dylib         0x184bed110 _pthread_start + 292

Backtrace of Thread 74523:
libsystem_kernel.dylib          0x184a4dd84 __workq_kernreturn + 8
libsystem_pthread.dylib         0x184bebeb4 _pthread_wqthread + 928

Backtrace of Thread 74775:
libsystem_kernel.dylib          0x184a2be08 mach_msg_trap + 8
libsystem_kernel.dylib          0x184a2bc80 mach_msg + 72
CoreFoundation                  0x184f6ee40 <redacted> + 196
CoreFoundation                  0x184f6c908 <redacted> + 1568
CoreFoundation                  0x184e8cda8 CFRunLoopRunSpecific + 552
GeoServices                     0x18b2356cc <redacted> + 468
libsystem_pthread.dylib         0x184bed220 <redacted> + 272
libsystem_pthread.dylib         0x184bed110 _pthread_start + 292

Backtrace of Thread 58135:
libsystem_kernel.dylib          0x184a2be5c semaphore_timedwait_trap + 8
libdispatch.dylib               0x10a75d324 _dispatch_sema4_timedwait + 60
libdispatch.dylib               0x10a75da9c _dispatch_semaphore_wait_slow + 72
libdispatch.dylib               0x10a767f64 _dispatch_worker_thread + 260
libsystem_pthread.dylib         0x184bed220 <redacted> + 272
libsystem_pthread.dylib         0x184bed110 _pthread_start + 292

Backtrace of Thread 79279:
CoreFoundation                  0x184f710dc <redacted> + 88
CoreFoundation                  0x184ff8380 <redacted> + 1384
CoreFoundation                  0x184e8b910 <redacted> + 2236
CoreFoundation                  0x184ea56dc <redacted> + 148
CoreFoundation                  0x184ea5908 <redacted> + 704
CoreFoundation                  0x184ea5898 <redacted> + 592
CoreFoundation                  0x184f2b0c0 <redacted> + 196
Foundation                      0x185921180 <redacted> + 588
Foundation                      0x1859dcae8 <redacted> + 228
LiveStreaming                   0x10307227c __28-[EffectPlatform _saveCache]_block_invoke + 212
LiveStreaming                   0x10307304c -[EffectPlatform _runInCacheQueue:] + 92
LiveStreaming                   0x103072188 -[EffectPlatform _saveCache] + 136
LiveStreaming                   0x103074790 __75+[EffectPlatform(EffectDownloader) downloadEffectListWithPanel:completion:]_block_invoke.292 + 508
LiveStreaming                   0x103073124 __35-[EffectPlatform _runInCacheQueue:]_block_invoke + 40
libdispatch.dylib               0x10a755220 _dispatch_client_callout + 16
libdispatch.dylib               0x10a762a40 _dispatch_queue_barrier_sync_invoke_and_complete + 120
LiveStreaming                   0x1030730c8 -[EffectPlatform _runInCacheQueue:] + 216
LiveStreaming                   0x103074168 __75+[EffectPlatform(EffectDownloader) downloadEffectListWithPanel:completion:]_block_invoke + 1196
LiveStreaming                   0x10307788c __98+[EffectPlatform(EffectDownloader) _requestWithURLString:parameters:cookie:httpMethod:completion:]_block_invoke_2 + 504
libdispatch.dylib               0x10a755260 _dispatch_call_block_and_release + 24
libdispatch.dylib               0x10a755220 _dispatch_client_callout + 16
libdispatch.dylib               0x10a763e80 _dispatch_queue_serial_drain + 768
libdispatch.dylib               0x10a758730 _dispatch_queue_invoke + 328
libdispatch.dylib               0x10a764dd8 _dispatch_root_queue_drain_deferred_wlh + 352
libdispatch.dylib               0x10a76bebc _dispatch_workloop_worker_thread + 676
libsystem_pthread.dylib         0x184bebe70 _pthread_wqthread + 860

Backtrace of Thread 69387:
libsystem_kernel.dylib          0x184a4dd84 __workq_kernreturn + 8
libsystem_pthread.dylib         0x184bebeb4 _pthread_wqthread + 928

Backtrace of Thread 67339:
libsystem_kernel.dylib          0x184a2be5c semaphore_timedwait_trap + 8
libdispatch.dylib               0x10a75d324 _dispatch_sema4_timedwait + 60
libdispatch.dylib               0x10a75da9c _dispatch_semaphore_wait_slow + 72
libdispatch.dylib               0x10a767f64 _dispatch_worker_thread + 260
libsystem_pthread.dylib         0x184bed220 <redacted> + 272
libsystem_pthread.dylib         0x184bed110 _pthread_start + 292

Backtrace of Thread 61707:
libsystem_kernel.dylib          0x184a4dd84 __workq_kernreturn + 8
libsystem_pthread.dylib         0x184bebeb4 _pthread_wqthread + 928

Backtrace of Thread 61979:
libsystem_kernel.dylib          0x184a2be08 mach_msg_trap + 8
libsystem_kernel.dylib          0x184a2bc80 mach_msg + 72
CoreFoundation                  0x184f6ee40 <redacted> + 196
CoreFoundation                  0x184f6c908 <redacted> + 1568
CoreFoundation                  0x184e8cda8 CFRunLoopRunSpecific + 552
CoreFoundation                  0x184edcb28 CFRunLoopRun + 116
CoreMotion                      0x18a46d9dc CLStartStopAdvertisingBeacon + 231572
libsystem_pthread.dylib         0x184bed220 <redacted> + 272
libsystem_pthread.dylib         0x184bed110 _pthread_start + 292

Backtrace of Thread 171779:
libsystem_kernel.dylib          0x184a4dd84 __workq_kernreturn + 8
libsystem_pthread.dylib         0x184bec0a0 _pthread_wqthread + 1420

Backtrace of Thread 87823:
libsystem_kernel.dylib          0x184a2be08 mach_msg_trap + 8
libsystem_kernel.dylib          0x184a2bc80 mach_msg + 72
CoreFoundation                  0x184f6ee40 <redacted> + 196
CoreFoundation                  0x184f6c908 <redacted> + 1568
CoreFoundation                  0x184e8cda8 CFRunLoopRunSpecific + 552
Foundation                      0x185901674 <redacted> + 304
LiveStreaming                   0x104330c14 -[_SRRunLoopThread main] + 360
Foundation                      0x185a11efc <redacted> + 1040
libsystem_pthread.dylib         0x184bed220 <redacted> + 272
libsystem_pthread.dylib         0x184bed110 _pthread_start + 292

Backtrace of Thread 170755:
libsystem_kernel.dylib          0x184a4dd84 __workq_kernreturn + 8
libsystem_pthread.dylib         0x184bebeb4 _pthread_wqthread + 928

Backtrace of Thread 170243:
libsystem_kernel.dylib          0x184a4dd84 __workq_kernreturn + 8
libsystem_pthread.dylib         0x184bebeb4 _pthread_wqthread + 928

Backtrace of Thread 169739:
libsystem_kernel.dylib          0x184a4d538 select$DARWIN_EXTSN + 8
CoreFoundation                  0x184f77378 <redacted> + 644
libsystem_pthread.dylib         0x184bed220 <redacted> + 272
libsystem_pthread.dylib         0x184bed110 _pthread_start + 292

