Call Backtrace of 44 threads:
Backtrace of Thread 771:
libsystem_kernel.dylib          0x184a2be08 mach_msg_trap + 8
libsystem_kernel.dylib          0x184a2bc80 mach_msg + 72
libdispatch.dylib               0x10b8064f0 _dispatch_mach_send_and_wait_for_reply + 560
libdispatch.dylib               0x10b8069e8 dispatch_mach_send_with_result_and_wait_for_reply + 56
libxpc.dylib                    0x184c288d8 xpc_connection_send_message_with_reply_sync + 196
CoreMedia                       0x18836219c FigXPCRemoteClientSendSyncMessageCreatingReply + 36
CoreMedia                       0x1882e2ef0 <redacted> + 92
AVFoundation                    0x18ab47c78 <redacted> + 88
MediaPlayer                     0x1963f31e4 <redacted> + 92
MediaPlayer                     0x19640c770 <redacted> + 148
MediaPlayer                     0x1963f3654 <redacted> + 104
libdispatch.dylib               0x10b7ed260 _dispatch_call_block_and_release + 24
libdispatch.dylib               0x10b7ed220 _dispatch_client_callout + 16
libdispatch.dylib               0x10b7f1db0 _dispatch_main_queue_callback_4CF + 1180
CoreFoundation                  0x184f6f070 <redacted> + 12
CoreFoundation                  0x184f6cbc8 <redacted> + 2272
CoreFoundation                  0x184e8cda8 CFRunLoopRunSpecific + 552
GraphicsServices                0x186e6f020 GSEventRunModal + 100
UIKit                           0x18ee6d78c UIApplicationMain + 236
LiveStreaming                   0x100960b70 main + 124
libdyld.dylib                   0x18491dfc0 <redacted> + 4

Backtrace of Thread 5891:
libsystem_kernel.dylib          0x184a4dd84 __workq_kernreturn + 8
libsystem_pthread.dylib         0x184bebeb4 _pthread_wqthread + 928

Backtrace of Thread 6411:
libsystem_kernel.dylib          0x184a4d610 __semwait_signal + 8
libsystem_c.dylib               0x18496612c nanosleep + 212
libsystem_c.dylib               0x18496604c usleep + 64
GPUToolsCore                    0x10b8722bc _ZL21smt_poll_thread_entryPv + 136
libsystem_pthread.dylib         0x184bed220 <redacted> + 272
libsystem_pthread.dylib         0x184bed110 _pthread_start + 292

Backtrace of Thread 7175:
libsystem_kernel.dylib          0x184a4d610 __semwait_signal + 8
libsystem_c.dylib               0x18496612c nanosleep + 212
libsystem_c.dylib               0x18496604c usleep + 64
GPUToolsCore                    0x10b8722bc _ZL21smt_poll_thread_entryPv + 136
libsystem_pthread.dylib         0x184bed220 <redacted> + 272
libsystem_pthread.dylib         0x184bed110 _pthread_start + 292

Backtrace of Thread 5395:
libsystem_kernel.dylib          0x184a2be08 mach_msg_trap + 8
libsystem_kernel.dylib          0x184a2bc80 mach_msg + 72
libsystem_kernel.dylib          0x184a2df34 thread_get_state + 136
LiveStreaming                   0x101f824f4 bs_mach_copyMem + 60
LiveStreaming                   0x101f81c34 _bs_backtraceOfThread + 636
LiveStreaming                   0x101f8238c +[BSBacktraceLogger bs_backtraceOfAllThread] + 220
LiveStreaming                   0x1019f1bc4 __40+[IESDebugToolService startStuckMonitor]_block_invoke + 204
LiveStreaming                   0x1019ef044 __36-[IESDebugStuckMonitor startMonitor]_block_invoke_2 + 112
CoreFoundation                  0x184f5ff38 <redacted> + 76
LiveStreaming                   0x1019eef3c __36-[IESDebugStuckMonitor startMonitor]_block_invoke + 436
Foundation                      0x1859eee88 <redacted> + 16
Foundation                      0x1859308d0 <redacted> + 72
Foundation                      0x18592fcac <redacted> + 848
Foundation                      0x1859f076c <redacted> + 404
libdispatch.dylib               0x10b7ed220 _dispatch_client_callout + 16
libdispatch.dylib               0x10b7fa4d8 _dispatch_continuation_pop + 588
libdispatch.dylib               0x10b7f8dc8 _dispatch_async_redirect_invoke + 628
libdispatch.dylib               0x10b7fe84c _dispatch_root_queue_drain + 604
libdispatch.dylib               0x10b7fe584 _dispatch_worker_thread3 + 136
libsystem_pthread.dylib         0x184bebfac _pthread_wqthread + 1176

Backtrace of Thread 10759:
libsystem_kernel.dylib          0x184a4d0f4 __psynch_cvwait + 8
libsystem_pthread.dylib         0x184befc90 <redacted> + 644
libc++.1.dylib                  0x1841042ec _ZNSt3__118condition_variable15__do_timed_waitERNS_11unique_lockINS_5mutexEEENS_6chrono10time_pointINS5_12system_clockENS5_8durationIxNS_5ratioILl1ELl1000000000EEEEEEE + 96
JavaScriptCore                  0x18c5e3430 <redacted> + 124
JavaScriptCore                  0x18c5e32e0 <redacted> + 112
JavaScriptCore                  0x18c5e2e24 <redacted> + 272
JavaScriptCore                  0x18c5e2b60 <redacted> + 12
JavaScriptCore                  0x18c5e2f7c <redacted> + 44
libsystem_pthread.dylib         0x184bed220 <redacted> + 272
libsystem_pthread.dylib         0x184bed110 _pthread_start + 292

Backtrace of Thread 21255:
libsystem_kernel.dylib          0x184a2be08 mach_msg_trap + 8
libsystem_kernel.dylib          0x184a2bc80 mach_msg + 72
CoreFoundation                  0x184f6ee40 <redacted> + 196
CoreFoundation                  0x184f6c908 <redacted> + 1568
CoreFoundation                  0x184e8cda8 CFRunLoopRunSpecific + 552
WebCore                         0x18d119dcc <redacted> + 592
libsystem_pthread.dylib         0x184bed220 <redacted> + 272
libsystem_pthread.dylib         0x184bed110 _pthread_start + 292

Backtrace of Thread 19459:
libsystem_kernel.dylib          0x184a2be08 mach_msg_trap + 8
libsystem_kernel.dylib          0x184a2bc80 mach_msg + 72
CoreFoundation                  0x184f6ee40 <redacted> + 196
CoreFoundation                  0x184f6c908 <redacted> + 1568
CoreFoundation                  0x184e8cda8 CFRunLoopRunSpecific + 552
Foundation                      0x185901674 <redacted> + 304
Foundation                      0x18590151c <redacted> + 148
UIKit                           0x18eb527e4 <redacted> + 136
Foundation                      0x185a11efc <redacted> + 1040
libsystem_pthread.dylib         0x184bed220 <redacted> + 272
libsystem_pthread.dylib         0x184bed110 _pthread_start + 292

Backtrace of Thread 42243:
libsystem_kernel.dylib          0x184a4dd84 __workq_kernreturn + 8
libsystem_pthread.dylib         0x184bebeb4 _pthread_wqthread + 928

Backtrace of Thread 38147:
libsystem_kernel.dylib          0x184a2be08 mach_msg_trap + 8
libsystem_kernel.dylib          0x184a2bc80 mach_msg + 72
VideoToolbox                    0x1887975d8 <redacted> + 172
VideoToolbox                    0x18878262c <redacted> + 276
libdispatch.dylib               0x10b7ed260 _dispatch_call_block_and_release + 24
libdispatch.dylib               0x10b7ed220 _dispatch_client_callout + 16
libdispatch.dylib               0x10b7fbff4 _dispatch_queue_serial_drain + 1140
libdispatch.dylib               0x10b7f0730 _dispatch_queue_invoke + 328
libdispatch.dylib               0x10b7fcdd8 _dispatch_root_queue_drain_deferred_wlh + 352
libdispatch.dylib               0x10b803ebc _dispatch_workloop_worker_thread + 676
libsystem_pthread.dylib         0x184bebe70 _pthread_wqthread + 860

Backtrace of Thread 28419:
libsystem_kernel.dylib          0x184a4dd84 __workq_kernreturn + 8
libsystem_pthread.dylib         0x184bebeb4 _pthread_wqthread + 928

Backtrace of Thread 37639:
libsystem_kernel.dylib          0x184a2be08 mach_msg_trap + 8
libsystem_kernel.dylib          0x184a2bc80 mach_msg + 72
CoreFoundation                  0x184f6ee40 <redacted> + 196
CoreFoundation                  0x184f6c908 <redacted> + 1568
CoreFoundation                  0x184e8cda8 CFRunLoopRunSpecific + 552
Foundation                      0x185901674 <redacted> + 304
Foundation                      0x1859761a8 <redacted> + 88
LiveStreaming                   0x100a43d2c +[AFURLConnectionOperation networkRequestThreadEntryPoint:] + 308
Foundation                      0x185a11efc <redacted> + 1040
libsystem_pthread.dylib         0x184bed220 <redacted> + 272
libsystem_pthread.dylib         0x184bed110 _pthread_start + 292

Backtrace of Thread 36103:
libsystem_kernel.dylib          0x184a2d8bc write + 8
CoreMedia                       0x1882cf004 <redacted> + 224
CoreMedia                       0x1882cf308 <redacted> + 168
libdispatch.dylib               0x10b7ed220 _dispatch_client_callout + 16
libdispatch.dylib               0x10b7fa4d8 _dispatch_continuation_pop + 588
libdispatch.dylib               0x10b7eeee8 _dispatch_source_invoke + 1368
libdispatch.dylib               0x10b7fbca4 _dispatch_queue_serial_drain + 292
libdispatch.dylib               0x10b7f0730 _dispatch_queue_invoke + 328
libdispatch.dylib               0x10b7fbca4 _dispatch_queue_serial_drain + 292
libdispatch.dylib               0x10b7f0730 _dispatch_queue_invoke + 328
libdispatch.dylib               0x10b7fcdd8 _dispatch_root_queue_drain_deferred_wlh + 352
libdispatch.dylib               0x10b803ebc _dispatch_workloop_worker_thread + 676
libsystem_pthread.dylib         0x184bebe70 _pthread_wqthread + 860

Backtrace of Thread 87047:
libsystem_kernel.dylib          0x184a2be08 mach_msg_trap + 8
libsystem_kernel.dylib          0x184a2bc80 mach_msg + 72
CoreFoundation                  0x184f6ee40 <redacted> + 196
CoreFoundation                  0x184f6c908 <redacted> + 1568
CoreFoundation                  0x184e8cda8 CFRunLoopRunSpecific + 552
CFNetwork                       0x18579a4b0 <redacted> + 220
Foundation                      0x185a11efc <redacted> + 1040
libsystem_pthread.dylib         0x184bed220 <redacted> + 272
libsystem_pthread.dylib         0x184bed110 _pthread_start + 292

Backtrace of Thread 52751:
libsystem_kernel.dylib          0x184a2be08 mach_msg_trap + 8
libsystem_kernel.dylib          0x184a2bc80 mach_msg + 72
CoreFoundation                  0x184f6ee40 <redacted> + 196
CoreFoundation                  0x184f6c908 <redacted> + 1568
CoreFoundation                  0x184e8cda8 CFRunLoopRunSpecific + 552
AVFAudio                        0x18a972424 <redacted> + 164
AVFAudio                        0x18a99c834 <redacted> + 88
libsystem_pthread.dylib         0x184bed220 <redacted> + 272
libsystem_pthread.dylib         0x184bed110 _pthread_start + 292

Fail to get frame pointerBacktrace of Thread 73739:
libsystem_kernel.dylib          0x184a4dd84 __workq_kernreturn + 8
libsystem_pthread.dylib         0x184bebeb4 _pthread_wqthread + 928

Backtrace of Thread 68367:
libsystem_kernel.dylib          0x184a4dd84 __workq_kernreturn + 8
libsystem_pthread.dylib         0x184bebeb4 _pthread_wqthread + 928

Backtrace of Thread 61195:
libsystem_kernel.dylib          0x184a4dd84 __workq_kernreturn + 8
libsystem_pthread.dylib         0x184bebeb4 _pthread_wqthread + 928

Backtrace of Thread 88067:
libsystem_kernel.dylib          0x184a2be08 mach_msg_trap + 8
libsystem_kernel.dylib          0x184a2bc80 mach_msg + 72
CoreFoundation                  0x184f6ee40 <redacted> + 196
CoreFoundation                  0x184f6c908 <redacted> + 1568
CoreFoundation                  0x184e8cda8 CFRunLoopRunSpecific + 552
CoreFoundation                  0x184edcb28 CFRunLoopRun + 116
CoreMotion                      0x18a46d9dc CLStartStopAdvertisingBeacon + 231572
libsystem_pthread.dylib         0x184bed220 <redacted> + 272
libsystem_pthread.dylib         0x184bed110 _pthread_start + 292

Backtrace of Thread 56343:
libsystem_kernel.dylib          0x184a2be08 mach_msg_trap + 8
libsystem_kernel.dylib          0x184a2bc80 mach_msg + 72
CoreFoundation                  0x184f6ee40 <redacted> + 196
CoreFoundation                  0x184f6c908 <redacted> + 1568
CoreFoundation                  0x184e8cda8 CFRunLoopRunSpecific + 552
GeoServices                     0x18b2356cc <redacted> + 468
libsystem_pthread.dylib         0x184bed220 <redacted> + 272
libsystem_pthread.dylib         0x184bed110 _pthread_start + 292

Backtrace of Thread 169483:
libsystem_kernel.dylib          0x184a2be08 mach_msg_trap + 8
libsystem_kernel.dylib          0x184a2bc80 mach_msg + 72
CoreFoundation                  0x184f6ee40 <redacted> + 196
CoreFoundation                  0x184f6c908 <redacted> + 1568
CoreFoundation                  0x184e8cda8 CFRunLoopRunSpecific + 552
Foundation                      0x185901674 <redacted> + 304
LiveStreaming                   0x101e9cc18 -[_SRRunLoopThread main] + 360
Foundation                      0x185a11efc <redacted> + 1040
libsystem_pthread.dylib         0x184bed220 <redacted> + 272
libsystem_pthread.dylib         0x184bed110 _pthread_start + 292

Backtrace of Thread 170763:
libsystem_kernel.dylib          0x184a4d538 select$DARWIN_EXTSN + 8
CoreFoundation                  0x184f77378 <redacted> + 644
libsystem_pthread.dylib         0x184bed220 <redacted> + 272
libsystem_pthread.dylib         0x184bed110 _pthread_start + 292

Backtrace of Thread 162575:
libsystem_kernel.dylib          0x184a4d0f4 __psynch_cvwait + 8
libsystem_pthread.dylib         0x184befc90 <redacted> + 644
libc++.1.dylib                  0x18410425c _ZNSt3__118condition_variable4waitERNS_11unique_lockINS_5mutexEEE + 24
LiveStreaming                   0x102defe9c _ZN3BRC9SyncQueueINSt3__110shared_ptrINS_4TaskEEEE4TakeERS4_ + 80
LiveStreaming                   0x102def8fc _ZN3BRC18SingleThreadWorker4workEv + 176
LiveStreaming                   0x102df00e0 _ZNSt3__114__thread_proxyINS_5tupleIJNS_10unique_ptrINS_15__thread_structENS_14default_deleteIS3_EEEEMN3BRC18SingleThreadWorkerEFvvEPS8_EEEEEPvSD_ + 64
libsystem_pthread.dylib         0x184bed220 <redacted> + 272
libsystem_pthread.dylib         0x184bed110 _pthread_start + 292

Backtrace of Thread 47407:
libsystem_kernel.dylib          0x184a4d0f4 __psynch_cvwait + 8
libsystem_pthread.dylib         0x184befc90 <redacted> + 644
libc++.1.dylib                  0x18410425c _ZNSt3__118condition_variable4waitERNS_11unique_lockINS_5mutexEEE + 24
LiveStreaming                   0x102defe9c _ZN3BRC9SyncQueueINSt3__110shared_ptrINS_4TaskEEEE4TakeERS4_ + 80
LiveStreaming                   0x102def8fc _ZN3BRC18SingleThreadWorker4workEv + 176
LiveStreaming                   0x102df00e0 _ZNSt3__114__thread_proxyINS_5tupleIJNS_10unique_ptrINS_15__thread_structENS_14default_deleteIS3_EEEEMN3BRC18SingleThreadWorkerEFvvEPS8_EEEEEPvSD_ + 64
libsystem_pthread.dylib         0x184bed220 <redacted> + 272
libsystem_pthread.dylib         0x184bed110 _pthread_start + 292

Backtrace of Thread 150287:
libsystem_kernel.dylib          0x184a2be08 mach_msg_trap + 8
libsystem_kernel.dylib          0x184a2bc80 mach_msg + 72
CoreFoundation                  0x184f6ee40 <redacted> + 196
CoreFoundation                  0x184f6c908 <redacted> + 1568
CoreFoundation                  0x184e8cda8 CFRunLoopRunSpecific + 552
Foundation                      0x185901674 <redacted> + 304
LiveStreaming                   0x102986608 +[WXOMTAGCDAsyncSocket cfstreamThread] + 360
Foundation                      0x185a11efc <redacted> + 1040
libsystem_pthread.dylib         0x184bed220 <redacted> + 272
libsystem_pthread.dylib         0x184bed110 _pthread_start + 292

Backtrace of Thread 166687:
libsystem_kernel.dylib          0x184a2be5c semaphore_timedwait_trap + 8
libdispatch.dylib               0x10b7f5324 _dispatch_sema4_timedwait + 60
libdispatch.dylib               0x10b7f5a9c _dispatch_semaphore_wait_slow + 72
libdispatch.dylib               0x10b7fff64 _dispatch_worker_thread + 260
libsystem_pthread.dylib         0x184bed220 <redacted> + 272
libsystem_pthread.dylib         0x184bed110 _pthread_start + 292

Backtrace of Thread 75791:
libsystem_kernel.dylib          0x184a2be5c semaphore_timedwait_trap + 8
libdispatch.dylib               0x10b7f5324 _dispatch_sema4_timedwait + 60
libdispatch.dylib               0x10b7f5a9c _dispatch_semaphore_wait_slow + 72
libdispatch.dylib               0x10b7fff64 _dispatch_worker_thread + 260
libsystem_pthread.dylib         0x184bed220 <redacted> + 272
libsystem_pthread.dylib         0x184bed110 _pthread_start + 292

Backtrace of Thread 163403:
libsystem_kernel.dylib          0x184a2d8bc write + 8
CoreMedia                       0x1882cf004 <redacted> + 224
CoreMedia                       0x1882cf308 <redacted> + 168
libdispatch.dylib               0x10b7ed220 _dispatch_client_callout + 16
libdispatch.dylib               0x10b7fa4d8 _dispatch_continuation_pop + 588
libdispatch.dylib               0x10b7eeee8 _dispatch_source_invoke + 1368
libdispatch.dylib               0x10b7fbca4 _dispatch_queue_serial_drain + 292
libdispatch.dylib               0x10b7f0730 _dispatch_queue_invoke + 328
libdispatch.dylib               0x10b7fcdd8 _dispatch_root_queue_drain_deferred_wlh + 352
libdispatch.dylib               0x10b803ebc _dispatch_workloop_worker_thread + 676
libsystem_pthread.dylib         0x184bebe70 _pthread_wqthread + 860

Backtrace of Thread 173847:
libsystem_kernel.dylib          0x184a4dd84 __workq_kernreturn + 8
libsystem_pthread.dylib         0x184bebeb4 _pthread_wqthread + 928

Backtrace of Thread 87935:
libsystem_kernel.dylib          0x184a2be08 mach_msg_trap + 8
libsystem_kernel.dylib          0x184a2bc80 mach_msg + 72
AudioToolbox                    0x188d46060 <redacted> + 156
AudioToolbox                    0x188b9f40c <redacted> + 5064
AudioToolbox                    0x188f2f404 <redacted> + 72
ZegoLiveRoom                    0x108bfa86c 0x108a1c000 + 1960044
ZegoLiveRoom                    0x108bfb314 0x108a1c000 + 1962772
ZegoLiveRoom                    0x108bf97a0 0x108a1c000 + 1955744
ZegoLiveRoom                    0x108bf95b4 0x108a1c000 + 1955252
ZegoLiveRoom                    0x108bf0a08 0x108a1c000 + 1919496
ZegoLiveRoom                    0x108ad6648 0x108a1c000 + 763464
ZegoLiveRoom                    0x108ad7810 0x108a1c000 + 768016
ZegoLiveRoom                    0x108adc860 0x108a1c000 + 788576
ZegoLiveRoom                    0x108aa7a60 0x108a1c000 + 572000
ZegoLiveRoom                    0x108aa8290 0x108a1c000 + 574096
ZegoLiveRoom                    0x108ac7f24 0x108a1c000 + 704292
ZegoLiveRoom                    0x108acb8a8 0x108a1c000 + 719016
ZegoLiveRoom                    0x108a2b7fc 0x108a1c000 + 63484
ZegoLiveRoom                    0x108b59088 0x108a1c000 + 1298568
ZegoLiveRoom                    0x108b5b688 0x108a1c000 + 1308296
ZegoLiveRoom                    0x108b5b438 0x108a1c000 + 1307704
ZegoLiveRoom                    0x108b5b1ec 0x108a1c000 + 1307116
ZegoLiveRoom                    0x108b5f5bc 0x108a1c000 + 1324476
libsystem_pthread.dylib         0x184bed220 <redacted> + 272
libsystem_pthread.dylib         0x184bed110 _pthread_start + 292

Backtrace of Thread 113211:
libsystem_kernel.dylib          0x184a303e4 poll + 8
ZegoLiveRoom                    0x108b57398 0x108a1c000 + 1291160
ZegoLiveRoom                    0x108b5b44c 0x108a1c000 + 1307724
ZegoLiveRoom                    0x108b5b1ec 0x108a1c000 + 1307116
ZegoLiveRoom                    0x108b5f5bc 0x108a1c000 + 1324476
libsystem_pthread.dylib         0x184bed220 <redacted> + 272
libsystem_pthread.dylib         0x184bed110 _pthread_start + 292

Backtrace of Thread 109207:
libsystem_kernel.dylib          0x184a303e4 poll + 8
ZegoLiveRoom                    0x108b57398 0x108a1c000 + 1291160
ZegoLiveRoom                    0x108b5b44c 0x108a1c000 + 1307724
ZegoLiveRoom                    0x108b5b1ec 0x108a1c000 + 1307116
ZegoLiveRoom                    0x108b5f5bc 0x108a1c000 + 1324476
libsystem_pthread.dylib         0x184bed220 <redacted> + 272
libsystem_pthread.dylib         0x184bed110 _pthread_start + 292

Backtrace of Thread 140035:
libsystem_kernel.dylib          0x184a2be5c semaphore_timedwait_trap + 8
ZegoLiveRoom                    0x108bfd44c 0x108a1c000 + 1971276
ZegoLiveRoom                    0x108bfce00 0x108a1c000 + 1969664
ZegoLiveRoom                    0x108bfcefc 0x108a1c000 + 1969916
libsystem_pthread.dylib         0x184bed220 <redacted> + 272
libsystem_pthread.dylib         0x184bed110 _pthread_start + 292

Backtrace of Thread 110867:
libsystem_kernel.dylib          0x184a4d0f4 __psynch_cvwait + 8
libsystem_pthread.dylib         0x184befc90 <redacted> + 644
ZegoLiveRoom                    0x108b5d7b0 0x108a1c000 + 1316784
ZegoLiveRoom                    0x108a84414 0x108a1c000 + 427028
ZegoLiveRoom                    0x108ac7658 0x108a1c000 + 702040
ZegoLiveRoom                    0x108ac7c08 0x108a1c000 + 703496
ZegoLiveRoom                    0x108b81cc4 0x108a1c000 + 1465540
ZegoLiveRoom                    0x108b81ea4 0x108a1c000 + 1466020
ZegoLiveRoom                    0x108ac85d4 0x108a1c000 + 706004
ZegoLiveRoom                    0x108ac80dc 0x108a1c000 + 704732
ZegoLiveRoom                    0x108acdccc 0x108a1c000 + 728268
ZegoLiveRoom                    0x108b57880 0x108a1c000 + 1292416
ZegoLiveRoom                    0x108b5b44c 0x108a1c000 + 1307724
ZegoLiveRoom                    0x108b5b1ec 0x108a1c000 + 1307116
ZegoLiveRoom                    0x108b5f5bc 0x108a1c000 + 1324476
libsystem_pthread.dylib         0x184bed220 <redacted> + 272
libsystem_pthread.dylib         0x184bed110 _pthread_start + 292

Backtrace of Thread 118035:
libsystem_kernel.dylib          0x184a303e4 poll + 8
ZegoLiveRoom                    0x108b57398 0x108a1c000 + 1291160
ZegoLiveRoom                    0x108b5b44c 0x108a1c000 + 1307724
ZegoLiveRoom                    0x108b5b1ec 0x108a1c000 + 1307116
ZegoLiveRoom                    0x108b5f5bc 0x108a1c000 + 1324476
libsystem_pthread.dylib         0x184bed220 <redacted> + 272
libsystem_pthread.dylib         0x184bed110 _pthread_start + 292

Backtrace of Thread 139799:
libsystem_kernel.dylib          0x184a4d0f4 __psynch_cvwait + 8
libsystem_pthread.dylib         0x184befc90 <redacted> + 644
ZegoLiveRoom                    0x108bb2024 0x108a1c000 + 1663012
libsystem_pthread.dylib         0x184bed220 <redacted> + 272
libsystem_pthread.dylib         0x184bed110 _pthread_start + 292

Backtrace of Thread 112143:
libsystem_kernel.dylib          0x184a2be44 semaphore_wait_trap + 8
ZegoLiveRoom                    0x108c19634 0x108a1c000 + 2086452
ZegoLiveRoom                    0x108c19774 0x108a1c000 + 2086772
libsystem_pthread.dylib         0x184bed220 <redacted> + 272
libsystem_pthread.dylib         0x184bed110 _pthread_start + 292

Backtrace of Thread 111791:
libsystem_kernel.dylib          0x184a2be44 semaphore_wait_trap + 8
ZegoLiveRoom                    0x108c19634 0x108a1c000 + 2086452
ZegoLiveRoom                    0x108c19774 0x108a1c000 + 2086772
libsystem_pthread.dylib         0x184bed220 <redacted> + 272
libsystem_pthread.dylib         0x184bed110 _pthread_start + 292

Backtrace of Thread 147979:
libsystem_kernel.dylib          0x184a2be44 semaphore_wait_trap + 8
ZegoLiveRoom                    0x108bf6c74 0x108a1c000 + 1944692
ZegoLiveRoom                    0x108bfce00 0x108a1c000 + 1969664
ZegoLiveRoom                    0x108bfcefc 0x108a1c000 + 1969916
libsystem_pthread.dylib         0x184bed220 <redacted> + 272
libsystem_pthread.dylib         0x184bed110 _pthread_start + 292

Backtrace of Thread 68115:
libsystem_kernel.dylib          0x184a2be08 mach_msg_trap + 8
libsystem_kernel.dylib          0x184a2bc80 mach_msg + 72
CoreFoundation                  0x184f6ee40 <redacted> + 196
CoreFoundation                  0x184f6c908 <redacted> + 1568
CoreFoundation                  0x184e8cda8 CFRunLoopRunSpecific + 552
Foundation                      0x185901674 <redacted> + 304
Foundation                      0x1859761a8 <redacted> + 88
ZegoLiveRoom                    0x108c5635c 0x108a1c000 + 2335580
Foundation                      0x185a11efc <redacted> + 1040
libsystem_pthread.dylib         0x184bed220 <redacted> + 272
libsystem_pthread.dylib         0x184bed110 _pthread_start + 292

Backtrace of Thread 120347:
libsystem_kernel.dylib          0x184a303e4 poll + 8
ZegoLiveRoom                    0x108c19cfc 0x108a1c000 + 2088188
ZegoLiveRoom                    0x108c19444 0x108a1c000 + 2085956
ZegoLiveRoom                    0x108c19678 0x108a1c000 + 2086520
ZegoLiveRoom                    0x108c19774 0x108a1c000 + 2086772
libsystem_pthread.dylib         0x184bed220 <redacted> + 272
libsystem_pthread.dylib         0x184bed110 _pthread_start + 292

Backtrace of Thread 61447:
libsystem_kernel.dylib          0x184a2be5c semaphore_timedwait_trap + 8
ZegoLiveRoom                    0x108be5fb4 0x108a1c000 + 1875892
ZegoLiveRoom                    0x108c19678 0x108a1c000 + 2086520
ZegoLiveRoom                    0x108c19774 0x108a1c000 + 2086772
libsystem_pthread.dylib         0x184bed220 <redacted> + 272
libsystem_pthread.dylib         0x184bed110 _pthread_start + 292

Backtrace of Thread 139283:
libsystem_kernel.dylib          0x184a2be44 semaphore_wait_trap + 8
ZegoLiveRoom                    0x108bfcda8 0x108a1c000 + 1969576
ZegoLiveRoom                    0x108bfcefc 0x108a1c000 + 1969916
libsystem_pthread.dylib         0x184bed220 <redacted> + 272
libsystem_pthread.dylib         0x184bed110 _pthread_start + 292

