Call Backtrace of 32 threads:
Backtrace of Thread 771:
libsystem_kernel.dylib          0x184a2be08 mach_msg_trap + 8
libsystem_kernel.dylib          0x184a2bc80 mach_msg + 72
libdispatch.dylib               0x10b8064f0 _dispatch_mach_send_and_wait_for_reply + 560
libdispatch.dylib               0x10b8069e8 dispatch_mach_send_with_result_and_wait_for_reply + 56
libxpc.dylib                    0x184c288d8 xpc_connection_send_message_with_reply_sync + 196
CoreMedia                       0x18836219c FigXPCRemoteClientSendSyncMessageCreatingReply + 36
CoreMedia                       0x1882e1a2c <redacted> + 520
AVFoundation                    0x18aaf1910 <redacted> + 112
AVFoundation                    0x18ab43b94 <redacted> + 36
AVFoundation                    0x18ab42e80 <redacted> + 116
AVFoundation                    0x18aad8a24 <redacted> + 40
MediaPlayer                     0x1963f31cc <redacted> + 68
MediaPlayer                     0x1963f3630 <redacted> + 68
libdispatch.dylib               0x10b7ed260 _dispatch_call_block_and_release + 24
libdispatch.dylib               0x10b7ed220 _dispatch_client_callout + 16
libdispatch.dylib               0x10b7f1db0 _dispatch_main_queue_callback_4CF + 1180
CoreFoundation                  0x184f6f070 <redacted> + 12
CoreFoundation                  0x184f6cbc8 <redacted> + 2272
CoreFoundation                  0x184e8cda8 CFRunLoopRunSpecific + 552
GraphicsServices                0x186e6f020 GSEventRunModal + 100
UIKit                           0x18ee6d78c UIApplicationMain + 236
LiveStreaming                   0x100960b70 main + 124
libdyld.dylib                   0x18491dfc0 <redacted> + 4

Backtrace of Thread 5891:
libsystem_kernel.dylib          0x184a2be08 mach_msg_trap + 8
libsystem_kernel.dylib          0x184a2bc80 mach_msg + 72
libdispatch.dylib               0x10b8064f0 _dispatch_mach_send_and_wait_for_reply + 560
libdispatch.dylib               0x10b8069e8 dispatch_mach_send_with_result_and_wait_for_reply + 56
libxpc.dylib                    0x184c288d8 xpc_connection_send_message_with_reply_sync + 196
CoreMedia                       0x18836219c FigXPCRemoteClientSendSyncMessageCreatingReply + 36
CoreMedia                       0x1882e2ef0 <redacted> + 92
AVFoundation                    0x18ab47c78 <redacted> + 88
MediaRemote                     0x190e12780 <redacted> + 84
MediaRemote                     0x190e11f90 <redacted> + 340
CoreFoundation                  0x184f58c3c <redacted> + 20
CoreFoundation                  0x184f581b8 <redacted> + 428
CoreFoundation                  0x184f57f14 <redacted> + 216
CoreFoundation                  0x184fd584c <redacted> + 1408
CoreFoundation                  0x184e8ef38 _CFXNotificationPost + 384
Foundation                      0x1858ffbbc <redacted> + 68
AVFoundation                    0x18aaf4f24 <redacted> + 200
CoreFoundation                  0x184f58c3c <redacted> + 20
CoreFoundation                  0x184f581b8 <redacted> + 428
CoreFoundation                  0x184f57f14 <redacted> + 216
CoreFoundation                  0x184fd584c <redacted> + 1408
CoreFoundation                  0x184e8ef38 _CFXNotificationPost + 384
CoreFoundation                  0x184eb28f0 CFNotificationCenterPostNotification + 132
CoreMedia                       0x188259488 CMNotificationCenterPostNotification + 124
CoreMedia                       0x188365314 <redacted> + 164
libdispatch.dylib               0x10b7ed260 _dispatch_call_block_and_release + 24
libdispatch.dylib               0x10b7ed220 _dispatch_client_callout + 16
libdispatch.dylib               0x10b7fbe80 _dispatch_queue_serial_drain + 768
libdispatch.dylib               0x10b7f0730 _dispatch_queue_invoke + 328
libdispatch.dylib               0x10b7fcdd8 _dispatch_root_queue_drain_deferred_wlh + 352
libdispatch.dylib               0x10b803ebc _dispatch_workloop_worker_thread + 676
libsystem_pthread.dylib         0x184bebe70 _pthread_wqthread + 860

Backtrace of Thread 6411:
libsystem_kernel.dylib          0x184a4d610 __semwait_signal + 8
libsystem_c.dylib               0x18496612c nanosleep + 212
libsystem_c.dylib               0x18496604c usleep + 64
GPUToolsCore                    0x10b8722bc _ZL21smt_poll_thread_entryPv + 136
libsystem_pthread.dylib         0x184bed220 <redacted> + 272
libsystem_pthread.dylib         0x184bed110 _pthread_start + 292

Backtrace of Thread 7175:
libsystem_kernel.dylib          0x184a4d610 __semwait_signal + 8
libsystem_c.dylib               0x18496612c nanosleep + 212
libsystem_c.dylib               0x18496604c usleep + 64
GPUToolsCore                    0x10b8722bc _ZL21smt_poll_thread_entryPv + 136
libsystem_pthread.dylib         0x184bed220 <redacted> + 272
libsystem_pthread.dylib         0x184bed110 _pthread_start + 292

Backtrace of Thread 5395:
libsystem_kernel.dylib          0x184a2be08 mach_msg_trap + 8
libsystem_kernel.dylib          0x184a2bc80 mach_msg + 72
libsystem_kernel.dylib          0x184a2df34 thread_get_state + 136
LiveStreaming                   0x101f824f4 bs_mach_copyMem + 60
LiveStreaming                   0x101f81c34 _bs_backtraceOfThread + 636
LiveStreaming                   0x101f8238c +[BSBacktraceLogger bs_backtraceOfAllThread] + 220
LiveStreaming                   0x1019f1bc4 __40+[IESDebugToolService startStuckMonitor]_block_invoke + 204
LiveStreaming                   0x1019ef044 __36-[IESDebugStuckMonitor startMonitor]_block_invoke_2 + 112
CoreFoundation                  0x184f5ff38 <redacted> + 76
LiveStreaming                   0x1019eef3c __36-[IESDebugStuckMonitor startMonitor]_block_invoke + 436
Foundation                      0x1859eee88 <redacted> + 16
Foundation                      0x1859308d0 <redacted> + 72
Foundation                      0x18592fcac <redacted> + 848
Foundation                      0x1859f076c <redacted> + 404
libdispatch.dylib               0x10b7ed220 _dispatch_client_callout + 16
libdispatch.dylib               0x10b7fa4d8 _dispatch_continuation_pop + 588
libdispatch.dylib               0x10b7f8dc8 _dispatch_async_redirect_invoke + 628
libdispatch.dylib               0x10b7fe84c _dispatch_root_queue_drain + 604
libdispatch.dylib               0x10b7fe584 _dispatch_worker_thread3 + 136
libsystem_pthread.dylib         0x184bebfac _pthread_wqthread + 1176

Backtrace of Thread 10759:
libsystem_kernel.dylib          0x184a4d0f4 __psynch_cvwait + 8
libsystem_pthread.dylib         0x184befc90 <redacted> + 644
libc++.1.dylib                  0x1841042ec _ZNSt3__118condition_variable15__do_timed_waitERNS_11unique_lockINS_5mutexEEENS_6chrono10time_pointINS5_12system_clockENS5_8durationIxNS_5ratioILl1ELl1000000000EEEEEEE + 96
JavaScriptCore                  0x18c5e3430 <redacted> + 124
JavaScriptCore                  0x18c5e32e0 <redacted> + 112
JavaScriptCore                  0x18c5e2e24 <redacted> + 272
JavaScriptCore                  0x18c5e2b60 <redacted> + 12
JavaScriptCore                  0x18c5e2f7c <redacted> + 44
libsystem_pthread.dylib         0x184bed220 <redacted> + 272
libsystem_pthread.dylib         0x184bed110 _pthread_start + 292

Backtrace of Thread 21255:
libsystem_kernel.dylib          0x184a2be08 mach_msg_trap + 8
libsystem_kernel.dylib          0x184a2bc80 mach_msg + 72
CoreFoundation                  0x184f6ee40 <redacted> + 196
CoreFoundation                  0x184f6c908 <redacted> + 1568
CoreFoundation                  0x184e8cda8 CFRunLoopRunSpecific + 552
WebCore                         0x18d119dcc <redacted> + 592
libsystem_pthread.dylib         0x184bed220 <redacted> + 272
libsystem_pthread.dylib         0x184bed110 _pthread_start + 292

Backtrace of Thread 19459:
libsystem_kernel.dylib          0x184a2be08 mach_msg_trap + 8
libsystem_kernel.dylib          0x184a2bc80 mach_msg + 72
CoreFoundation                  0x184f6ee40 <redacted> + 196
CoreFoundation                  0x184f6c908 <redacted> + 1568
CoreFoundation                  0x184e8cda8 CFRunLoopRunSpecific + 552
Foundation                      0x185901674 <redacted> + 304
Foundation                      0x18590151c <redacted> + 148
UIKit                           0x18eb527e4 <redacted> + 136
Foundation                      0x185a11efc <redacted> + 1040
libsystem_pthread.dylib         0x184bed220 <redacted> + 272
libsystem_pthread.dylib         0x184bed110 _pthread_start + 292

Backtrace of Thread 42243:
libsystem_kernel.dylib          0x184a2be08 mach_msg_trap + 8
libsystem_kernel.dylib          0x184a2bc80 mach_msg + 72
AudioToolbox                    0x188d45cd4 <redacted> + 188
AudioToolbox                    0x188b9faf4 <redacted> + 296
AudioToolbox                    0x188ba1a24 <redacted> + 96
libdispatch.dylib               0x10b7ed260 _dispatch_call_block_and_release + 24
libdispatch.dylib               0x10b7ed220 _dispatch_client_callout + 16
libdispatch.dylib               0x10b7fbe80 _dispatch_queue_serial_drain + 768
libdispatch.dylib               0x10b7f0730 _dispatch_queue_invoke + 328
libdispatch.dylib               0x10b7fcdd8 _dispatch_root_queue_drain_deferred_wlh + 352
libdispatch.dylib               0x10b803ebc _dispatch_workloop_worker_thread + 676
libsystem_pthread.dylib         0x184bebe70 _pthread_wqthread + 860

Backtrace of Thread 38147:
libsystem_kernel.dylib          0x184a4dd84 __workq_kernreturn + 8
libsystem_pthread.dylib         0x184bebeb4 _pthread_wqthread + 928

Fail to get frame pointerBacktrace of Thread 37639:
libsystem_kernel.dylib          0x184a2be08 mach_msg_trap + 8
libsystem_kernel.dylib          0x184a2bc80 mach_msg + 72
CoreFoundation                  0x184f6ee40 <redacted> + 196
CoreFoundation                  0x184f6c908 <redacted> + 1568
CoreFoundation                  0x184e8cda8 CFRunLoopRunSpecific + 552
Foundation                      0x185901674 <redacted> + 304
Foundation                      0x1859761a8 <redacted> + 88
LiveStreaming                   0x100a43d2c +[AFURLConnectionOperation networkRequestThreadEntryPoint:] + 308
Foundation                      0x185a11efc <redacted> + 1040
libsystem_pthread.dylib         0x184bed220 <redacted> + 272
libsystem_pthread.dylib         0x184bed110 _pthread_start + 292

Backtrace of Thread 36103:
libsystem_kernel.dylib          0x184a4dd84 __workq_kernreturn + 8
libsystem_pthread.dylib         0x184bebeb4 _pthread_wqthread + 928

Backtrace of Thread 87047:
libsystem_kernel.dylib          0x184a2be08 mach_msg_trap + 8
libsystem_kernel.dylib          0x184a2bc80 mach_msg + 72
CoreFoundation                  0x184f6ee40 <redacted> + 196
CoreFoundation                  0x184f6c908 <redacted> + 1568
CoreFoundation                  0x184e8cda8 CFRunLoopRunSpecific + 552
CFNetwork                       0x18579a4b0 <redacted> + 220
Foundation                      0x185a11efc <redacted> + 1040
libsystem_pthread.dylib         0x184bed220 <redacted> + 272
libsystem_pthread.dylib         0x184bed110 _pthread_start + 292

Backtrace of Thread 52751:
libsystem_kernel.dylib          0x184a2be08 mach_msg_trap + 8
libsystem_kernel.dylib          0x184a2bc80 mach_msg + 72
CoreFoundation                  0x184f6ee40 <redacted> + 196
CoreFoundation                  0x184f6c908 <redacted> + 1568
CoreFoundation                  0x184e8cda8 CFRunLoopRunSpecific + 552
AVFAudio                        0x18a972424 <redacted> + 164
AVFAudio                        0x18a99c834 <redacted> + 88
libsystem_pthread.dylib         0x184bed220 <redacted> + 272
libsystem_pthread.dylib         0x184bed110 _pthread_start + 292

Backtrace of Thread 75275:
libsystem_kernel.dylib          0x184a4d118 __psynch_mutexdrop + 8
libsystem_pthread.dylib         0x184bf0a34 <redacted> + 48
CoreFoundation                  0x184e8bbf4 CFRunLoopWakeUp + 388
libdispatch.dylib               0x10b7ed260 _dispatch_call_block_and_release + 24
libdispatch.dylib               0x10b7ed220 _dispatch_client_callout + 16
libdispatch.dylib               0x10b7fea84 _dispatch_root_queue_drain + 1172
libdispatch.dylib               0x10b7fe584 _dispatch_worker_thread3 + 136
libsystem_pthread.dylib         0x184bebfac _pthread_wqthread + 1176

Backtrace of Thread 73739:
libsystem_kernel.dylib          0x184a4dd84 __workq_kernreturn + 8
libsystem_pthread.dylib         0x184bebeb4 _pthread_wqthread + 928

Backtrace of Thread 68367:
libsystem_kernel.dylib          0x184a4e7c8 kevent_id + 8
libdispatch.dylib               0x10b80b03c _dispatch_kq_poll + 208
libdispatch.dylib               0x10b80a634 _dispatch_event_loop_poke + 428
Metal                           0x186dda8e0 <redacted> + 144
AGXMetalA10                     0x1a54383e0 0x1a53f6000 + 271328
AppleMetalGLRenderer            0x1a54c4154 <redacted> + 512
GLEngine                        0x1a6300c2c <redacted> + 188
OpenGLES                        0x187fd9a8c <redacted> + 80
libglInterpose.dylib            0x1087cb478 _ZL35_EAGLContext_PresentInterposeCommonP11EAGLContextjmdU13block_pointerFbvE + 436
libglInterpose.dylib            0x1087c8fb8 _ZL31EAGLContext_presentRenderbufferP11EAGLContextP13objc_selectorm + 80
LiveStreaming                   0x101a9dac0 -[HTSGLContext presentBufferForDisplay] + 84
LiveStreaming                   0x101addc68 -[HTSGLPreview presentFramebuffer] + 124
LiveStreaming                   0x101ade508 __44-[HTSGLPreview newFrameReadyAtTime:atIndex:]_block_invoke + 740
LiveStreaming                   0x101a9c304 runSynchronouslyOnVideoProcessingQueue + 196
LiveStreaming                   0x101ade204 -[HTSGLPreview newFrameReadyAtTime:atIndex:] + 116
LiveStreaming                   0x101aa707c -[HTSGLFilter informTargetsAboutNewFrameAtTime:] + 1496
LiveStreaming                   0x101a9f2ac -[HTSGLCropFilter newFrameReadyAtTime:atIndex:] + 152
LiveStreaming                   0x101aa707c -[HTSGLFilter informTargetsAboutNewFrameAtTime:] + 1496
LiveStreaming                   0x101aaa094 -[HTSGLFilter newFrameReadyAtTime:atIndex:] + 216
LiveStreaming                   0x101abd94c -[HTSGLFilterNewEffect newFrameReadyAtTime:atIndex:] + 128
LiveStreaming                   0x101ad9b20 -[HTSGLPassthroughFilter informTargetsAboutNewFrameAtTime:] + 1212
LiveStreaming                   0x101ad9658 -[HTSGLPassthroughFilter newFrameReadyAtTime:atIndex:] + 396
LiveStreaming                   0x101ab6614 -[HTSGLFilterInput updateTargetsForVideoCameraUsingCacheTextureAtWidth:height:time:] + 1668
LiveStreaming                   0x101ab54a0 -[HTSGLFilterInput processInputBuffer:andFrametime:] + 2324
LiveStreaming                   0x101ab4af4 __59-[HTSGLFilterInput processInputBufferOnQueue:andFrametime:]_block_invoke_2 + 112
libdispatch.dylib               0x10b7ed220 _dispatch_client_callout + 16
libdispatch.dylib               0x10b7faa40 _dispatch_queue_barrier_sync_invoke_and_complete + 120
LiveStreaming                   0x101a9c314 runSynchronouslyOnVideoProcessingQueue + 212
LiveStreaming                   0x101ab494c -[HTSGLFilterInput processInputBufferOnQueue:andFrametime:] + 180
LiveStreaming                   0x101ab488c -[HTSGLFilterInput processInputBuffer:] + 240
LiveStreaming                   0x101b8416c __30-[IESCamera startVideoCapture]_block_invoke_2 + 88
LiveStreaming                   0x101a72390 -[HTSCameraKit captureOutput:didOutputSampleBuffer:fromConnection:] + 748
AVFoundation                    0x18aac45c0 <redacted> + 344
AVFoundation                    0x18aac43d8 <redacted> + 100
CoreMedia                       0x1882b26e8 <redacted> + 272
CoreMedia                       0x1882cf340 <redacted> + 224
libdispatch.dylib               0x10b7ed220 _dispatch_client_callout + 16
libdispatch.dylib               0x10b7fa4d8 _dispatch_continuation_pop + 588
libdispatch.dylib               0x10b7eeee8 _dispatch_source_invoke + 1368
libdispatch.dylib               0x10b7fbca4 _dispatch_queue_serial_drain + 292
libdispatch.dylib               0x10b7f0730 _dispatch_queue_invoke + 328
libdispatch.dylib               0x10b7fbca4 _dispatch_queue_serial_drain + 292
libdispatch.dylib               0x10b7f0730 _dispatch_queue_invoke + 328
libdispatch.dylib               0x10b7fcdd8 _dispatch_root_queue_drain_deferred_wlh + 352
libdispatch.dylib               0x10b803ebc _dispatch_workloop_worker_thread + 676
libsystem_pthread.dylib         0x184bebe70 _pthread_wqthread + 860

Backtrace of Thread 61195:
libsystem_kernel.dylib          0x184a4dd84 __workq_kernreturn + 8
libsystem_pthread.dylib         0x184bebeb4 _pthread_wqthread + 928

Backtrace of Thread 88067:
libsystem_kernel.dylib          0x184a2be08 mach_msg_trap + 8
libsystem_kernel.dylib          0x184a2bc80 mach_msg + 72
CoreFoundation                  0x184f6ee40 <redacted> + 196
CoreFoundation                  0x184f6c908 <redacted> + 1568
CoreFoundation                  0x184e8cda8 CFRunLoopRunSpecific + 552
CoreFoundation                  0x184edcb28 CFRunLoopRun + 116
CoreMotion                      0x18a46d9dc CLStartStopAdvertisingBeacon + 231572
libsystem_pthread.dylib         0x184bed220 <redacted> + 272
libsystem_pthread.dylib         0x184bed110 _pthread_start + 292

Backtrace of Thread 56343:
libsystem_kernel.dylib          0x184a2be08 mach_msg_trap + 8
libsystem_kernel.dylib          0x184a2bc80 mach_msg + 72
CoreFoundation                  0x184f6ee40 <redacted> + 196
CoreFoundation                  0x184f6c908 <redacted> + 1568
CoreFoundation                  0x184e8cda8 CFRunLoopRunSpecific + 552
GeoServices                     0x18b2356cc <redacted> + 468
libsystem_pthread.dylib         0x184bed220 <redacted> + 272
libsystem_pthread.dylib         0x184bed110 _pthread_start + 292

Backtrace of Thread 169483:
libsystem_kernel.dylib          0x184a2be08 mach_msg_trap + 8
libsystem_kernel.dylib          0x184a2bc80 mach_msg + 72
CoreFoundation                  0x184f6ee40 <redacted> + 196
CoreFoundation                  0x184f6c908 <redacted> + 1568
CoreFoundation                  0x184e8cda8 CFRunLoopRunSpecific + 552
Foundation                      0x185901674 <redacted> + 304
LiveStreaming                   0x101e9cc18 -[_SRRunLoopThread main] + 360
Foundation                      0x185a11efc <redacted> + 1040
libsystem_pthread.dylib         0x184bed220 <redacted> + 272
libsystem_pthread.dylib         0x184bed110 _pthread_start + 292

Backtrace of Thread 170763:
libsystem_kernel.dylib          0x184a4d538 select$DARWIN_EXTSN + 8
CoreFoundation                  0x184f77378 <redacted> + 644
libsystem_pthread.dylib         0x184bed220 <redacted> + 272
libsystem_pthread.dylib         0x184bed110 _pthread_start + 292

Backtrace of Thread 162575:
libsystem_kernel.dylib          0x184a4d0f4 __psynch_cvwait + 8
libsystem_pthread.dylib         0x184befc90 <redacted> + 644
libc++.1.dylib                  0x18410425c _ZNSt3__118condition_variable4waitERNS_11unique_lockINS_5mutexEEE + 24
LiveStreaming                   0x102defe9c _ZN3BRC9SyncQueueINSt3__110shared_ptrINS_4TaskEEEE4TakeERS4_ + 80
LiveStreaming                   0x102def8fc _ZN3BRC18SingleThreadWorker4workEv + 176
LiveStreaming                   0x102df00e0 _ZNSt3__114__thread_proxyINS_5tupleIJNS_10unique_ptrINS_15__thread_structENS_14default_deleteIS3_EEEEMN3BRC18SingleThreadWorkerEFvvEPS8_EEEEEPvSD_ + 64
libsystem_pthread.dylib         0x184bed220 <redacted> + 272
libsystem_pthread.dylib         0x184bed110 _pthread_start + 292

Backtrace of Thread 47407:
libsystem_kernel.dylib          0x184a4d0f4 __psynch_cvwait + 8
libsystem_pthread.dylib         0x184befc90 <redacted> + 644
libc++.1.dylib                  0x18410425c _ZNSt3__118condition_variable4waitERNS_11unique_lockINS_5mutexEEE + 24
LiveStreaming                   0x102defe9c _ZN3BRC9SyncQueueINSt3__110shared_ptrINS_4TaskEEEE4TakeERS4_ + 80
LiveStreaming                   0x102def8fc _ZN3BRC18SingleThreadWorker4workEv + 176
LiveStreaming                   0x102df00e0 _ZNSt3__114__thread_proxyINS_5tupleIJNS_10unique_ptrINS_15__thread_structENS_14default_deleteIS3_EEEEMN3BRC18SingleThreadWorkerEFvvEPS8_EEEEEPvSD_ + 64
libsystem_pthread.dylib         0x184bed220 <redacted> + 272
libsystem_pthread.dylib         0x184bed110 _pthread_start + 292

Backtrace of Thread 150287:
libsystem_kernel.dylib          0x184a2be08 mach_msg_trap + 8
libsystem_kernel.dylib          0x184a2bc80 mach_msg + 72
CoreFoundation                  0x184f6ee40 <redacted> + 196
CoreFoundation                  0x184f6c908 <redacted> + 1568
CoreFoundation                  0x184e8cda8 CFRunLoopRunSpecific + 552
Foundation                      0x185901674 <redacted> + 304
LiveStreaming                   0x102986608 +[WXOMTAGCDAsyncSocket cfstreamThread] + 360
Foundation                      0x185a11efc <redacted> + 1040
libsystem_pthread.dylib         0x184bed220 <redacted> + 272
libsystem_pthread.dylib         0x184bed110 _pthread_start + 292

Backtrace of Thread 166687:
libsystem_kernel.dylib          0x184a2be5c semaphore_timedwait_trap + 8
libdispatch.dylib               0x10b7f5324 _dispatch_sema4_timedwait + 60
libdispatch.dylib               0x10b7f5a9c _dispatch_semaphore_wait_slow + 72
libdispatch.dylib               0x10b7fff64 _dispatch_worker_thread + 260
libsystem_pthread.dylib         0x184bed220 <redacted> + 272
libsystem_pthread.dylib         0x184bed110 _pthread_start + 292

Backtrace of Thread 75791:
libsystem_kernel.dylib          0x184a2be5c semaphore_timedwait_trap + 8
libdispatch.dylib               0x10b7f5324 _dispatch_sema4_timedwait + 60
libdispatch.dylib               0x10b7f5a9c _dispatch_semaphore_wait_slow + 72
libdispatch.dylib               0x10b7fff64 _dispatch_worker_thread + 260
libsystem_pthread.dylib         0x184bed220 <redacted> + 272
libsystem_pthread.dylib         0x184bed110 _pthread_start + 292

Backtrace of Thread 163403:
libsystem_kernel.dylib          0x184a4dd84 __workq_kernreturn + 8
libsystem_pthread.dylib         0x184bebeb4 _pthread_wqthread + 928

Backtrace of Thread 173847:
libsystem_kernel.dylib          0x184a4dd84 __workq_kernreturn + 8
libsystem_pthread.dylib         0x184bec0a0 _pthread_wqthread + 1420

Backtrace of Thread 62479:
libsystem_kernel.dylib          0x184a2be5c semaphore_timedwait_trap + 8
libdispatch.dylib               0x10b7f5324 _dispatch_sema4_timedwait + 60
libdispatch.dylib               0x10b7f5a9c _dispatch_semaphore_wait_slow + 72
libdispatch.dylib               0x10b7fff64 _dispatch_worker_thread + 260
libsystem_pthread.dylib         0x184bed220 <redacted> + 272
libsystem_pthread.dylib         0x184bed110 _pthread_start + 292

Backtrace of Thread 106575:
libsystem_kernel.dylib          0x184a2be5c semaphore_timedwait_trap + 8
libdispatch.dylib               0x10b7f5324 _dispatch_sema4_timedwait + 60
libdispatch.dylib               0x10b7f5a9c _dispatch_semaphore_wait_slow + 72
libdispatch.dylib               0x10b7fff64 _dispatch_worker_thread + 260
libsystem_pthread.dylib         0x184bed220 <redacted> + 272
libsystem_pthread.dylib         0x184bed110 _pthread_start + 292

