Call Backtrace of 29 threads:
Backtrace of Thread 771:
libsystem_platform.dylib        0x184be2a80 _platform_memmove + 176
CoreUI                          0x18c84d620 <redacted> + 588
CoreUI                          0x18c84d620 <redacted> + 588
CoreUI                          0x18c801edc <redacted> + 440
CoreUI                          0x18c801a5c <redacted> + 128
CoreUI                          0x18c80c1d0 <redacted> + 92
CoreUI                          0x18c7fecc4 <redacted> + 280
libdispatch.dylib               0x10b7ed220 _dispatch_client_callout + 16
libdispatch.dylib               0x10b7faa40 _dispatch_queue_barrier_sync_invoke_and_complete + 120
CoreUI                          0x18c7f95c4 <redacted> + 100
CoreUI                          0x18c7f81bc <redacted> + 196
CoreUI                          0x18c7f9038 <redacted> + 72
CoreUI                          0x18c832598 <redacted> + 296
UIKit                           0x18ebd2e90 <redacted> + 644
UIKit                           0x18eca8ecc <redacted> + 200
UIKit                           0x18ebd2a78 <redacted> + 136
LiveStreaming                   0x1012207a4 -[HTSLiveRoomEnv imageNamed:] + 140
LiveStreaming                   0x100602cf0 -[HTSLiveCreateRoomViewNew backgroundAudioImageView] + 288
LiveStreaming                   0x1005f3f1c -[HTSLiveCreateRoomViewNew pr_setupUI] + 156
LiveStreaming                   0x1005f3db0 -[HTSLiveCreateRoomViewNew initWithViewModel:] + 168
LiveStreaming                   0x1004d33f0 -[HTSLiveGuideViewController viewDidLoad] + 1932
UIKit                           0x18eba2ee0 <redacted> + 1020
UIKit                           0x18eba2acc <redacted> + 28
UIKit                           0x18ebed948 <redacted> + 736
UIKit                           0x18ebed654 <redacted> + 68
UIKit                           0x18ebed4b0 <redacted> + 400
UIKit                           0x18ec86350 <redacted> + 112
LiveStreaming                   0x101857090 -[HTSUGCTabBarViewController tabBarController:shouldSelectViewController:] + 544
UIKit                           0x18ef05424 <redacted> + 132
UIKit                           0x18ecf66c8 <redacted> + 96
LiveStreaming                   0x101cdc8c4 -[UIApplication(MemoryLeak) swizzled_sendAction:to:from:forEvent:] + 264
UIKit                           0x18ef05334 <redacted> + 528
UIKit                           0x18ecf66c8 <redacted> + 96
LiveStreaming                   0x101cdc8c4 -[UIApplication(MemoryLeak) swizzled_sendAction:to:from:forEvent:] + 264
UIKit                           0x18ee178a4 <redacted> + 80
UIKit                           0x18ecfc77c <redacted> + 440
UIKit                           0x18f216af8 <redacted> + 120
UIKit                           0x18ecf66c8 <redacted> + 96
LiveStreaming                   0x101cdc8c4 -[UIApplication(MemoryLeak) swizzled_sendAction:to:from:forEvent:] + 264
UIKit                           0x18ee178a4 <redacted> + 80
UIKit                           0x18ecfc77c <redacted> + 440
UIKit                           0x18ee321dc <redacted> + 572
UIKit                           0x18f2d7dd8 <redacted> + 4340
UIKit                           0x18f2d4b50 <redacted> + 1236
CoreFoundation                  0x184f6e910 <redacted> + 32
CoreFoundation                  0x184f6c238 <redacted> + 412
CoreFoundation                  0x184f6c884 <redacted> + 1436
CoreFoundation                  0x184e8cda8 CFRunLoopRunSpecific + 552
GraphicsServices                0x186e6f020 GSEventRunModal + 100
UIKit                           0x18ee6d78c UIApplicationMain + 236

Backtrace of Thread 2819:
libsystem_kernel.dylib          0x184a4dd84 __workq_kernreturn + 8
libsystem_pthread.dylib         0x184bec0a0 _pthread_wqthread + 1420

Backtrace of Thread 5891:
libsystem_kernel.dylib          0x184a4dd84 __workq_kernreturn + 8
libsystem_pthread.dylib         0x184bebeb4 _pthread_wqthread + 928

Backtrace of Thread 6411:
libsystem_kernel.dylib          0x184a4d610 __semwait_signal + 8
libsystem_c.dylib               0x18496612c nanosleep + 212
libsystem_c.dylib               0x18496604c usleep + 64
GPUToolsCore                    0x10b8722bc _ZL21smt_poll_thread_entryPv + 136
libsystem_pthread.dylib         0x184bed220 <redacted> + 272
libsystem_pthread.dylib         0x184bed110 _pthread_start + 292

Backtrace of Thread 7175:
libsystem_kernel.dylib          0x184a4d610 __semwait_signal + 8
libsystem_c.dylib               0x18496612c nanosleep + 212
libsystem_c.dylib               0x18496604c usleep + 64
GPUToolsCore                    0x10b8722bc _ZL21smt_poll_thread_entryPv + 136
libsystem_pthread.dylib         0x184bed220 <redacted> + 272
libsystem_pthread.dylib         0x184bed110 _pthread_start + 292

Backtrace of Thread 5395:
libsystem_kernel.dylib          0x184a2be08 mach_msg_trap + 8
libsystem_kernel.dylib          0x184a2bc80 mach_msg + 72
libsystem_kernel.dylib          0x184a2df34 thread_get_state + 136
LiveStreaming                   0x101f824f4 bs_mach_copyMem + 60
LiveStreaming                   0x101f81c34 _bs_backtraceOfThread + 636
LiveStreaming                   0x101f8238c +[BSBacktraceLogger bs_backtraceOfAllThread] + 220
LiveStreaming                   0x1019f1bc4 __40+[IESDebugToolService startStuckMonitor]_block_invoke + 204
LiveStreaming                   0x1019ef044 __36-[IESDebugStuckMonitor startMonitor]_block_invoke_2 + 112
CoreFoundation                  0x184f5ff38 <redacted> + 76
LiveStreaming                   0x1019eef3c __36-[IESDebugStuckMonitor startMonitor]_block_invoke + 436
Foundation                      0x1859eee88 <redacted> + 16
Foundation                      0x1859308d0 <redacted> + 72
Foundation                      0x18592fcac <redacted> + 848
Foundation                      0x1859f076c <redacted> + 404
libdispatch.dylib               0x10b7ed220 _dispatch_client_callout + 16
libdispatch.dylib               0x10b7fa4d8 _dispatch_continuation_pop + 588
libdispatch.dylib               0x10b7f8dc8 _dispatch_async_redirect_invoke + 628
libdispatch.dylib               0x10b7fe84c _dispatch_root_queue_drain + 604
libdispatch.dylib               0x10b7fe584 _dispatch_worker_thread3 + 136
libsystem_pthread.dylib         0x184bebfac _pthread_wqthread + 1176

Backtrace of Thread 10759:
libsystem_kernel.dylib          0x184a4d0f4 __psynch_cvwait + 8
libsystem_pthread.dylib         0x184befc90 <redacted> + 644
libc++.1.dylib                  0x18410425c _ZNSt3__118condition_variable4waitERNS_11unique_lockINS_5mutexEEE + 24
JavaScriptCore                  0x18c5e31a4 <redacted> + 104
JavaScriptCore                  0x18c5e2db8 <redacted> + 164
JavaScriptCore                  0x18c5e2b60 <redacted> + 12
JavaScriptCore                  0x18c5e2f7c <redacted> + 44
libsystem_pthread.dylib         0x184bed220 <redacted> + 272
libsystem_pthread.dylib         0x184bed110 _pthread_start + 292

Backtrace of Thread 21255:
libsystem_kernel.dylib          0x184a2be08 mach_msg_trap + 8
libsystem_kernel.dylib          0x184a2bc80 mach_msg + 72
CoreFoundation                  0x184f6ee40 <redacted> + 196
CoreFoundation                  0x184f6c908 <redacted> + 1568
CoreFoundation                  0x184e8cda8 CFRunLoopRunSpecific + 552
WebCore                         0x18d119dcc <redacted> + 592
libsystem_pthread.dylib         0x184bed220 <redacted> + 272
libsystem_pthread.dylib         0x184bed110 _pthread_start + 292

Backtrace of Thread 19459:
libsystem_kernel.dylib          0x184a2be08 mach_msg_trap + 8
libsystem_kernel.dylib          0x184a2bc80 mach_msg + 72
CoreFoundation                  0x184f6ee40 <redacted> + 196
CoreFoundation                  0x184f6c908 <redacted> + 1568
CoreFoundation                  0x184e8cda8 CFRunLoopRunSpecific + 552
Foundation                      0x185901674 <redacted> + 304
Foundation                      0x18590151c <redacted> + 148
UIKit                           0x18eb527e4 <redacted> + 136
Foundation                      0x185a11efc <redacted> + 1040
libsystem_pthread.dylib         0x184bed220 <redacted> + 272
libsystem_pthread.dylib         0x184bed110 _pthread_start + 292

Backtrace of Thread 42243:
libsystem_kernel.dylib          0x184a4dd84 __workq_kernreturn + 8
libsystem_pthread.dylib         0x184bebeb4 _pthread_wqthread + 928

Backtrace of Thread 38147:
libsystem_kernel.dylib          0x184a4dd84 __workq_kernreturn + 8
libsystem_pthread.dylib         0x184bebeb4 _pthread_wqthread + 928

Backtrace of Thread 28419:
libsystem_kernel.dylib          0x184a4dd84 __workq_kernreturn + 8
libsystem_pthread.dylib         0x184bec0a0 _pthread_wqthread + 1420

Backtrace of Thread 37639:
libsystem_kernel.dylib          0x184a2be08 mach_msg_trap + 8
libsystem_kernel.dylib          0x184a2bc80 mach_msg + 72
CoreFoundation                  0x184f6ee40 <redacted> + 196
CoreFoundation                  0x184f6c908 <redacted> + 1568
CoreFoundation                  0x184e8cda8 CFRunLoopRunSpecific + 552
Foundation                      0x185901674 <redacted> + 304
Foundation                      0x1859761a8 <redacted> + 88
LiveStreaming                   0x100a43d2c +[AFURLConnectionOperation networkRequestThreadEntryPoint:] + 308
Foundation                      0x185a11efc <redacted> + 1040
libsystem_pthread.dylib         0x184bed220 <redacted> + 272
libsystem_pthread.dylib         0x184bed110 _pthread_start + 292

Backtrace of Thread 36103:
libsystem_kernel.dylib          0x184a4dd84 __workq_kernreturn + 8
libsystem_pthread.dylib         0x184bebeb4 _pthread_wqthread + 928

Backtrace of Thread 87047:
libsystem_kernel.dylib          0x184a2be08 mach_msg_trap + 8
libsystem_kernel.dylib          0x184a2bc80 mach_msg + 72
CoreFoundation                  0x184f6ee40 <redacted> + 196
CoreFoundation                  0x184f6c908 <redacted> + 1568
CoreFoundation                  0x184e8cda8 CFRunLoopRunSpecific + 552
CFNetwork                       0x18579a4b0 <redacted> + 220
Foundation                      0x185a11efc <redacted> + 1040
libsystem_pthread.dylib         0x184bed220 <redacted> + 272
libsystem_pthread.dylib         0x184bed110 _pthread_start + 292

Backtrace of Thread 52751:
libsystem_kernel.dylib          0x184a2be08 mach_msg_trap + 8
libsystem_kernel.dylib          0x184a2bc80 mach_msg + 72
CoreFoundation                  0x184f6ee40 <redacted> + 196
CoreFoundation                  0x184f6c908 <redacted> + 1568
CoreFoundation                  0x184e8cda8 CFRunLoopRunSpecific + 552
AVFAudio                        0x18a972424 <redacted> + 164
AVFAudio                        0x18a99c834 <redacted> + 88
libsystem_pthread.dylib         0x184bed220 <redacted> + 272
libsystem_pthread.dylib         0x184bed110 _pthread_start + 292

Backtrace of Thread 75275:
libsystem_kernel.dylib          0x184a4dd84 __workq_kernreturn + 8
libsystem_pthread.dylib         0x184bebeb4 _pthread_wqthread + 928

Backtrace of Thread 73739:
libsystem_kernel.dylib          0x184a4dd84 __workq_kernreturn + 8
libsystem_pthread.dylib         0x184bebeb4 _pthread_wqthread + 928

Backtrace of Thread 68367:
libsystem_kernel.dylib          0x184a4dd84 __workq_kernreturn + 8
libsystem_pthread.dylib         0x184bebeb4 _pthread_wqthread + 928

Backtrace of Thread 61195:
libsystem_kernel.dylib          0x184a4dd84 __workq_kernreturn + 8
libsystem_pthread.dylib         0x184bebeb4 _pthread_wqthread + 928

Backtrace of Thread 62219:
libsystem_kernel.dylib          0x184a4dd84 __workq_kernreturn + 8
libsystem_pthread.dylib         0x184bec0a0 _pthread_wqthread + 1420

Backtrace of Thread 88067:
libsystem_kernel.dylib          0x184a2be08 mach_msg_trap + 8
libsystem_kernel.dylib          0x184a2bc80 mach_msg + 72
CoreFoundation                  0x184f6ee40 <redacted> + 196
CoreFoundation                  0x184f6c908 <redacted> + 1568
CoreFoundation                  0x184e8cda8 CFRunLoopRunSpecific + 552
CoreFoundation                  0x184edcb28 CFRunLoopRun + 116
CoreMotion                      0x18a46d9dc CLStartStopAdvertisingBeacon + 231572
libsystem_pthread.dylib         0x184bed220 <redacted> + 272
libsystem_pthread.dylib         0x184bed110 _pthread_start + 292

Backtrace of Thread 56343:
libsystem_kernel.dylib          0x184a2be08 mach_msg_trap + 8
libsystem_kernel.dylib          0x184a2bc80 mach_msg + 72
CoreFoundation                  0x184f6ee40 <redacted> + 196
CoreFoundation                  0x184f6c908 <redacted> + 1568
CoreFoundation                  0x184e8cda8 CFRunLoopRunSpecific + 552
GeoServices                     0x18b2356cc <redacted> + 468
libsystem_pthread.dylib         0x184bed220 <redacted> + 272
libsystem_pthread.dylib         0x184bed110 _pthread_start + 292

Backtrace of Thread 169483:
libsystem_kernel.dylib          0x184a2be08 mach_msg_trap + 8
libsystem_kernel.dylib          0x184a2bc80 mach_msg + 72
CoreFoundation                  0x184f6ee40 <redacted> + 196
CoreFoundation                  0x184f6c908 <redacted> + 1568
CoreFoundation                  0x184e8cda8 CFRunLoopRunSpecific + 552
Foundation                      0x185901674 <redacted> + 304
LiveStreaming                   0x101e9cc18 -[_SRRunLoopThread main] + 360
Foundation                      0x185a11efc <redacted> + 1040
libsystem_pthread.dylib         0x184bed220 <redacted> + 272
libsystem_pthread.dylib         0x184bed110 _pthread_start + 292

Backtrace of Thread 170763:
libsystem_kernel.dylib          0x184a4d538 select$DARWIN_EXTSN + 8
CoreFoundation                  0x184f77378 <redacted> + 644
libsystem_pthread.dylib         0x184bed220 <redacted> + 272
libsystem_pthread.dylib         0x184bed110 _pthread_start + 292

Backtrace of Thread 162575:
libsystem_kernel.dylib          0x184a4d0f4 __psynch_cvwait + 8
libsystem_pthread.dylib         0x184befc90 <redacted> + 644
libc++.1.dylib                  0x18410425c _ZNSt3__118condition_variable4waitERNS_11unique_lockINS_5mutexEEE + 24
LiveStreaming                   0x102defe9c _ZN3BRC9SyncQueueINSt3__110shared_ptrINS_4TaskEEEE4TakeERS4_ + 80
LiveStreaming                   0x102def8fc _ZN3BRC18SingleThreadWorker4workEv + 176
LiveStreaming                   0x102df00e0 _ZNSt3__114__thread_proxyINS_5tupleIJNS_10unique_ptrINS_15__thread_structENS_14default_deleteIS3_EEEEMN3BRC18SingleThreadWorkerEFvvEPS8_EEEEEPvSD_ + 64
libsystem_pthread.dylib         0x184bed220 <redacted> + 272
libsystem_pthread.dylib         0x184bed110 _pthread_start + 292

Backtrace of Thread 47407:
libsystem_kernel.dylib          0x184a4d0f4 __psynch_cvwait + 8
libsystem_pthread.dylib         0x184befc90 <redacted> + 644
libc++.1.dylib                  0x18410425c _ZNSt3__118condition_variable4waitERNS_11unique_lockINS_5mutexEEE + 24
LiveStreaming                   0x102defe9c _ZN3BRC9SyncQueueINSt3__110shared_ptrINS_4TaskEEEE4TakeERS4_ + 80
LiveStreaming                   0x102def8fc _ZN3BRC18SingleThreadWorker4workEv + 176
LiveStreaming                   0x102df00e0 _ZNSt3__114__thread_proxyINS_5tupleIJNS_10unique_ptrINS_15__thread_structENS_14default_deleteIS3_EEEEMN3BRC18SingleThreadWorkerEFvvEPS8_EEEEEPvSD_ + 64
libsystem_pthread.dylib         0x184bed220 <redacted> + 272
libsystem_pthread.dylib         0x184bed110 _pthread_start + 292

Fail to get information about thread: 159235Backtrace of Thread 150287:
libsystem_kernel.dylib          0x184a2be08 mach_msg_trap + 8
libsystem_kernel.dylib          0x184a2bc80 mach_msg + 72
CoreFoundation                  0x184f6ee40 <redacted> + 196
CoreFoundation                  0x184f6c908 <redacted> + 1568
CoreFoundation                  0x184e8cda8 CFRunLoopRunSpecific + 552
Foundation                      0x185901674 <redacted> + 304
LiveStreaming                   0x102986608 +[WXOMTAGCDAsyncSocket cfstreamThread] + 360
Foundation                      0x185a11efc <redacted> + 1040
libsystem_pthread.dylib         0x184bed220 <redacted> + 272
libsystem_pthread.dylib         0x184bed110 _pthread_start + 292

