Call Backtrace of 24 threads:
Backtrace of Thread 771:
libobjc.A.dylib                 0x18418c9c4 objc_destructInstance + 120
CoreFoundation                  0x184f70f64 <redacted> + 1024
CoreFoundation                  0x184f70f64 <redacted> + 1024
CoreFoundation                  0x184ff9404 <redacted> + 312
CoreFoundation                  0x184f70c3c <redacted> + 216
libobjc.A.dylib                 0x18419e13c <redacted> + 844
libMobileGestaltExtensions.dylib  0x1ac5d6d1c _MGSCopyLocalizedString + 764
libMobileGestalt.dylib          0x185534230 MGCancelNotifications + 46632
libMobileGestalt.dylib          0x18552819c MGCopyAnswer + 336
MediaPlayer                     0x1965ed0f8 <redacted> + 12
libdispatch.dylib               0x10a755220 _dispatch_client_callout + 16
libdispatch.dylib               0x10a755f34 dispatch_once_f + 120
MediaPlayer                     0x1965ed0e4 <redacted> + 56
MediaPlayer                     0x1964cd4c8 MPDisplayableRouteNameForAVEndpoint + 144
MediaPlayer                     0x1964f9ed0 <redacted> + 88
MediaPlayer                     0x1964f9630 <redacted> + 228
MediaPlayer                     0x1964f92f4 <redacted> + 240
MediaPlayer                     0x1964f9100 <redacted> + 104
MediaPlayer                     0x1964f84d0 <redacted> + 48
MediaPlayer                     0x196406c10 <redacted> + 308
MediaPlayer                     0x19640b714 <redacted> + 160
MediaPlayer                     0x19640a598 <redacted> + 204
MediaPlayer                     0x19640a6ac <redacted> + 76
LiveStreaming                   0x1028c3ac8 +[HTSCustomVolumeManager hideSystemVolumeHUD] + 144
LiveStreaming                   0x1028c36f8 +[HTSCustomVolumeManager setup] + 40
LiveStreaming                   0x10298baec +[HTSCustomVolumeBarTask performTaskWithLaunchContext:completion:] + 108
LiveStreaming                   0x103070524 -[IESTaskOperation main] + 396
Foundation                      0x18592fcac <redacted> + 848
LiveStreaming                   0x10306f620 -[IESTaskScheduler runOperations:] + 360
LiveStreaming                   0x10306f7a0 -[IESTaskScheduler enqueueOtherTasks] + 136
LiveStreaming                   0x10306deb8 -[IESTaskExecutor performTasks:] + 148
LiveStreaming                   0x10306ca98 -[IESTaskContainer performLaunchTasks:] + 212
LiveStreaming                   0x10306c820 -[IESTaskContainer performLaunchTaskAtTime:] + 452
LiveStreaming                   0x10306c5d4 __42-[IESTaskContainer observeMainRunloopIdle]_block_invoke + 92
CoreFoundation                  0x184f6e910 <redacted> + 32
CoreFoundation                  0x184f6c238 <redacted> + 412
CoreFoundation                  0x184f6c884 <redacted> + 1436
CoreFoundation                  0x184e8cda8 CFRunLoopRunSpecific + 552
GraphicsServices                0x186e6f020 GSEventRunModal + 100
UIKit                           0x18ee6d78c UIApplicationMain + 236
LiveStreaming                   0x102df4bf0 main + 124
libdyld.dylib                   0x18491dfc0 <redacted> + 4

Backtrace of Thread 4355:
libsystem_kernel.dylib          0x184a4d1a8 __psynch_rw_rdlock + 8
libsystem_pthread.dylib         0x184bf132c <redacted> + 72
libobjc.A.dylib                 0x184189be8 <redacted> + 104
libobjc.A.dylib                 0x184189988 <redacted> + 84
libobjc.A.dylib                 0x184194c38 <redacted> + 56
CoreFoundation                  0x184fd53f4 <redacted> + 296
CoreFoundation                  0x184e8ef38 _CFXNotificationPost + 384
CoreFoundation                  0x184eb28f0 CFNotificationCenterPostNotification + 132
CoreMedia                       0x188259488 CMNotificationCenterPostNotification + 124
CoreMedia                       0x188365314 <redacted> + 164
libdispatch.dylib               0x10a755260 _dispatch_call_block_and_release + 24
libdispatch.dylib               0x10a755220 _dispatch_client_callout + 16
libdispatch.dylib               0x10a763e80 _dispatch_queue_serial_drain + 768
libdispatch.dylib               0x10a758730 _dispatch_queue_invoke + 328
libdispatch.dylib               0x10a764dd8 _dispatch_root_queue_drain_deferred_wlh + 352
libdispatch.dylib               0x10a76bebc _dispatch_workloop_worker_thread + 676
libsystem_pthread.dylib         0x184bebe70 _pthread_wqthread + 860

Backtrace of Thread 5895:
libsystem_kernel.dylib          0x184a4d1cc __psynch_rw_unlock + 8
libsystem_pthread.dylib         0x184bf1968 <redacted> + 60
libobjc.A.dylib                 0x184189c20 <redacted> + 20
libobjc.A.dylib                 0x184189b34 <redacted> + 512
libobjc.A.dylib                 0x184194c38 <redacted> + 56
libobjc.A.dylib                 0x18419edb4 <redacted> + 92
LiveStreaming                   0x1030431ac -[DDLogMessage initWithMessage:level:flag:context:file:function:line:tag:options:timestamp:] + 1016
LiveStreaming                   0x10303f48c -[DDLog log:message:level:flag:context:file:function:line:tag:] + 416
LiveStreaming                   0x10303f2b4 +[DDLog log:message:level:flag:context:file:function:line:tag:] + 248
LiveStreaming                   0x10303ed60 +[DDLog log:level:flag:context:file:function:line:tag:format:] + 308
LiveStreaming                   0x102d5c090 +[HTSLaunchLogger logEvent:params:] + 596
LiveStreaming                   0x102d5ac74 __49-[HTSLaunchLogger task:didFinishWithElapsedTime:]_block_invoke + 716
libdispatch.dylib               0x10a755260 _dispatch_call_block_and_release + 24
libdispatch.dylib               0x10a755220 _dispatch_client_callout + 16
libdispatch.dylib               0x10a763e80 _dispatch_queue_serial_drain + 768
libdispatch.dylib               0x10a758730 _dispatch_queue_invoke + 328
libdispatch.dylib               0x10a764dd8 _dispatch_root_queue_drain_deferred_wlh + 352
libdispatch.dylib               0x10a76bebc _dispatch_workloop_worker_thread + 676
libsystem_pthread.dylib         0x184bebe70 _pthread_wqthread + 860

Backtrace of Thread 9731:
libsystem_kernel.dylib          0x184a4d610 __semwait_signal + 8
libsystem_c.dylib               0x18496612c nanosleep + 212
libsystem_c.dylib               0x18496604c usleep + 64
GPUToolsCore                    0x10dcba2bc _ZL21smt_poll_thread_entryPv + 136
libsystem_pthread.dylib         0x184bed220 <redacted> + 272
libsystem_pthread.dylib         0x184bed110 _pthread_start + 292

Backtrace of Thread 9475:
libsystem_kernel.dylib          0x184a4e7c8 kevent_id + 8
libdispatch.dylib               0x10a77303c _dispatch_kq_poll + 208
libdispatch.dylib               0x10a7739e8 _dispatch_event_loop_wait_for_ownership + 420
libdispatch.dylib               0x10a7677c4 _dispatch_sync_wait + 420
LiveStreaming                   0x102ef9a00 -[AFURLSessionManager dataTaskWithRequest:completionHandler:] + 304
LiveStreaming                   0x10448d13c -[TTNetworkHTTPClient _dataTaskWithRequest:responsePreprocessor:completionHandler:] + 1256
LiveStreaming                   0x10448f688 -[TTNetworkHTTPClient requestForJSONWithURL:params:method:commonParams:headerField:pureChannelForJSONResponseSerializer:verifyRequest:requestSerializer:responseSerializer:responsePreprocessor:callback:callbackWithResponse:] + 2472
LiveStreaming                   0x104496468 -[TTNetworkManagerAFNetworking requestForJSONWithURL:params:method:needCommonParams:requestSerializer:responseSerializer:autoResume:callback:] + 596
LiveStreaming                   0x103a248b0 -[HTSNetworkService GET:parameters:completion:] + 324
LiveStreaming                   0x103a249b8 -[HTSNetworkService GETPath:parameters:completion:] + 176
LiveStreaming                   0x102912108 -[HTSQuestionnairesManager requestWithCompletion:] + 496
LiveStreaming                   0x102911a98 -[HTSQuestionnairesManager showQuestionnairesOrActionWith:] + 424
LiveStreaming                   0x102845310 +[HTSPermissionManager requestPushPermission] + 324
LiveStreaming                   0x1028451c0 +[HTSPermissionManager requestPermission] + 40
LiveStreaming                   0x102d29a58 +[HTSPermissionTask performTaskWithLaunchContext:completion:] + 108
LiveStreaming                   0x103070524 -[IESTaskOperation main] + 396
Foundation                      0x18592fcac <redacted> + 848
Foundation                      0x1859f076c <redacted> + 404
libdispatch.dylib               0x10a755220 _dispatch_client_callout + 16
libdispatch.dylib               0x10a7624d8 _dispatch_continuation_pop + 588
libdispatch.dylib               0x10a760dc8 _dispatch_async_redirect_invoke + 628
libdispatch.dylib               0x10a76684c _dispatch_root_queue_drain + 604
libdispatch.dylib               0x10a766584 _dispatch_worker_thread3 + 136
libsystem_pthread.dylib         0x184bebfac _pthread_wqthread + 1176

Backtrace of Thread 8711:
libsystem_kernel.dylib          0x184a4d610 __semwait_signal + 8
libsystem_c.dylib               0x18496612c nanosleep + 212
libsystem_c.dylib               0x18496604c usleep + 64
GPUToolsCore                    0x10dcba2bc _ZL21smt_poll_thread_entryPv + 136
libsystem_pthread.dylib         0x184bed220 <redacted> + 272
libsystem_pthread.dylib         0x184bed110 _pthread_start + 292

Backtrace of Thread 7179:
libsystem_kernel.dylib          0x184a4d0f4 __psynch_cvwait + 8
libsystem_pthread.dylib         0x184befc90 <redacted> + 644
libc++.1.dylib                  0x1841042ec _ZNSt3__118condition_variable15__do_timed_waitERNS_11unique_lockINS_5mutexEEENS_6chrono10time_pointINS5_12system_clockENS5_8durationIxNS_5ratioILl1ELl1000000000EEEEEEE + 96
JavaScriptCore                  0x18c5e3430 <redacted> + 124
JavaScriptCore                  0x18c5e32e0 <redacted> + 112
JavaScriptCore                  0x18c5e2e24 <redacted> + 272
JavaScriptCore                  0x18c5e2b60 <redacted> + 12
JavaScriptCore                  0x18c5e2f7c <redacted> + 44
libsystem_pthread.dylib         0x184bed220 <redacted> + 272
libsystem_pthread.dylib         0x184bed110 _pthread_start + 292

Backtrace of Thread 11527:
libsystem_kernel.dylib          0x184a2bf04 swtch_pri + 8
libsystem_pthread.dylib         0x184bed488 sched_yield + 16
JavaScriptCore                  0x18c5c0618 <redacted> + 204
WebCore                         0x18d62fb40 <redacted> + 244
WebCore                         0x18d11d350 <redacted> + 44
CoreFoundation                  0x184f6e910 <redacted> + 32
CoreFoundation                  0x184f6c238 <redacted> + 412
CoreFoundation                  0x184f6ca6c <redacted> + 1924
CoreFoundation                  0x184e8cda8 CFRunLoopRunSpecific + 552
WebCore                         0x18d119dcc <redacted> + 592
libsystem_pthread.dylib         0x184bed220 <redacted> + 272
libsystem_pthread.dylib         0x184bed110 _pthread_start + 292

Backtrace of Thread 18435:
libsystem_kernel.dylib          0x184a2be08 mach_msg_trap + 8
libsystem_kernel.dylib          0x184a2bc80 mach_msg + 72
CoreFoundation                  0x184f6ee40 <redacted> + 196
CoreFoundation                  0x184f6c908 <redacted> + 1568
CoreFoundation                  0x184e8cda8 CFRunLoopRunSpecific + 552
Foundation                      0x185901674 <redacted> + 304
Foundation                      0x1859014dc <redacted> + 84
UIKit                           0x18eb527e4 <redacted> + 136
Foundation                      0x185a11efc <redacted> + 1040
libsystem_pthread.dylib         0x184bed220 <redacted> + 272
libsystem_pthread.dylib         0x184bed110 _pthread_start + 292

Backtrace of Thread 16131:
libsystem_kernel.dylib          0x184a4dd84 __workq_kernreturn + 8
libsystem_pthread.dylib         0x184bebeb4 _pthread_wqthread + 928

Fail to get frame pointerBacktrace of Thread 27139:
libsystem_platform.dylib        0x184be2ab0 _platform_memmove + 224
CoreFoundation                  0x184f827ec <redacted> + 2600
CoreFoundation                  0x184f827ec <redacted> + 2600
CoreFoundation                  0x184e9179c CFStringCreateCopy + 612
CoreFoundation                  0x184f8674c _CFStringCreateWithFormatAndArgumentsAux2 + 144
Foundation                      0x185900b88 <redacted> + 68
LiveStreaming                   0x10600ef64 +[NSString(YzRmNDdhMzAxZTAwZTBiOGRlOWY3OWVlNzBjN2VhMzQgIC0K) MDEwNzMzOGI1NzgwM2VkYTIzNDg0OWUxOWE4MDVjZTYgIC0K:] + 248
LiveStreaming                   0x106015890 -[SGMSafeGuardManager preprocessDataForScene:] + 208
LiveStreaming                   0x1060156d4 -[SGMSafeGuardManager p_uploadDataForScene:] + 132
libdispatch.dylib               0x10a755220 _dispatch_client_callout + 16
libdispatch.dylib               0x10a7624d8 _dispatch_continuation_pop + 588
libdispatch.dylib               0x10a756ee8 _dispatch_source_invoke + 1368
libdispatch.dylib               0x10a763ca4 _dispatch_queue_serial_drain + 292
libdispatch.dylib               0x10a758730 _dispatch_queue_invoke + 328
libdispatch.dylib               0x10a764dd8 _dispatch_root_queue_drain_deferred_wlh + 352
libdispatch.dylib               0x10a76bebc _dispatch_workloop_worker_thread + 676
libsystem_pthread.dylib         0x184bebe70 _pthread_wqthread + 860

Fail to get frame pointerBacktrace of Thread 28163:
libdispatch.dylib               0x10a755ebc dispatch_once_f + 0
GeoServices                     0x18afc30f0 GEOResourceDevResourcesPath + 56
GeoServices                     0x18ac8c90c <redacted> + 32
GeoServices                     0x18afc4bf0 <redacted> + 40
libdispatch.dylib               0x10a755260 _dispatch_call_block_and_release + 24
libdispatch.dylib               0x10a755220 _dispatch_client_callout + 16
libdispatch.dylib               0x10a766a84 _dispatch_root_queue_drain + 1172
libdispatch.dylib               0x10a766584 _dispatch_worker_thread3 + 136
libsystem_pthread.dylib         0x184bebfac _pthread_wqthread + 1176

Backtrace of Thread 28675:
libsystem_kernel.dylib          0x184a4dd84 __workq_kernreturn + 8
libsystem_pthread.dylib         0x184bebeb4 _pthread_wqthread + 928

Backtrace of Thread 29447:
libsystem_kernel.dylib          0x184a2be08 mach_msg_trap + 8
libsystem_kernel.dylib          0x184a2bc80 mach_msg + 72
CoreFoundation                  0x184f6ee40 <redacted> + 196
CoreFoundation                  0x184f6c908 <redacted> + 1568
CoreFoundation                  0x184e8cda8 CFRunLoopRunSpecific + 552
Foundation                      0x185901674 <redacted> + 304
Foundation                      0x1859761a8 <redacted> + 88
LiveStreaming                   0x102ed7dac +[AFURLConnectionOperation networkRequestThreadEntryPoint:] + 308
Foundation                      0x185a11efc <redacted> + 1040
libsystem_pthread.dylib         0x184bed220 <redacted> + 272
libsystem_pthread.dylib         0x184bed110 _pthread_start + 292

Backtrace of Thread 43783:
libsystem_kernel.dylib          0x184a2be08 mach_msg_trap + 8
libsystem_kernel.dylib          0x184a2bc80 mach_msg + 72
CoreFoundation                  0x184f6ee40 <redacted> + 196
CoreFoundation                  0x184f6c908 <redacted> + 1568
CoreFoundation                  0x184e8cda8 CFRunLoopRunSpecific + 552
CFNetwork                       0x18579a4b0 <redacted> + 220
Foundation                      0x185a11efc <redacted> + 1040
libsystem_pthread.dylib         0x184bed220 <redacted> + 272
libsystem_pthread.dylib         0x184bed110 _pthread_start + 292

Backtrace of Thread 86019:
libsystem_kernel.dylib          0x184a2be08 mach_msg_trap + 8
libsystem_kernel.dylib          0x184a2bc80 mach_msg + 72
libsystem_kernel.dylib          0x184a2df34 thread_get_state + 136
LiveStreaming                   0x1044164f0 bs_mach_copyMem + 60
LiveStreaming                   0x104415c30 _bs_backtraceOfThread + 636
LiveStreaming                   0x104416388 +[BSBacktraceLogger bs_backtraceOfAllThread] + 220
LiveStreaming                   0x103e85bc0 __40+[IESDebugToolService startStuckMonitor]_block_invoke + 204
LiveStreaming                   0x103e83040 __36-[IESDebugStuckMonitor startMonitor]_block_invoke_2 + 112
CoreFoundation                  0x184f5ff38 <redacted> + 76
LiveStreaming                   0x103e82f38 __36-[IESDebugStuckMonitor startMonitor]_block_invoke + 436
Foundation                      0x1859eee88 <redacted> + 16
Foundation                      0x1859308d0 <redacted> + 72
Foundation                      0x18592fcac <redacted> + 848
Foundation                      0x1859f076c <redacted> + 404
libdispatch.dylib               0x10a755220 _dispatch_client_callout + 16
libdispatch.dylib               0x10a7624d8 _dispatch_continuation_pop + 588
libdispatch.dylib               0x10a760dc8 _dispatch_async_redirect_invoke + 628
libdispatch.dylib               0x10a76684c _dispatch_root_queue_drain + 604
libdispatch.dylib               0x10a766584 _dispatch_worker_thread3 + 136
libsystem_pthread.dylib         0x184bebfac _pthread_wqthread + 1176

Backtrace of Thread 77071:
libsystem_kernel.dylib          0x184a2be08 mach_msg_trap + 8
libsystem_kernel.dylib          0x184a2bc80 mach_msg + 72
CoreFoundation                  0x184f6ee40 <redacted> + 196
CoreFoundation                  0x184f6c908 <redacted> + 1568
CoreFoundation                  0x184e8cda8 CFRunLoopRunSpecific + 552
AVFAudio                        0x18a972424 <redacted> + 164
AVFAudio                        0x18a99c834 <redacted> + 88
libsystem_pthread.dylib         0x184bed220 <redacted> + 272
libsystem_pthread.dylib         0x184bed110 _pthread_start + 292

Backtrace of Thread 74523:
CoreFoundation                  0x184f15ffc <redacted> + 136
CoreFoundation                  0x184f15fa4 <redacted> + 48
CoreFoundation                  0x184f824c0 <redacted> + 1788
CoreFoundation                  0x184e9179c CFStringCreateCopy + 612
CoreFoundation                  0x184f8674c _CFStringCreateWithFormatAndArgumentsAux2 + 144
Foundation                      0x1859051c0 <redacted> + 40
LiveStreaming                   0x103043520 -[DDLogMessage initWithMessage:level:flag:context:file:function:line:tag:options:timestamp:] + 1900
LiveStreaming                   0x10303f48c -[DDLog log:message:level:flag:context:file:function:line:tag:] + 416
LiveStreaming                   0x10303f2b4 +[DDLog log:message:level:flag:context:file:function:line:tag:] + 248
LiveStreaming                   0x10303ed60 +[DDLog log:level:flag:context:file:function:line:tag:format:] + 308
LiveStreaming                   0x102d5c090 +[HTSLaunchLogger logEvent:params:] + 596
LiveStreaming                   0x102d5ac74 __49-[HTSLaunchLogger task:didFinishWithElapsedTime:]_block_invoke + 716
libdispatch.dylib               0x10a755260 _dispatch_call_block_and_release + 24
libdispatch.dylib               0x10a755220 _dispatch_client_callout + 16
libdispatch.dylib               0x10a763e80 _dispatch_queue_serial_drain + 768
libdispatch.dylib               0x10a758730 _dispatch_queue_invoke + 328
libdispatch.dylib               0x10a764dd8 _dispatch_root_queue_drain_deferred_wlh + 352
libdispatch.dylib               0x10a76bebc _dispatch_workloop_worker_thread + 676
libsystem_pthread.dylib         0x184bebe70 _pthread_wqthread + 860

Backtrace of Thread 74775:
libsystem_kernel.dylib          0x184a2be08 mach_msg_trap + 8
libsystem_kernel.dylib          0x184a2bc80 mach_msg + 72
CoreFoundation                  0x184f6ee40 <redacted> + 196
CoreFoundation                  0x184f6c908 <redacted> + 1568
CoreFoundation                  0x184e8cda8 CFRunLoopRunSpecific + 552
GeoServices                     0x18b2356cc <redacted> + 468
libsystem_pthread.dylib         0x184bed220 <redacted> + 272
libsystem_pthread.dylib         0x184bed110 _pthread_start + 292

Backtrace of Thread 58135:
libsystem_kernel.dylib          0x184a2be5c semaphore_timedwait_trap + 8
libdispatch.dylib               0x10a75d324 _dispatch_sema4_timedwait + 60
libdispatch.dylib               0x10a75da9c _dispatch_semaphore_wait_slow + 72
libdispatch.dylib               0x10a767f64 _dispatch_worker_thread + 260
libsystem_pthread.dylib         0x184bed220 <redacted> + 272
libsystem_pthread.dylib         0x184bed110 _pthread_start + 292

Backtrace of Thread 79279:
libsystem_kernel.dylib          0x184a2e104 fsync + 8
Foundation                      0x1859583c4 <redacted> + 636
Foundation                      0x185a0ed38 <redacted> + 224
LiveStreaming                   0x103e77a2c __41+[IESDebugFileLogger logText:title:type:]_block_invoke + 308
libdispatch.dylib               0x10a755260 _dispatch_call_block_and_release + 24
libdispatch.dylib               0x10a755220 _dispatch_client_callout + 16
libdispatch.dylib               0x10a763e80 _dispatch_queue_serial_drain + 768
libdispatch.dylib               0x10a758730 _dispatch_queue_invoke + 328
libdispatch.dylib               0x10a764dd8 _dispatch_root_queue_drain_deferred_wlh + 352
libdispatch.dylib               0x10a76bebc _dispatch_workloop_worker_thread + 676
libsystem_pthread.dylib         0x184bebe70 _pthread_wqthread + 860

Backtrace of Thread 69387:
libsystem_kernel.dylib          0x184a4dd84 __workq_kernreturn + 8
libsystem_pthread.dylib         0x184bebeb4 _pthread_wqthread + 928

