Call Backtrace of 24 threads:
Backtrace of Thread 771:
libsystem_kernel.dylib          0x184a4ce60 __open + 8
libsystem_kernel.dylib          0x184a4b960 open + 16
CoreFoundation                  0x184ec1f1c <redacted> + 156
CoreFoundation                  0x184ec0d30 CFURLCreateDataAndPropertiesFromResource + 548
CoreFoundation                  0x184ec0924 <redacted> + 688
CoreFoundation                  0x184e8e944 CFBundleGetInfoDictionary + 164
CoreFoundation                  0x184ebfb18 <redacted> + 748
Foundation                      0x1858fe264 <redacted> + 84
Foundation                      0x185926b7c <redacted> + 20
libMobileGestaltExtensions.dylib  0x1ac5d6ab4 _MGSCopyLocalizedString + 148
libMobileGestalt.dylib          0x185534230 MGCancelNotifications + 46632
libMobileGestalt.dylib          0x18552819c MGCopyAnswer + 336
MediaPlayer                     0x1965ed0f8 <redacted> + 12
libdispatch.dylib               0x10fbb1220 _dispatch_client_callout + 16
libdispatch.dylib               0x10fbb1f34 dispatch_once_f + 120
MediaPlayer                     0x1965ed0e4 <redacted> + 56
MediaPlayer                     0x1964cd4c8 MPDisplayableRouteNameForAVEndpoint + 144
MediaPlayer                     0x1964f9ed0 <redacted> + 88
MediaPlayer                     0x1964f9630 <redacted> + 228
MediaPlayer                     0x1964f92f4 <redacted> + 240
MediaPlayer                     0x1964f9100 <redacted> + 104
MediaPlayer                     0x1964f84d0 <redacted> + 48
MediaPlayer                     0x196406c10 <redacted> + 308
MediaPlayer                     0x19640b714 <redacted> + 160
MediaPlayer                     0x19640a598 <redacted> + 204
MediaPlayer                     0x19640a6ac <redacted> + 76
LiveStreaming                   0x10484fac8 +[HTSCustomVolumeManager hideSystemVolumeHUD] + 144
LiveStreaming                   0x10484f6f8 +[HTSCustomVolumeManager setup] + 40
LiveStreaming                   0x104917aec +[HTSCustomVolumeBarTask performTaskWithLaunchContext:completion:] + 108
LiveStreaming                   0x104ffc524 -[IESTaskOperation main] + 396
Foundation                      0x18592fcac <redacted> + 848
LiveStreaming                   0x104ffb620 -[IESTaskScheduler runOperations:] + 360
LiveStreaming                   0x104ffb7a0 -[IESTaskScheduler enqueueOtherTasks] + 136
LiveStreaming                   0x104ff9eb8 -[IESTaskExecutor performTasks:] + 148
LiveStreaming                   0x104ff8a98 -[IESTaskContainer performLaunchTasks:] + 212
LiveStreaming                   0x104ff8820 -[IESTaskContainer performLaunchTaskAtTime:] + 452
LiveStreaming                   0x104ff85d4 __42-[IESTaskContainer observeMainRunloopIdle]_block_invoke + 92
CoreFoundation                  0x184f6e910 <redacted> + 32
CoreFoundation                  0x184f6c238 <redacted> + 412
CoreFoundation                  0x184f6c884 <redacted> + 1436
CoreFoundation                  0x184e8cda8 CFRunLoopRunSpecific + 552
GraphicsServices                0x186e6f020 GSEventRunModal + 100
UIKit                           0x18ee6d78c UIApplicationMain + 236
LiveStreaming                   0x104d80bf0 main + 124
libdyld.dylib                   0x18491dfc0 <redacted> + 4

Backtrace of Thread 4099:
libsystem_kernel.dylib          0x184a4d1cc __psynch_rw_unlock + 8
libsystem_pthread.dylib         0x184bf1968 <redacted> + 60
libobjc.A.dylib                 0x184189c20 <redacted> + 20
libobjc.A.dylib                 0x184189b34 <redacted> + 512
libobjc.A.dylib                 0x184194c38 <redacted> + 56
libobjc.A.dylib                 0x18419c218 objc_storeStrong + 44
LiveStreaming                   0x105e5958c +[HTSLogger sharedInstance] + 64
LiveStreaming                   0x105e581b8 -[HTSFileLogFormatter formatLogMessage:] + 344
LiveStreaming                   0x104fc7810 -[DDFileLogger logMessage:] + 156
LiveStreaming                   0x104fce070 __16-[DDLog lt_log:]_block_invoke + 88
libdispatch.dylib               0x10fbb1260 _dispatch_call_block_and_release + 24
libdispatch.dylib               0x10fbb1220 _dispatch_client_callout + 16
libdispatch.dylib               0x10fbbfff4 _dispatch_queue_serial_drain + 1140
libdispatch.dylib               0x10fbb4730 _dispatch_queue_invoke + 328
libdispatch.dylib               0x10fbc0dd8 _dispatch_root_queue_drain_deferred_wlh + 352
libdispatch.dylib               0x10fbc7ebc _dispatch_workloop_worker_thread + 676
libsystem_pthread.dylib         0x184bebe70 _pthread_wqthread + 860

Backtrace of Thread 9991:
libsystem_kernel.dylib          0x184a4dd84 __workq_kernreturn + 8
libsystem_pthread.dylib         0x184bebeb4 _pthread_wqthread + 928

Backtrace of Thread 6147:
libsystem_kernel.dylib          0x184a4d610 __semwait_signal + 8
libsystem_c.dylib               0x18496612c nanosleep + 212
libsystem_c.dylib               0x18496604c usleep + 64
GPUToolsCore                    0x10fc362bc _ZL21smt_poll_thread_entryPv + 136
libsystem_pthread.dylib         0x184bed220 <redacted> + 272
libsystem_pthread.dylib         0x184bed110 _pthread_start + 292

Backtrace of Thread 6919:
libsystem_kernel.dylib          0x184a4d610 __semwait_signal + 8
libsystem_c.dylib               0x18496612c nanosleep + 212
libsystem_c.dylib               0x18496604c usleep + 64
GPUToolsCore                    0x10fc362bc _ZL21smt_poll_thread_entryPv + 136
libsystem_pthread.dylib         0x184bed220 <redacted> + 272
libsystem_pthread.dylib         0x184bed110 _pthread_start + 292

Backtrace of Thread 5395:
libsystem_kernel.dylib          0x184a4dd84 __workq_kernreturn + 8
libsystem_pthread.dylib         0x184bebeb4 _pthread_wqthread + 928

Backtrace of Thread 10759:
libsystem_kernel.dylib          0x184a4d0f4 __psynch_cvwait + 8
libsystem_pthread.dylib         0x184befc90 <redacted> + 644
libc++.1.dylib                  0x1841042ec _ZNSt3__118condition_variable15__do_timed_waitERNS_11unique_lockINS_5mutexEEENS_6chrono10time_pointINS5_12system_clockENS5_8durationIxNS_5ratioILl1ELl1000000000EEEEEEE + 96
JavaScriptCore                  0x18c5e3430 <redacted> + 124
JavaScriptCore                  0x18c5e32e0 <redacted> + 112
JavaScriptCore                  0x18c5e2e24 <redacted> + 272
JavaScriptCore                  0x18c5e2b60 <redacted> + 12
JavaScriptCore                  0x18c5e2f7c <redacted> + 44
libsystem_pthread.dylib         0x184bed220 <redacted> + 272
libsystem_pthread.dylib         0x184bed110 _pthread_start + 292

Backtrace of Thread 21511:
libsystem_kernel.dylib          0x184a2bf04 swtch_pri + 8
libsystem_pthread.dylib         0x184bed488 sched_yield + 16
JavaScriptCore                  0x18c5c0618 <redacted> + 204
WebCore                         0x18d62fb40 <redacted> + 244
WebCore                         0x18d11d350 <redacted> + 44
CoreFoundation                  0x184f6e910 <redacted> + 32
CoreFoundation                  0x184f6c238 <redacted> + 412
CoreFoundation                  0x184f6ca6c <redacted> + 1924
CoreFoundation                  0x184e8cda8 CFRunLoopRunSpecific + 552
WebCore                         0x18d119dcc <redacted> + 592
libsystem_pthread.dylib         0x184bed220 <redacted> + 272
libsystem_pthread.dylib         0x184bed110 _pthread_start + 292

Backtrace of Thread 18691:
libsystem_kernel.dylib          0x184a2be08 mach_msg_trap + 8
libsystem_kernel.dylib          0x184a2bc80 mach_msg + 72
CoreFoundation                  0x184f6ee40 <redacted> + 196
CoreFoundation                  0x184f6c908 <redacted> + 1568
CoreFoundation                  0x184e8cda8 CFRunLoopRunSpecific + 552
Foundation                      0x185901674 <redacted> + 304
Foundation                      0x1859014dc <redacted> + 84
UIKit                           0x18eb527e4 <redacted> + 136
Foundation                      0x185a11efc <redacted> + 1040
libsystem_pthread.dylib         0x184bed220 <redacted> + 272
libsystem_pthread.dylib         0x184bed110 _pthread_start + 292

Backtrace of Thread 15619:
libsystem_kernel.dylib          0x184a4dd84 __workq_kernreturn + 8
libsystem_pthread.dylib         0x184bebeb4 _pthread_wqthread + 928

Backtrace of Thread 16131:
libsystem_kernel.dylib          0x184a4dd84 __workq_kernreturn + 8
libsystem_pthread.dylib         0x184bebeb4 _pthread_wqthread + 928

Backtrace of Thread 26627:
libsystem_kernel.dylib          0x184a4dd84 __workq_kernreturn + 8
libsystem_pthread.dylib         0x184bebeb4 _pthread_wqthread + 928

Backtrace of Thread 26883:
libsystem_kernel.dylib          0x184a4dd84 __workq_kernreturn + 8
libsystem_pthread.dylib         0x184bec0a0 _pthread_wqthread + 1420

Backtrace of Thread 27651:
libsystem_kernel.dylib          0x184a4dd84 __workq_kernreturn + 8
libsystem_pthread.dylib         0x184bebeb4 _pthread_wqthread + 928

Backtrace of Thread 28931:
libsystem_kernel.dylib          0x184a2be08 mach_msg_trap + 8
libsystem_kernel.dylib          0x184a2bc80 mach_msg + 72
libsystem_kernel.dylib          0x184a2df34 thread_get_state + 136
LiveStreaming                   0x1063a24f0 bs_mach_copyMem + 60
LiveStreaming                   0x1063a1c30 _bs_backtraceOfThread + 636
LiveStreaming                   0x1063a2388 +[BSBacktraceLogger bs_backtraceOfAllThread] + 220
LiveStreaming                   0x105e11bc0 __40+[IESDebugToolService startStuckMonitor]_block_invoke + 204
LiveStreaming                   0x105e0f040 __36-[IESDebugStuckMonitor startMonitor]_block_invoke_2 + 112
CoreFoundation                  0x184f5ff38 <redacted> + 76
LiveStreaming                   0x105e0ef38 __36-[IESDebugStuckMonitor startMonitor]_block_invoke + 436
Foundation                      0x1859eee88 <redacted> + 16
Foundation                      0x1859308d0 <redacted> + 72
Foundation                      0x18592fcac <redacted> + 848
Foundation                      0x1859f076c <redacted> + 404
libdispatch.dylib               0x10fbb1220 _dispatch_client_callout + 16
libdispatch.dylib               0x10fbbe4d8 _dispatch_continuation_pop + 588
libdispatch.dylib               0x10fbbcdc8 _dispatch_async_redirect_invoke + 628
libdispatch.dylib               0x10fbc284c _dispatch_root_queue_drain + 604
libdispatch.dylib               0x10fbc2584 _dispatch_worker_thread3 + 136
libsystem_pthread.dylib         0x184bebfac _pthread_wqthread + 1176

Backtrace of Thread 30723:
libsystem_kernel.dylib          0x184a2be08 mach_msg_trap + 8
libsystem_kernel.dylib          0x184a2bc80 mach_msg + 72
CoreFoundation                  0x184f6ee40 <redacted> + 196
CoreFoundation                  0x184f6c908 <redacted> + 1568
CoreFoundation                  0x184e8cda8 CFRunLoopRunSpecific + 552
Foundation                      0x185901674 <redacted> + 304
Foundation                      0x1859761a8 <redacted> + 88
LiveStreaming                   0x104e63dac +[AFURLConnectionOperation networkRequestThreadEntryPoint:] + 308
Foundation                      0x185a11efc <redacted> + 1040
libsystem_pthread.dylib         0x184bed220 <redacted> + 272
libsystem_pthread.dylib         0x184bed110 _pthread_start + 292

Backtrace of Thread 86063:
libsystem_kernel.dylib          0x184a4dd84 __workq_kernreturn + 8
libsystem_pthread.dylib         0x184bebeb4 _pthread_wqthread + 928

Backtrace of Thread 84487:
libsystem_kernel.dylib          0x184a2be08 mach_msg_trap + 8
libsystem_kernel.dylib          0x184a2bc80 mach_msg + 72
CoreFoundation                  0x184f6ee40 <redacted> + 196
CoreFoundation                  0x184f6c908 <redacted> + 1568
CoreFoundation                  0x184e8cda8 CFRunLoopRunSpecific + 552
CFNetwork                       0x18579a4b0 <redacted> + 220
Foundation                      0x185a11efc <redacted> + 1040
libsystem_pthread.dylib         0x184bed220 <redacted> + 272
libsystem_pthread.dylib         0x184bed110 _pthread_start + 292

Backtrace of Thread 48131:
libsystem_kernel.dylib          0x184a4dbe4 __ulock_wait + 8
libdispatch.dylib               0x10fbb940c _dispatch_ulock_wait + 48
libdispatch.dylib               0x10fbb956c _dispatch_thread_event_wait_slow + 44
libdispatch.dylib               0x10fbc37e4 _dispatch_sync_wait + 452
LiveStreaming                   0x107fa6d90 __110+[UIScreen(YzRmNDdhMzAxZTAwZTBiOGRlOWY3OWVlNzBjN2VhMzQgIC0K) ZWQ2MGFjMDc3MWVhMzcxNDg3YzMzNjlkNzMxYmM4NDYgIC0K]_block_invoke + 208
libdispatch.dylib               0x10fbb1220 _dispatch_client_callout + 16
libdispatch.dylib               0x10fbb1f34 dispatch_once_f + 120
LiveStreaming                   0x107fa6cb8 +[UIScreen(YzRmNDdhMzAxZTAwZTBiOGRlOWY3OWVlNzBjN2VhMzQgIC0K) ZWQ2MGFjMDc3MWVhMzcxNDg3YzMzNjlkNzMxYmM4NDYgIC0K] + 64
LiveStreaming                   0x107fa2770 -[SGMSafeGuardManager p_fetchDeviceInfo] + 2812
LiveStreaming                   0x107fa1a40 -[SGMSafeGuardManager p_fetchUploadDataForScene:] + 240
LiveStreaming                   0x107fa17fc -[SGMSafeGuardManager preprocessDataForScene:] + 60
LiveStreaming                   0x107fa16d4 -[SGMSafeGuardManager p_uploadDataForScene:] + 132
libdispatch.dylib               0x10fbb1220 _dispatch_client_callout + 16
libdispatch.dylib               0x10fbbe4d8 _dispatch_continuation_pop + 588
libdispatch.dylib               0x10fbb2ee8 _dispatch_source_invoke + 1368
libdispatch.dylib               0x10fbbfca4 _dispatch_queue_serial_drain + 292
libdispatch.dylib               0x10fbb4730 _dispatch_queue_invoke + 328
libdispatch.dylib               0x10fbc0dd8 _dispatch_root_queue_drain_deferred_wlh + 352
libdispatch.dylib               0x10fbc7ebc _dispatch_workloop_worker_thread + 676
libsystem_pthread.dylib         0x184bebe70 _pthread_wqthread + 860

Backtrace of Thread 48899:
libsystem_kernel.dylib          0x184a4dd84 __workq_kernreturn + 8
libsystem_pthread.dylib         0x184bebeb4 _pthread_wqthread + 928

Backtrace of Thread 49155:
libsystem_kernel.dylib          0x184a4dd84 __workq_kernreturn + 8
libsystem_pthread.dylib         0x184bebeb4 _pthread_wqthread + 928

Backtrace of Thread 82435:
libsystem_kernel.dylib          0x184a4dd84 __workq_kernreturn + 8
libsystem_pthread.dylib         0x184bebeb4 _pthread_wqthread + 928

Backtrace of Thread 56595:
libsystem_kernel.dylib          0x184a2be08 mach_msg_trap + 8
libsystem_kernel.dylib          0x184a2bc80 mach_msg + 72
CoreFoundation                  0x184f6ee40 <redacted> + 196
CoreFoundation                  0x184f6c908 <redacted> + 1568
CoreFoundation                  0x184e8cda8 CFRunLoopRunSpecific + 552
AVFAudio                        0x18a972424 <redacted> + 164
AVFAudio                        0x18a99c834 <redacted> + 88
libsystem_pthread.dylib         0x184bed220 <redacted> + 272
libsystem_pthread.dylib         0x184bed110 _pthread_start + 292

Backtrace of Thread 59671:
libsystem_kernel.dylib          0x184a2be5c semaphore_timedwait_trap + 8
libdispatch.dylib               0x10fbb9324 _dispatch_sema4_timedwait + 60
libdispatch.dylib               0x10fbb9a9c _dispatch_semaphore_wait_slow + 72
libdispatch.dylib               0x10fbc3f64 _dispatch_worker_thread + 260
libsystem_pthread.dylib         0x184bed220 <redacted> + 272
libsystem_pthread.dylib         0x184bed110 _pthread_start + 292

