Call Backtrace of 42 threads:
Backtrace of Thread 771:
libsystem_kernel.dylib          0x184a2be08 mach_msg_trap + 8
libsystem_kernel.dylib          0x184a2bc80 mach_msg + 72
AudioToolbox                    0x188d8be48 <redacted> + 184
AudioToolbox                    0x188d6ae2c AudioSessionCopyProperty_Priv + 568
AVFAudio                        0x18a97d858 <redacted> + 72
AVFAudio                        0x18a977f90 <redacted> + 56
AVFAudio                        0x18a9790d8 <redacted> + 44
LiveStreaming                   0x106931cc4 -[AEAudioController housekeeping] + 64
CoreFoundation                  0x184fce580 <redacted> + 144
CoreFoundation                  0x184ead748 <redacted> + 284
LiveStreaming                   0x1069324a0 -[AEAudioControllerProxy forwardInvocation:] + 100
CoreFoundation                  0x184fcc2d4 <redacted> + 624
CoreFoundation                  0x184eb241c _CF_forwarding_prep_0 + 92
Foundation                      0x185a133d4 __NSFireTimer + 88
CoreFoundation                  0x184f6faa8 <redacted> + 28
CoreFoundation                  0x184f6f76c <redacted> + 864
CoreFoundation                  0x184f6f010 <redacted> + 248
CoreFoundation                  0x184f6cb60 <redacted> + 2168
CoreFoundation                  0x184e8cda8 CFRunLoopRunSpecific + 552
GraphicsServices                0x186e6f020 GSEventRunModal + 100
UIKit                           0x18ee6d78c UIApplicationMain + 236
LiveStreaming                   0x105344b70 main + 124
libdyld.dylib                   0x18491dfc0 <redacted> + 4

Backtrace of Thread 5895:
libsystem_kernel.dylib          0x184a4dd84 __workq_kernreturn + 8
libsystem_pthread.dylib         0x184bebeb4 _pthread_wqthread + 928

Backtrace of Thread 9219:
libsystem_kernel.dylib          0x184a4d610 __semwait_signal + 8
libsystem_c.dylib               0x18496612c nanosleep + 212
libsystem_c.dylib               0x18496604c usleep + 64
GPUToolsCore                    0x1102262bc _ZL21smt_poll_thread_entryPv + 136
libsystem_pthread.dylib         0x184bed220 <redacted> + 272
libsystem_pthread.dylib         0x184bed110 _pthread_start + 292

Backtrace of Thread 6151:
libsystem_kernel.dylib          0x184a4d610 __semwait_signal + 8
libsystem_c.dylib               0x18496612c nanosleep + 212
libsystem_c.dylib               0x18496604c usleep + 64
GPUToolsCore                    0x1102262bc _ZL21smt_poll_thread_entryPv + 136
libsystem_pthread.dylib         0x184bed220 <redacted> + 272
libsystem_pthread.dylib         0x184bed110 _pthread_start + 292

Backtrace of Thread 21511:
libsystem_kernel.dylib          0x184a4d0f4 __psynch_cvwait + 8
libsystem_pthread.dylib         0x184befc90 <redacted> + 644
libc++.1.dylib                  0x1841042ec _ZNSt3__118condition_variable15__do_timed_waitERNS_11unique_lockINS_5mutexEEENS_6chrono10time_pointINS5_12system_clockENS5_8durationIxNS_5ratioILl1ELl1000000000EEEEEEE + 96
JavaScriptCore                  0x18c5e3430 <redacted> + 124
JavaScriptCore                  0x18c5e32e0 <redacted> + 112
JavaScriptCore                  0x18c5e2e24 <redacted> + 272
JavaScriptCore                  0x18c5e2b60 <redacted> + 12
JavaScriptCore                  0x18c5e2f7c <redacted> + 44
libsystem_pthread.dylib         0x184bed220 <redacted> + 272
libsystem_pthread.dylib         0x184bed110 _pthread_start + 292

Backtrace of Thread 20999:
libsystem_kernel.dylib          0x184a2be08 mach_msg_trap + 8
libsystem_kernel.dylib          0x184a2bc80 mach_msg + 72
CoreFoundation                  0x184f6ee40 <redacted> + 196
CoreFoundation                  0x184f6c908 <redacted> + 1568
CoreFoundation                  0x184e8cda8 CFRunLoopRunSpecific + 552
WebCore                         0x18d119dcc <redacted> + 592
libsystem_pthread.dylib         0x184bed220 <redacted> + 272
libsystem_pthread.dylib         0x184bed110 _pthread_start + 292

Backtrace of Thread 18179:
libsystem_kernel.dylib          0x184a2be08 mach_msg_trap + 8
libsystem_kernel.dylib          0x184a2bc80 mach_msg + 72
CoreFoundation                  0x184f6ee40 <redacted> + 196
CoreFoundation                  0x184f6c908 <redacted> + 1568
CoreFoundation                  0x184e8cda8 CFRunLoopRunSpecific + 552
Foundation                      0x185901674 <redacted> + 304
Foundation                      0x18590151c <redacted> + 148
UIKit                           0x18eb527e4 <redacted> + 136
Foundation                      0x185a11efc <redacted> + 1040
libsystem_pthread.dylib         0x184bed220 <redacted> + 272
libsystem_pthread.dylib         0x184bed110 _pthread_start + 292

Backtrace of Thread 15627:
libsystem_kernel.dylib          0x184a2be08 mach_msg_trap + 8
libsystem_kernel.dylib          0x184a2bc80 mach_msg + 72
libsystem_kernel.dylib          0x184a2df34 thread_get_state + 136
LiveStreaming                   0x1069664f4 bs_mach_copyMem + 60
LiveStreaming                   0x106965c34 _bs_backtraceOfThread + 636
LiveStreaming                   0x10696638c +[BSBacktraceLogger bs_backtraceOfAllThread] + 220
LiveStreaming                   0x1063d5bc4 __40+[IESDebugToolService startStuckMonitor]_block_invoke + 204
LiveStreaming                   0x1063d3044 __36-[IESDebugStuckMonitor startMonitor]_block_invoke_2 + 112
CoreFoundation                  0x184f5ff38 <redacted> + 76
LiveStreaming                   0x1063d2f3c __36-[IESDebugStuckMonitor startMonitor]_block_invoke + 436
Foundation                      0x1859eee88 <redacted> + 16
Foundation                      0x1859308d0 <redacted> + 72
Foundation                      0x18592fcac <redacted> + 848
Foundation                      0x1859f076c <redacted> + 404
libdispatch.dylib               0x1101a1220 _dispatch_client_callout + 16
libdispatch.dylib               0x1101ae4d8 _dispatch_continuation_pop + 588
libdispatch.dylib               0x1101acdc8 _dispatch_async_redirect_invoke + 628
libdispatch.dylib               0x1101b284c _dispatch_root_queue_drain + 604
libdispatch.dylib               0x1101b2584 _dispatch_worker_thread3 + 136
libsystem_pthread.dylib         0x184bebfac _pthread_wqthread + 1176

Backtrace of Thread 22531:
libsystem_kernel.dylib          0x184a4dd84 __workq_kernreturn + 8
libsystem_pthread.dylib         0x184bebeb4 _pthread_wqthread + 928

Backtrace of Thread 24323:
libsystem_kernel.dylib          0x184a4dd84 __workq_kernreturn + 8
libsystem_pthread.dylib         0x184bebeb4 _pthread_wqthread + 928

Backtrace of Thread 27143:
libsystem_kernel.dylib          0x184a2be08 mach_msg_trap + 8
libsystem_kernel.dylib          0x184a2bc80 mach_msg + 72
CoreFoundation                  0x184f6ee40 <redacted> + 196
CoreFoundation                  0x184f6c908 <redacted> + 1568
CoreFoundation                  0x184e8cda8 CFRunLoopRunSpecific + 552
Foundation                      0x185901674 <redacted> + 304
Foundation                      0x1859761a8 <redacted> + 88
LiveStreaming                   0x105427d2c +[AFURLConnectionOperation networkRequestThreadEntryPoint:] + 308
Foundation                      0x185a11efc <redacted> + 1040
libsystem_pthread.dylib         0x184bed220 <redacted> + 272
libsystem_pthread.dylib         0x184bed110 _pthread_start + 292

Backtrace of Thread 43779:
libsystem_kernel.dylib          0x184a4dd84 __workq_kernreturn + 8
libsystem_pthread.dylib         0x184bebeb4 _pthread_wqthread + 928

Backtrace of Thread 45131:
libsystem_kernel.dylib          0x184a4dd84 __workq_kernreturn + 8
libsystem_pthread.dylib         0x184bebeb4 _pthread_wqthread + 928

Backtrace of Thread 48643:
CoreFoundation                  0x184e89460 CFGetTypeID + 104
CoreVideo                       0x1880737e8 <redacted> + 28
CoreVideo                       0x188073860 CVPixelBufferPoolCreatePixelBuffer + 40
ZegoLiveRoom                    0x10d5f17d8 0x10d3d0000 + 2234328
LiveStreaming                   0x106909570 __28-[ZegoExternalCapture start]_block_invoke + 172
LiveStreaming                   0x1069093bc -[ZegoExternalCapture processVideo:timeInfo:] + 196
LiveStreaming                   0x1068fe1e4 -[ZegoClient processVideo:timeInfo:] + 224
LiveStreaming                   0x105b26050 -[HTSLiveLinkmicMediaService writePixelBuffer:timeInfo:] + 144
LiveStreaming                   0x105bfc31c -[HTSLiveRecordVideoDataPipe processPixelBuffer:timeInfo:] + 312
LiveStreaming                   0x105bf0ae8 __42-[HTSLiveRecordCameraProcesser startInput]_block_invoke + 584
LiveStreaming                   0x106568360 __30-[IESCamera startVideoCapture]_block_invoke_2 + 588
LiveStreaming                   0x106456390 -[HTSCameraKit captureOutput:didOutputSampleBuffer:fromConnection:] + 748
AVFoundation                    0x18aac45c0 <redacted> + 344
AVFoundation                    0x18aac43d8 <redacted> + 100
CoreMedia                       0x1882b26e8 <redacted> + 272
CoreMedia                       0x1882cf340 <redacted> + 224
libdispatch.dylib               0x1101a1220 _dispatch_client_callout + 16
libdispatch.dylib               0x1101ae4d8 _dispatch_continuation_pop + 588
libdispatch.dylib               0x1101a2ee8 _dispatch_source_invoke + 1368
libdispatch.dylib               0x1101afca4 _dispatch_queue_serial_drain + 292
libdispatch.dylib               0x1101a4730 _dispatch_queue_invoke + 328
libdispatch.dylib               0x1101afca4 _dispatch_queue_serial_drain + 292
libdispatch.dylib               0x1101a4730 _dispatch_queue_invoke + 328
libdispatch.dylib               0x1101b0dd8 _dispatch_root_queue_drain_deferred_wlh + 352
libdispatch.dylib               0x1101b7ebc _dispatch_workloop_worker_thread + 676
libsystem_pthread.dylib         0x184bebe70 _pthread_wqthread + 860

Backtrace of Thread 49159:
libsystem_kernel.dylib          0x184a2be08 mach_msg_trap + 8
libsystem_kernel.dylib          0x184a2bc80 mach_msg + 72
CoreFoundation                  0x184f6ee40 <redacted> + 196
CoreFoundation                  0x184f6c908 <redacted> + 1568
CoreFoundation                  0x184e8cda8 CFRunLoopRunSpecific + 552
CFNetwork                       0x18579a4b0 <redacted> + 220
Foundation                      0x185a11efc <redacted> + 1040
libsystem_pthread.dylib         0x184bed220 <redacted> + 272
libsystem_pthread.dylib         0x184bed110 _pthread_start + 292

Backtrace of Thread 55571:
libsystem_kernel.dylib          0x184a2be08 mach_msg_trap + 8
libsystem_kernel.dylib          0x184a2bc80 mach_msg + 72
CoreFoundation                  0x184f6ee40 <redacted> + 196
CoreFoundation                  0x184f6c908 <redacted> + 1568
CoreFoundation                  0x184e8cda8 CFRunLoopRunSpecific + 552
AVFAudio                        0x18a972424 <redacted> + 164
AVFAudio                        0x18a99c834 <redacted> + 88
libsystem_pthread.dylib         0x184bed220 <redacted> + 272
libsystem_pthread.dylib         0x184bed110 _pthread_start + 292

Backtrace of Thread 59943:
libsystem_kernel.dylib          0x184a2be08 mach_msg_trap + 8
libsystem_kernel.dylib          0x184a2bc80 mach_msg + 72
CoreFoundation                  0x184f6ee40 <redacted> + 196
CoreFoundation                  0x184f6c908 <redacted> + 1568
CoreFoundation                  0x184e8cda8 CFRunLoopRunSpecific + 552
CoreFoundation                  0x184edcb28 CFRunLoopRun + 116
CoreMotion                      0x18a46d9dc CLStartStopAdvertisingBeacon + 231572
libsystem_pthread.dylib         0x184bed220 <redacted> + 272
libsystem_pthread.dylib         0x184bed110 _pthread_start + 292

Backtrace of Thread 70167:
libsystem_kernel.dylib          0x184a2be08 mach_msg_trap + 8
libsystem_kernel.dylib          0x184a2bc80 mach_msg + 72
CoreFoundation                  0x184f6ee40 <redacted> + 196
CoreFoundation                  0x184f6c908 <redacted> + 1568
CoreFoundation                  0x184e8cda8 CFRunLoopRunSpecific + 552
GeoServices                     0x18b2356cc <redacted> + 468
libsystem_pthread.dylib         0x184bed220 <redacted> + 272
libsystem_pthread.dylib         0x184bed110 _pthread_start + 292

Backtrace of Thread 88595:
libsystem_kernel.dylib          0x184a2be08 mach_msg_trap + 8
libsystem_kernel.dylib          0x184a2bc80 mach_msg + 72
CoreFoundation                  0x184f6ee40 <redacted> + 196
CoreFoundation                  0x184f6c908 <redacted> + 1568
CoreFoundation                  0x184e8cda8 CFRunLoopRunSpecific + 552
Foundation                      0x185901674 <redacted> + 304
LiveStreaming                   0x106880c18 -[_SRRunLoopThread main] + 360
Foundation                      0x185a11efc <redacted> + 1040
libsystem_pthread.dylib         0x184bed220 <redacted> + 272
libsystem_pthread.dylib         0x184bed110 _pthread_start + 292

Backtrace of Thread 169991:
libsystem_kernel.dylib          0x184a4d538 select$DARWIN_EXTSN + 8
CoreFoundation                  0x184f77378 <redacted> + 644
libsystem_pthread.dylib         0x184bed220 <redacted> + 272
libsystem_pthread.dylib         0x184bed110 _pthread_start + 292

Backtrace of Thread 163595:
libsystem_kernel.dylib          0x184a4d0f4 __psynch_cvwait + 8
libsystem_pthread.dylib         0x184befc90 <redacted> + 644
libc++.1.dylib                  0x18410425c _ZNSt3__118condition_variable4waitERNS_11unique_lockINS_5mutexEEE + 24
LiveStreaming                   0x1077d3e9c _ZN3BRC9SyncQueueINSt3__110shared_ptrINS_4TaskEEEE4TakeERS4_ + 80
LiveStreaming                   0x1077d38fc _ZN3BRC18SingleThreadWorker4workEv + 176
LiveStreaming                   0x1077d40e0 _ZNSt3__114__thread_proxyINS_5tupleIJNS_10unique_ptrINS_15__thread_structENS_14default_deleteIS3_EEEEMN3BRC18SingleThreadWorkerEFvvEPS8_EEEEEPvSD_ + 64
libsystem_pthread.dylib         0x184bed220 <redacted> + 272
libsystem_pthread.dylib         0x184bed110 _pthread_start + 292

Backtrace of Thread 163855:
libsystem_kernel.dylib          0x184a4d0f4 __psynch_cvwait + 8
libsystem_pthread.dylib         0x184befc90 <redacted> + 644
libc++.1.dylib                  0x18410425c _ZNSt3__118condition_variable4waitERNS_11unique_lockINS_5mutexEEE + 24
LiveStreaming                   0x1077d3e9c _ZN3BRC9SyncQueueINSt3__110shared_ptrINS_4TaskEEEE4TakeERS4_ + 80
LiveStreaming                   0x1077d38fc _ZN3BRC18SingleThreadWorker4workEv + 176
LiveStreaming                   0x1077d40e0 _ZNSt3__114__thread_proxyINS_5tupleIJNS_10unique_ptrINS_15__thread_structENS_14default_deleteIS3_EEEEMN3BRC18SingleThreadWorkerEFvvEPS8_EEEEEPvSD_ + 64
libsystem_pthread.dylib         0x184bed220 <redacted> + 272
libsystem_pthread.dylib         0x184bed110 _pthread_start + 292

Backtrace of Thread 154375:
libsystem_kernel.dylib          0x184a4dd84 __workq_kernreturn + 8
libsystem_pthread.dylib         0x184bebeb4 _pthread_wqthread + 928

Backtrace of Thread 149515:
libsystem_kernel.dylib          0x184a2be08 mach_msg_trap + 8
libsystem_kernel.dylib          0x184a2bc80 mach_msg + 72
CoreFoundation                  0x184f6ee40 <redacted> + 196
CoreFoundation                  0x184f6c908 <redacted> + 1568
CoreFoundation                  0x184e8cda8 CFRunLoopRunSpecific + 552
Foundation                      0x185901674 <redacted> + 304
LiveStreaming                   0x10736a608 +[WXOMTAGCDAsyncSocket cfstreamThread] + 360
Foundation                      0x185a11efc <redacted> + 1040
libsystem_pthread.dylib         0x184bed220 <redacted> + 272
libsystem_pthread.dylib         0x184bed110 _pthread_start + 292

Backtrace of Thread 77107:
libsystem_kernel.dylib          0x184a4dd84 __workq_kernreturn + 8
libsystem_pthread.dylib         0x184bebeb4 _pthread_wqthread + 928

Backtrace of Thread 46443:
libsystem_kernel.dylib          0x184a2d8bc write + 8
LiveStreaming                   0x1084c52c0 __CLSFileWriteWithRetries_block_invoke + 56
LiveStreaming                   0x1084c51a4 CLSFileLoopWithWriteBlock + 60
LiveStreaming                   0x1084c54b0 CLSFileWriteToFileDescriptorOrBuffer + 208
LiveStreaming                   0x1084c5784 CLSFileWriteCollectionStart + 72
LiveStreaming                   0x1084c5688 CLSFileWriteSectionStart + 28
LiveStreaming                   0x1084ad1ac __CLSBinaryImageChanged_block_invoke + 140
libdispatch.dylib               0x1101a1260 _dispatch_call_block_and_release + 24
libdispatch.dylib               0x1101a1220 _dispatch_client_callout + 16
libdispatch.dylib               0x1101afe80 _dispatch_queue_serial_drain + 768
libdispatch.dylib               0x1101a4730 _dispatch_queue_invoke + 328
libdispatch.dylib               0x1101b0dd8 _dispatch_root_queue_drain_deferred_wlh + 352
libdispatch.dylib               0x1101b7ebc _dispatch_workloop_worker_thread + 676
libsystem_pthread.dylib         0x184bebe70 _pthread_wqthread + 860

Backtrace of Thread 166683:
libsystem_kernel.dylib          0x184a4dd84 __workq_kernreturn + 8
libsystem_pthread.dylib         0x184bebeb4 _pthread_wqthread + 928

Backtrace of Thread 93047:
libsystem_kernel.dylib          0x184a2be5c semaphore_timedwait_trap + 8
libdispatch.dylib               0x1101a9324 _dispatch_sema4_timedwait + 60
libdispatch.dylib               0x1101a9a9c _dispatch_semaphore_wait_slow + 72
libdispatch.dylib               0x1101b3f64 _dispatch_worker_thread + 260
libsystem_pthread.dylib         0x184bed220 <redacted> + 272
libsystem_pthread.dylib         0x184bed110 _pthread_start + 292

Backtrace of Thread 63219:
libsystem_kernel.dylib          0x184a2be5c semaphore_timedwait_trap + 8
libdispatch.dylib               0x1101a9324 _dispatch_sema4_timedwait + 60
libdispatch.dylib               0x1101a9a9c _dispatch_semaphore_wait_slow + 72
libdispatch.dylib               0x1101b3f64 _dispatch_worker_thread + 260
libsystem_pthread.dylib         0x184bed220 <redacted> + 272
libsystem_pthread.dylib         0x184bed110 _pthread_start + 292

Backtrace of Thread 144403:
libsystem_kernel.dylib          0x184a2be08 mach_msg_trap + 8
libsystem_kernel.dylib          0x184a2bc80 mach_msg + 72
AudioToolbox                    0x188d8bc78 <redacted> + 280
AudioToolbox                    0x188d6b350 AudioSessionSetProperty_Priv + 524
AVFAudio                        0x18a979b84 <redacted> + 60
ZegoLiveRoom                    0x10d5ae85c 0x10d3d0000 + 1960028
ZegoLiveRoom                    0x10d5af314 0x10d3d0000 + 1962772
ZegoLiveRoom                    0x10d5ad7a0 0x10d3d0000 + 1955744
ZegoLiveRoom                    0x10d5ad5b4 0x10d3d0000 + 1955252
ZegoLiveRoom                    0x10d5a4a08 0x10d3d0000 + 1919496
ZegoLiveRoom                    0x10d48a648 0x10d3d0000 + 763464
ZegoLiveRoom                    0x10d48b810 0x10d3d0000 + 768016
ZegoLiveRoom                    0x10d490860 0x10d3d0000 + 788576
ZegoLiveRoom                    0x10d45ba60 0x10d3d0000 + 572000
ZegoLiveRoom                    0x10d45c290 0x10d3d0000 + 574096
ZegoLiveRoom                    0x10d47bf24 0x10d3d0000 + 704292
ZegoLiveRoom                    0x10d47f8a8 0x10d3d0000 + 719016
ZegoLiveRoom                    0x10d3df7fc 0x10d3d0000 + 63484
ZegoLiveRoom                    0x10d50d088 0x10d3d0000 + 1298568
ZegoLiveRoom                    0x10d50f688 0x10d3d0000 + 1308296
ZegoLiveRoom                    0x10d50f438 0x10d3d0000 + 1307704
ZegoLiveRoom                    0x10d50f1ec 0x10d3d0000 + 1307116
ZegoLiveRoom                    0x10d5135bc 0x10d3d0000 + 1324476
libsystem_pthread.dylib         0x184bed220 <redacted> + 272
libsystem_pthread.dylib         0x184bed110 _pthread_start + 292

Backtrace of Thread 167371:
libsystem_kernel.dylib          0x184a303e4 poll + 8
ZegoLiveRoom                    0x10d50b398 0x10d3d0000 + 1291160
ZegoLiveRoom                    0x10d50f44c 0x10d3d0000 + 1307724
ZegoLiveRoom                    0x10d50f1ec 0x10d3d0000 + 1307116
ZegoLiveRoom                    0x10d5135bc 0x10d3d0000 + 1324476
libsystem_pthread.dylib         0x184bed220 <redacted> + 272
libsystem_pthread.dylib         0x184bed110 _pthread_start + 292

Backtrace of Thread 112135:
libsystem_kernel.dylib          0x184a303e4 poll + 8
ZegoLiveRoom                    0x10d50b398 0x10d3d0000 + 1291160
ZegoLiveRoom                    0x10d50f44c 0x10d3d0000 + 1307724
ZegoLiveRoom                    0x10d50f1ec 0x10d3d0000 + 1307116
ZegoLiveRoom                    0x10d5135bc 0x10d3d0000 + 1324476
libsystem_pthread.dylib         0x184bed220 <redacted> + 272
libsystem_pthread.dylib         0x184bed110 _pthread_start + 292

Backtrace of Thread 117263:
libsystem_kernel.dylib          0x184a2be5c semaphore_timedwait_trap + 8
ZegoLiveRoom                    0x10d5b144c 0x10d3d0000 + 1971276
ZegoLiveRoom                    0x10d5b0e00 0x10d3d0000 + 1969664
ZegoLiveRoom                    0x10d5b0efc 0x10d3d0000 + 1969916
libsystem_pthread.dylib         0x184bed220 <redacted> + 272
libsystem_pthread.dylib         0x184bed110 _pthread_start + 292

Backtrace of Thread 117767:
libsystem_kernel.dylib          0x184a4d0f4 __psynch_cvwait + 8
libsystem_pthread.dylib         0x184befc90 <redacted> + 644
ZegoLiveRoom                    0x10d5117b0 0x10d3d0000 + 1316784
ZegoLiveRoom                    0x10d438414 0x10d3d0000 + 427028
ZegoLiveRoom                    0x10d47b83c 0x10d3d0000 + 702524
ZegoLiveRoom                    0x10d47bc08 0x10d3d0000 + 703496
ZegoLiveRoom                    0x10d535cc4 0x10d3d0000 + 1465540
ZegoLiveRoom                    0x10d538334 0x10d3d0000 + 1475380
ZegoLiveRoom                    0x10d47c0a8 0x10d3d0000 + 704680
ZegoLiveRoom                    0x10d481ccc 0x10d3d0000 + 728268
ZegoLiveRoom                    0x10d50b880 0x10d3d0000 + 1292416
ZegoLiveRoom                    0x10d50f44c 0x10d3d0000 + 1307724
ZegoLiveRoom                    0x10d50f1ec 0x10d3d0000 + 1307116
ZegoLiveRoom                    0x10d5135bc 0x10d3d0000 + 1324476
libsystem_pthread.dylib         0x184bed220 <redacted> + 272
libsystem_pthread.dylib         0x184bed110 _pthread_start + 292

Backtrace of Thread 88431:
libsystem_kernel.dylib          0x184a303e4 poll + 8
ZegoLiveRoom                    0x10d50b398 0x10d3d0000 + 1291160
ZegoLiveRoom                    0x10d50f44c 0x10d3d0000 + 1307724
ZegoLiveRoom                    0x10d50f1ec 0x10d3d0000 + 1307116
ZegoLiveRoom                    0x10d5135bc 0x10d3d0000 + 1324476
libsystem_pthread.dylib         0x184bed220 <redacted> + 272
libsystem_pthread.dylib         0x184bed110 _pthread_start + 292

Backtrace of Thread 42507:
libsystem_kernel.dylib          0x184a2be44 semaphore_wait_trap + 8
ZegoLiveRoom                    0x10d5cd634 0x10d3d0000 + 2086452
ZegoLiveRoom                    0x10d5cd774 0x10d3d0000 + 2086772
libsystem_pthread.dylib         0x184bed220 <redacted> + 272
libsystem_pthread.dylib         0x184bed110 _pthread_start + 292

Backtrace of Thread 86827:
libsystem_kernel.dylib          0x184a2be44 semaphore_wait_trap + 8
ZegoLiveRoom                    0x10d5cd634 0x10d3d0000 + 2086452
ZegoLiveRoom                    0x10d5cd774 0x10d3d0000 + 2086772
libsystem_pthread.dylib         0x184bed220 <redacted> + 272
libsystem_pthread.dylib         0x184bed110 _pthread_start + 292

Backtrace of Thread 65659:
libsystem_kernel.dylib          0x184a2be44 semaphore_wait_trap + 8
ZegoLiveRoom                    0x10d5aac74 0x10d3d0000 + 1944692
ZegoLiveRoom                    0x10d5b0e00 0x10d3d0000 + 1969664
ZegoLiveRoom                    0x10d5b0efc 0x10d3d0000 + 1969916
libsystem_pthread.dylib         0x184bed220 <redacted> + 272
libsystem_pthread.dylib         0x184bed110 _pthread_start + 292

Backtrace of Thread 119555:
libsystem_kernel.dylib          0x184a2be08 mach_msg_trap + 8
libsystem_kernel.dylib          0x184a2bc80 mach_msg + 72
CoreFoundation                  0x184f6ee40 <redacted> + 196
CoreFoundation                  0x184f6c908 <redacted> + 1568
CoreFoundation                  0x184e8cda8 CFRunLoopRunSpecific + 552
Foundation                      0x185901674 <redacted> + 304
Foundation                      0x1859761a8 <redacted> + 88
ZegoLiveRoom                    0x10d60a35c 0x10d3d0000 + 2335580
Foundation                      0x185a11efc <redacted> + 1040
libsystem_pthread.dylib         0x184bed220 <redacted> + 272
libsystem_pthread.dylib         0x184bed110 _pthread_start + 292

Backtrace of Thread 120615:
libsystem_kernel.dylib          0x184a303e4 poll + 8
ZegoLiveRoom                    0x10d5cdcfc 0x10d3d0000 + 2088188
ZegoLiveRoom                    0x10d5cd444 0x10d3d0000 + 2085956
ZegoLiveRoom                    0x10d5cd678 0x10d3d0000 + 2086520
ZegoLiveRoom                    0x10d5cd774 0x10d3d0000 + 2086772
libsystem_pthread.dylib         0x184bed220 <redacted> + 272
libsystem_pthread.dylib         0x184bed110 _pthread_start + 292

Backtrace of Thread 121375:
libsystem_kernel.dylib          0x184a2be5c semaphore_timedwait_trap + 8
ZegoLiveRoom                    0x10d599fb4 0x10d3d0000 + 1875892
ZegoLiveRoom                    0x10d5cd678 0x10d3d0000 + 2086520
ZegoLiveRoom                    0x10d5cd774 0x10d3d0000 + 2086772
libsystem_pthread.dylib         0x184bed220 <redacted> + 272
libsystem_pthread.dylib         0x184bed110 _pthread_start + 292

Backtrace of Thread 135171:
libsystem_kernel.dylib          0x184a4d0f4 __psynch_cvwait + 8
libsystem_pthread.dylib         0x184befc90 <redacted> + 644
CoreMedia                       0x188235334 <redacted> + 16
CoreMedia                       0x18823527c FigSemaphoreWaitRelative + 168
VideoToolbox                    0x188780a48 <redacted> + 576
VideoToolbox                    0x188780b78 <redacted> + 76
VideoToolbox                    0x188744290 VTCompressionSessionEncodeFrameWithOutputHandler + 96
ZegoLiveRoom                    0x10d603f24 0x10d3d0000 + 2309924
ZegoLiveRoom                    0x10d60397c 0x10d3d0000 + 2308476
ZegoLiveRoom                    0x10d5b0e00 0x10d3d0000 + 1969664
ZegoLiveRoom                    0x10d5b0efc 0x10d3d0000 + 1969916
libsystem_pthread.dylib         0x184bed220 <redacted> + 272
libsystem_pthread.dylib         0x184bed110 _pthread_start + 292

