Call Backtrace of 40 threads:
Backtrace of Thread 771:
libsystem_kernel.dylib          0x184a4d13c __psynch_mutexwait + 8
libsystem_pthread.dylib         0x184bf0604 <redacted> + 96
libsystem_pthread.dylib         0x184bf0550 <redacted> + 260
AudioToolbox                    0x188f0e864 <redacted> + 76
AudioToolbox                    0x188f2e334 <redacted> + 96
LiveStreaming                   0x102a4576c -[AEAudioController running] + 60
LiveStreaming                   0x102a472f8 __50-[AEAudioController audioRouteChangeNotification:]_block_invoke + 68
libdispatch.dylib               0x1848b8b24 <redacted> + 24
libdispatch.dylib               0x1848b8ae4 <redacted> + 16
libdispatch.dylib               0x1848c56e0 <redacted> + 1012
CoreFoundation                  0x184f6f070 <redacted> + 12
CoreFoundation                  0x184f6cbc8 <redacted> + 2272
CoreFoundation                  0x184e8cda8 CFRunLoopRunSpecific + 552
GraphicsServices                0x186e6f020 GSEventRunModal + 100
UIKit                           0x18ee6d78c UIApplicationMain + 236
LiveStreaming                   0x101559b2c main + 124
libdyld.dylib                   0x18491dfc0 <redacted> + 4

Backtrace of Thread 9231:
libsystem_kernel.dylib          0x184a4d0f4 __psynch_cvwait + 8
libsystem_pthread.dylib         0x184befc90 <redacted> + 644
libc++.1.dylib                  0x1841042ec _ZNSt3__118condition_variable15__do_timed_waitERNS_11unique_lockINS_5mutexEEENS_6chrono10time_pointINS5_12system_clockENS5_8durationIxNS_5ratioILl1ELl1000000000EEEEEEE + 96
JavaScriptCore                  0x18c5e3430 <redacted> + 124
JavaScriptCore                  0x18c5e32e0 <redacted> + 112
JavaScriptCore                  0x18c5e2e24 <redacted> + 272
JavaScriptCore                  0x18c5e2b60 <redacted> + 12
JavaScriptCore                  0x18c5e2f7c <redacted> + 44
libsystem_pthread.dylib         0x184bed220 <redacted> + 272
libsystem_pthread.dylib         0x184bed110 _pthread_start + 292

Backtrace of Thread 7427:
libsystem_kernel.dylib          0x184a2be08 mach_msg_trap + 8
libsystem_kernel.dylib          0x184a2bc80 mach_msg + 72
CoreFoundation                  0x184f6ee40 <redacted> + 196
CoreFoundation                  0x184f6c908 <redacted> + 1568
CoreFoundation                  0x184e8cda8 CFRunLoopRunSpecific + 552
WebCore                         0x18d119dcc <redacted> + 592
libsystem_pthread.dylib         0x184bed220 <redacted> + 272
libsystem_pthread.dylib         0x184bed110 _pthread_start + 292

Backtrace of Thread 20483:
libsystem_kernel.dylib          0x184a2be08 mach_msg_trap + 8
libsystem_kernel.dylib          0x184a2bc80 mach_msg + 72
CoreFoundation                  0x184f6ee40 <redacted> + 196
CoreFoundation                  0x184f6c908 <redacted> + 1568
CoreFoundation                  0x184e8cda8 CFRunLoopRunSpecific + 552
Foundation                      0x185901674 <redacted> + 304
Foundation                      0x18590151c <redacted> + 148
UIKit                           0x18eb527e4 <redacted> + 136
Foundation                      0x185a11efc <redacted> + 1040
libsystem_pthread.dylib         0x184bed220 <redacted> + 272
libsystem_pthread.dylib         0x184bed110 _pthread_start + 292

Backtrace of Thread 19203:
libsystem_kernel.dylib          0x184a4dd84 __workq_kernreturn + 8
libsystem_pthread.dylib         0x184bebeb4 _pthread_wqthread + 928

Backtrace of Thread 37127:
libsystem_kernel.dylib          0x184a2be08 mach_msg_trap + 8
libsystem_kernel.dylib          0x184a2bc80 mach_msg + 72
CoreFoundation                  0x184f6ee40 <redacted> + 196
CoreFoundation                  0x184f6c908 <redacted> + 1568
CoreFoundation                  0x184e8cda8 CFRunLoopRunSpecific + 552
Foundation                      0x185901674 <redacted> + 304
Foundation                      0x1859761a8 <redacted> + 88
LiveStreaming                   0x101635b74 +[AFURLConnectionOperation networkRequestThreadEntryPoint:] + 308
Foundation                      0x185a11efc <redacted> + 1040
libsystem_pthread.dylib         0x184bed220 <redacted> + 272
libsystem_pthread.dylib         0x184bed110 _pthread_start + 292

Backtrace of Thread 39475:
libsystem_kernel.dylib          0x184a4dd84 __workq_kernreturn + 8
libsystem_pthread.dylib         0x184bebeb4 _pthread_wqthread + 928

Backtrace of Thread 82703:
libsystem_kernel.dylib          0x184a2be08 mach_msg_trap + 8
libsystem_kernel.dylib          0x184a2bc80 mach_msg + 72
CoreFoundation                  0x184f6ee40 <redacted> + 196
CoreFoundation                  0x184f6c908 <redacted> + 1568
CoreFoundation                  0x184e8cda8 CFRunLoopRunSpecific + 552
CFNetwork                       0x18579a4b0 <redacted> + 220
Foundation                      0x185a11efc <redacted> + 1040
libsystem_pthread.dylib         0x184bed220 <redacted> + 272
libsystem_pthread.dylib         0x184bed110 _pthread_start + 292

Backtrace of Thread 46635:
libsystem_kernel.dylib          0x184a4dd84 __workq_kernreturn + 8
libsystem_pthread.dylib         0x184bebeb4 _pthread_wqthread + 928

Backtrace of Thread 47135:
libsystem_kernel.dylib          0x184a2be08 mach_msg_trap + 8
libsystem_kernel.dylib          0x184a2bc80 mach_msg + 72
libsystem_kernel.dylib          0x184a2df34 thread_get_state + 136
LiveStreaming                   0x102a8485c bs_mach_copyMem + 60
LiveStreaming                   0x102a83f9c _bs_backtraceOfThread + 636
LiveStreaming                   0x102a846f4 +[BSBacktraceLogger bs_backtraceOfAllThread] + 220
LiveStreaming                   0x1025037fc __40+[IESDebugToolService startStuckMonitor]_block_invoke + 204
LiveStreaming                   0x102500c7c __36-[IESDebugStuckMonitor startMonitor]_block_invoke_2 + 112
CoreFoundation                  0x184f5ff38 <redacted> + 76
LiveStreaming                   0x102500b74 __36-[IESDebugStuckMonitor startMonitor]_block_invoke + 436
Foundation                      0x1859eee88 <redacted> + 16
Foundation                      0x1859308d0 <redacted> + 72
Foundation                      0x18592fcac <redacted> + 848
Foundation                      0x1859f076c <redacted> + 404
libdispatch.dylib               0x1848b8ae4 <redacted> + 16
libdispatch.dylib               0x1848c0f18 <redacted> + 424
libdispatch.dylib               0x1848bf850 <redacted> + 604
libdispatch.dylib               0x1848c5d30 <redacted> + 588
libdispatch.dylib               0x1848c5a80 <redacted> + 120
libsystem_pthread.dylib         0x184bebfac _pthread_wqthread + 1176

Backtrace of Thread 1295:
libsystem_kernel.dylib          0x184a4d0f4 __psynch_cvwait + 8
libsystem_pthread.dylib         0x184befc90 <redacted> + 644
Foundation                      0x185935be8 <redacted> + 780
Foundation                      0x18592a170 <redacted> + 236
CoreFoundation                  0x184f58c3c <redacted> + 20
CoreFoundation                  0x184f581b8 <redacted> + 428
CoreFoundation                  0x184f57f14 <redacted> + 216
CoreFoundation                  0x184fd584c <redacted> + 1408
CoreFoundation                  0x184e8ef38 _CFXNotificationPost + 384
Foundation                      0x1858ffbbc <redacted> + 68
AVFAudio                        0x18a97494c <redacted> + 1096
AVFAudio                        0x18a973f08 <redacted> + 1764
AudioToolbox                    0x188c37cc0 <redacted> + 744
AudioToolbox                    0x188d2aa3c <redacted> + 224
AudioToolbox                    0x188d69754 <redacted> + 644
AudioToolbox                    0x188d6dcb4 <redacted> + 292
AudioToolbox                    0x188d6d110 <redacted> + 1496
AudioToolbox                    0x188d6c84c <redacted> + 584
AudioToolbox                    0x188c282a8 <redacted> + 52
AudioToolbox                    0x188f0f210 <redacted> + 232
CoreFoundation                  0x184f6fae8 <redacted> + 56
CoreFoundation                  0x184f6f230 <redacted> + 440
CoreFoundation                  0x184f6cc80 <redacted> + 2456
CoreFoundation                  0x184e8cda8 CFRunLoopRunSpecific + 552
AVFAudio                        0x18a972424 <redacted> + 164
AVFAudio                        0x18a99c834 <redacted> + 88
libsystem_pthread.dylib         0x184bed220 <redacted> + 272
libsystem_pthread.dylib         0x184bed110 _pthread_start + 292

Backtrace of Thread 53779:
libsystem_kernel.dylib          0x184a2be5c semaphore_timedwait_trap + 8
libdispatch.dylib               0x1848bb0b0 <redacted> + 60
libdispatch.dylib               0x1848bb924 <redacted> + 72
LiveStreaming                   0x1012deb84 -[HTSMainThreadRunloopMonitor runMonitorThread] + 220
Foundation                      0x185a11efc <redacted> + 1040
libsystem_pthread.dylib         0x184bed220 <redacted> + 272
libsystem_pthread.dylib         0x184bed110 _pthread_start + 292

Backtrace of Thread 75795:
libsystem_kernel.dylib          0x184a4d13c __psynch_mutexwait + 8
libsystem_pthread.dylib         0x184bf0604 <redacted> + 96
libsystem_pthread.dylib         0x184bf0550 <redacted> + 260
AudioToolbox                    0x188f0e864 <redacted> + 76
AudioToolbox                    0x188ba19f4 <redacted> + 48
libdispatch.dylib               0x1848b8b24 <redacted> + 24
libdispatch.dylib               0x1848b8ae4 <redacted> + 16
libdispatch.dylib               0x1848c2a38 <redacted> + 608
libdispatch.dylib               0x1848c3380 <redacted> + 336
libdispatch.dylib               0x1848c3d4c <redacted> + 340
libdispatch.dylib               0x1848cc11c <redacted> + 668
libsystem_pthread.dylib         0x184bebe70 _pthread_wqthread + 860

Backtrace of Thread 68867:
LiveStreaming                   0x10408d14c ScaleFilterCols_NEON + 288
LiveStreaming                   0x104013564 ScalePlaneBilinearDown + 440
LiveStreaming                   0x104013564 ScalePlaneBilinearDown + 440
LiveStreaming                   0x104015200 I420Scale + 372
LiveStreaming                   0x103fe75c4 _ZN8AgoraRTC6Scaler5ScaleERKNS_14I420VideoFrameEPS1_ + 488
LiveStreaming                   0x103fbfc38 _ZN8AgoraRTC25VPMSimpleSpatialResampler13ResampleFrameERKNS_14I420VideoFrameEPS1_ + 196
LiveStreaming                   0x1040a17f8 _ZN8AgoraRTC20VPMFramePreprocessor15PreprocessFrameERKNS_14I420VideoFrameEPPS1_iii + 1996
LiveStreaming                   0x103f755e8 _ZN8AgoraRTC25VideoProcessingModuleImpl15PreprocessFrameERKNS_14I420VideoFrameEPPS1_iii + 96
LiveStreaming                   0x10405e508 _ZN5agora5media11VideoEngine12DeliverFrameEiPN8AgoraRTC14I420VideoFrameEiPKj + 244
LiveStreaming                   0x104054490 _ZN15PipelineManager7DeliverEPvS0_iiiiiiixi + 1668
LiveStreaming                   0x10447cd14 -[AgoraRtcEngineKit pushRawData:stride:height:cropLeft:cropTop:cropRight:cropBottom:rotation:timeStamp:format:] + 100
LiveStreaming                   0x10447d44c -[AgoraRtcEngineKit pushExternalVideoFrame:] + 592
LiveStreaming                   0x102a10034 -[AgoraClient ProcessVideo:timeInfo:] + 724
LiveStreaming                   0x101c4cc20 -[HTSLiveInteractiveFragment writePixelBuffer:timeInfo:] + 144
LiveStreaming                   0x101d40b14 -[HTSLiveRecordVideoDataPipe processPixelBuffer:timeInfo:] + 312
LiveStreaming                   0x101d35450 __42-[HTSLiveRecordCameraProcesser startInput]_block_invoke + 592
LiveStreaming                   0x102695f98 __30-[IESCamera startVideoCapture]_block_invoke_2 + 588
LiveStreaming                   0x102583fc8 -[HTSCameraKit captureOutput:didOutputSampleBuffer:fromConnection:] + 748
AVFoundation                    0x18aac45c0 <redacted> + 344
AVFoundation                    0x18aac43d8 <redacted> + 100
CoreMedia                       0x1882b26e8 <redacted> + 272
CoreMedia                       0x1882cf340 <redacted> + 224
libdispatch.dylib               0x1848b8ae4 <redacted> + 16
libdispatch.dylib               0x1848c0f18 <redacted> + 424
libdispatch.dylib               0x1848ca808 <redacted> + 1364
libdispatch.dylib               0x1848c28f0 <redacted> + 280
libdispatch.dylib               0x1848c3380 <redacted> + 336
libdispatch.dylib               0x1848c28f0 <redacted> + 280
libdispatch.dylib               0x1848c3380 <redacted> + 336
libdispatch.dylib               0x1848c3d4c <redacted> + 340
libdispatch.dylib               0x1848cc11c <redacted> + 668
libsystem_pthread.dylib         0x184bebe70 _pthread_wqthread + 860

Backtrace of Thread 69387:
libsystem_kernel.dylib          0x184a2be08 mach_msg_trap + 8
libsystem_kernel.dylib          0x184a2bc80 mach_msg + 72
CoreFoundation                  0x184f6ee40 <redacted> + 196
CoreFoundation                  0x184f6c908 <redacted> + 1568
CoreFoundation                  0x184e8cda8 CFRunLoopRunSpecific + 552
GeoServices                     0x18b2356cc <redacted> + 468
libsystem_pthread.dylib         0x184bed220 <redacted> + 272
libsystem_pthread.dylib         0x184bed110 _pthread_start + 292

Backtrace of Thread 87831:
libsystem_kernel.dylib          0x184a2be08 mach_msg_trap + 8
libsystem_kernel.dylib          0x184a2bc80 mach_msg + 72
CoreFoundation                  0x184f6ee40 <redacted> + 196
CoreFoundation                  0x184f6c908 <redacted> + 1568
CoreFoundation                  0x184e8cda8 CFRunLoopRunSpecific + 552
Foundation                      0x185901674 <redacted> + 304
LiveStreaming                   0x1029ae850 -[_SRRunLoopThread main] + 360
Foundation                      0x185a11efc <redacted> + 1040
libsystem_pthread.dylib         0x184bed220 <redacted> + 272
libsystem_pthread.dylib         0x184bed110 _pthread_start + 292

Backtrace of Thread 89091:
libsystem_kernel.dylib          0x184a4d538 select$DARWIN_EXTSN + 8
CoreFoundation                  0x184f77378 <redacted> + 644
libsystem_pthread.dylib         0x184bed220 <redacted> + 272
libsystem_pthread.dylib         0x184bed110 _pthread_start + 292

Backtrace of Thread 90647:
libsystem_kernel.dylib          0x184a2be08 mach_msg_trap + 8
libsystem_kernel.dylib          0x184a2bc80 mach_msg + 72
CoreFoundation                  0x184f6ee40 <redacted> + 196
CoreFoundation                  0x184f6c908 <redacted> + 1568
CoreFoundation                  0x184e8cda8 CFRunLoopRunSpecific + 552
CoreFoundation                  0x184edcb28 CFRunLoopRun + 116
CoreMotion                      0x18a46d9dc CLStartStopAdvertisingBeacon + 231572
libsystem_pthread.dylib         0x184bed220 <redacted> + 272
libsystem_pthread.dylib         0x184bed110 _pthread_start + 292

Backtrace of Thread 94479:
libsystem_kernel.dylib          0x184a4d0f4 __psynch_cvwait + 8
libsystem_pthread.dylib         0x184befc90 <redacted> + 644
libc++.1.dylib                  0x18410425c _ZNSt3__118condition_variable4waitERNS_11unique_lockINS_5mutexEEE + 24
LiveStreaming                   0x1038f21dc _ZN3BRC9SyncQueueINSt3__110shared_ptrINS_4TaskEEEE4TakeERS4_ + 80
LiveStreaming                   0x1038f1c3c _ZN3BRC18SingleThreadWorker4workEv + 176
LiveStreaming                   0x1038f2420 _ZNSt3__114__thread_proxyINS_5tupleIJNS_10unique_ptrINS_15__thread_structENS_14default_deleteIS3_EEEEMN3BRC18SingleThreadWorkerEFvvEPS8_EEEEEPvSD_ + 64
libsystem_pthread.dylib         0x184bed220 <redacted> + 272
libsystem_pthread.dylib         0x184bed110 _pthread_start + 292

Backtrace of Thread 94731:
libsystem_kernel.dylib          0x184a4d0f4 __psynch_cvwait + 8
libsystem_pthread.dylib         0x184befc90 <redacted> + 644
libc++.1.dylib                  0x18410425c _ZNSt3__118condition_variable4waitERNS_11unique_lockINS_5mutexEEE + 24
LiveStreaming                   0x1038f21dc _ZN3BRC9SyncQueueINSt3__110shared_ptrINS_4TaskEEEE4TakeERS4_ + 80
LiveStreaming                   0x1038f1c3c _ZN3BRC18SingleThreadWorker4workEv + 176
LiveStreaming                   0x1038f2420 _ZNSt3__114__thread_proxyINS_5tupleIJNS_10unique_ptrINS_15__thread_structENS_14default_deleteIS3_EEEEMN3BRC18SingleThreadWorkerEFvvEPS8_EEEEEPvSD_ + 64
libsystem_pthread.dylib         0x184bed220 <redacted> + 272
libsystem_pthread.dylib         0x184bed110 _pthread_start + 292

Backtrace of Thread 148487:
libsystem_kernel.dylib          0x184a2be08 mach_msg_trap + 8
libsystem_kernel.dylib          0x184a2bc80 mach_msg + 72
LiveStreaming                   0x104593464 CLSMachExceptionServer + 100
libsystem_pthread.dylib         0x184bed220 <redacted> + 272
libsystem_pthread.dylib         0x184bed110 _pthread_start + 292

Backtrace of Thread 5571:
libsystem_kernel.dylib          0x184a4dd84 __workq_kernreturn + 8
libsystem_pthread.dylib         0x184bebeb4 _pthread_wqthread + 928

Backtrace of Thread 105591:
libsystem_kernel.dylib          0x184a4dd84 __workq_kernreturn + 8
libsystem_pthread.dylib         0x184bebeb4 _pthread_wqthread + 928

Backtrace of Thread 160995:
libsystem_kernel.dylib          0x184a4dd84 __workq_kernreturn + 8
libsystem_pthread.dylib         0x184bebeb4 _pthread_wqthread + 928

Backtrace of Thread 48943:
libsystem_kernel.dylib          0x184a3034c kevent + 8
LiveStreaming                   0x1035315f8 uv__io_poll + 676
LiveStreaming                   0x10352d40c uv_run + 308
LiveStreaming                   0x1034dc224 _ZN5mynet5startEv + 224
Foundation                      0x185a11efc <redacted> + 1040
libsystem_pthread.dylib         0x184bed220 <redacted> + 272
libsystem_pthread.dylib         0x184bed110 _pthread_start + 292

Backtrace of Thread 161387:
libsystem_kernel.dylib          0x184a4d0f4 __psynch_cvwait + 8
libsystem_pthread.dylib         0x184befc90 <redacted> + 644
LiveStreaming                   0x1040de4a8 _ZN8AgoraRTC10EventPosix4WaitEm + 244
LiveStreaming                   0x103ff3380 _ZN8AgoraRTC9TraceImpl7ProcessEv + 40
LiveStreaming                   0x103ff26e4 _ZN8AgoraRTC9TraceImpl3RunEPv + 12
LiveStreaming                   0x104021978 _ZN8AgoraRTC11ThreadPosix3RunEv + 160
LiveStreaming                   0x1040217c4 _ZN8AgoraRTC11StartThreadEPv + 12
libsystem_pthread.dylib         0x184bed220 <redacted> + 272
libsystem_pthread.dylib         0x184bed110 _pthread_start + 292

Backtrace of Thread 162839:
libsystem_kernel.dylib          0x184a4d0f4 __psynch_cvwait + 8
libsystem_pthread.dylib         0x184befc90 <redacted> + 644
libc++.1.dylib                  0x18410425c _ZNSt3__118condition_variable4waitERNS_11unique_lockINS_5mutexEEE + 24
LiveStreaming                   0x1044f71d0 _ZN5agora7commons10async_task3runENSt3__110shared_ptrINS1_11thread_dataEEE + 164
LiveStreaming                   0x1044f767c _ZNSt3__114__thread_proxyINS_5tupleIJNS_6__bindIPFvNS_10shared_ptrIN5agora7commons10async_task11thread_dataEEEEJRS8_EEEEEEEEPvSE_ + 92
libsystem_pthread.dylib         0x184bed220 <redacted> + 272
libsystem_pthread.dylib         0x184bed110 _pthread_start + 292

Backtrace of Thread 153051:
libsystem_kernel.dylib          0x184a2be08 mach_msg_trap + 8
libsystem_kernel.dylib          0x184a2bc80 mach_msg + 72
AudioToolbox                    0x188d8bc78 <redacted> + 280
AudioToolbox                    0x188d6b350 AudioSessionSetProperty_Priv + 524
AVFAudio                        0x18a97c8f4 <redacted> + 56
AVFAudio                        0x18a976ebc <redacted> + 200
LiveStreaming                   0x1040c75ec _ZN8AgoraRTC14AudioDeviceIOS20SetLoudspeakerStatusEb + 392
LiveStreaming                   0x103f65140 _ZN8AgoraRTC21AudioDeviceModuleImpl20SetLoudspeakerStatusEb + 32
LiveStreaming                   0x103fadc08 _ZN8AgoraRTC15ChEHardwareImpl20SetLoudspeakerStatusEb + 96
LiveStreaming                   0x103fd3b1c _ZN5agora5media18AudioEngineWrapper16updateClientRoleENS0_11IChatEngine22MEDIA_ENGINE_ROLE_TYPEE + 248
LiveStreaming                   0x10409fe70 _ZN5agora5media30MediaEngineParameterCollection20setupMediaEngineModeEPKv + 1224
LiveStreaming                   0x1043e8f00 _ZN5agora6config42ExternalTriggerParameterHelperWithObserverIPKvE10onSetValueERKNS0_8AnyValueE + 44
LiveStreaming                   0x1044a3dc4 _ZN5agora3rtc42TriggerParameterHelperWithExternalObserverINS_7commons5cjson11JsonWrapperEE7triggerEv + 80
LiveStreaming                   0x1044a3cfc _ZN5agora3rtc42TriggerParameterHelperWithExternalObserverINS_7commons5cjson11JsonWrapperEE14onSetParameterERKNSt3__112basic_stringIcNS6_11char_traitsIcEENS6_9allocatorIcEEEERKPNS3_5cJSONE + 84
LiveStreaming                   0x1043f7d14 _ZN5agora3rtc13RtcParameters15onSetParametersERNS_7commons5cjson11JsonWrapperEbbb + 372
LiveStreaming                   0x1044f6d7c _ZN5agora3rtc13RtcParameters12setParameterINS_7commons5cjson11JsonWrapperEEEiPKcRKT_ + 144
LiveStreaming                   0x10445cbf8 _ZN5agora3rtc3che10ChatEngine24onApplicationModeChangedEb + 196
LiveStreaming                   0x10445c980 _ZN5agora3rtc3che10ChatEngine20checkBroadcasterModeEv + 124
LiveStreaming                   0x1044f7e7c _ZN7sigslot8internal11_connectionIN5agora3rtc3che10ChatEngineENS_6thread2stEJjiEE4emitEji + 44
LiveStreaming                   0x1044272c4 _ZN5agora3rtc11PeerManager15doSetPeerOnlineEjRNS0_4PeerE + 316
LiveStreaming                   0x104427894 _ZN5agora3rtc11PeerManager19onFilterAudioPacketERNS0_14audio_packet_tE + 316
LiveStreaming                   0x104437380 _ZN5agora3rtc11CallManager17doRecvAudioPacketERNS0_14audio_packet_tE + 76
LiveStreaming                   0x1044372c8 _ZN5agora3rtc11CallManager17onRecvAudioPacketERNS0_14audio_packet_tE + 72
LiveStreaming                   0x10443c56c _ZN5agora3rtc9VosClient11onAudioDataERNS0_8protocol13PAudioData_v2E + 292
LiveStreaming                   0x10443e30c _ZN5agora3rtc9VosClient8onPacketEPNS_7commons15udp_server_baseERKNS2_2ip10sockaddr_tERNS2_8unpackerEtt + 564
LiveStreaming                   0x104484fe8 _ZN5agora7commons8libevent10udp_server11on_datagramEiRKNS0_2ip10sockaddr_tEPKcm + 228
LiveStreaming                   0x104484ef0 _ZN5agora7commons8libevent10udp_server7on_dataEi + 296
LiveStreaming                   0x104457f4c _ZN5agora7commons8libevent9event_udp18event_udp_callbackEisPv + 48
LiveStreaming                   0x104487528 event_base_loop + 1744
LiveStreaming                   0x10444dce8 _ZN5agora3rtc9RtcEngine3runEv + 64
LiveStreaming                   0x1044f48ac _ZNSt3__114__thread_proxyINS_5tupleIJNS_6__bindIMN5agora3rtc9RtcEngineEFvvEJPS5_EEEEEEEEPvSB_ + 84
libsystem_pthread.dylib         0x184bed220 <redacted> + 272
libsystem_pthread.dylib         0x184bed110 _pthread_start + 292

Backtrace of Thread 32027:
libsystem_kernel.dylib          0x184a2be5c semaphore_timedwait_trap + 8
libdispatch.dylib               0x1848bb0b0 <redacted> + 60
libdispatch.dylib               0x1848bb924 <redacted> + 72
libdispatch.dylib               0x1848c723c <redacted> + 256
libsystem_pthread.dylib         0x184bed220 <redacted> + 272
libsystem_pthread.dylib         0x184bed110 _pthread_start + 292

Backtrace of Thread 147283:
libsystem_kernel.dylib          0x184a2be5c semaphore_timedwait_trap + 8
libdispatch.dylib               0x1848bb0b0 <redacted> + 60
libdispatch.dylib               0x1848bb924 <redacted> + 72
libdispatch.dylib               0x1848c723c <redacted> + 256
libsystem_pthread.dylib         0x184bed220 <redacted> + 272
libsystem_pthread.dylib         0x184bed110 _pthread_start + 292

Backtrace of Thread 112899:
libsystem_kernel.dylib          0x184a4d0f4 __psynch_cvwait + 8
libsystem_pthread.dylib         0x184befc90 <redacted> + 644
LiveStreaming                   0x1040de4a8 _ZN8AgoraRTC10EventPosix4WaitEm + 244
LiveStreaming                   0x104097f7c _ZN8AgoraRTC17ProcessThreadImpl7ProcessEv + 200
LiveStreaming                   0x104021978 _ZN8AgoraRTC11ThreadPosix3RunEv + 160
LiveStreaming                   0x1040217c4 _ZN8AgoraRTC11StartThreadEPv + 12
libsystem_pthread.dylib         0x184bed220 <redacted> + 272
libsystem_pthread.dylib         0x184bed110 _pthread_start + 292

Backtrace of Thread 144927:
libsystem_kernel.dylib          0x184a4d610 __semwait_signal + 8
libsystem_c.dylib               0x18496612c nanosleep + 212
LiveStreaming                   0x10400f714 _ZN8AgoraRTC7SleepMsEi + 88
LiveStreaming                   0x10408c28c _ZN8AgoraRTC21VideoCodingModuleImpl19DeliverFrameProcessEv + 152
LiveStreaming                   0x104021978 _ZN8AgoraRTC11ThreadPosix3RunEv + 160
LiveStreaming                   0x1040217c4 _ZN8AgoraRTC11StartThreadEPv + 12
libsystem_pthread.dylib         0x184bed220 <redacted> + 272
libsystem_pthread.dylib         0x184bed110 _pthread_start + 292

Backtrace of Thread 146747:
libsystem_kernel.dylib          0x184a4d0f4 __psynch_cvwait + 8
libsystem_pthread.dylib         0x184befc90 <redacted> + 644
LiveStreaming                   0x10353035c uv_cond_wait + 12
LiveStreaming                   0x10352bf00 worker + 196
LiveStreaming                   0x1035301d4 uv__thread_start + 28
libsystem_pthread.dylib         0x184bed220 <redacted> + 272
libsystem_pthread.dylib         0x184bed110 _pthread_start + 292

Backtrace of Thread 146443:
libsystem_kernel.dylib          0x184a4d0f4 __psynch_cvwait + 8
libsystem_pthread.dylib         0x184befc90 <redacted> + 644
LiveStreaming                   0x10353035c uv_cond_wait + 12
LiveStreaming                   0x10352bf00 worker + 196
LiveStreaming                   0x1035301d4 uv__thread_start + 28
libsystem_pthread.dylib         0x184bed220 <redacted> + 272
libsystem_pthread.dylib         0x184bed110 _pthread_start + 292

Backtrace of Thread 144643:
libsystem_kernel.dylib          0x184a4d0f4 __psynch_cvwait + 8
libsystem_pthread.dylib         0x184befc90 <redacted> + 644
LiveStreaming                   0x10353035c uv_cond_wait + 12
LiveStreaming                   0x10352bf00 worker + 196
LiveStreaming                   0x1035301d4 uv__thread_start + 28
libsystem_pthread.dylib         0x184bed220 <redacted> + 272
libsystem_pthread.dylib         0x184bed110 _pthread_start + 292

Backtrace of Thread 144387:
libsystem_kernel.dylib          0x184a4d0f4 __psynch_cvwait + 8
libsystem_pthread.dylib         0x184befc90 <redacted> + 644
LiveStreaming                   0x10353035c uv_cond_wait + 12
LiveStreaming                   0x10352bf00 worker + 196
LiveStreaming                   0x1035301d4 uv__thread_start + 28
libsystem_pthread.dylib         0x184bed220 <redacted> + 272
libsystem_pthread.dylib         0x184bed110 _pthread_start + 292

Backtrace of Thread 114699:
libsystem_kernel.dylib          0x184a4d0f4 __psynch_cvwait + 8
libsystem_pthread.dylib         0x184befc90 <redacted> + 644
LiveStreaming                   0x1040de4a8 _ZN8AgoraRTC10EventPosix4WaitEm + 244
LiveStreaming                   0x103fb0cf0 _ZN8AgoraRTC11ViECapturer17ViECaptureProcessEv + 36
LiveStreaming                   0x103faf958 _ZN8AgoraRTC11ViECapturer24ViECaptureThreadFunctionEPv + 12
LiveStreaming                   0x104021978 _ZN8AgoraRTC11ThreadPosix3RunEv + 160
LiveStreaming                   0x1040217c4 _ZN8AgoraRTC11StartThreadEPv + 12
libsystem_pthread.dylib         0x184bed220 <redacted> + 272
libsystem_pthread.dylib         0x184bed110 _pthread_start + 292

Backtrace of Thread 168067:
libsystem_kernel.dylib          0x184a4d0f4 __psynch_cvwait + 8
libsystem_pthread.dylib         0x184befc90 <redacted> + 644
LiveStreaming                   0x1040de4a8 _ZN8AgoraRTC10EventPosix4WaitEm + 244
LiveStreaming                   0x104097f7c _ZN8AgoraRTC17ProcessThreadImpl7ProcessEv + 200
LiveStreaming                   0x104021978 _ZN8AgoraRTC11ThreadPosix3RunEv + 160
LiveStreaming                   0x1040217c4 _ZN8AgoraRTC11StartThreadEPv + 12
libsystem_pthread.dylib         0x184bed220 <redacted> + 272
libsystem_pthread.dylib         0x184bed110 _pthread_start + 292

Backtrace of Thread 79739:
libsystem_kernel.dylib          0x184a4dd84 __workq_kernreturn + 8
libsystem_pthread.dylib         0x184bebeb4 _pthread_wqthread + 928

Backtrace of Thread 145671:
libsystem_kernel.dylib          0x184a2be08 mach_msg_trap + 8
libsystem_kernel.dylib          0x184a2bc80 mach_msg + 72
AudioToolbox                    0x188ba0a6c <redacted> + 260
AudioToolbox                    0x188ba52f0 <redacted> + 156
AudioToolbox                    0x188f17128 <redacted> + 88
libsystem_pthread.dylib         0x184bed220 <redacted> + 272
libsystem_pthread.dylib         0x184bed110 _pthread_start + 292

