Call Backtrace of 41 threads:
Backtrace of Thread 771:
libsystem_kernel.dylib          0x184a2be08 mach_msg_trap + 8
libsystem_kernel.dylib          0x184a2bc80 mach_msg + 72
AudioToolbox                    0x188d8bc78 <redacted> + 280
AudioToolbox                    0x188d6b350 AudioSessionSetProperty_Priv + 524
AVFAudio                        0x18a976db0 <redacted> + 148
LiveStreaming                   0x104477198 -[AgoraRtcEngineKit leaveChannel:] + 416
LiveStreaming                   0x102a0fc54 -[AgoraClient leaveChannelWithDestroy:] + 440
LiveStreaming                   0x101c48414 -[HTSLiveInteractiveFragment stopLiveShow] + 304
LiveStreaming                   0x101c4cd2c -[HTSLiveInteractiveFragment stopOutputWithNext:] + 96
LiveStreaming                   0x101d41058 -[HTSLiveRecordVideoDataPipe stopWorkingWithNext:] + 248
LiveStreaming                   0x101e3e0f8 -[HTSLiveVideoStreamEngine stopLiveStream] + 140
LiveStreaming                   0x101aef758 -[HTSLiveAnchorViewController _clear] + 108
LiveStreaming                   0x101af1484 -[HTSLiveAnchorViewController _clearAndQuit] + 264
LiveStreaming                   0x101aeed4c __42-[HTSLiveAnchorViewController viewDidLoad]_block_invoke_3 + 136
LiveStreaming                   0x10294e748 -[RACSubscriber sendNext:] + 228
LiveStreaming                   0x102914a40 -[RACPassthroughSubscriber sendNext:] + 444
LiveStreaming                   0x10293f784 __29-[RACSignal(RACStream) bind:]_block_invoke_2.95 + 84
LiveStreaming                   0x10294e748 -[RACSubscriber sendNext:] + 228
LiveStreaming                   0x10291812c __29-[RACReturnSignal subscribe:]_block_invoke + 100
LiveStreaming                   0x10294f6c0 -[RACSubscriptionScheduler schedule:] + 632
LiveStreaming                   0x102918070 -[RACReturnSignal subscribe:] + 616
LiveStreaming                   0x1029434bc -[RACSignal(Subscription) subscribeNext:error:completed:] + 1420
LiveStreaming                   0x10293f660 __29-[RACSignal(RACStream) bind:]_block_invoke.87 + 528
LiveStreaming                   0x10293fc68 __29-[RACSignal(RACStream) bind:]_block_invoke.122 + 184
LiveStreaming                   0x10294e748 -[RACSubscriber sendNext:] + 228
LiveStreaming                   0x102914a40 -[RACPassthroughSubscriber sendNext:] + 444
LiveStreaming                   0x10292fcc0 __35-[RACSignal(Operations) takeUntil:]_block_invoke.595 + 84
LiveStreaming                   0x10294e748 -[RACSubscriber sendNext:] + 228
LiveStreaming                   0x102914a40 -[RACPassthroughSubscriber sendNext:] + 444
LiveStreaming                   0x1028fa194 __84-[NSObject(RACPropertySubscribing) rac_valuesAndChangesForKeyPath:options:observer:]_block_invoke.46 + 532
LiveStreaming                   0x1028f7640 __69-[NSObject(RACKVOWrapper) rac_observeKeyPath:options:observer:block:]_block_invoke.81 + 740
LiveStreaming                   0x1029135a0 -[RACKVOTrampoline observeValueForKeyPath:ofObject:change:context:] + 516
LiveStreaming                   0x102912494 -[RACKVOProxy observeValueForKeyPath:ofObject:change:context:] + 472
Foundation                      0x1859552f8 <redacted> + 304
Foundation                      0x185954e30 <redacted> + 380
Foundation                      0x18592c5a4 <redacted> + 664
Foundation                      0x185954534 <redacted> + 60
Foundation                      0x1859d897c <redacted> + 272
LiveStreaming                   0x101aea9c0 -[HTSLiveAnchorStore2 __stopLive] + 44
LiveStreaming                   0x101aea860 -[HTSLiveAnchorStore2 stopLive] + 40
CoreFoundation                  0x184fce580 <redacted> + 144
CoreFoundation                  0x184ead748 <redacted> + 284
CoreFoundation                  0x184eb256c <redacted> + 60
LiveStreaming                   0x101ea56f0 __40-[IESActionMulticast forwardInvocation:]_block_invoke + 184
CoreFoundation                  0x184ea0a20 <redacted> + 216
LiveStreaming                   0x101ea5570 -[IESActionMulticast forwardInvocation:] + 636
CoreFoundation                  0x184fcc2d4 <redacted> + 624
CoreFoundation                  0x184eb241c _CF_forwarding_prep_0 + 92
LiveStreaming                   0x101ad78c8 __52-[HTSLiveAnchorActionCreator tryStopLiveWithReason:]_block_invoke + 168
LiveStreaming                   0x101ad7f20 __67-[HTSLiveAnchorActionCreator __updateRemoteStatus:reason:finished:]_block_invoke + 180

Backtrace of Thread 9231:
libsystem_kernel.dylib          0x184a4d0f4 __psynch_cvwait + 8
libsystem_pthread.dylib         0x184befc90 <redacted> + 644
libc++.1.dylib                  0x18410425c _ZNSt3__118condition_variable4waitERNS_11unique_lockINS_5mutexEEE + 24
JavaScriptCore                  0x18c5e31a4 <redacted> + 104
JavaScriptCore                  0x18c5e2db8 <redacted> + 164
JavaScriptCore                  0x18c5e2b60 <redacted> + 12
JavaScriptCore                  0x18c5e2f7c <redacted> + 44
libsystem_pthread.dylib         0x184bed220 <redacted> + 272
libsystem_pthread.dylib         0x184bed110 _pthread_start + 292

Backtrace of Thread 7427:
libsystem_kernel.dylib          0x184a2be08 mach_msg_trap + 8
libsystem_kernel.dylib          0x184a2bc80 mach_msg + 72
CoreFoundation                  0x184f6ee40 <redacted> + 196
CoreFoundation                  0x184f6c908 <redacted> + 1568
CoreFoundation                  0x184e8cda8 CFRunLoopRunSpecific + 552
WebCore                         0x18d119dcc <redacted> + 592
libsystem_pthread.dylib         0x184bed220 <redacted> + 272
libsystem_pthread.dylib         0x184bed110 _pthread_start + 292

Backtrace of Thread 20483:
libsystem_kernel.dylib          0x184a2be08 mach_msg_trap + 8
libsystem_kernel.dylib          0x184a2bc80 mach_msg + 72
CoreFoundation                  0x184f6ee40 <redacted> + 196
CoreFoundation                  0x184f6c908 <redacted> + 1568
CoreFoundation                  0x184e8cda8 CFRunLoopRunSpecific + 552
Foundation                      0x185901674 <redacted> + 304
Foundation                      0x18590151c <redacted> + 148
UIKit                           0x18eb527e4 <redacted> + 136
Foundation                      0x185a11efc <redacted> + 1040
libsystem_pthread.dylib         0x184bed220 <redacted> + 272
libsystem_pthread.dylib         0x184bed110 _pthread_start + 292

Backtrace of Thread 19203:
libsystem_kernel.dylib          0x184a4dd84 __workq_kernreturn + 8
libsystem_pthread.dylib         0x184bec0a0 _pthread_wqthread + 1420

Backtrace of Thread 37127:
libsystem_kernel.dylib          0x184a2be08 mach_msg_trap + 8
libsystem_kernel.dylib          0x184a2bc80 mach_msg + 72
CoreFoundation                  0x184f6ee40 <redacted> + 196
CoreFoundation                  0x184f6c908 <redacted> + 1568
CoreFoundation                  0x184e8cda8 CFRunLoopRunSpecific + 552
Foundation                      0x185901674 <redacted> + 304
Foundation                      0x1859761a8 <redacted> + 88
LiveStreaming                   0x101635b74 +[AFURLConnectionOperation networkRequestThreadEntryPoint:] + 308
Foundation                      0x185a11efc <redacted> + 1040
libsystem_pthread.dylib         0x184bed220 <redacted> + 272
libsystem_pthread.dylib         0x184bed110 _pthread_start + 292

Backtrace of Thread 39475:
libsystem_kernel.dylib          0x184a4dd84 __workq_kernreturn + 8
libsystem_pthread.dylib         0x184bebeb4 _pthread_wqthread + 928

Backtrace of Thread 82703:
libsystem_kernel.dylib          0x184a2be08 mach_msg_trap + 8
libsystem_kernel.dylib          0x184a2bc80 mach_msg + 72
CoreFoundation                  0x184f6ee40 <redacted> + 196
CoreFoundation                  0x184f6c908 <redacted> + 1568
CoreFoundation                  0x184e8cda8 CFRunLoopRunSpecific + 552
CFNetwork                       0x18579a4b0 <redacted> + 220
Foundation                      0x185a11efc <redacted> + 1040
libsystem_pthread.dylib         0x184bed220 <redacted> + 272
libsystem_pthread.dylib         0x184bed110 _pthread_start + 292

Backtrace of Thread 46635:
libsystem_kernel.dylib          0x184a4dd84 __workq_kernreturn + 8
libsystem_pthread.dylib         0x184bebeb4 _pthread_wqthread + 928

Backtrace of Thread 47135:
libsystem_kernel.dylib          0x184a2be08 mach_msg_trap + 8
libsystem_kernel.dylib          0x184a2bc80 mach_msg + 72
libsystem_kernel.dylib          0x184a2df34 thread_get_state + 136
LiveStreaming                   0x102a8485c bs_mach_copyMem + 60
LiveStreaming                   0x102a83f9c _bs_backtraceOfThread + 636
LiveStreaming                   0x102a846f4 +[BSBacktraceLogger bs_backtraceOfAllThread] + 220
LiveStreaming                   0x1025037fc __40+[IESDebugToolService startStuckMonitor]_block_invoke + 204
LiveStreaming                   0x102500c7c __36-[IESDebugStuckMonitor startMonitor]_block_invoke_2 + 112
CoreFoundation                  0x184f5ff38 <redacted> + 76
LiveStreaming                   0x102500b74 __36-[IESDebugStuckMonitor startMonitor]_block_invoke + 436
Foundation                      0x1859eee88 <redacted> + 16
Foundation                      0x1859308d0 <redacted> + 72
Foundation                      0x18592fcac <redacted> + 848
Foundation                      0x1859f076c <redacted> + 404
libdispatch.dylib               0x1848b8ae4 <redacted> + 16
libdispatch.dylib               0x1848c0f18 <redacted> + 424
libdispatch.dylib               0x1848bf850 <redacted> + 604
libdispatch.dylib               0x1848c5d30 <redacted> + 588
libdispatch.dylib               0x1848c5a80 <redacted> + 120
libsystem_pthread.dylib         0x184bebfac _pthread_wqthread + 1176

Backtrace of Thread 1295:
libsystem_kernel.dylib          0x184a2be08 mach_msg_trap + 8
libsystem_kernel.dylib          0x184a2bc80 mach_msg + 72
CoreFoundation                  0x184f6ee40 <redacted> + 196
CoreFoundation                  0x184f6c908 <redacted> + 1568
CoreFoundation                  0x184e8cda8 CFRunLoopRunSpecific + 552
AVFAudio                        0x18a972424 <redacted> + 164
AVFAudio                        0x18a99c834 <redacted> + 88
libsystem_pthread.dylib         0x184bed220 <redacted> + 272
libsystem_pthread.dylib         0x184bed110 _pthread_start + 292

Backtrace of Thread 53779:
libsystem_kernel.dylib          0x184a2be5c semaphore_timedwait_trap + 8
libdispatch.dylib               0x1848bb0b0 <redacted> + 60
libdispatch.dylib               0x1848bb924 <redacted> + 72
LiveStreaming                   0x1012deb84 -[HTSMainThreadRunloopMonitor runMonitorThread] + 220
Foundation                      0x185a11efc <redacted> + 1040
libsystem_pthread.dylib         0x184bed220 <redacted> + 272
libsystem_pthread.dylib         0x184bed110 _pthread_start + 292

Backtrace of Thread 75795:
libsystem_kernel.dylib          0x184a4dd84 __workq_kernreturn + 8
libsystem_pthread.dylib         0x184bebeb4 _pthread_wqthread + 928

Backtrace of Thread 68867:
libsystem_kernel.dylib          0x184a4dd84 __workq_kernreturn + 8
libsystem_pthread.dylib         0x184bebeb4 _pthread_wqthread + 928

Backtrace of Thread 69387:
libsystem_kernel.dylib          0x184a2be08 mach_msg_trap + 8
libsystem_kernel.dylib          0x184a2bc80 mach_msg + 72
CoreFoundation                  0x184f6ee40 <redacted> + 196
CoreFoundation                  0x184f6c908 <redacted> + 1568
CoreFoundation                  0x184e8cda8 CFRunLoopRunSpecific + 552
GeoServices                     0x18b2356cc <redacted> + 468
libsystem_pthread.dylib         0x184bed220 <redacted> + 272
libsystem_pthread.dylib         0x184bed110 _pthread_start + 292

Backtrace of Thread 87831:
libsystem_kernel.dylib          0x184a2be08 mach_msg_trap + 8
libsystem_kernel.dylib          0x184a2bc80 mach_msg + 72
CoreFoundation                  0x184f6ee40 <redacted> + 196
CoreFoundation                  0x184f6c908 <redacted> + 1568
CoreFoundation                  0x184e8cda8 CFRunLoopRunSpecific + 552
Foundation                      0x185901674 <redacted> + 304
LiveStreaming                   0x1029ae850 -[_SRRunLoopThread main] + 360
Foundation                      0x185a11efc <redacted> + 1040
libsystem_pthread.dylib         0x184bed220 <redacted> + 272
libsystem_pthread.dylib         0x184bed110 _pthread_start + 292

Backtrace of Thread 89091:
libsystem_kernel.dylib          0x184a4d538 select$DARWIN_EXTSN + 8
CoreFoundation                  0x184f77378 <redacted> + 644
libsystem_pthread.dylib         0x184bed220 <redacted> + 272
libsystem_pthread.dylib         0x184bed110 _pthread_start + 292

Backtrace of Thread 90647:
libsystem_kernel.dylib          0x184a2be08 mach_msg_trap + 8
libsystem_kernel.dylib          0x184a2bc80 mach_msg + 72
CoreFoundation                  0x184f6ee40 <redacted> + 196
CoreFoundation                  0x184f6c908 <redacted> + 1568
CoreFoundation                  0x184e8cda8 CFRunLoopRunSpecific + 552
CoreFoundation                  0x184edcb28 CFRunLoopRun + 116
CoreMotion                      0x18a46d9dc CLStartStopAdvertisingBeacon + 231572
libsystem_pthread.dylib         0x184bed220 <redacted> + 272
libsystem_pthread.dylib         0x184bed110 _pthread_start + 292

Backtrace of Thread 94479:
libsystem_kernel.dylib          0x184a4d0f4 __psynch_cvwait + 8
libsystem_pthread.dylib         0x184befc90 <redacted> + 644
libc++.1.dylib                  0x18410425c _ZNSt3__118condition_variable4waitERNS_11unique_lockINS_5mutexEEE + 24
LiveStreaming                   0x1038f21dc _ZN3BRC9SyncQueueINSt3__110shared_ptrINS_4TaskEEEE4TakeERS4_ + 80
LiveStreaming                   0x1038f1c3c _ZN3BRC18SingleThreadWorker4workEv + 176
LiveStreaming                   0x1038f2420 _ZNSt3__114__thread_proxyINS_5tupleIJNS_10unique_ptrINS_15__thread_structENS_14default_deleteIS3_EEEEMN3BRC18SingleThreadWorkerEFvvEPS8_EEEEEPvSD_ + 64
libsystem_pthread.dylib         0x184bed220 <redacted> + 272
libsystem_pthread.dylib         0x184bed110 _pthread_start + 292

Backtrace of Thread 94731:
libsystem_kernel.dylib          0x184a4d0f4 __psynch_cvwait + 8
libsystem_pthread.dylib         0x184befc90 <redacted> + 644
libc++.1.dylib                  0x18410425c _ZNSt3__118condition_variable4waitERNS_11unique_lockINS_5mutexEEE + 24
LiveStreaming                   0x1038f21dc _ZN3BRC9SyncQueueINSt3__110shared_ptrINS_4TaskEEEE4TakeERS4_ + 80
LiveStreaming                   0x1038f1c3c _ZN3BRC18SingleThreadWorker4workEv + 176
LiveStreaming                   0x1038f2420 _ZNSt3__114__thread_proxyINS_5tupleIJNS_10unique_ptrINS_15__thread_structENS_14default_deleteIS3_EEEEMN3BRC18SingleThreadWorkerEFvvEPS8_EEEEEPvSD_ + 64
libsystem_pthread.dylib         0x184bed220 <redacted> + 272
libsystem_pthread.dylib         0x184bed110 _pthread_start + 292

Backtrace of Thread 148487:
libsystem_kernel.dylib          0x184a2be08 mach_msg_trap + 8
libsystem_kernel.dylib          0x184a2bc80 mach_msg + 72
LiveStreaming                   0x104593464 CLSMachExceptionServer + 100
libsystem_pthread.dylib         0x184bed220 <redacted> + 272
libsystem_pthread.dylib         0x184bed110 _pthread_start + 292

Backtrace of Thread 48943:
libsystem_kernel.dylib          0x184a3034c kevent + 8
LiveStreaming                   0x1035315f8 uv__io_poll + 676
LiveStreaming                   0x10352d40c uv_run + 308
LiveStreaming                   0x1034dc224 _ZN5mynet5startEv + 224
Foundation                      0x185a11efc <redacted> + 1040
libsystem_pthread.dylib         0x184bed220 <redacted> + 272
libsystem_pthread.dylib         0x184bed110 _pthread_start + 292

Backtrace of Thread 161387:
libsystem_kernel.dylib          0x184a4d0f4 __psynch_cvwait + 8
libsystem_pthread.dylib         0x184befc90 <redacted> + 644
LiveStreaming                   0x1040de4a8 _ZN8AgoraRTC10EventPosix4WaitEm + 244
LiveStreaming                   0x103ff3380 _ZN8AgoraRTC9TraceImpl7ProcessEv + 40
LiveStreaming                   0x103ff26e4 _ZN8AgoraRTC9TraceImpl3RunEPv + 12
LiveStreaming                   0x104021978 _ZN8AgoraRTC11ThreadPosix3RunEv + 160
LiveStreaming                   0x1040217c4 _ZN8AgoraRTC11StartThreadEPv + 12
libsystem_pthread.dylib         0x184bed220 <redacted> + 272
libsystem_pthread.dylib         0x184bed110 _pthread_start + 292

Backtrace of Thread 162839:
libsystem_kernel.dylib          0x184a4d0f4 __psynch_cvwait + 8
libsystem_pthread.dylib         0x184befc90 <redacted> + 644
libc++.1.dylib                  0x18410425c _ZNSt3__118condition_variable4waitERNS_11unique_lockINS_5mutexEEE + 24
LiveStreaming                   0x1044f71d0 _ZN5agora7commons10async_task3runENSt3__110shared_ptrINS1_11thread_dataEEE + 164
LiveStreaming                   0x1044f767c _ZNSt3__114__thread_proxyINS_5tupleIJNS_6__bindIPFvNS_10shared_ptrIN5agora7commons10async_task11thread_dataEEEEJRS8_EEEEEEEEPvSE_ + 92
libsystem_pthread.dylib         0x184bed220 <redacted> + 272
libsystem_pthread.dylib         0x184bed110 _pthread_start + 292

Backtrace of Thread 153051:
libsystem_kernel.dylib          0x184a2be08 mach_msg_trap + 8
libsystem_kernel.dylib          0x184a2bc80 mach_msg + 72
VideoToolbox                    0x188784e74 <redacted> + 116
VideoToolbox                    0x188793d64 <redacted> + 160
VideoToolbox                    0x18873a2e8 VTDecompressionSessionInvalidate + 52
LiveStreaming                   0x103fc6d98 _ZN8AgoraRTC23H264VideoToolboxDecoder27DestroyDecompressionSessionEv + 28
LiveStreaming                   0x103fc725c _ZN8AgoraRTC23H264VideoToolboxDecoder7ReleaseEv + 36
LiveStreaming                   0x10408e12c _ZNK8AgoraRTC16VCMCodecDataBase14ReleaseDecoderEPNS_17VCMGenericDecoderE + 28
LiveStreaming                   0x10408d6fc _ZN8AgoraRTC16VCMCodecDataBase13ResetReceiverEv + 28
LiveStreaming                   0x10408d694 _ZN8AgoraRTC16VCMCodecDataBaseD2Ev + 32
LiveStreaming                   0x103ff7648 _ZN8AgoraRTC3vcm13VideoReceiverD2Ev + 80
LiveStreaming                   0x1043e4758 _ZN8AgoraRTC10scoped_ptrINS_3vcm13VideoReceiverEE5resetEPS2_ + 36
LiveStreaming                   0x1043e4698 _ZN8AgoraRTC21VideoCodingModuleImplD2Ev + 72
LiveStreaming                   0x1043e3fb0 _ZN8AgoraRTC21VideoCodingModuleImplD0Ev + 12
LiveStreaming                   0x104022be4 _ZN5agora11Participant14deletePipelineEv + 152
LiveStreaming                   0x104056d20 _ZN5agora5media11VideoEngine15stopRemoteVideoEj + 356
LiveStreaming                   0x10405b04c _ZN5agora5media11VideoEngine16stopRemoteRenderEv + 128
LiveStreaming                   0x1043e8b5c _ZN5agora6config42ExternalTriggerParameterHelperWithObserverIbE10onSetValueERKNS0_8AnyValueE + 44
LiveStreaming                   0x1044a2718 _ZN5agora3rtc42TriggerParameterHelperWithExternalObserverIbE7triggerEv + 80
LiveStreaming                   0x1044a2650 _ZN5agora3rtc42TriggerParameterHelperWithExternalObserverIbE14onSetParameterERKNSt3__112basic_stringIcNS3_11char_traitsIcEENS3_9allocatorIcEEEERKPNS_7commons5cjson5cJSONE + 44
LiveStreaming                   0x1043f7d14 _ZN5agora3rtc13RtcParameters15onSetParametersERNS_7commons5cjson11JsonWrapperEbbb + 372
LiveStreaming                   0x1044f6f98 _ZN5agora3rtc13RtcParameters12setParameterIbEEiPKcRKT_ + 144
LiveStreaming                   0x10445c73c _ZN5agora3rtc3che10ChatEngine15stopRemoteVideoEj + 108
LiveStreaming                   0x10445c7e4 _ZN5agora3rtc3che10ChatEngine12disableVideoEv + 156
LiveStreaming                   0x10445b2a4 _ZN5agora3rtc3che10ChatEngine14onLeaveChannelEv + 64
LiveStreaming                   0x1044367d8 _ZN5agora3rtc11CallManager12leaveChannelEv + 348
LiveStreaming                   0x10446c7a0 _ZN5agora3rtc11CallContext8stopCallEv + 60
LiveStreaming                   0x104450104 _ZNSt3__110__function6__funcIZN5agora3rtc9RtcEngine12leaveChannelEvE3$_1NS_9allocatorIS5_EEFvvEEclEv + 64
LiveStreaming                   0x1044f25b0 _ZN5agora7commons8libevent11async_queueINSt3__18functionIFvvEEENS0_5cjson11JsonWrapperENS1_14efd_socketpairENS3_5mutexEE8on_eventEis + 252
LiveStreaming                   0x104487528 event_base_loop + 1744
LiveStreaming                   0x10444dce8 _ZN5agora3rtc9RtcEngine3runEv + 64
LiveStreaming                   0x1044f48ac _ZNSt3__114__thread_proxyINS_5tupleIJNS_6__bindIMN5agora3rtc9RtcEngineEFvvEJPS5_EEEEEEEEPvSB_ + 84
libsystem_pthread.dylib         0x184bed220 <redacted> + 272
libsystem_pthread.dylib         0x184bed110 _pthread_start + 292

Backtrace of Thread 146747:
libsystem_kernel.dylib          0x184a4d0f4 __psynch_cvwait + 8
libsystem_pthread.dylib         0x184befc90 <redacted> + 644
LiveStreaming                   0x10353035c uv_cond_wait + 12
LiveStreaming                   0x10352bf00 worker + 196
LiveStreaming                   0x1035301d4 uv__thread_start + 28
libsystem_pthread.dylib         0x184bed220 <redacted> + 272
libsystem_pthread.dylib         0x184bed110 _pthread_start + 292

Backtrace of Thread 146443:
libsystem_kernel.dylib          0x184a4d0f4 __psynch_cvwait + 8
libsystem_pthread.dylib         0x184befc90 <redacted> + 644
LiveStreaming                   0x10353035c uv_cond_wait + 12
LiveStreaming                   0x10352bf00 worker + 196
LiveStreaming                   0x1035301d4 uv__thread_start + 28
libsystem_pthread.dylib         0x184bed220 <redacted> + 272
libsystem_pthread.dylib         0x184bed110 _pthread_start + 292

Backtrace of Thread 144643:
libsystem_kernel.dylib          0x184a4d0f4 __psynch_cvwait + 8
libsystem_pthread.dylib         0x184befc90 <redacted> + 644
LiveStreaming                   0x10353035c uv_cond_wait + 12
LiveStreaming                   0x10352bf00 worker + 196
LiveStreaming                   0x1035301d4 uv__thread_start + 28
libsystem_pthread.dylib         0x184bed220 <redacted> + 272
libsystem_pthread.dylib         0x184bed110 _pthread_start + 292

Backtrace of Thread 144387:
libsystem_kernel.dylib          0x184a4d0f4 __psynch_cvwait + 8
libsystem_pthread.dylib         0x184befc90 <redacted> + 644
LiveStreaming                   0x10353035c uv_cond_wait + 12
LiveStreaming                   0x10352bf00 worker + 196
LiveStreaming                   0x1035301d4 uv__thread_start + 28
libsystem_pthread.dylib         0x184bed220 <redacted> + 272
libsystem_pthread.dylib         0x184bed110 _pthread_start + 292

Backtrace of Thread 142363:
libsystem_kernel.dylib          0x184a4dd84 __workq_kernreturn + 8
libsystem_pthread.dylib         0x184bec0a0 _pthread_wqthread + 1420

Fail to get information about thread: 120071Fail to get information about thread: 119843Fail to get information about thread: 118055Fail to get information about thread: 86079Fail to get information about thread: 113243Fail to get information about thread: 56187Fail to get information about thread: 170303Fail to get information about thread: 138263Fail to get information about thread: 120855Fail to get information about thread: 139339Backtrace of Thread 109947:
libsystem_kernel.dylib          0x184a4dd84 __workq_kernreturn + 8
libsystem_pthread.dylib         0x184bebeb4 _pthread_wqthread + 928

