Call Backtrace of 31 threads:
Backtrace of Thread 771:
libsystem_platform.dylib        0x184be2dd8 _platform_memset + 216
libsystem_malloc.dylib          0x184a95c4c <redacted> + 536
0x0000000000000000              0x1c0c4ef70 0x0 + 7529099120

Backtrace of Thread 3843:
libsystem_kernel.dylib          0x184a2be08 mach_msg_trap + 8
libsystem_kernel.dylib          0x184a2bc80 mach_msg + 72
libsystem_kernel.dylib          0x184a2df34 thread_get_state + 136
LiveStreaming                   0x102c0a6dc bs_mach_copyMem + 60
LiveStreaming                   0x102c09e1c _bs_backtraceOfThread + 636
LiveStreaming                   0x102c0a574 +[BSBacktraceLogger bs_backtraceOfAllThread] + 220
LiveStreaming                   0x102679dac __40+[IESDebugToolService startStuckMonitor]_block_invoke + 204
LiveStreaming                   0x10267722c __36-[IESDebugStuckMonitor startMonitor]_block_invoke_2 + 112
CoreFoundation                  0x184f5ff38 <redacted> + 76
LiveStreaming                   0x102677124 __36-[IESDebugStuckMonitor startMonitor]_block_invoke + 436
Foundation                      0x1859eee88 <redacted> + 16
Foundation                      0x1859308d0 <redacted> + 72
Foundation                      0x18592fcac <redacted> + 848
Foundation                      0x1859f076c <redacted> + 404
libdispatch.dylib               0x10c3c1220 _dispatch_client_callout + 16
libdispatch.dylib               0x10c3ce4d8 _dispatch_continuation_pop + 588
libdispatch.dylib               0x10c3ccdc8 _dispatch_async_redirect_invoke + 628
libdispatch.dylib               0x10c3d284c _dispatch_root_queue_drain + 604
libdispatch.dylib               0x10c3d2584 _dispatch_worker_thread3 + 136
libsystem_pthread.dylib         0x184bebfac _pthread_wqthread + 1176

Backtrace of Thread 6147:
libsystem_kernel.dylib          0x184a4dd84 __workq_kernreturn + 8
libsystem_pthread.dylib         0x184bebeb4 _pthread_wqthread + 928

Backtrace of Thread 9739:
libsystem_kernel.dylib          0x184a4d610 __semwait_signal + 8
libsystem_c.dylib               0x18496612c nanosleep + 212
libsystem_c.dylib               0x18496604c usleep + 64
GPUToolsCore                    0x10c4462bc _ZL21smt_poll_thread_entryPv + 136
libsystem_pthread.dylib         0x184bed220 <redacted> + 272
libsystem_pthread.dylib         0x184bed110 _pthread_start + 292

Backtrace of Thread 7431:
libsystem_kernel.dylib          0x184a4d610 __semwait_signal + 8
libsystem_c.dylib               0x18496612c nanosleep + 212
libsystem_c.dylib               0x18496604c usleep + 64
GPUToolsCore                    0x10c4462bc _ZL21smt_poll_thread_entryPv + 136
libsystem_pthread.dylib         0x184bed220 <redacted> + 272
libsystem_pthread.dylib         0x184bed110 _pthread_start + 292

Backtrace of Thread 7179:
libsystem_kernel.dylib          0x184a2be44 semaphore_wait_trap + 8
libdispatch.dylib               0x10c3c9240 _dispatch_sema4_wait + 24
libdispatch.dylib               0x10c3c9f38 _dispatch_group_wait_slow + 192
LiveStreaming                   0x101836158 -[DDLog lt_log:] + 996
LiveStreaming                   0x101832f20 __40-[DDLog queueLogMessage:asynchronously:]_block_invoke + 100
libdispatch.dylib               0x10c3c1260 _dispatch_call_block_and_release + 24
libdispatch.dylib               0x10c3c1220 _dispatch_client_callout + 16
libdispatch.dylib               0x10c3cfe80 _dispatch_queue_serial_drain + 768
libdispatch.dylib               0x10c3c4730 _dispatch_queue_invoke + 328
libdispatch.dylib               0x10c3d0dd8 _dispatch_root_queue_drain_deferred_wlh + 352
libdispatch.dylib               0x10c3d7ebc _dispatch_workloop_worker_thread + 676
libsystem_pthread.dylib         0x184bebe70 _pthread_wqthread + 860

Backtrace of Thread 11271:
libsystem_kernel.dylib          0x184a4d0f4 __psynch_cvwait + 8
libsystem_pthread.dylib         0x184befc90 <redacted> + 644
libc++.1.dylib                  0x1841042ec _ZNSt3__118condition_variable15__do_timed_waitERNS_11unique_lockINS_5mutexEEENS_6chrono10time_pointINS5_12system_clockENS5_8durationIxNS_5ratioILl1ELl1000000000EEEEEEE + 96
JavaScriptCore                  0x18c5e3430 <redacted> + 124
JavaScriptCore                  0x18c5e32e0 <redacted> + 112
JavaScriptCore                  0x18c5e2e24 <redacted> + 272
JavaScriptCore                  0x18c5e2b60 <redacted> + 12
JavaScriptCore                  0x18c5e2f7c <redacted> + 44
libsystem_pthread.dylib         0x184bed220 <redacted> + 272
libsystem_pthread.dylib         0x184bed110 _pthread_start + 292

Backtrace of Thread 21511:
libsystem_kernel.dylib          0x184a2be08 mach_msg_trap + 8
libsystem_kernel.dylib          0x184a2bc80 mach_msg + 72
CoreFoundation                  0x184f6ee40 <redacted> + 196
CoreFoundation                  0x184f6c908 <redacted> + 1568
CoreFoundation                  0x184e8cda8 CFRunLoopRunSpecific + 552
WebCore                         0x18d119dcc <redacted> + 592
libsystem_pthread.dylib         0x184bed220 <redacted> + 272
libsystem_pthread.dylib         0x184bed110 _pthread_start + 292

Backtrace of Thread 19971:
libsystem_kernel.dylib          0x184a2be08 mach_msg_trap + 8
libsystem_kernel.dylib          0x184a2bc80 mach_msg + 72
CoreFoundation                  0x184f6ee40 <redacted> + 196
CoreFoundation                  0x184f6c908 <redacted> + 1568
CoreFoundation                  0x184e8cda8 CFRunLoopRunSpecific + 552
Foundation                      0x185901674 <redacted> + 304
Foundation                      0x18590151c <redacted> + 148
UIKit                           0x18eb527e4 <redacted> + 136
Foundation                      0x185a11efc <redacted> + 1040
libsystem_pthread.dylib         0x184bed220 <redacted> + 272
libsystem_pthread.dylib         0x184bed110 _pthread_start + 292

Backtrace of Thread 15883:
libsystem_kernel.dylib          0x184a2e104 fsync + 8
Foundation                      0x1859583c4 <redacted> + 636
Foundation                      0x185a0ed38 <redacted> + 224
LiveStreaming                   0x10266bc18 __41+[IESDebugFileLogger logText:title:type:]_block_invoke + 308
libdispatch.dylib               0x10c3c1260 _dispatch_call_block_and_release + 24
libdispatch.dylib               0x10c3c1220 _dispatch_client_callout + 16
libdispatch.dylib               0x10c3cfe80 _dispatch_queue_serial_drain + 768
libdispatch.dylib               0x10c3c4730 _dispatch_queue_invoke + 328
libdispatch.dylib               0x10c3d0dd8 _dispatch_root_queue_drain_deferred_wlh + 352
libdispatch.dylib               0x10c3d7ebc _dispatch_workloop_worker_thread + 676
libsystem_pthread.dylib         0x184bebe70 _pthread_wqthread + 860

Backtrace of Thread 22019:
libsystem_kernel.dylib          0x184a4c31c connect + 8
LiveStreaming                   0x103605a88 __57-[WXOMTAGCDAsyncSocket connectSocket:address:stateIndex:]_block_invoke + 88
libdispatch.dylib               0x10c3c1260 _dispatch_call_block_and_release + 24
libdispatch.dylib               0x10c3c1220 _dispatch_client_callout + 16
libdispatch.dylib               0x10c3cd284 _dispatch_queue_override_invoke + 968
libdispatch.dylib               0x10c3d284c _dispatch_root_queue_drain + 604
libdispatch.dylib               0x10c3d2584 _dispatch_worker_thread3 + 136
libsystem_pthread.dylib         0x184bebfac _pthread_wqthread + 1176

Backtrace of Thread 25859:
libsystem_kernel.dylib          0x184a4dd84 __workq_kernreturn + 8
libsystem_pthread.dylib         0x184bec0a0 _pthread_wqthread + 1420

Backtrace of Thread 25607:
libsystem_kernel.dylib          0x184a4dd84 __workq_kernreturn + 8
libsystem_pthread.dylib         0x184bec0a0 _pthread_wqthread + 1420

Backtrace of Thread 27143:
libsystem_kernel.dylib          0x184a2be08 mach_msg_trap + 8
libsystem_kernel.dylib          0x184a2bc80 mach_msg + 72
CoreFoundation                  0x184f6ee40 <redacted> + 196
CoreFoundation                  0x184f6c908 <redacted> + 1568
CoreFoundation                  0x184e8cda8 CFRunLoopRunSpecific + 552
Foundation                      0x185901674 <redacted> + 304
Foundation                      0x1859761a8 <redacted> + 88
LiveStreaming                   0x1016cc180 +[AFURLConnectionOperation networkRequestThreadEntryPoint:] + 308
Foundation                      0x185a11efc <redacted> + 1040
libsystem_pthread.dylib         0x184bed220 <redacted> + 272
libsystem_pthread.dylib         0x184bed110 _pthread_start + 292

Backtrace of Thread 30991:
libsystem_kernel.dylib          0x184a2be08 mach_msg_trap + 8
libsystem_kernel.dylib          0x184a2bc80 mach_msg + 72
CoreFoundation                  0x184f6ee40 <redacted> + 196
CoreFoundation                  0x184f6c908 <redacted> + 1568
CoreFoundation                  0x184e8cda8 CFRunLoopRunSpecific + 552
CFNetwork                       0x18579a4b0 <redacted> + 220
Foundation                      0x185a11efc <redacted> + 1040
libsystem_pthread.dylib         0x184bed220 <redacted> + 272
libsystem_pthread.dylib         0x184bed110 _pthread_start + 292

Backtrace of Thread 45059:
libsystem_kernel.dylib          0x184a4c43c __fcntl + 8
libsystem_kernel.dylib          0x184a2e28c fcntl + 84
libsqlite3.dylib                0x185425600 sqlite3_free_table + 58932
libsqlite3.dylib                0x18543cc94 sqlite3_wal_checkpoint + 3932
libsqlite3.dylib                0x1854545a4 sqlite3_wal_checkpoint_v2 + 1032
libsqlite3.dylib                0x18545440c sqlite3_wal_checkpoint_v2 + 624
libsqlite3.dylib                0x18542588c sqlite3_free_table + 59584
libsqlite3.dylib                0x1853fd654 sqlite3_step + 3928
LiveStreaming                   0x10193b688 -[FMDatabase executeUpdate:error:withArgumentsInArray:orDictionary:orVAList:] + 3400
LiveStreaming                   0x10193bea8 -[FMDatabase executeUpdate:values:error:] + 132
LiveStreaming                   0x102fc8cd0 __55-[TTTrackerStorageManager insertV3Track:trackID:error:]_block_invoke + 296
LiveStreaming                   0x101941c08 __30-[FMDatabaseQueue inDatabase:]_block_invoke + 124
libdispatch.dylib               0x10c3c1220 _dispatch_client_callout + 16
libdispatch.dylib               0x10c3cea40 _dispatch_queue_barrier_sync_invoke_and_complete + 120
LiveStreaming                   0x101941b30 -[FMDatabaseQueue inDatabase:] + 312
LiveStreaming                   0x102fc8944 -[TTTrackerStorageManager insertV3Track:trackID:error:] + 1252
LiveStreaming                   0x102fc72b0 -[TTTrackerStorageManager insertV3Track:error:] + 292
LiveStreaming                   0x102fbd244 -[TTTrackerProxy saveData:isV3Format:error:] + 260
LiveStreaming                   0x102fbc2e8 -[TTTrackerProxy _startHandleTrack:policy:isV3Format:finishBlock:] + 2264
LiveStreaming                   0x102fbb904 __65-[TTTrackerProxy startHandleTrack:policy:isV3Format:finishBlock:]_block_invoke + 68
libdispatch.dylib               0x10c3c1260 _dispatch_call_block_and_release + 24
libdispatch.dylib               0x10c3c1220 _dispatch_client_callout + 16
libdispatch.dylib               0x10c3cfe80 _dispatch_queue_serial_drain + 768
libdispatch.dylib               0x10c3c4730 _dispatch_queue_invoke + 328
libdispatch.dylib               0x10c3d0dd8 _dispatch_root_queue_drain_deferred_wlh + 352
libdispatch.dylib               0x10c3d7ebc _dispatch_workloop_worker_thread + 676
libsystem_pthread.dylib         0x184bebe70 _pthread_wqthread + 860

Backtrace of Thread 85251:
libsystem_kernel.dylib          0x184a4dd84 __workq_kernreturn + 8
libsystem_pthread.dylib         0x184bebeb4 _pthread_wqthread + 928

Backtrace of Thread 47875:
libsystem_kernel.dylib          0x184a4dd84 __workq_kernreturn + 8
libsystem_pthread.dylib         0x184bebeb4 _pthread_wqthread + 928

Backtrace of Thread 74007:
libsystem_kernel.dylib          0x184a2be08 mach_msg_trap + 8
libsystem_kernel.dylib          0x184a2bc80 mach_msg + 72
CoreFoundation                  0x184f6ee40 <redacted> + 196
CoreFoundation                  0x184f6c908 <redacted> + 1568
CoreFoundation                  0x184e8cda8 CFRunLoopRunSpecific + 552
AVFAudio                        0x18a972424 <redacted> + 164
AVFAudio                        0x18a99c834 <redacted> + 88
libsystem_pthread.dylib         0x184bed220 <redacted> + 272
libsystem_pthread.dylib         0x184bed110 _pthread_start + 292

Backtrace of Thread 56843:
libsystem_kernel.dylib          0x184a2be5c semaphore_timedwait_trap + 8
libdispatch.dylib               0x10c3c9324 _dispatch_sema4_timedwait + 60
libdispatch.dylib               0x10c3c9a9c _dispatch_semaphore_wait_slow + 72
libdispatch.dylib               0x10c3d3f64 _dispatch_worker_thread + 260
libsystem_pthread.dylib         0x184bed220 <redacted> + 272
libsystem_pthread.dylib         0x184bed110 _pthread_start + 292

Backtrace of Thread 58639:
libsystem_kernel.dylib          0x184a4dd84 __workq_kernreturn + 8
libsystem_pthread.dylib         0x184bebeb4 _pthread_wqthread + 928

Backtrace of Thread 58899:
libsystem_kernel.dylib          0x184a4dd84 __workq_kernreturn + 8
libsystem_pthread.dylib         0x184bebeb4 _pthread_wqthread + 928

Backtrace of Thread 69403:
libsystem_kernel.dylib          0x184a4dd84 __workq_kernreturn + 8
libsystem_pthread.dylib         0x184bebeb4 _pthread_wqthread + 928

Backtrace of Thread 60427:
libsystem_kernel.dylib          0x184a2be5c semaphore_timedwait_trap + 8
libdispatch.dylib               0x10c3c9324 _dispatch_sema4_timedwait + 60
libdispatch.dylib               0x10c3c9a9c _dispatch_semaphore_wait_slow + 72
libdispatch.dylib               0x10c3d3f64 _dispatch_worker_thread + 260
libsystem_pthread.dylib         0x184bed220 <redacted> + 272
libsystem_pthread.dylib         0x184bed110 _pthread_start + 292

Backtrace of Thread 67111:
libsystem_kernel.dylib          0x184a4dd84 __workq_kernreturn + 8
libsystem_pthread.dylib         0x184bebeb4 _pthread_wqthread + 928

Backtrace of Thread 60947:
libsystem_kernel.dylib          0x184a4dd84 __workq_kernreturn + 8
libsystem_pthread.dylib         0x184bebeb4 _pthread_wqthread + 928

Backtrace of Thread 66827:
libsystem_kernel.dylib          0x184a4dd84 __workq_kernreturn + 8
libsystem_pthread.dylib         0x184bebeb4 _pthread_wqthread + 928

Backtrace of Thread 64275:
libsystem_kernel.dylib          0x184a2be08 mach_msg_trap + 8
libsystem_kernel.dylib          0x184a2bc80 mach_msg + 72
CoreFoundation                  0x184f6ee40 <redacted> + 196
CoreFoundation                  0x184f6c908 <redacted> + 1568
CoreFoundation                  0x184e8cda8 CFRunLoopRunSpecific + 552
CoreFoundation                  0x184edcb28 CFRunLoopRun + 116
CoreMotion                      0x18a46d9dc CLStartStopAdvertisingBeacon + 231572
libsystem_pthread.dylib         0x184bed220 <redacted> + 272
libsystem_pthread.dylib         0x184bed110 _pthread_start + 292

Backtrace of Thread 93447:
libsystem_kernel.dylib          0x184a2be08 mach_msg_trap + 8
libsystem_kernel.dylib          0x184a2bc80 mach_msg + 72
CoreFoundation                  0x184f6ee40 <redacted> + 196
CoreFoundation                  0x184f6c908 <redacted> + 1568
CoreFoundation                  0x184e8cda8 CFRunLoopRunSpecific + 552
Foundation                      0x185901674 <redacted> + 304
LiveStreaming                   0x102b24e00 -[_SRRunLoopThread main] + 360
Foundation                      0x185a11efc <redacted> + 1040
libsystem_pthread.dylib         0x184bed220 <redacted> + 272
libsystem_pthread.dylib         0x184bed110 _pthread_start + 292

Backtrace of Thread 167435:
libsystem_kernel.dylib          0x184a2be08 mach_msg_trap + 8
libsystem_kernel.dylib          0x184a2bc80 mach_msg + 72
CoreFoundation                  0x184f6ee40 <redacted> + 196
CoreFoundation                  0x184f6c908 <redacted> + 1568
CoreFoundation                  0x184e8cda8 CFRunLoopRunSpecific + 552
GeoServices                     0x18b2356cc <redacted> + 468
libsystem_pthread.dylib         0x184bed220 <redacted> + 272
libsystem_pthread.dylib         0x184bed110 _pthread_start + 292

Backtrace of Thread 91671:
libsystem_kernel.dylib          0x184a4d538 select$DARWIN_EXTSN + 8
CoreFoundation                  0x184f77378 <redacted> + 644
libsystem_pthread.dylib         0x184bed220 <redacted> + 272
libsystem_pthread.dylib         0x184bed110 _pthread_start + 292

