Call Backtrace of 34 threads:
Backtrace of Thread 771:
libsystem_kernel.dylib          0x184a4d3ac read$NOCANCEL + 8
libsystem_c.dylib               0x1849aa088 __sread + 20
libsystem_c.dylib               0x1849645ec _sread + 28
libsystem_c.dylib               0x1849a9c24 <redacted> + 32
libsystem_c.dylib               0x18496c83c _fseeko + 680
libsystem_c.dylib               0x18496c568 fseek + 84
LiveStreaming                   0x1069e0968 _ZN7cocos2d9FileUtils11getFileDataERKNSt3__112basic_stringIcNS1_11char_traitsIcEENS1_9allocatorIcEEEEPKcPl + 144
LiveStreaming                   0x106cfb20c cocos2dx_lua_loader + 2768
LiveStreaming                   0x106ce8f8c luaD_precall + 724
LiveStreaming                   0x106ce935c luaD_call + 104
LiveStreaming                   0x106d09d60 lua_call + 36
LiveStreaming                   0x106d24884 ll_require + 388
LiveStreaming                   0x106ce8f8c luaD_precall + 724
LiveStreaming                   0x106d06868 luaV_execute + 3808
LiveStreaming                   0x106ce936c luaD_call + 120
LiveStreaming                   0x106d09d60 lua_call + 36
LiveStreaming                   0x106d248d8 ll_require + 472
LiveStreaming                   0x106ce8f8c luaD_precall + 724
LiveStreaming                   0x106d06868 luaV_execute + 3808
LiveStreaming                   0x106ce936c luaD_call + 120
LiveStreaming                   0x106ce89d8 luaD_rawrunprotected + 76
LiveStreaming                   0x106ce9640 luaD_pcall + 60
LiveStreaming                   0x106d09dfc lua_pcall + 112
LiveStreaming                   0x106cf81ac _ZN7cocos2d8LuaStack15executeFunctionEi + 196
LiveStreaming                   0x106cf7944 _ZN7cocos2d8LuaStack17executeScriptFileEPKc + 1172
LiveStreaming                   0x106ce69a0 _ZN7cocos2d9LuaEngine17executeScriptFileEPKc + 32
LiveStreaming                   0x1068c5858 _ZN11AppDelegate29applicationDidFinishLaunchingEv + 276
LiveStreaming                   0x1068f52b8 _ZN7cocos2d11Application3runEv + 20
LiveStreaming                   0x1068c2954 -[HTSCocosManager startCocosEngineIfNeeded] + 72
LiveStreaming                   0x1068c2bd4 -[HTSCocosManager resumeCocosAnimation] + 344
LiveStreaming                   0x1068c3570 -[HTSCocosView startAnimation] + 156
LiveStreaming                   0x1054caa28 -[HTSLiveCocosViewController loadCocosIfNeeded] + 1504
LiveStreaming                   0x1054ccca8 -[HTSLiveCocosViewController startEngine] + 72
LiveStreaming                   0x1053edea0 __46-[HTSInteractivePKController linkmicDidStart:]_block_invoke + 104
libdispatch.dylib               0x1848b8ae4 <redacted> + 16
libdispatch.dylib               0x1848c0f18 <redacted> + 424
libdispatch.dylib               0x1848ca808 <redacted> + 1364
libdispatch.dylib               0x1848c55b8 <redacted> + 716
CoreFoundation                  0x184f6f070 <redacted> + 12
CoreFoundation                  0x184f6cbc8 <redacted> + 2272
CoreFoundation                  0x184e8cda8 CFRunLoopRunSpecific + 552
GraphicsServices                0x186e6f020 GSEventRunModal + 100
UIKit                           0x18ee6d78c UIApplicationMain + 236
LiveStreaming                   0x104e01010 main + 124
libdyld.dylib                   0x18491dfc0 <redacted> + 4

Backtrace of Thread 7439:
libsystem_kernel.dylib          0x184a4dd84 __workq_kernreturn + 8
libsystem_pthread.dylib         0x184bebeb4 _pthread_wqthread + 928

Backtrace of Thread 7687:
libsystem_kernel.dylib          0x184a4d0f4 __psynch_cvwait + 8
libsystem_pthread.dylib         0x184befc90 <redacted> + 644
libc++.1.dylib                  0x18410425c _ZNSt3__118condition_variable4waitERNS_11unique_lockINS_5mutexEEE + 24
JavaScriptCore                  0x18c5e31a4 <redacted> + 104
JavaScriptCore                  0x18c5e2db8 <redacted> + 164
JavaScriptCore                  0x18c5e2b60 <redacted> + 12
JavaScriptCore                  0x18c5e2f7c <redacted> + 44
libsystem_pthread.dylib         0x184bed220 <redacted> + 272
libsystem_pthread.dylib         0x184bed110 _pthread_start + 292

Backtrace of Thread 8963:
libsystem_kernel.dylib          0x184a2be08 mach_msg_trap + 8
libsystem_kernel.dylib          0x184a2bc80 mach_msg + 72
CoreFoundation                  0x184f6ee40 <redacted> + 196
CoreFoundation                  0x184f6c908 <redacted> + 1568
CoreFoundation                  0x184e8cda8 CFRunLoopRunSpecific + 552
WebCore                         0x18d119dcc <redacted> + 592
libsystem_pthread.dylib         0x184bed220 <redacted> + 272
libsystem_pthread.dylib         0x184bed110 _pthread_start + 292

Backtrace of Thread 12291:
libsystem_kernel.dylib          0x184a2be08 mach_msg_trap + 8
libsystem_kernel.dylib          0x184a2bc80 mach_msg + 72
CoreFoundation                  0x184f6ee40 <redacted> + 196
CoreFoundation                  0x184f6c908 <redacted> + 1568
CoreFoundation                  0x184e8cda8 CFRunLoopRunSpecific + 552
Foundation                      0x185901674 <redacted> + 304
Foundation                      0x18590151c <redacted> + 148
UIKit                           0x18eb527e4 <redacted> + 136
Foundation                      0x185a11efc <redacted> + 1040
libsystem_pthread.dylib         0x184bed220 <redacted> + 272
libsystem_pthread.dylib         0x184bed110 _pthread_start + 292

Backtrace of Thread 25347:
libsystem_kernel.dylib          0x184a4dd84 __workq_kernreturn + 8
libsystem_pthread.dylib         0x184bebeb4 _pthread_wqthread + 928

Backtrace of Thread 38403:
libsystem_kernel.dylib          0x184a2be08 mach_msg_trap + 8
libsystem_kernel.dylib          0x184a2bc80 mach_msg + 72
libsystem_kernel.dylib          0x184a2df34 thread_get_state + 136
LiveStreaming                   0x1064226dc bs_mach_copyMem + 60
LiveStreaming                   0x106421e1c _bs_backtraceOfThread + 636
LiveStreaming                   0x106422574 +[BSBacktraceLogger bs_backtraceOfAllThread] + 220
LiveStreaming                   0x105e91dac __40+[IESDebugToolService startStuckMonitor]_block_invoke + 204
LiveStreaming                   0x105e8f22c __36-[IESDebugStuckMonitor startMonitor]_block_invoke_2 + 112
CoreFoundation                  0x184f5ff38 <redacted> + 76
LiveStreaming                   0x105e8f124 __36-[IESDebugStuckMonitor startMonitor]_block_invoke + 436
Foundation                      0x1859eee88 <redacted> + 16
Foundation                      0x1859308d0 <redacted> + 72
Foundation                      0x18592fcac <redacted> + 848
Foundation                      0x1859f076c <redacted> + 404
libdispatch.dylib               0x1848b8ae4 <redacted> + 16
libdispatch.dylib               0x1848c0f18 <redacted> + 424
libdispatch.dylib               0x1848bf850 <redacted> + 604
libdispatch.dylib               0x1848c5d30 <redacted> + 588
libdispatch.dylib               0x1848c5a80 <redacted> + 120
libsystem_pthread.dylib         0x184bebfac _pthread_wqthread + 1176

Backtrace of Thread 28163:
libsystem_kernel.dylib          0x184a4dd84 __workq_kernreturn + 8
libsystem_pthread.dylib         0x184bebeb4 _pthread_wqthread + 928

Backtrace of Thread 35587:
libsystem_kernel.dylib          0x184a2be08 mach_msg_trap + 8
libsystem_kernel.dylib          0x184a2bc80 mach_msg + 72
CoreFoundation                  0x184f6ee40 <redacted> + 196
CoreFoundation                  0x184f6c908 <redacted> + 1568
CoreFoundation                  0x184e8cda8 CFRunLoopRunSpecific + 552
Foundation                      0x185901674 <redacted> + 304
Foundation                      0x1859761a8 <redacted> + 88
LiveStreaming                   0x104ee4180 +[AFURLConnectionOperation networkRequestThreadEntryPoint:] + 308
Foundation                      0x185a11efc <redacted> + 1040
libsystem_pthread.dylib         0x184bed220 <redacted> + 272
libsystem_pthread.dylib         0x184bed110 _pthread_start + 292

Backtrace of Thread 45579:
libsystem_kernel.dylib          0x184a2be08 mach_msg_trap + 8
libsystem_kernel.dylib          0x184a2bc80 mach_msg + 72
CoreFoundation                  0x184f6ee40 <redacted> + 196
CoreFoundation                  0x184f6c908 <redacted> + 1568
CoreFoundation                  0x184e8cda8 CFRunLoopRunSpecific + 552
CFNetwork                       0x18579a4b0 <redacted> + 220
Foundation                      0x185a11efc <redacted> + 1040
libsystem_pthread.dylib         0x184bed220 <redacted> + 272
libsystem_pthread.dylib         0x184bed110 _pthread_start + 292

Backtrace of Thread 75539:
libsystem_kernel.dylib          0x184a4d0f4 __psynch_cvwait + 8
libsystem_pthread.dylib         0x184befc90 <redacted> + 644
Foundation                      0x185935be8 <redacted> + 780
Foundation                      0x18592a170 <redacted> + 236
CoreFoundation                  0x184f58c3c <redacted> + 20
CoreFoundation                  0x184f581b8 <redacted> + 428
CoreFoundation                  0x184f57f14 <redacted> + 216
CoreFoundation                  0x184fd584c <redacted> + 1408
CoreFoundation                  0x184e8ef38 _CFXNotificationPost + 384
Foundation                      0x1858ffbbc <redacted> + 68
AVFAudio                        0x18a97494c <redacted> + 1096
AVFAudio                        0x18a973f08 <redacted> + 1764
AudioToolbox                    0x188c37cc0 <redacted> + 744
AudioToolbox                    0x188d2aa3c <redacted> + 224
AudioToolbox                    0x188d69754 <redacted> + 644
AudioToolbox                    0x188d6dcb4 <redacted> + 292
AudioToolbox                    0x188d6d110 <redacted> + 1496
AudioToolbox                    0x188d6c84c <redacted> + 584
AudioToolbox                    0x188c282a8 <redacted> + 52
AudioToolbox                    0x188f0f210 <redacted> + 232
CoreFoundation                  0x184f6fae8 <redacted> + 56
CoreFoundation                  0x184f6f230 <redacted> + 440
CoreFoundation                  0x184f6cc80 <redacted> + 2456
CoreFoundation                  0x184e8cda8 CFRunLoopRunSpecific + 552
AVFAudio                        0x18a972424 <redacted> + 164
AVFAudio                        0x18a99c834 <redacted> + 88
libsystem_pthread.dylib         0x184bed220 <redacted> + 272
libsystem_pthread.dylib         0x184bed110 _pthread_start + 292

Backtrace of Thread 73739:
libsystem_kernel.dylib          0x184a4d118 __psynch_mutexdrop + 8
libsystem_pthread.dylib         0x184bf0a34 <redacted> + 48
Foundation                      0x1859305bc <redacted> + 1580
Foundation                      0x18592ff58 <redacted> + 1532
Foundation                      0x1859f076c <redacted> + 404
libdispatch.dylib               0x1848b8ae4 <redacted> + 16
libdispatch.dylib               0x1848c0f18 <redacted> + 424
libdispatch.dylib               0x1848bf904 <redacted> + 784
libdispatch.dylib               0x1848c5d30 <redacted> + 588
libdispatch.dylib               0x1848c5a80 <redacted> + 120
libsystem_pthread.dylib         0x184bebfac _pthread_wqthread + 1176

Backtrace of Thread 59935:
libsystem_kernel.dylib          0x184a2be08 mach_msg_trap + 8
libsystem_kernel.dylib          0x184a2bc80 mach_msg + 72
CoreFoundation                  0x184f6ee40 <redacted> + 196
CoreFoundation                  0x184f6c908 <redacted> + 1568
CoreFoundation                  0x184e8cda8 CFRunLoopRunSpecific + 552
GeoServices                     0x18b2356cc <redacted> + 468
libsystem_pthread.dylib         0x184bed220 <redacted> + 272
libsystem_pthread.dylib         0x184bed110 _pthread_start + 292

Backtrace of Thread 59411:
libsystem_kernel.dylib          0x184a2be08 mach_msg_trap + 8
libsystem_kernel.dylib          0x184a2bc80 mach_msg + 72
CoreFoundation                  0x184f6ee40 <redacted> + 196
CoreFoundation                  0x184f6c908 <redacted> + 1568
CoreFoundation                  0x184e8cda8 CFRunLoopRunSpecific + 552
CoreFoundation                  0x184edcb28 CFRunLoopRun + 116
CoreMotion                      0x18a46d9dc CLStartStopAdvertisingBeacon + 231572
libsystem_pthread.dylib         0x184bed220 <redacted> + 272
libsystem_pthread.dylib         0x184bed110 _pthread_start + 292

Backtrace of Thread 80399:
libsystem_kernel.dylib          0x184a2be08 mach_msg_trap + 8
libsystem_kernel.dylib          0x184a2bc80 mach_msg + 72
CoreFoundation                  0x184f6ee40 <redacted> + 196
CoreFoundation                  0x184f6c908 <redacted> + 1568
CoreFoundation                  0x184e8cda8 CFRunLoopRunSpecific + 552
Foundation                      0x185901674 <redacted> + 304
LiveStreaming                   0x10633ce00 -[_SRRunLoopThread main] + 360
Foundation                      0x185a11efc <redacted> + 1040
libsystem_pthread.dylib         0x184bed220 <redacted> + 272
libsystem_pthread.dylib         0x184bed110 _pthread_start + 292

Backtrace of Thread 64531:
libsystem_kernel.dylib          0x184a4d538 select$DARWIN_EXTSN + 8
CoreFoundation                  0x184f77378 <redacted> + 644
libsystem_pthread.dylib         0x184bed220 <redacted> + 272
libsystem_pthread.dylib         0x184bed110 _pthread_start + 292

Backtrace of Thread 93191:
libsystem_kernel.dylib          0x184a4d0f4 __psynch_cvwait + 8
libsystem_pthread.dylib         0x184befc90 <redacted> + 644
libc++.1.dylib                  0x18410425c _ZNSt3__118condition_variable4waitERNS_11unique_lockINS_5mutexEEE + 24
LiveStreaming                   0x10729005c _ZN3BRC9SyncQueueINSt3__110shared_ptrINS_4TaskEEEE4TakeERS4_ + 80
LiveStreaming                   0x10728fabc _ZN3BRC18SingleThreadWorker4workEv + 176
LiveStreaming                   0x1072902a0 _ZNSt3__114__thread_proxyINS_5tupleIJNS_10unique_ptrINS_15__thread_structENS_14default_deleteIS3_EEEEMN3BRC18SingleThreadWorkerEFvvEPS8_EEEEEPvSD_ + 64
libsystem_pthread.dylib         0x184bed220 <redacted> + 272
libsystem_pthread.dylib         0x184bed110 _pthread_start + 292

Backtrace of Thread 166667:
libsystem_kernel.dylib          0x184a4d0f4 __psynch_cvwait + 8
libsystem_pthread.dylib         0x184befc90 <redacted> + 644
libc++.1.dylib                  0x18410425c _ZNSt3__118condition_variable4waitERNS_11unique_lockINS_5mutexEEE + 24
LiveStreaming                   0x10729005c _ZN3BRC9SyncQueueINSt3__110shared_ptrINS_4TaskEEEE4TakeERS4_ + 80
LiveStreaming                   0x10728fabc _ZN3BRC18SingleThreadWorker4workEv + 176
LiveStreaming                   0x1072902a0 _ZNSt3__114__thread_proxyINS_5tupleIJNS_10unique_ptrINS_15__thread_structENS_14default_deleteIS3_EEEEMN3BRC18SingleThreadWorkerEFvvEPS8_EEEEEPvSD_ + 64
libsystem_pthread.dylib         0x184bed220 <redacted> + 272
libsystem_pthread.dylib         0x184bed110 _pthread_start + 292

Backtrace of Thread 150791:
libsystem_kernel.dylib          0x184a2be08 mach_msg_trap + 8
libsystem_kernel.dylib          0x184a2bc80 mach_msg + 72
LiveStreaming                   0x107f6ce7c CLSMachExceptionServer + 100
libsystem_pthread.dylib         0x184bed220 <redacted> + 272
libsystem_pthread.dylib         0x184bed110 _pthread_start + 292

Backtrace of Thread 104619:
libsystem_kernel.dylib          0x184a4dd84 __workq_kernreturn + 8
libsystem_pthread.dylib         0x184bebeb4 _pthread_wqthread + 928

Backtrace of Thread 107127:
libsystem_kernel.dylib          0x184a4d0f4 __psynch_cvwait + 8
libsystem_pthread.dylib         0x184befc90 <redacted> + 644
LiveStreaming                   0x107aa173c _ZN8AgoraRTC10EventPosix4WaitEm + 244
LiveStreaming                   0x107aaefbc _ZN8AgoraRTC9TraceImpl3RunEPv + 40
LiveStreaming                   0x107aaeb68 _ZN8AgoraRTC11ThreadPosix3RunEv + 160
LiveStreaming                   0x107aae9b4 _ZN8AgoraRTC11StartThreadEPv + 12
libsystem_pthread.dylib         0x184bed220 <redacted> + 272
libsystem_pthread.dylib         0x184bed110 _pthread_start + 292

Backtrace of Thread 102735:
libsystem_kernel.dylib          0x184a4d0f4 __psynch_cvwait + 8
libsystem_pthread.dylib         0x184befc90 <redacted> + 644
libc++.1.dylib                  0x18410425c _ZNSt3__118condition_variable4waitERNS_11unique_lockINS_5mutexEEE + 24
LiveStreaming                   0x107e62cd4 _ZN5agora7commons10async_task3runENSt3__110shared_ptrINS1_11thread_dataEEE + 164
LiveStreaming                   0x107e62f38 _ZNSt3__114__thread_proxyINS_5tupleIJNS_6__bindIPFvNS_10shared_ptrIN5agora7commons10async_task11thread_dataEEEEJRS8_EEEEEEEEPvSE_ + 124
libsystem_pthread.dylib         0x184bed220 <redacted> + 272
libsystem_pthread.dylib         0x184bed110 _pthread_start + 292

Backtrace of Thread 85303:
libsystem_kernel.dylib          0x184a303e4 poll + 8
LiveStreaming                   0x107e56e60 poll_dispatch + 188
LiveStreaming                   0x107e4c038 event_base_loop + 888
LiveStreaming                   0x107d90294 _ZN5agora3rtc9RtcEngine3runEv + 64
LiveStreaming                   0x107e6be6c _ZNSt3__114__thread_proxyINS_5tupleIJNS_6__bindIMN5agora3rtc9RtcEngineEFvvEJPS5_EEEEEEEEPvSB_ + 116
libsystem_pthread.dylib         0x184bed220 <redacted> + 272
libsystem_pthread.dylib         0x184bed110 _pthread_start + 292

Backtrace of Thread 106895:
libsystem_kernel.dylib          0x184a4dd84 __workq_kernreturn + 8
libsystem_pthread.dylib         0x184bebeb4 _pthread_wqthread + 928

Backtrace of Thread 78115:
libsystem_kernel.dylib          0x184a4dd84 __workq_kernreturn + 8
libsystem_pthread.dylib         0x184bebeb4 _pthread_wqthread + 928

Backtrace of Thread 157775:
libsystem_kernel.dylib          0x184a4dd84 __workq_kernreturn + 8
libsystem_pthread.dylib         0x184bebeb4 _pthread_wqthread + 928

Backtrace of Thread 36387:
libsystem_kernel.dylib          0x184a4dd84 __workq_kernreturn + 8
libsystem_pthread.dylib         0x184bec0a0 _pthread_wqthread + 1420

Backtrace of Thread 142631:
libsystem_kernel.dylib          0x184a4dd84 __workq_kernreturn + 8
libsystem_pthread.dylib         0x184bebeb4 _pthread_wqthread + 928

Backtrace of Thread 73491:
libsystem_kernel.dylib          0x184a2be5c semaphore_timedwait_trap + 8
libdispatch.dylib               0x1848bb0b0 <redacted> + 60
libdispatch.dylib               0x1848bb924 <redacted> + 72
libdispatch.dylib               0x1848c723c <redacted> + 256
libsystem_pthread.dylib         0x184bed220 <redacted> + 272
libsystem_pthread.dylib         0x184bed110 _pthread_start + 292

Backtrace of Thread 144955:
libsystem_kernel.dylib          0x184a2be5c semaphore_timedwait_trap + 8
libdispatch.dylib               0x1848bb0b0 <redacted> + 60
libdispatch.dylib               0x1848bb924 <redacted> + 72
libdispatch.dylib               0x1848c723c <redacted> + 256
libsystem_pthread.dylib         0x184bed220 <redacted> + 272
libsystem_pthread.dylib         0x184bed110 _pthread_start + 292

Backtrace of Thread 173075:
libsystem_kernel.dylib          0x184a4d0f4 __psynch_cvwait + 8
libsystem_pthread.dylib         0x184befc90 <redacted> + 644
LiveStreaming                   0x107aa173c _ZN8AgoraRTC10EventPosix4WaitEm + 244
LiveStreaming                   0x107984420 _ZN8AgoraRTC17ProcessThreadImpl7ProcessEv + 200
LiveStreaming                   0x107aaeb68 _ZN8AgoraRTC11ThreadPosix3RunEv + 160
LiveStreaming                   0x107aae9b4 _ZN8AgoraRTC11StartThreadEPv + 12
libsystem_pthread.dylib         0x184bed220 <redacted> + 272
libsystem_pthread.dylib         0x184bed110 _pthread_start + 292

Backtrace of Thread 140819:
libsystem_kernel.dylib          0x184a4d610 __semwait_signal + 8
libsystem_c.dylib               0x18496612c nanosleep + 212
LiveStreaming                   0x107aa4b88 _ZN8AgoraRTC7SleepMsEi + 88
LiveStreaming                   0x107a2dd50 _ZN8AgoraRTC21VideoCodingModuleImpl19DeliverFrameProcessEv + 304
LiveStreaming                   0x107aaeb68 _ZN8AgoraRTC11ThreadPosix3RunEv + 160
LiveStreaming                   0x107aae9b4 _ZN8AgoraRTC11StartThreadEPv + 12
libsystem_pthread.dylib         0x184bed220 <redacted> + 272
libsystem_pthread.dylib         0x184bed110 _pthread_start + 292

Backtrace of Thread 140059:
libsystem_kernel.dylib          0x184a4d0f4 __psynch_cvwait + 8
libsystem_pthread.dylib         0x184befc90 <redacted> + 644
LiveStreaming                   0x107aa173c _ZN8AgoraRTC10EventPosix4WaitEm + 244
LiveStreaming                   0x107931b54 _ZN8AgoraRTC11ViECapturer17ViECaptureProcessEv + 36
LiveStreaming                   0x10793045c _ZN8AgoraRTC11ViECapturer24ViECaptureThreadFunctionEPv + 12
LiveStreaming                   0x107aaeb68 _ZN8AgoraRTC11ThreadPosix3RunEv + 160
LiveStreaming                   0x107aae9b4 _ZN8AgoraRTC11StartThreadEPv + 12
libsystem_pthread.dylib         0x184bed220 <redacted> + 272
libsystem_pthread.dylib         0x184bed110 _pthread_start + 292

Backtrace of Thread 66351:
libsystem_kernel.dylib          0x184a4d0f4 __psynch_cvwait + 8
libsystem_pthread.dylib         0x184befc90 <redacted> + 644
LiveStreaming                   0x107aa173c _ZN8AgoraRTC10EventPosix4WaitEm + 244
LiveStreaming                   0x107984420 _ZN8AgoraRTC17ProcessThreadImpl7ProcessEv + 200
LiveStreaming                   0x107aaeb68 _ZN8AgoraRTC11ThreadPosix3RunEv + 160
LiveStreaming                   0x107aae9b4 _ZN8AgoraRTC11StartThreadEPv + 12
libsystem_pthread.dylib         0x184bed220 <redacted> + 272
libsystem_pthread.dylib         0x184bed110 _pthread_start + 292

