Call Backtrace of 42 threads:
Backtrace of Thread 771:
libsystem_kernel.dylib          0x184a2be08 mach_msg_trap + 8
libsystem_kernel.dylib          0x184a2bc80 mach_msg + 72
libdispatch.dylib               0x1848ce8b8 <redacted> + 560
libdispatch.dylib               0x1848cedb0 <redacted> + 56
libxpc.dylib                    0x184c288d8 xpc_connection_send_message_with_reply_sync + 196
CoreTelephony                   0x187bf0e70 <redacted> + 312
CoreTelephony                   0x187bd6ac0 <redacted> + 128
CoreTelephony                   0x187bd5940 <redacted> + 332
LiveStreaming                   0x108084c4c +[UMANUtil mccString] + 48
LiveStreaming                   0x108076dd8 -[UMPayloadBuild buildHeaderSeg] + 2096
LiveStreaming                   0x108079464 -[UMPayloadBuild payloadData] + 52
LiveStreaming                   0x10806fb0c -[MobClickEnvelope entityData] + 60
LiveStreaming                   0x10806f95c -[MobClickEnvelope makeEnvelopeData] + 44
LiveStreaming                   0x1080861a4 -[MobClickInternal generateEnvelopeFile] + 60
LiveStreaming                   0x10808634c -[MobClickInternal beginPerformJob] + 240
LiveStreaming                   0x1080869f8 -[MobClickInternal workEvent:] + 684
LiveStreaming                   0x10806bcc0 -[UMWorkDispatch workWithEvent:] + 100
Foundation                      0x185a120ec <redacted> + 340
CoreFoundation                  0x184f6f404 <redacted> + 24
CoreFoundation                  0x184f6ece0 <redacted> + 456
CoreFoundation                  0x184f6c79c <redacted> + 1204
CoreFoundation                  0x184e8cda8 CFRunLoopRunSpecific + 552
GraphicsServices                0x186e6f020 GSEventRunModal + 100
UIKit                           0x18ee6d78c UIApplicationMain + 236
LiveStreaming                   0x104e01010 main + 124
libdyld.dylib                   0x18491dfc0 <redacted> + 4

Backtrace of Thread 7687:
libsystem_kernel.dylib          0x184a4d0f4 __psynch_cvwait + 8
libsystem_pthread.dylib         0x184befc90 <redacted> + 644
libc++.1.dylib                  0x18410425c _ZNSt3__118condition_variable4waitERNS_11unique_lockINS_5mutexEEE + 24
JavaScriptCore                  0x18c5e31a4 <redacted> + 104
JavaScriptCore                  0x18c5e2db8 <redacted> + 164
JavaScriptCore                  0x18c5e2b60 <redacted> + 12
JavaScriptCore                  0x18c5e2f7c <redacted> + 44
libsystem_pthread.dylib         0x184bed220 <redacted> + 272
libsystem_pthread.dylib         0x184bed110 _pthread_start + 292

Backtrace of Thread 8963:
libsystem_kernel.dylib          0x184a2be08 mach_msg_trap + 8
libsystem_kernel.dylib          0x184a2bc80 mach_msg + 72
CoreFoundation                  0x184f6ee40 <redacted> + 196
CoreFoundation                  0x184f6c908 <redacted> + 1568
CoreFoundation                  0x184e8cda8 CFRunLoopRunSpecific + 552
WebCore                         0x18d119dcc <redacted> + 592
libsystem_pthread.dylib         0x184bed220 <redacted> + 272
libsystem_pthread.dylib         0x184bed110 _pthread_start + 292

Backtrace of Thread 12291:
libsystem_kernel.dylib          0x184a2be08 mach_msg_trap + 8
libsystem_kernel.dylib          0x184a2bc80 mach_msg + 72
CoreFoundation                  0x184f6ee40 <redacted> + 196
CoreFoundation                  0x184f6c908 <redacted> + 1568
CoreFoundation                  0x184e8cda8 CFRunLoopRunSpecific + 552
Foundation                      0x185901674 <redacted> + 304
Foundation                      0x18590151c <redacted> + 148
UIKit                           0x18eb527e4 <redacted> + 136
Foundation                      0x185a11efc <redacted> + 1040
libsystem_pthread.dylib         0x184bed220 <redacted> + 272
libsystem_pthread.dylib         0x184bed110 _pthread_start + 292

Backtrace of Thread 38403:
libsystem_kernel.dylib          0x184a2be08 mach_msg_trap + 8
libsystem_kernel.dylib          0x184a2bc80 mach_msg + 72
libsystem_kernel.dylib          0x184a2df34 thread_get_state + 136
LiveStreaming                   0x1064226dc bs_mach_copyMem + 60
LiveStreaming                   0x106421e1c _bs_backtraceOfThread + 636
LiveStreaming                   0x106422574 +[BSBacktraceLogger bs_backtraceOfAllThread] + 220
LiveStreaming                   0x105e91dac __40+[IESDebugToolService startStuckMonitor]_block_invoke + 204
LiveStreaming                   0x105e8f22c __36-[IESDebugStuckMonitor startMonitor]_block_invoke_2 + 112
CoreFoundation                  0x184f5ff38 <redacted> + 76
LiveStreaming                   0x105e8f124 __36-[IESDebugStuckMonitor startMonitor]_block_invoke + 436
Foundation                      0x1859eee88 <redacted> + 16
Foundation                      0x1859308d0 <redacted> + 72
Foundation                      0x18592fcac <redacted> + 848
Foundation                      0x1859f076c <redacted> + 404
libdispatch.dylib               0x1848b8ae4 <redacted> + 16
libdispatch.dylib               0x1848c0f18 <redacted> + 424
libdispatch.dylib               0x1848bf850 <redacted> + 604
libdispatch.dylib               0x1848c5d30 <redacted> + 588
libdispatch.dylib               0x1848c5a80 <redacted> + 120
libsystem_pthread.dylib         0x184bebfac _pthread_wqthread + 1176

Backtrace of Thread 35587:
libsystem_kernel.dylib          0x184a2be08 mach_msg_trap + 8
libsystem_kernel.dylib          0x184a2bc80 mach_msg + 72
CoreFoundation                  0x184f6ee40 <redacted> + 196
CoreFoundation                  0x184f6c908 <redacted> + 1568
CoreFoundation                  0x184e8cda8 CFRunLoopRunSpecific + 552
Foundation                      0x185901674 <redacted> + 304
Foundation                      0x1859761a8 <redacted> + 88
LiveStreaming                   0x104ee4180 +[AFURLConnectionOperation networkRequestThreadEntryPoint:] + 308
Foundation                      0x185a11efc <redacted> + 1040
libsystem_pthread.dylib         0x184bed220 <redacted> + 272
libsystem_pthread.dylib         0x184bed110 _pthread_start + 292

Backtrace of Thread 45579:
libsystem_kernel.dylib          0x184a2be08 mach_msg_trap + 8
libsystem_kernel.dylib          0x184a2bc80 mach_msg + 72
CoreFoundation                  0x184f6ee40 <redacted> + 196
CoreFoundation                  0x184f6c908 <redacted> + 1568
CoreFoundation                  0x184e8cda8 CFRunLoopRunSpecific + 552
CFNetwork                       0x18579a4b0 <redacted> + 220
Foundation                      0x185a11efc <redacted> + 1040
libsystem_pthread.dylib         0x184bed220 <redacted> + 272
libsystem_pthread.dylib         0x184bed110 _pthread_start + 292

Backtrace of Thread 75539:
libsystem_kernel.dylib          0x184a2be08 mach_msg_trap + 8
libsystem_kernel.dylib          0x184a2bc80 mach_msg + 72
CoreFoundation                  0x184f6ee40 <redacted> + 196
CoreFoundation                  0x184f6c908 <redacted> + 1568
CoreFoundation                  0x184e8cda8 CFRunLoopRunSpecific + 552
AVFAudio                        0x18a972424 <redacted> + 164
AVFAudio                        0x18a99c834 <redacted> + 88
libsystem_pthread.dylib         0x184bed220 <redacted> + 272
libsystem_pthread.dylib         0x184bed110 _pthread_start + 292

Backtrace of Thread 59935:
libsystem_kernel.dylib          0x184a2be08 mach_msg_trap + 8
libsystem_kernel.dylib          0x184a2bc80 mach_msg + 72
CoreFoundation                  0x184f6ee40 <redacted> + 196
CoreFoundation                  0x184f6c908 <redacted> + 1568
CoreFoundation                  0x184e8cda8 CFRunLoopRunSpecific + 552
GeoServices                     0x18b2356cc <redacted> + 468
libsystem_pthread.dylib         0x184bed220 <redacted> + 272
libsystem_pthread.dylib         0x184bed110 _pthread_start + 292

Backtrace of Thread 59411:
libsystem_kernel.dylib          0x184a2be08 mach_msg_trap + 8
libsystem_kernel.dylib          0x184a2bc80 mach_msg + 72
CoreFoundation                  0x184f6ee40 <redacted> + 196
CoreFoundation                  0x184f6c908 <redacted> + 1568
CoreFoundation                  0x184e8cda8 CFRunLoopRunSpecific + 552
CoreFoundation                  0x184edcb28 CFRunLoopRun + 116
CoreMotion                      0x18a46d9dc CLStartStopAdvertisingBeacon + 231572
libsystem_pthread.dylib         0x184bed220 <redacted> + 272
libsystem_pthread.dylib         0x184bed110 _pthread_start + 292

Backtrace of Thread 80399:
libsystem_kernel.dylib          0x184a2be08 mach_msg_trap + 8
libsystem_kernel.dylib          0x184a2bc80 mach_msg + 72
CoreFoundation                  0x184f6ee40 <redacted> + 196
CoreFoundation                  0x184f6c908 <redacted> + 1568
CoreFoundation                  0x184e8cda8 CFRunLoopRunSpecific + 552
Foundation                      0x185901674 <redacted> + 304
LiveStreaming                   0x10633ce00 -[_SRRunLoopThread main] + 360
Foundation                      0x185a11efc <redacted> + 1040
libsystem_pthread.dylib         0x184bed220 <redacted> + 272
libsystem_pthread.dylib         0x184bed110 _pthread_start + 292

Backtrace of Thread 64531:
libsystem_kernel.dylib          0x184a4d538 select$DARWIN_EXTSN + 8
CoreFoundation                  0x184f77378 <redacted> + 644
libsystem_pthread.dylib         0x184bed220 <redacted> + 272
libsystem_pthread.dylib         0x184bed110 _pthread_start + 292

Backtrace of Thread 150791:
libsystem_kernel.dylib          0x184a2be08 mach_msg_trap + 8
libsystem_kernel.dylib          0x184a2bc80 mach_msg + 72
LiveStreaming                   0x107f6ce7c CLSMachExceptionServer + 100
libsystem_pthread.dylib         0x184bed220 <redacted> + 272
libsystem_pthread.dylib         0x184bed110 _pthread_start + 292

Backtrace of Thread 107127:
libsystem_kernel.dylib          0x184a4d0f4 __psynch_cvwait + 8
libsystem_pthread.dylib         0x184befc90 <redacted> + 644
LiveStreaming                   0x107aa173c _ZN8AgoraRTC10EventPosix4WaitEm + 244
LiveStreaming                   0x107aaefbc _ZN8AgoraRTC9TraceImpl3RunEPv + 40
LiveStreaming                   0x107aaeb68 _ZN8AgoraRTC11ThreadPosix3RunEv + 160
LiveStreaming                   0x107aae9b4 _ZN8AgoraRTC11StartThreadEPv + 12
libsystem_pthread.dylib         0x184bed220 <redacted> + 272
libsystem_pthread.dylib         0x184bed110 _pthread_start + 292

Backtrace of Thread 102735:
libsystem_kernel.dylib          0x184a4d0f4 __psynch_cvwait + 8
libsystem_pthread.dylib         0x184befc90 <redacted> + 644
libc++.1.dylib                  0x18410425c _ZNSt3__118condition_variable4waitERNS_11unique_lockINS_5mutexEEE + 24
LiveStreaming                   0x107e62cd4 _ZN5agora7commons10async_task3runENSt3__110shared_ptrINS1_11thread_dataEEE + 164
LiveStreaming                   0x107e62f38 _ZNSt3__114__thread_proxyINS_5tupleIJNS_6__bindIPFvNS_10shared_ptrIN5agora7commons10async_task11thread_dataEEEEJRS8_EEEEEEEEPvSE_ + 124
libsystem_pthread.dylib         0x184bed220 <redacted> + 272
libsystem_pthread.dylib         0x184bed110 _pthread_start + 292

Backtrace of Thread 85303:
libsystem_kernel.dylib          0x184a303e4 poll + 8
LiveStreaming                   0x107e56e60 poll_dispatch + 188
LiveStreaming                   0x107e4c038 event_base_loop + 888
LiveStreaming                   0x107d90294 _ZN5agora3rtc9RtcEngine3runEv + 64
LiveStreaming                   0x107e6be6c _ZNSt3__114__thread_proxyINS_5tupleIJNS_6__bindIMN5agora3rtc9RtcEngineEFvvEJPS5_EEEEEEEEPvSB_ + 116
libsystem_pthread.dylib         0x184bed220 <redacted> + 272
libsystem_pthread.dylib         0x184bed110 _pthread_start + 292

Backtrace of Thread 69999:
libsystem_kernel.dylib          0x184a4d0f4 __psynch_cvwait + 8
libsystem_pthread.dylib         0x184befc90 <redacted> + 644
LiveStreaming                   0x106505acc _ZN3com2ss3ttm5utils7AVQueueIPNS1_9AVMessageEE9dequeue_lEi + 148
LiveStreaming                   0x106505e3c _ZN3com2ss3ttm8AVLooper7processEv + 60
LiveStreaming                   0x1064fe7c4 _ZN3com2ss3ttm5utils8AVThread3runEv + 228
LiveStreaming                   0x1064fe6d4 _ZN3com2ss3ttm5utils8AVThread10thread_funEPv + 12
libsystem_pthread.dylib         0x184bed220 <redacted> + 272
libsystem_pthread.dylib         0x184bed110 _pthread_start + 292

Backtrace of Thread 158259:
libsystem_kernel.dylib          0x184a4d0f4 __psynch_cvwait + 8
libsystem_pthread.dylib         0x184befc90 <redacted> + 644
LiveStreaming                   0x1064fe770 _ZN3com2ss3ttm5utils8AVThread3runEv + 144
LiveStreaming                   0x1064fe6d4 _ZN3com2ss3ttm5utils8AVThread10thread_funEPv + 12
libsystem_pthread.dylib         0x184bed220 <redacted> + 272
libsystem_pthread.dylib         0x184bed110 _pthread_start + 292

Backtrace of Thread 54043:
libsystem_kernel.dylib          0x184a4d0f4 __psynch_cvwait + 8
libsystem_pthread.dylib         0x184befc90 <redacted> + 644
LiveStreaming                   0x1064fe770 _ZN3com2ss3ttm5utils8AVThread3runEv + 144
LiveStreaming                   0x1064fe6d4 _ZN3com2ss3ttm5utils8AVThread10thread_funEPv + 12
libsystem_pthread.dylib         0x184bed220 <redacted> + 272
libsystem_pthread.dylib         0x184bed110 _pthread_start + 292

Backtrace of Thread 94147:
libsystem_kernel.dylib          0x184a4d0f4 __psynch_cvwait + 8
libsystem_pthread.dylib         0x184befc90 <redacted> + 644
LiveStreaming                   0x1064fe770 _ZN3com2ss3ttm5utils8AVThread3runEv + 144
LiveStreaming                   0x1064fe6d4 _ZN3com2ss3ttm5utils8AVThread10thread_funEPv + 12
libsystem_pthread.dylib         0x184bed220 <redacted> + 272
libsystem_pthread.dylib         0x184bed110 _pthread_start + 292

Backtrace of Thread 162063:
libsystem_kernel.dylib          0x184a4d0f4 __psynch_cvwait + 8
libsystem_pthread.dylib         0x184befc90 <redacted> + 644
LiveStreaming                   0x1064fe770 _ZN3com2ss3ttm5utils8AVThread3runEv + 144
LiveStreaming                   0x1064fe6d4 _ZN3com2ss3ttm5utils8AVThread10thread_funEPv + 12
libsystem_pthread.dylib         0x184bed220 <redacted> + 272
libsystem_pthread.dylib         0x184bed110 _pthread_start + 292

Backtrace of Thread 95763:
libsystem_kernel.dylib          0x184a4d0f4 __psynch_cvwait + 8
libsystem_pthread.dylib         0x184befc90 <redacted> + 644
libc++.1.dylib                  0x18410425c _ZNSt3__118condition_variable4waitERNS_11unique_lockINS_5mutexEEE + 24
LiveStreaming                   0x10729005c _ZN3BRC9SyncQueueINSt3__110shared_ptrINS_4TaskEEEE4TakeERS4_ + 80
LiveStreaming                   0x10728fabc _ZN3BRC18SingleThreadWorker4workEv + 176
LiveStreaming                   0x1072902a0 _ZNSt3__114__thread_proxyINS_5tupleIJNS_10unique_ptrINS_15__thread_structENS_14default_deleteIS3_EEEEMN3BRC18SingleThreadWorkerEFvvEPS8_EEEEEPvSD_ + 64
libsystem_pthread.dylib         0x184bed220 <redacted> + 272
libsystem_pthread.dylib         0x184bed110 _pthread_start + 292

Backtrace of Thread 162327:
libsystem_kernel.dylib          0x184a4d0f4 __psynch_cvwait + 8
libsystem_pthread.dylib         0x184befc90 <redacted> + 644
libc++.1.dylib                  0x18410425c _ZNSt3__118condition_variable4waitERNS_11unique_lockINS_5mutexEEE + 24
LiveStreaming                   0x10729005c _ZN3BRC9SyncQueueINSt3__110shared_ptrINS_4TaskEEEE4TakeERS4_ + 80
LiveStreaming                   0x10728fabc _ZN3BRC18SingleThreadWorker4workEv + 176
LiveStreaming                   0x1072902a0 _ZNSt3__114__thread_proxyINS_5tupleIJNS_10unique_ptrINS_15__thread_structENS_14default_deleteIS3_EEEEMN3BRC18SingleThreadWorkerEFvvEPS8_EEEEEPvSD_ + 64
libsystem_pthread.dylib         0x184bed220 <redacted> + 272
libsystem_pthread.dylib         0x184bed110 _pthread_start + 292

Backtrace of Thread 335199:
libsystem_kernel.dylib          0x184a4d0f4 __psynch_cvwait + 8
libsystem_pthread.dylib         0x184befc90 <redacted> + 644
LiveStreaming                   0x107aa173c _ZN8AgoraRTC10EventPosix4WaitEm + 244
LiveStreaming                   0x107984420 _ZN8AgoraRTC17ProcessThreadImpl7ProcessEv + 200
LiveStreaming                   0x107aaeb68 _ZN8AgoraRTC11ThreadPosix3RunEv + 160
LiveStreaming                   0x107aae9b4 _ZN8AgoraRTC11StartThreadEPv + 12
libsystem_pthread.dylib         0x184bed220 <redacted> + 272
libsystem_pthread.dylib         0x184bed110 _pthread_start + 292

Backtrace of Thread 178271:
libsystem_kernel.dylib          0x184a4d610 __semwait_signal + 8
libsystem_c.dylib               0x18496612c nanosleep + 212
LiveStreaming                   0x107aa4b88 _ZN8AgoraRTC7SleepMsEi + 88
LiveStreaming                   0x107a2dd50 _ZN8AgoraRTC21VideoCodingModuleImpl19DeliverFrameProcessEv + 304
LiveStreaming                   0x107aaeb68 _ZN8AgoraRTC11ThreadPosix3RunEv + 160
LiveStreaming                   0x107aae9b4 _ZN8AgoraRTC11StartThreadEPv + 12
libsystem_pthread.dylib         0x184bed220 <redacted> + 272
libsystem_pthread.dylib         0x184bed110 _pthread_start + 292

Backtrace of Thread 137151:
libsystem_kernel.dylib          0x184a4d0f4 __psynch_cvwait + 8
libsystem_pthread.dylib         0x184befc90 <redacted> + 644
LiveStreaming                   0x107aa173c _ZN8AgoraRTC10EventPosix4WaitEm + 244
LiveStreaming                   0x107931b54 _ZN8AgoraRTC11ViECapturer17ViECaptureProcessEv + 36
LiveStreaming                   0x10793045c _ZN8AgoraRTC11ViECapturer24ViECaptureThreadFunctionEPv + 12
LiveStreaming                   0x107aaeb68 _ZN8AgoraRTC11ThreadPosix3RunEv + 160
LiveStreaming                   0x107aae9b4 _ZN8AgoraRTC11StartThreadEPv + 12
libsystem_pthread.dylib         0x184bed220 <redacted> + 272
libsystem_pthread.dylib         0x184bed110 _pthread_start + 292

Backtrace of Thread 130351:
libsystem_kernel.dylib          0x184a4d0f4 __psynch_cvwait + 8
libsystem_pthread.dylib         0x184befc90 <redacted> + 644
LiveStreaming                   0x107aa173c _ZN8AgoraRTC10EventPosix4WaitEm + 244
LiveStreaming                   0x107984420 _ZN8AgoraRTC17ProcessThreadImpl7ProcessEv + 200
LiveStreaming                   0x107aaeb68 _ZN8AgoraRTC11ThreadPosix3RunEv + 160
LiveStreaming                   0x107aae9b4 _ZN8AgoraRTC11StartThreadEPv + 12
libsystem_pthread.dylib         0x184bed220 <redacted> + 272
libsystem_pthread.dylib         0x184bed110 _pthread_start + 292

Backtrace of Thread 189143:
libsystem_kernel.dylib          0x184a2be08 mach_msg_trap + 8
libsystem_kernel.dylib          0x184a2bc80 mach_msg + 72
AudioToolbox                    0x188ba0a6c <redacted> + 260
AudioToolbox                    0x188ba52f0 <redacted> + 156
AudioToolbox                    0x188f17128 <redacted> + 88
libsystem_pthread.dylib         0x184bed220 <redacted> + 272
libsystem_pthread.dylib         0x184bed110 _pthread_start + 292

Backtrace of Thread 344655:
libsystem_kernel.dylib          0x184a2be08 mach_msg_trap + 8
libsystem_kernel.dylib          0x184a2bc80 mach_msg + 72
VideoToolbox                    0x188784e74 <redacted> + 116
VideoToolbox                    0x188793d64 <redacted> + 160
VideoToolbox                    0x18873a2e8 VTDecompressionSessionInvalidate + 52
LiveStreaming                   0x107a4818c _ZN8AgoraRTC23H264VideoToolboxDecoder25ResetDecompressionSessionEv + 64
LiveStreaming                   0x107a47f74 _ZN8AgoraRTC23H264VideoToolboxDecoder6DecodeERKNS_12EncodedImageEbPKNS_22RTPFragmentationHeaderEPKNS_17CodecSpecificInfoEx + 144
LiveStreaming                   0x107a2037c _ZN8AgoraRTC17VCMGenericDecoder6DecodeERKNS_15VCMEncodedFrameEx + 256
LiveStreaming                   0x107a2f5d8 _ZN8AgoraRTC3vcm13VideoReceiver6DecodeERKNS_15VCMEncodedFrameE + 884
LiveStreaming                   0x107a2f13c _ZN8AgoraRTC3vcm13VideoReceiver9PumpFrameEt + 288
LiveStreaming                   0x1079384cc _ZN5agora5media11VideoEngine20liveDecodingFunctionEPv + 28
LiveStreaming                   0x107aaeb68 _ZN8AgoraRTC11ThreadPosix3RunEv + 160
LiveStreaming                   0x107aae9b4 _ZN8AgoraRTC11StartThreadEPv + 12
libsystem_pthread.dylib         0x184bed220 <redacted> + 272
libsystem_pthread.dylib         0x184bed110 _pthread_start + 292

Backtrace of Thread 326159:
libsystem_kernel.dylib          0x184a4d0f4 __psynch_cvwait + 8
libsystem_pthread.dylib         0x184befc90 <redacted> + 644
LiveStreaming                   0x107aa173c _ZN8AgoraRTC10EventPosix4WaitEm + 244
LiveStreaming                   0x107a54258 _ZN8AgoraRTC20VideoRenderIosGles2019ScreenUpdateProcessEv + 44
LiveStreaming                   0x107aaeb68 _ZN8AgoraRTC11ThreadPosix3RunEv + 160
LiveStreaming                   0x107aae9b4 _ZN8AgoraRTC11StartThreadEPv + 12
libsystem_pthread.dylib         0x184bed220 <redacted> + 272
libsystem_pthread.dylib         0x184bed110 _pthread_start + 292

Fail to get information about thread: 325891Fail to get information about thread: 325639Fail to get information about thread: 325379Backtrace of Thread 343371:
libsystem_kernel.dylib          0x184a4dd84 __workq_kernreturn + 8
libsystem_pthread.dylib         0x184bec0a0 _pthread_wqthread + 1420

Backtrace of Thread 318507:
libsystem_kernel.dylib          0x184a4dd84 __workq_kernreturn + 8
libsystem_pthread.dylib         0x184bebeb4 _pthread_wqthread + 928

Backtrace of Thread 107379:
libsystem_kernel.dylib          0x184a4dd84 __workq_kernreturn + 8
libsystem_pthread.dylib         0x184bec0a0 _pthread_wqthread + 1420

Backtrace of Thread 316083:
libsystem_kernel.dylib          0x184a2bf34 host_create_mach_voucher_trap + 8
libsystem_kernel.dylib          0x184a42ebc host_create_mach_voucher + 36
libdispatch.dylib               0x1848d7ddc <redacted> + 412
libdispatch.dylib               0x1848cd718 <redacted> + 128
libdispatch.dylib               0x1848d42e0 <redacted> + 132
libdispatch.dylib               0x1848cc06c <redacted> + 492
libsystem_pthread.dylib         0x184bebe70 _pthread_wqthread + 860

Backtrace of Thread 193955:
libsystem_kernel.dylib          0x184a4dd84 __workq_kernreturn + 8
libsystem_pthread.dylib         0x184bebeb4 _pthread_wqthread + 928

Backtrace of Thread 317235:
libsystem_kernel.dylib          0x184a4dd84 __workq_kernreturn + 8
libsystem_pthread.dylib         0x184bebeb4 _pthread_wqthread + 928

Backtrace of Thread 181779:
libsystem_kernel.dylib          0x184a4dd84 __workq_kernreturn + 8
libsystem_pthread.dylib         0x184bec0a0 _pthread_wqthread + 1420

Backtrace of Thread 189235:
libsystem_kernel.dylib          0x184a4dd84 __workq_kernreturn + 8
libsystem_pthread.dylib         0x184bebeb4 _pthread_wqthread + 928

Backtrace of Thread 188271:
libsystem_kernel.dylib          0x184a4dd84 __workq_kernreturn + 8
libsystem_pthread.dylib         0x184bebeb4 _pthread_wqthread + 928

