Call Backtrace of 40 threads:
Backtrace of Thread 771:
libsystem_kernel.dylib          0x184a2be08 mach_msg_trap + 8
libsystem_kernel.dylib          0x184a2bc80 mach_msg + 72
AudioToolbox                    0x188d8b978 <redacted> + 144
AudioToolbox                    0x188d6aa14 AudioSessionSetActive_Priv + 316
AVFAudio                        0x18a977590 <redacted> + 84
LiveStreaming                   0x1063defd0 -[AEAudioController stopInternal] + 432
LiveStreaming                   0x1063dee08 -[AEAudioController stop] + 28
LiveStreaming                   0x1063c74b0 -[TTLiveAudioSource stop] + 144
LiveStreaming                   0x1063db1cc -[TTLiveStreamer audioSourceStop] + 84
LiveStreaming                   0x1063d9c88 -[TTLiveStreamer stopWithReason:] + 204
LiveStreaming                   0x105eb24f8 -[IESLiveBroadCaster stopStreamer] + 136
LiveStreaming                   0x105eb1f80 -[IESLiveBroadCaster stop] + 40
LiveStreaming                   0x1056b07cc -[HTSLiveRecordStreamer stop] + 76
LiveStreaming                   0x1056b0ff0 -[HTSLiveRecordStreamer stopOutputWithNext:] + 68
LiveStreaming                   0x1056b86f4 -[HTSLiveRecordVideoDataPipe stopWorkingWithNext:] + 248
LiveStreaming                   0x1056b888c -[HTSLiveRecordVideoDataPipe redirectOutput:] + 256
LiveStreaming                   0x1053ef9a4 -[HTSInteractivePKController enableInteractiveWithAccessKey:vendor:] + 164
LiveStreaming                   0x105594600 __52-[HTSLiveInteractivePKStore pr_startInteractiveMode]_block_invoke + 424
LiveStreaming                   0x105435028 -[HTSLiveApi onRequest:finishedWithJsonObj:] + 1388
LiveStreaming                   0x1054342e4 __18-[HTSLiveApi get:]_block_invoke + 672
LiveStreaming                   0x10649bad4 __223-[TTNetworkHTTPClient requestForJSONWithURL:params:method:commonParams:headerField:pureChannelForJSONResponseSerializer:verifyRequest:requestSerializer:responseSerializer:responsePreprocessor:callback:callbackWithResponse:]_block_invoke + 292
LiveStreaming                   0x106499e84 __83-[TTNetworkHTTPClient _dataTaskWithRequest:responsePreprocessor:completionHandler:]_block_invoke_2 + 2392
LiveStreaming                   0x104f00fd8 __72-[AFURLSessionManagerTaskDelegate URLSession:task:didCompleteWithError:]_block_invoke_2.72 + 224
libdispatch.dylib               0x1848b8b24 <redacted> + 24
libdispatch.dylib               0x1848b8ae4 <redacted> + 16
libdispatch.dylib               0x1848c5520 <redacted> + 564
CoreFoundation                  0x184f6f070 <redacted> + 12
CoreFoundation                  0x184f6cbc8 <redacted> + 2272
CoreFoundation                  0x184e8cda8 CFRunLoopRunSpecific + 552
GraphicsServices                0x186e6f020 GSEventRunModal + 100
UIKit                           0x18ee6d78c UIApplicationMain + 236
LiveStreaming                   0x104e01010 main + 124
libdyld.dylib                   0x18491dfc0 <redacted> + 4

Backtrace of Thread 7687:
libsystem_kernel.dylib          0x184a4d0f4 __psynch_cvwait + 8
libsystem_pthread.dylib         0x184befc90 <redacted> + 644
libc++.1.dylib                  0x1841042ec _ZNSt3__118condition_variable15__do_timed_waitERNS_11unique_lockINS_5mutexEEENS_6chrono10time_pointINS5_12system_clockENS5_8durationIxNS_5ratioILl1ELl1000000000EEEEEEE + 96
JavaScriptCore                  0x18c5e3430 <redacted> + 124
JavaScriptCore                  0x18c5e32e0 <redacted> + 112
JavaScriptCore                  0x18c5e2e24 <redacted> + 272
JavaScriptCore                  0x18c5e2b60 <redacted> + 12
JavaScriptCore                  0x18c5e2f7c <redacted> + 44
libsystem_pthread.dylib         0x184bed220 <redacted> + 272
libsystem_pthread.dylib         0x184bed110 _pthread_start + 292

Backtrace of Thread 8963:
libsystem_kernel.dylib          0x184a2be08 mach_msg_trap + 8
libsystem_kernel.dylib          0x184a2bc80 mach_msg + 72
CoreFoundation                  0x184f6ee40 <redacted> + 196
CoreFoundation                  0x184f6c908 <redacted> + 1568
CoreFoundation                  0x184e8cda8 CFRunLoopRunSpecific + 552
WebCore                         0x18d119dcc <redacted> + 592
libsystem_pthread.dylib         0x184bed220 <redacted> + 272
libsystem_pthread.dylib         0x184bed110 _pthread_start + 292

Backtrace of Thread 12291:
libsystem_kernel.dylib          0x184a2be08 mach_msg_trap + 8
libsystem_kernel.dylib          0x184a2bc80 mach_msg + 72
CoreFoundation                  0x184f6ee40 <redacted> + 196
CoreFoundation                  0x184f6c908 <redacted> + 1568
CoreFoundation                  0x184e8cda8 CFRunLoopRunSpecific + 552
Foundation                      0x185901674 <redacted> + 304
Foundation                      0x18590151c <redacted> + 148
UIKit                           0x18eb527e4 <redacted> + 136
Foundation                      0x185a11efc <redacted> + 1040
libsystem_pthread.dylib         0x184bed220 <redacted> + 272
libsystem_pthread.dylib         0x184bed110 _pthread_start + 292

Backtrace of Thread 38403:
libsystem_kernel.dylib          0x184a2be08 mach_msg_trap + 8
libsystem_kernel.dylib          0x184a2bc80 mach_msg + 72
libsystem_kernel.dylib          0x184a2df34 thread_get_state + 136
LiveStreaming                   0x1064226dc bs_mach_copyMem + 60
LiveStreaming                   0x106421e1c _bs_backtraceOfThread + 636
LiveStreaming                   0x106422574 +[BSBacktraceLogger bs_backtraceOfAllThread] + 220
LiveStreaming                   0x105e91dac __40+[IESDebugToolService startStuckMonitor]_block_invoke + 204
LiveStreaming                   0x105e8f22c __36-[IESDebugStuckMonitor startMonitor]_block_invoke_2 + 112
CoreFoundation                  0x184f5ff38 <redacted> + 76
LiveStreaming                   0x105e8f124 __36-[IESDebugStuckMonitor startMonitor]_block_invoke + 436
Foundation                      0x1859eee88 <redacted> + 16
Foundation                      0x1859308d0 <redacted> + 72
Foundation                      0x18592fcac <redacted> + 848
Foundation                      0x1859f076c <redacted> + 404
libdispatch.dylib               0x1848b8ae4 <redacted> + 16
libdispatch.dylib               0x1848c0f18 <redacted> + 424
libdispatch.dylib               0x1848bf850 <redacted> + 604
libdispatch.dylib               0x1848c5d30 <redacted> + 588
libdispatch.dylib               0x1848c5a80 <redacted> + 120
libsystem_pthread.dylib         0x184bebfac _pthread_wqthread + 1176

Backtrace of Thread 35587:
libsystem_kernel.dylib          0x184a2be08 mach_msg_trap + 8
libsystem_kernel.dylib          0x184a2bc80 mach_msg + 72
CoreFoundation                  0x184f6ee40 <redacted> + 196
CoreFoundation                  0x184f6c908 <redacted> + 1568
CoreFoundation                  0x184e8cda8 CFRunLoopRunSpecific + 552
Foundation                      0x185901674 <redacted> + 304
Foundation                      0x1859761a8 <redacted> + 88
LiveStreaming                   0x104ee4180 +[AFURLConnectionOperation networkRequestThreadEntryPoint:] + 308
Foundation                      0x185a11efc <redacted> + 1040
libsystem_pthread.dylib         0x184bed220 <redacted> + 272
libsystem_pthread.dylib         0x184bed110 _pthread_start + 292

Backtrace of Thread 45579:
libsystem_kernel.dylib          0x184a2be08 mach_msg_trap + 8
libsystem_kernel.dylib          0x184a2bc80 mach_msg + 72
CoreFoundation                  0x184f6ee40 <redacted> + 196
CoreFoundation                  0x184f6c908 <redacted> + 1568
CoreFoundation                  0x184e8cda8 CFRunLoopRunSpecific + 552
CFNetwork                       0x18579a4b0 <redacted> + 220
Foundation                      0x185a11efc <redacted> + 1040
libsystem_pthread.dylib         0x184bed220 <redacted> + 272
libsystem_pthread.dylib         0x184bed110 _pthread_start + 292

Backtrace of Thread 75539:
libsystem_kernel.dylib          0x184a2be08 mach_msg_trap + 8
libsystem_kernel.dylib          0x184a2bc80 mach_msg + 72
CoreFoundation                  0x184f6ee40 <redacted> + 196
CoreFoundation                  0x184f6c908 <redacted> + 1568
CoreFoundation                  0x184e8cda8 CFRunLoopRunSpecific + 552
AVFAudio                        0x18a972424 <redacted> + 164
AVFAudio                        0x18a99c834 <redacted> + 88
libsystem_pthread.dylib         0x184bed220 <redacted> + 272
libsystem_pthread.dylib         0x184bed110 _pthread_start + 292

Backtrace of Thread 59935:
libsystem_kernel.dylib          0x184a2be08 mach_msg_trap + 8
libsystem_kernel.dylib          0x184a2bc80 mach_msg + 72
CoreFoundation                  0x184f6ee40 <redacted> + 196
CoreFoundation                  0x184f6c908 <redacted> + 1568
CoreFoundation                  0x184e8cda8 CFRunLoopRunSpecific + 552
GeoServices                     0x18b2356cc <redacted> + 468
libsystem_pthread.dylib         0x184bed220 <redacted> + 272
libsystem_pthread.dylib         0x184bed110 _pthread_start + 292

Backtrace of Thread 59411:
libsystem_kernel.dylib          0x184a2be08 mach_msg_trap + 8
libsystem_kernel.dylib          0x184a2bc80 mach_msg + 72
CoreFoundation                  0x184f6ee40 <redacted> + 196
CoreFoundation                  0x184f6c908 <redacted> + 1568
CoreFoundation                  0x184e8cda8 CFRunLoopRunSpecific + 552
CoreFoundation                  0x184edcb28 CFRunLoopRun + 116
CoreMotion                      0x18a46d9dc CLStartStopAdvertisingBeacon + 231572
libsystem_pthread.dylib         0x184bed220 <redacted> + 272
libsystem_pthread.dylib         0x184bed110 _pthread_start + 292

Backtrace of Thread 80399:
libsystem_kernel.dylib          0x184a2be08 mach_msg_trap + 8
libsystem_kernel.dylib          0x184a2bc80 mach_msg + 72
CoreFoundation                  0x184f6ee40 <redacted> + 196
CoreFoundation                  0x184f6c908 <redacted> + 1568
CoreFoundation                  0x184e8cda8 CFRunLoopRunSpecific + 552
Foundation                      0x185901674 <redacted> + 304
LiveStreaming                   0x10633ce00 -[_SRRunLoopThread main] + 360
Foundation                      0x185a11efc <redacted> + 1040
libsystem_pthread.dylib         0x184bed220 <redacted> + 272
libsystem_pthread.dylib         0x184bed110 _pthread_start + 292

Backtrace of Thread 64531:
libsystem_kernel.dylib          0x184a4d538 select$DARWIN_EXTSN + 8
CoreFoundation                  0x184f77378 <redacted> + 644
libsystem_pthread.dylib         0x184bed220 <redacted> + 272
libsystem_pthread.dylib         0x184bed110 _pthread_start + 292

Backtrace of Thread 150791:
libsystem_kernel.dylib          0x184a2be08 mach_msg_trap + 8
libsystem_kernel.dylib          0x184a2bc80 mach_msg + 72
LiveStreaming                   0x107f6ce7c CLSMachExceptionServer + 100
libsystem_pthread.dylib         0x184bed220 <redacted> + 272
libsystem_pthread.dylib         0x184bed110 _pthread_start + 292

Backtrace of Thread 107127:
libsystem_kernel.dylib          0x184a4d0f4 __psynch_cvwait + 8
libsystem_pthread.dylib         0x184befc90 <redacted> + 644
LiveStreaming                   0x107aa173c _ZN8AgoraRTC10EventPosix4WaitEm + 244
LiveStreaming                   0x107aaefbc _ZN8AgoraRTC9TraceImpl3RunEPv + 40
LiveStreaming                   0x107aaeb68 _ZN8AgoraRTC11ThreadPosix3RunEv + 160
LiveStreaming                   0x107aae9b4 _ZN8AgoraRTC11StartThreadEPv + 12
libsystem_pthread.dylib         0x184bed220 <redacted> + 272
libsystem_pthread.dylib         0x184bed110 _pthread_start + 292

Backtrace of Thread 102735:
libsystem_kernel.dylib          0x184a4d0f4 __psynch_cvwait + 8
libsystem_pthread.dylib         0x184befc90 <redacted> + 644
libc++.1.dylib                  0x18410425c _ZNSt3__118condition_variable4waitERNS_11unique_lockINS_5mutexEEE + 24
LiveStreaming                   0x107e62cd4 _ZN5agora7commons10async_task3runENSt3__110shared_ptrINS1_11thread_dataEEE + 164
LiveStreaming                   0x107e62f38 _ZNSt3__114__thread_proxyINS_5tupleIJNS_6__bindIPFvNS_10shared_ptrIN5agora7commons10async_task11thread_dataEEEEJRS8_EEEEEEEEPvSE_ + 124
libsystem_pthread.dylib         0x184bed220 <redacted> + 272
libsystem_pthread.dylib         0x184bed110 _pthread_start + 292

Backtrace of Thread 85303:
libsystem_kernel.dylib          0x184a2be08 mach_msg_trap + 8
libsystem_kernel.dylib          0x184a2bc80 mach_msg + 72
AudioToolbox                    0x188d8b978 <redacted> + 144
AudioToolbox                    0x188d6aa14 AudioSessionSetActive_Priv + 316
AVFAudio                        0x18a977590 <redacted> + 84
LiveStreaming                   0x1079587ac _ZN8AgoraRTC20ActivateAudioSessionEPKNS_6ConfigEP14AVAudioSessionbPNS_17AudioDeviceBufferEi + 380
LiveStreaming                   0x10795edc8 _ZN8AgoraRTCL22DeactivateAudioSessionEPKNS_6ConfigE + 396
LiveStreaming                   0x10795bc04 _ZN8AgoraRTC14AudioDeviceIOS20ShutdownPlayOrRecordEv + 404
LiveStreaming                   0x10795b8a0 _ZN8AgoraRTC14AudioDeviceIOS11StopPlayoutEv + 156
LiveStreaming                   0x107957538 _ZN8AgoraRTC21AudioDeviceModuleImpl11StopPlayoutEv + 68
LiveStreaming                   0x107915310 _ZN8AgoraRTC11ChEBaseImpl11StopPlayoutEv + 136
LiveStreaming                   0x1078fd7d0 _ZN5agora5media18AudioEngineWrapper8stopCallEv + 144
LiveStreaming                   0x1078fc65c _ZN5agora5media18AudioEngineWrapper7restartEv + 80
LiveStreaming                   0x1078fe2e0 _ZN5agora5media18AudioEngineWrapper16updateClientRoleENS0_11IChatEngine22MEDIA_ENGINE_ROLE_TYPEE + 204
LiveStreaming                   0x107923ef0 _ZN5agora5media30MediaEngineParameterCollection20setupMediaEngineModeEPKv + 1440
LiveStreaming                   0x107d702b4 _ZN5agora6config42ExternalTriggerParameterHelperWithObserverIPKvE10onSetValueERKNS0_8AnyValueE + 44
LiveStreaming                   0x107e7b4e0 _ZN5agora3rtc42TriggerParameterHelperWithExternalObserverINS_7commons5cjson11JsonWrapperEE14onSetParameterERKNSt3__112basic_stringIcNS6_11char_traitsIcEENS6_9allocatorIcEEEERKPNS3_5cJSONE + 128
LiveStreaming                   0x107dc5320 _ZN5agora3rtc13RtcParameters15onSetParametersERNS_7commons5cjson11JsonWrapperEbbb + 376
LiveStreaming                   0x107dc8ef0 _ZN5agora3rtc3che10ChatEngine24onApplicationModeChangedEb + 288
LiveStreaming                   0x107dc72b8 _ZN5agora3rtc3che10ChatEngine12onPeerJoinedEji + 124
LiveStreaming                   0x107e7c9f0 _ZN7sigslot8internal11_connectionIN5agora3rtc3che10ChatEngineENS_6thread2stEJjiEE4emitEji + 44
LiveStreaming                   0x107e0adc4 _ZN5agora3rtc11PeerManager15doSetPeerOnlineEjRNS0_4PeerE + 440
LiveStreaming                   0x107e0b674 _ZN5agora3rtc11PeerManager21updateUsersStreamInfoERKNS0_8protocol19PUsersStreamInfoResEyy + 1148
LiveStreaming                   0x107eda068 _ZN5agora7commons12bind_handlerINS_3rtc8protocol19PUsersStreamInfoResEEclERNS0_8unpackerEPKNS0_2ip10sockaddr_tEb + 548
LiveStreaming                   0x107ea3ebc _ZN5agora7commons16event_dispatcher8dispatchEPKNS0_2ip10sockaddr_tERNS0_8unpackerEttb + 220
LiveStreaming                   0x107db4378 _ZN5agora7commons8libevent10udp_server11on_datagramEiRKNS0_2ip10sockaddr_tEPKcm + 228
LiveStreaming                   0x107db4280 _ZN5agora7commons8libevent10udp_server7on_dataEi + 296
LiveStreaming                   0x107db1158 _ZN5agora7commons8libevent9event_udp18event_udp_callbackEisPv + 48
LiveStreaming                   0x107e4c390 event_base_loop + 1744
LiveStreaming                   0x107d90294 _ZN5agora3rtc9RtcEngine3runEv + 64
LiveStreaming                   0x107e6be6c _ZNSt3__114__thread_proxyINS_5tupleIJNS_6__bindIMN5agora3rtc9RtcEngineEFvvEJPS5_EEEEEEEEPvSB_ + 116
libsystem_pthread.dylib         0x184bed220 <redacted> + 272
libsystem_pthread.dylib         0x184bed110 _pthread_start + 292

Backtrace of Thread 69999:
libsystem_kernel.dylib          0x184a4d0f4 __psynch_cvwait + 8
libsystem_pthread.dylib         0x184befc90 <redacted> + 644
LiveStreaming                   0x106505acc _ZN3com2ss3ttm5utils7AVQueueIPNS1_9AVMessageEE9dequeue_lEi + 148
LiveStreaming                   0x106505e3c _ZN3com2ss3ttm8AVLooper7processEv + 60
LiveStreaming                   0x1064fe7c4 _ZN3com2ss3ttm5utils8AVThread3runEv + 228
LiveStreaming                   0x1064fe6d4 _ZN3com2ss3ttm5utils8AVThread10thread_funEPv + 12
libsystem_pthread.dylib         0x184bed220 <redacted> + 272
libsystem_pthread.dylib         0x184bed110 _pthread_start + 292

Backtrace of Thread 158259:
libsystem_kernel.dylib          0x184a4d0f4 __psynch_cvwait + 8
libsystem_pthread.dylib         0x184befc90 <redacted> + 644
LiveStreaming                   0x1064fe770 _ZN3com2ss3ttm5utils8AVThread3runEv + 144
LiveStreaming                   0x1064fe6d4 _ZN3com2ss3ttm5utils8AVThread10thread_funEPv + 12
libsystem_pthread.dylib         0x184bed220 <redacted> + 272
libsystem_pthread.dylib         0x184bed110 _pthread_start + 292

Backtrace of Thread 54043:
libsystem_kernel.dylib          0x184a4d0f4 __psynch_cvwait + 8
libsystem_pthread.dylib         0x184befc90 <redacted> + 644
LiveStreaming                   0x1064fe770 _ZN3com2ss3ttm5utils8AVThread3runEv + 144
LiveStreaming                   0x1064fe6d4 _ZN3com2ss3ttm5utils8AVThread10thread_funEPv + 12
libsystem_pthread.dylib         0x184bed220 <redacted> + 272
libsystem_pthread.dylib         0x184bed110 _pthread_start + 292

Backtrace of Thread 94147:
libsystem_kernel.dylib          0x184a4d0f4 __psynch_cvwait + 8
libsystem_pthread.dylib         0x184befc90 <redacted> + 644
LiveStreaming                   0x1064fe770 _ZN3com2ss3ttm5utils8AVThread3runEv + 144
LiveStreaming                   0x1064fe6d4 _ZN3com2ss3ttm5utils8AVThread10thread_funEPv + 12
libsystem_pthread.dylib         0x184bed220 <redacted> + 272
libsystem_pthread.dylib         0x184bed110 _pthread_start + 292

Backtrace of Thread 162063:
libsystem_kernel.dylib          0x184a4d0f4 __psynch_cvwait + 8
libsystem_pthread.dylib         0x184befc90 <redacted> + 644
LiveStreaming                   0x1064fe770 _ZN3com2ss3ttm5utils8AVThread3runEv + 144
LiveStreaming                   0x1064fe6d4 _ZN3com2ss3ttm5utils8AVThread10thread_funEPv + 12
libsystem_pthread.dylib         0x184bed220 <redacted> + 272
libsystem_pthread.dylib         0x184bed110 _pthread_start + 292

Backtrace of Thread 95763:
libsystem_kernel.dylib          0x184a4d0f4 __psynch_cvwait + 8
libsystem_pthread.dylib         0x184befc90 <redacted> + 644
libc++.1.dylib                  0x18410425c _ZNSt3__118condition_variable4waitERNS_11unique_lockINS_5mutexEEE + 24
LiveStreaming                   0x10729005c _ZN3BRC9SyncQueueINSt3__110shared_ptrINS_4TaskEEEE4TakeERS4_ + 80
LiveStreaming                   0x10728fabc _ZN3BRC18SingleThreadWorker4workEv + 176
LiveStreaming                   0x1072902a0 _ZNSt3__114__thread_proxyINS_5tupleIJNS_10unique_ptrINS_15__thread_structENS_14default_deleteIS3_EEEEMN3BRC18SingleThreadWorkerEFvvEPS8_EEEEEPvSD_ + 64
libsystem_pthread.dylib         0x184bed220 <redacted> + 272
libsystem_pthread.dylib         0x184bed110 _pthread_start + 292

Backtrace of Thread 162327:
libsystem_kernel.dylib          0x184a4d0f4 __psynch_cvwait + 8
libsystem_pthread.dylib         0x184befc90 <redacted> + 644
libc++.1.dylib                  0x18410425c _ZNSt3__118condition_variable4waitERNS_11unique_lockINS_5mutexEEE + 24
LiveStreaming                   0x10729005c _ZN3BRC9SyncQueueINSt3__110shared_ptrINS_4TaskEEEE4TakeERS4_ + 80
LiveStreaming                   0x10728fabc _ZN3BRC18SingleThreadWorker4workEv + 176
LiveStreaming                   0x1072902a0 _ZNSt3__114__thread_proxyINS_5tupleIJNS_10unique_ptrINS_15__thread_structENS_14default_deleteIS3_EEEEMN3BRC18SingleThreadWorkerEFvvEPS8_EEEEEPvSD_ + 64
libsystem_pthread.dylib         0x184bed220 <redacted> + 272
libsystem_pthread.dylib         0x184bed110 _pthread_start + 292

Backtrace of Thread 107379:
libsystem_kernel.dylib          0x184a4dd84 __workq_kernreturn + 8
libsystem_pthread.dylib         0x184bebeb4 _pthread_wqthread + 928

Backtrace of Thread 316083:
libsystem_kernel.dylib          0x184a4dd84 __workq_kernreturn + 8
libsystem_pthread.dylib         0x184bebeb4 _pthread_wqthread + 928

Backtrace of Thread 193955:
libsystem_kernel.dylib          0x184a4dd84 __workq_kernreturn + 8
libsystem_pthread.dylib         0x184bebeb4 _pthread_wqthread + 928

Backtrace of Thread 317235:
libsystem_kernel.dylib          0x184a4dd84 __workq_kernreturn + 8
libsystem_pthread.dylib         0x184bec0a0 _pthread_wqthread + 1420

Backtrace of Thread 181779:
libsystem_kernel.dylib          0x184a4dd84 __workq_kernreturn + 8
libsystem_pthread.dylib         0x184bebeb4 _pthread_wqthread + 928

Backtrace of Thread 189235:
libsystem_kernel.dylib          0x184a4dd84 __workq_kernreturn + 8
libsystem_pthread.dylib         0x184bebeb4 _pthread_wqthread + 928

Backtrace of Thread 188271:
libsystem_kernel.dylib          0x184a4dd84 __workq_kernreturn + 8
libsystem_pthread.dylib         0x184bec0a0 _pthread_wqthread + 1420

Backtrace of Thread 324915:
libsystem_kernel.dylib          0x184a2be08 mach_msg_trap + 8
libsystem_kernel.dylib          0x184a2bc80 mach_msg + 72
CoreFoundation                  0x184f6ee40 <redacted> + 196
CoreFoundation                  0x184f6c908 <redacted> + 1568
CoreFoundation                  0x184e8cda8 CFRunLoopRunSpecific + 552
Foundation                      0x185901674 <redacted> + 304
LiveStreaming                   0x106e267c8 +[WXOMTAGCDAsyncSocket cfstreamThread] + 360
Foundation                      0x185a11efc <redacted> + 1040
libsystem_pthread.dylib         0x184bed220 <redacted> + 272
libsystem_pthread.dylib         0x184bed110 _pthread_start + 292

Backtrace of Thread 320063:
libsystem_kernel.dylib          0x184a4dd84 __workq_kernreturn + 8
libsystem_pthread.dylib         0x184bebeb4 _pthread_wqthread + 928

Backtrace of Thread 316675:
libsystem_kernel.dylib          0x184a4dd84 __workq_kernreturn + 8
libsystem_pthread.dylib         0x184bebeb4 _pthread_wqthread + 928

Backtrace of Thread 315411:
libsystem_kernel.dylib          0x184a4dd84 __workq_kernreturn + 8
libsystem_pthread.dylib         0x184bebeb4 _pthread_wqthread + 928

Backtrace of Thread 136187:
libsystem_kernel.dylib          0x184a2be5c semaphore_timedwait_trap + 8
libdispatch.dylib               0x1848bb0b0 <redacted> + 60
libdispatch.dylib               0x1848bb924 <redacted> + 72
libdispatch.dylib               0x1848c723c <redacted> + 256
libsystem_pthread.dylib         0x184bed220 <redacted> + 272
libsystem_pthread.dylib         0x184bed110 _pthread_start + 292

Backtrace of Thread 193035:
libsystem_kernel.dylib          0x184a2be5c semaphore_timedwait_trap + 8
libdispatch.dylib               0x1848bb0b0 <redacted> + 60
libdispatch.dylib               0x1848bb924 <redacted> + 72
libdispatch.dylib               0x1848c723c <redacted> + 256
libsystem_pthread.dylib         0x184bed220 <redacted> + 272
libsystem_pthread.dylib         0x184bed110 _pthread_start + 292

Fail to get information about thread: 192291Fail to get information about thread: 175527Fail to get information about thread: 318291Fail to get information about thread: 171179