Call Backtrace of 23 threads:
Backtrace of Thread 771:
libobjc.A.dylib                 0x184194928 objc_msgSend + 40
CoreUI                          0x18c807f20 <redacted> + 56
CoreUI                          0x18c8379a0 <redacted> + 1684
CoreUI                          0x18c837308 <redacted> + 308
CoreUI                          0x18c835e38 <redacted> + 192
CoreUI                          0x18c836130 <redacted> + 156
UIKit                           0x18f6a995c <redacted> + 252
UIKit                           0x18ebd399c <redacted> + 224
UIKit                           0x18ebd3300 <redacted> + 572
UIKit                           0x18ebd2acc <redacted> + 220
UIKit                           0x18edfb560 <redacted> + 152
MediaPlayer                     0x19640bb1c <redacted> + 120
MediaPlayer                     0x19640b984 <redacted> + 784
MediaPlayer                     0x19640a598 <redacted> + 204
MediaPlayer                     0x19640a6ac <redacted> + 76
LiveStreaming                   0x10453bc88 +[HTSCustomVolumeManager hideSystemVolumeHUD] + 144
LiveStreaming                   0x10453b8b8 +[HTSCustomVolumeManager setup] + 40
LiveStreaming                   0x104603cac +[HTSCustomVolumeBarTask performTaskWithLaunchContext:completion:] + 108
LiveStreaming                   0x104ce86e4 -[IESTaskOperation main] + 396
Foundation                      0x18592fcac <redacted> + 848
LiveStreaming                   0x104ce77e0 -[IESTaskScheduler runOperations:] + 360
LiveStreaming                   0x104ce7960 -[IESTaskScheduler enqueueOtherTasks] + 136
LiveStreaming                   0x104ce6078 -[IESTaskExecutor performTasks:] + 148
LiveStreaming                   0x104ce4c58 -[IESTaskContainer performLaunchTasks:] + 212
LiveStreaming                   0x104ce49e0 -[IESTaskContainer performLaunchTaskAtTime:] + 452
LiveStreaming                   0x104ce4794 __42-[IESTaskContainer observeMainRunloopIdle]_block_invoke + 92
CoreFoundation                  0x184f6e910 <redacted> + 32
CoreFoundation                  0x184f6c238 <redacted> + 412
CoreFoundation                  0x184f6c884 <redacted> + 1436
CoreFoundation                  0x184e8cda8 CFRunLoopRunSpecific + 552
GraphicsServices                0x186e6f020 GSEventRunModal + 100
UIKit                           0x18ee6d78c UIApplicationMain + 236
LiveStreaming                   0x104a6cdb0 main + 124
libdyld.dylib                   0x18491dfc0 <redacted> + 4

Backtrace of Thread 4099:
libsystem_kernel.dylib          0x184a4dd84 __workq_kernreturn + 8
libsystem_pthread.dylib         0x184bebeb4 _pthread_wqthread + 928

Backtrace of Thread 3331:
libsystem_kernel.dylib          0x184a4dd84 __workq_kernreturn + 8
libsystem_pthread.dylib         0x184bec0a0 _pthread_wqthread + 1420

Backtrace of Thread 6159:
libsystem_kernel.dylib          0x184a4d0f4 __psynch_cvwait + 8
libsystem_pthread.dylib         0x184befc90 <redacted> + 644
libc++.1.dylib                  0x1841042ec _ZNSt3__118condition_variable15__do_timed_waitERNS_11unique_lockINS_5mutexEEENS_6chrono10time_pointINS5_12system_clockENS5_8durationIxNS_5ratioILl1ELl1000000000EEEEEEE + 96
JavaScriptCore                  0x18c5e3430 <redacted> + 124
JavaScriptCore                  0x18c5e32e0 <redacted> + 112
JavaScriptCore                  0x18c5e2e24 <redacted> + 272
JavaScriptCore                  0x18c5e2b60 <redacted> + 12
JavaScriptCore                  0x18c5e2f7c <redacted> + 44
libsystem_pthread.dylib         0x184bed220 <redacted> + 272
libsystem_pthread.dylib         0x184bed110 _pthread_start + 292

Backtrace of Thread 6407:
libsystem_kernel.dylib          0x184a4dd84 __workq_kernreturn + 8
libsystem_pthread.dylib         0x184bebeb4 _pthread_wqthread + 928

Backtrace of Thread 7683:
libsystem_kernel.dylib          0x184a2bf04 swtch_pri + 8
libsystem_pthread.dylib         0x184bed488 sched_yield + 16
JavaScriptCore                  0x18c5c0618 <redacted> + 204
WebCore                         0x18d62fb40 <redacted> + 244
WebCore                         0x18d11d350 <redacted> + 44
CoreFoundation                  0x184f6e910 <redacted> + 32
CoreFoundation                  0x184f6c238 <redacted> + 412
CoreFoundation                  0x184f6ca6c <redacted> + 1924
CoreFoundation                  0x184e8cda8 CFRunLoopRunSpecific + 552
WebCore                         0x18d119dcc <redacted> + 592
libsystem_pthread.dylib         0x184bed220 <redacted> + 272
libsystem_pthread.dylib         0x184bed110 _pthread_start + 292

Backtrace of Thread 19715:
libsystem_kernel.dylib          0x184a2be08 mach_msg_trap + 8
libsystem_kernel.dylib          0x184a2bc80 mach_msg + 72
CoreFoundation                  0x184f6ee40 <redacted> + 196
CoreFoundation                  0x184f6c908 <redacted> + 1568
CoreFoundation                  0x184e8cda8 CFRunLoopRunSpecific + 552
Foundation                      0x185901674 <redacted> + 304
Foundation                      0x1859014dc <redacted> + 84
UIKit                           0x18eb527e4 <redacted> + 136
Foundation                      0x185a11efc <redacted> + 1040
libsystem_pthread.dylib         0x184bed220 <redacted> + 272
libsystem_pthread.dylib         0x184bed110 _pthread_start + 292

Backtrace of Thread 13827:
libsystem_kernel.dylib          0x184a4dd84 __workq_kernreturn + 8
libsystem_pthread.dylib         0x184bebeb4 _pthread_wqthread + 928

Backtrace of Thread 40451:
libsystem_kernel.dylib          0x184a4d1cc __psynch_rw_unlock + 8
libsystem_pthread.dylib         0x184bf1968 <redacted> + 60
libobjc.A.dylib                 0x184189c20 <redacted> + 20
libobjc.A.dylib                 0x184189b34 <redacted> + 512
libobjc.A.dylib                 0x184194c38 <redacted> + 56
CoreFoundation                  0x184eb3178 <redacted> + 176
libobjc.A.dylib                 0x18419e13c <redacted> + 844
Foundation                      0x185b2f80c <redacted> + 1008
Foundation                      0x18590acd8 <redacted> + 3640
CoreFoundation                  0x184fcc280 <redacted> + 540
CoreFoundation                  0x184eb241c _CF_forwarding_prep_0 + 92
MobileCoreServices              0x186ea77c0 <redacted> + 152
UIKit                           0x18ec801b8 <redacted> + 56
LiveStreaming                   0x104cea738 -[EffectPlatform _commonParameters] + 596
LiveStreaming                   0x104cec814 __75+[EffectPlatform(EffectDownloader) downloadEffectListWithPanel:completion:]_block_invoke.292 + 192
LiveStreaming                   0x104ceb2e4 __35-[EffectPlatform _runInCacheQueue:]_block_invoke + 40
libdispatch.dylib               0x1848b8ae4 <redacted> + 16
libdispatch.dylib               0x1848c1640 <redacted> + 56
LiveStreaming                   0x104ceb288 -[EffectPlatform _runInCacheQueue:] + 216
LiveStreaming                   0x104cec328 __75+[EffectPlatform(EffectDownloader) downloadEffectListWithPanel:completion:]_block_invoke + 1196
LiveStreaming                   0x104cefa4c __98+[EffectPlatform(EffectDownloader) _requestWithURLString:parameters:cookie:httpMethod:completion:]_block_invoke_2 + 504
libdispatch.dylib               0x1848b8b24 <redacted> + 24
libdispatch.dylib               0x1848b8ae4 <redacted> + 16
libdispatch.dylib               0x1848c2a38 <redacted> + 608
libdispatch.dylib               0x1848c3380 <redacted> + 336
libdispatch.dylib               0x1848c3d4c <redacted> + 340
libdispatch.dylib               0x1848cc11c <redacted> + 668
libsystem_pthread.dylib         0x184bebe70 _pthread_wqthread + 860

Backtrace of Thread 25859:
libsystem_kernel.dylib          0x184a2be08 mach_msg_trap + 8
libsystem_kernel.dylib          0x184a2bc80 mach_msg + 72
libsystem_kernel.dylib          0x184a2df34 thread_get_state + 136
LiveStreaming                   0x10608e694 bs_mach_copyMem + 60
LiveStreaming                   0x10608ddd4 _bs_backtraceOfThread + 636
LiveStreaming                   0x10608e52c +[BSBacktraceLogger bs_backtraceOfAllThread] + 220
LiveStreaming                   0x105afdd64 __40+[IESDebugToolService startStuckMonitor]_block_invoke + 204
LiveStreaming                   0x105afb1e4 __36-[IESDebugStuckMonitor startMonitor]_block_invoke_2 + 112
CoreFoundation                  0x184f5ff38 <redacted> + 76
LiveStreaming                   0x105afb0dc __36-[IESDebugStuckMonitor startMonitor]_block_invoke + 436
Foundation                      0x1859eee88 <redacted> + 16
Foundation                      0x1859308d0 <redacted> + 72
Foundation                      0x18592fcac <redacted> + 848
Foundation                      0x1859f076c <redacted> + 404
libdispatch.dylib               0x1848b8ae4 <redacted> + 16
libdispatch.dylib               0x1848c0f18 <redacted> + 424
libdispatch.dylib               0x1848bf850 <redacted> + 604
libdispatch.dylib               0x1848c5d30 <redacted> + 588
libdispatch.dylib               0x1848c5a80 <redacted> + 120
libsystem_pthread.dylib         0x184bebfac _pthread_wqthread + 1176

Backtrace of Thread 26115:
libsystem_kernel.dylib          0x184a4dd84 __workq_kernreturn + 8
libsystem_pthread.dylib         0x184bebeb4 _pthread_wqthread + 928

Backtrace of Thread 26371:
libsystem_kernel.dylib          0x184a2e104 fsync + 8
Foundation                      0x1859583c4 <redacted> + 636
Foundation                      0x185a0ed38 <redacted> + 224
LiveStreaming                   0x105aefbd0 __41+[IESDebugFileLogger logText:title:type:]_block_invoke + 308
libdispatch.dylib               0x1848b8b24 <redacted> + 24
libdispatch.dylib               0x1848b8ae4 <redacted> + 16
libdispatch.dylib               0x1848c2a38 <redacted> + 608
libdispatch.dylib               0x1848c3380 <redacted> + 336
libdispatch.dylib               0x1848c3d4c <redacted> + 340
libdispatch.dylib               0x1848cc11c <redacted> + 668
libsystem_pthread.dylib         0x184bebe70 _pthread_wqthread + 860

Backtrace of Thread 26627:
libsystem_kernel.dylib          0x184a4dd84 __workq_kernreturn + 8
libsystem_pthread.dylib         0x184bebeb4 _pthread_wqthread + 928

Backtrace of Thread 36631:
CoreFoundation                  0x184e9d738 CFStringCreateMutable + 208
CoreFoundation                  0x184e9d6b8 CFStringCreateMutable + 80
CoreFoundation                  0x184f86704 _CFStringCreateWithFormatAndArgumentsAux2 + 72
Foundation                      0x185900b88 <redacted> + 68
LiveStreaming                   0x107c87090 +[NSString(YzRmNDdhMzAxZTAwZTBiOGRlOWY3OWVlNzBjN2VhMzQgIC0K) MDEwNzMzOGI1NzgwM2VkYTIzNDg0OWUxOWE4MDVjZTYgIC0K:] + 164
LiveStreaming                   0x107c8da10 -[SGMSafeGuardManager preprocessDataForScene:] + 208
LiveStreaming                   0x107c8d854 -[SGMSafeGuardManager p_uploadDataForScene:] + 132
libdispatch.dylib               0x1848b8ae4 <redacted> + 16
libdispatch.dylib               0x1848c0f18 <redacted> + 424
libdispatch.dylib               0x1848ca808 <redacted> + 1364
libdispatch.dylib               0x1848c28f0 <redacted> + 280
libdispatch.dylib               0x1848c3380 <redacted> + 336
libdispatch.dylib               0x1848c3d4c <redacted> + 340
libdispatch.dylib               0x1848cc11c <redacted> + 668
libsystem_pthread.dylib         0x184bebe70 _pthread_wqthread + 860

Backtrace of Thread 36099:
libsystem_kernel.dylib          0x184a4dd84 __workq_kernreturn + 8
libsystem_pthread.dylib         0x184bebeb4 _pthread_wqthread + 928

Backtrace of Thread 28423:
libsystem_kernel.dylib          0x184a2be08 mach_msg_trap + 8
libsystem_kernel.dylib          0x184a2bc80 mach_msg + 72
CoreFoundation                  0x184f6ee40 <redacted> + 196
CoreFoundation                  0x184f6c908 <redacted> + 1568
CoreFoundation                  0x184e8cda8 CFRunLoopRunSpecific + 552
Foundation                      0x185901674 <redacted> + 304
Foundation                      0x1859761a8 <redacted> + 88
LiveStreaming                   0x104b4ff6c +[AFURLConnectionOperation networkRequestThreadEntryPoint:] + 308
Foundation                      0x185a11efc <redacted> + 1040
libsystem_pthread.dylib         0x184bed220 <redacted> + 272
libsystem_pthread.dylib         0x184bed110 _pthread_start + 292

Backtrace of Thread 84747:
libsystem_kernel.dylib          0x184a2be08 mach_msg_trap + 8
libsystem_kernel.dylib          0x184a2bc80 mach_msg + 72
CoreFoundation                  0x184f6ee40 <redacted> + 196
CoreFoundation                  0x184f6c908 <redacted> + 1568
CoreFoundation                  0x184e8cda8 CFRunLoopRunSpecific + 552
CFNetwork                       0x18579a4b0 <redacted> + 220
Foundation                      0x185a11efc <redacted> + 1040
libsystem_pthread.dylib         0x184bed220 <redacted> + 272
libsystem_pthread.dylib         0x184bed110 _pthread_start + 292

Backtrace of Thread 76307:
libsystem_kernel.dylib          0x184a2be08 mach_msg_trap + 8
libsystem_kernel.dylib          0x184a2bc80 mach_msg + 72
CoreFoundation                  0x184f6ee40 <redacted> + 196
CoreFoundation                  0x184f6c908 <redacted> + 1568
CoreFoundation                  0x184e8cda8 CFRunLoopRunSpecific + 552
AVFAudio                        0x18a972424 <redacted> + 164
AVFAudio                        0x18a99c834 <redacted> + 88
libsystem_pthread.dylib         0x184bed220 <redacted> + 272
libsystem_pthread.dylib         0x184bed110 _pthread_start + 292

Backtrace of Thread 52491:
libsystem_kernel.dylib          0x184a4dd84 __workq_kernreturn + 8
libsystem_pthread.dylib         0x184bebeb4 _pthread_wqthread + 928

Backtrace of Thread 71439:
libsystem_kernel.dylib          0x184a4dd84 __workq_kernreturn + 8
libsystem_pthread.dylib         0x184bebeb4 _pthread_wqthread + 928

Backtrace of Thread 53771:
libsystem_kernel.dylib          0x184a2be5c semaphore_timedwait_trap + 8
libdispatch.dylib               0x1848bb0b0 <redacted> + 60
libdispatch.dylib               0x1848bb924 <redacted> + 72
libdispatch.dylib               0x1848c723c <redacted> + 256
libsystem_pthread.dylib         0x184bed220 <redacted> + 272
libsystem_pthread.dylib         0x184bed110 _pthread_start + 292

Backtrace of Thread 56075:
libsystem_kernel.dylib          0x184a4dd84 __workq_kernreturn + 8
libsystem_pthread.dylib         0x184bebeb4 _pthread_wqthread + 928

Backtrace of Thread 57387:
libsystem_kernel.dylib          0x184a4dd84 __workq_kernreturn + 8
libsystem_pthread.dylib         0x184bebeb4 _pthread_wqthread + 928

