Call Backtrace of 35 threads:
Backtrace of Thread 771:
libsystem_kernel.dylib          0x184a2be08 mach_msg_trap + 8
libsystem_kernel.dylib          0x184a2bc80 mach_msg + 72
AudioToolbox                    0x188d8b978 <redacted> + 144
AudioToolbox                    0x188d6aa14 AudioSessionSetActive_Priv + 316
AVFAudio                        0x18a977590 <redacted> + 84
LiveStreaming                   0x104a1ef88 -[AEAudioController stopInternal] + 432
LiveStreaming                   0x104a1edc0 -[AEAudioController stop] + 28
LiveStreaming                   0x104a07468 -[TTLiveAudioSource stop] + 144
LiveStreaming                   0x104a1b184 -[TTLiveStreamer audioSourceStop] + 84
LiveStreaming                   0x104a19c40 -[TTLiveStreamer stopWithReason:] + 204
LiveStreaming                   0x1044f24b0 -[IESLiveBroadCaster stopStreamer] + 136
LiveStreaming                   0x1044f1f38 -[IESLiveBroadCaster stop] + 40
LiveStreaming                   0x103cf0788 -[HTSLiveRecordStreamer stop] + 76
LiveStreaming                   0x103cf0fac -[HTSLiveRecordStreamer stopOutputWithNext:] + 68
LiveStreaming                   0x103cf86b0 -[HTSLiveRecordVideoDataPipe stopWorkingWithNext:] + 248
LiveStreaming                   0x103cf8848 -[HTSLiveRecordVideoDataPipe redirectOutput:] + 256
LiveStreaming                   0x103a2f790 -[HTSInteractivePKController enableInteractiveWithAccessKey:vendor:] + 164
LiveStreaming                   0x103bd5610 __93-[HTSLiveInteractivePKStore pr_replyInvivationWithAgree:channelId:inviteUid:matchType:close:]_block_invoke + 488
LiveStreaming                   0x103a74ea8 -[HTSLiveApi onRequest:finishedWithJsonObj:] + 1388
LiveStreaming                   0x103a74164 __18-[HTSLiveApi get:]_block_invoke + 672
LiveStreaming                   0x104adba8c __223-[TTNetworkHTTPClient requestForJSONWithURL:params:method:commonParams:headerField:pureChannelForJSONResponseSerializer:verifyRequest:requestSerializer:responseSerializer:responsePreprocessor:callback:callbackWithResponse:]_block_invoke + 292
LiveStreaming                   0x104ad9e3c __83-[TTNetworkHTTPClient _dataTaskWithRequest:responsePreprocessor:completionHandler:]_block_invoke_2 + 2392
LiveStreaming                   0x103540dc4 __72-[AFURLSessionManagerTaskDelegate URLSession:task:didCompleteWithError:]_block_invoke_2.72 + 224
libdispatch.dylib               0x1848b8b24 <redacted> + 24
libdispatch.dylib               0x1848b8ae4 <redacted> + 16
libdispatch.dylib               0x1848c5520 <redacted> + 564
CoreFoundation                  0x184f6f070 <redacted> + 12
CoreFoundation                  0x184f6cbc8 <redacted> + 2272
CoreFoundation                  0x184e8cda8 CFRunLoopRunSpecific + 552
GraphicsServices                0x186e6f020 GSEventRunModal + 100
UIKit                           0x18ee6d78c UIApplicationMain + 236
LiveStreaming                   0x103440db0 main + 124
libdyld.dylib                   0x18491dfc0 <redacted> + 4

Backtrace of Thread 8715:
libsystem_kernel.dylib          0x184a4d0f4 __psynch_cvwait + 8
libsystem_pthread.dylib         0x184befc90 <redacted> + 644
libc++.1.dylib                  0x1841042ec _ZNSt3__118condition_variable15__do_timed_waitERNS_11unique_lockINS_5mutexEEENS_6chrono10time_pointINS5_12system_clockENS5_8durationIxNS_5ratioILl1ELl1000000000EEEEEEE + 96
JavaScriptCore                  0x18c5e3430 <redacted> + 124
JavaScriptCore                  0x18c5e32e0 <redacted> + 112
JavaScriptCore                  0x18c5e2e24 <redacted> + 272
JavaScriptCore                  0x18c5e2b60 <redacted> + 12
JavaScriptCore                  0x18c5e2f7c <redacted> + 44
libsystem_pthread.dylib         0x184bed220 <redacted> + 272
libsystem_pthread.dylib         0x184bed110 _pthread_start + 292

Backtrace of Thread 7171:
libsystem_kernel.dylib          0x184a2be08 mach_msg_trap + 8
libsystem_kernel.dylib          0x184a2bc80 mach_msg + 72
CoreFoundation                  0x184f6ee40 <redacted> + 196
CoreFoundation                  0x184f6c908 <redacted> + 1568
CoreFoundation                  0x184e8cda8 CFRunLoopRunSpecific + 552
WebCore                         0x18d119dcc <redacted> + 592
libsystem_pthread.dylib         0x184bed220 <redacted> + 272
libsystem_pthread.dylib         0x184bed110 _pthread_start + 292

Backtrace of Thread 12291:
libsystem_kernel.dylib          0x184a2be08 mach_msg_trap + 8
libsystem_kernel.dylib          0x184a2bc80 mach_msg + 72
CoreFoundation                  0x184f6ee40 <redacted> + 196
CoreFoundation                  0x184f6c908 <redacted> + 1568
CoreFoundation                  0x184e8cda8 CFRunLoopRunSpecific + 552
Foundation                      0x185901674 <redacted> + 304
Foundation                      0x18590151c <redacted> + 148
UIKit                           0x18eb527e4 <redacted> + 136
Foundation                      0x185a11efc <redacted> + 1040
libsystem_pthread.dylib         0x184bed220 <redacted> + 272
libsystem_pthread.dylib         0x184bed110 _pthread_start + 292

Backtrace of Thread 27139:
libsystem_kernel.dylib          0x184a2be08 mach_msg_trap + 8
libsystem_kernel.dylib          0x184a2bc80 mach_msg + 72
libsystem_kernel.dylib          0x184a2df34 thread_get_state + 136
LiveStreaming                   0x104a62694 bs_mach_copyMem + 60
LiveStreaming                   0x104a61dd4 _bs_backtraceOfThread + 636
LiveStreaming                   0x104a6252c +[BSBacktraceLogger bs_backtraceOfAllThread] + 220
LiveStreaming                   0x1044d1d64 __40+[IESDebugToolService startStuckMonitor]_block_invoke + 204
LiveStreaming                   0x1044cf1e4 __36-[IESDebugStuckMonitor startMonitor]_block_invoke_2 + 112
CoreFoundation                  0x184f5ff38 <redacted> + 76
LiveStreaming                   0x1044cf0dc __36-[IESDebugStuckMonitor startMonitor]_block_invoke + 436
Foundation                      0x1859eee88 <redacted> + 16
Foundation                      0x1859308d0 <redacted> + 72
Foundation                      0x18592fcac <redacted> + 848
Foundation                      0x1859f076c <redacted> + 404
libdispatch.dylib               0x1848b8ae4 <redacted> + 16
libdispatch.dylib               0x1848c0f18 <redacted> + 424
libdispatch.dylib               0x1848bf850 <redacted> + 604
libdispatch.dylib               0x1848c5d30 <redacted> + 588
libdispatch.dylib               0x1848c5a80 <redacted> + 120
libsystem_pthread.dylib         0x184bebfac _pthread_wqthread + 1176

Backtrace of Thread 37147:
libsystem_kernel.dylib          0x184a2be08 mach_msg_trap + 8
libsystem_kernel.dylib          0x184a2bc80 mach_msg + 72
CoreFoundation                  0x184f6ee40 <redacted> + 196
CoreFoundation                  0x184f6c908 <redacted> + 1568
CoreFoundation                  0x184e8cda8 CFRunLoopRunSpecific + 552
Foundation                      0x185901674 <redacted> + 304
Foundation                      0x1859761a8 <redacted> + 88
LiveStreaming                   0x103523f6c +[AFURLConnectionOperation networkRequestThreadEntryPoint:] + 308
Foundation                      0x185a11efc <redacted> + 1040
libsystem_pthread.dylib         0x184bed220 <redacted> + 272
libsystem_pthread.dylib         0x184bed110 _pthread_start + 292

Backtrace of Thread 45063:
libsystem_kernel.dylib          0x184a2be08 mach_msg_trap + 8
libsystem_kernel.dylib          0x184a2bc80 mach_msg + 72
CoreFoundation                  0x184f6ee40 <redacted> + 196
CoreFoundation                  0x184f6c908 <redacted> + 1568
CoreFoundation                  0x184e8cda8 CFRunLoopRunSpecific + 552
CFNetwork                       0x18579a4b0 <redacted> + 220
Foundation                      0x185a11efc <redacted> + 1040
libsystem_pthread.dylib         0x184bed220 <redacted> + 272
libsystem_pthread.dylib         0x184bed110 _pthread_start + 292

Backtrace of Thread 52751:
libsystem_kernel.dylib          0x184a4d0f4 __psynch_cvwait + 8
libsystem_pthread.dylib         0x184befc90 <redacted> + 644
Foundation                      0x185935be8 <redacted> + 780
Foundation                      0x18592a170 <redacted> + 236
CoreFoundation                  0x184f58c3c <redacted> + 20
CoreFoundation                  0x184f581b8 <redacted> + 428
CoreFoundation                  0x184f57f14 <redacted> + 216
CoreFoundation                  0x184fd584c <redacted> + 1408
CoreFoundation                  0x184e8ef38 _CFXNotificationPost + 384
Foundation                      0x1858ffbbc <redacted> + 68
AVFAudio                        0x18a97494c <redacted> + 1096
AVFAudio                        0x18a973f08 <redacted> + 1764
AudioToolbox                    0x188c37cc0 <redacted> + 744
AudioToolbox                    0x188d2aa3c <redacted> + 224
AudioToolbox                    0x188d69754 <redacted> + 644
AudioToolbox                    0x188d6dcb4 <redacted> + 292
AudioToolbox                    0x188d6d110 <redacted> + 1496
AudioToolbox                    0x188d6c84c <redacted> + 584
AudioToolbox                    0x188c282a8 <redacted> + 52
AudioToolbox                    0x188f0f210 <redacted> + 232
CoreFoundation                  0x184f6fae8 <redacted> + 56
CoreFoundation                  0x184f6f230 <redacted> + 440
CoreFoundation                  0x184f6cc80 <redacted> + 2456
CoreFoundation                  0x184e8cda8 CFRunLoopRunSpecific + 552
AVFAudio                        0x18a972424 <redacted> + 164
AVFAudio                        0x18a99c834 <redacted> + 88
libsystem_pthread.dylib         0x184bed220 <redacted> + 272
libsystem_pthread.dylib         0x184bed110 _pthread_start + 292

Backtrace of Thread 67623:
libsystem_kernel.dylib          0x184a2be08 mach_msg_trap + 8
libsystem_kernel.dylib          0x184a2bc80 mach_msg + 72
CoreFoundation                  0x184f6ee40 <redacted> + 196
CoreFoundation                  0x184f6c908 <redacted> + 1568
CoreFoundation                  0x184e8cda8 CFRunLoopRunSpecific + 552
CoreFoundation                  0x184edcb28 CFRunLoopRun + 116
CoreMotion                      0x18a46d9dc CLStartStopAdvertisingBeacon + 231572
libsystem_pthread.dylib         0x184bed220 <redacted> + 272
libsystem_pthread.dylib         0x184bed110 _pthread_start + 292

Backtrace of Thread 64275:
libsystem_kernel.dylib          0x184a2be08 mach_msg_trap + 8
libsystem_kernel.dylib          0x184a2bc80 mach_msg + 72
CoreFoundation                  0x184f6ee40 <redacted> + 196
CoreFoundation                  0x184f6c908 <redacted> + 1568
CoreFoundation                  0x184e8cda8 CFRunLoopRunSpecific + 552
GeoServices                     0x18b2356cc <redacted> + 468
libsystem_pthread.dylib         0x184bed220 <redacted> + 272
libsystem_pthread.dylib         0x184bed110 _pthread_start + 292

Backtrace of Thread 90119:
libsystem_kernel.dylib          0x184a4d0f4 __psynch_cvwait + 8
libsystem_pthread.dylib         0x184befc90 <redacted> + 644
libc++.1.dylib                  0x18410425c _ZNSt3__118condition_variable4waitERNS_11unique_lockINS_5mutexEEE + 24
LiveStreaming                   0x1058d001c _ZN3BRC9SyncQueueINSt3__110shared_ptrINS_4TaskEEEE4TakeERS4_ + 80
LiveStreaming                   0x1058cfa7c _ZN3BRC18SingleThreadWorker4workEv + 176
LiveStreaming                   0x1058d0260 _ZNSt3__114__thread_proxyINS_5tupleIJNS_10unique_ptrINS_15__thread_structENS_14default_deleteIS3_EEEEMN3BRC18SingleThreadWorkerEFvvEPS8_EEEEEPvSD_ + 64
libsystem_pthread.dylib         0x184bed220 <redacted> + 272
libsystem_pthread.dylib         0x184bed110 _pthread_start + 292

Backtrace of Thread 172555:
libsystem_kernel.dylib          0x184a4d0f4 __psynch_cvwait + 8
libsystem_pthread.dylib         0x184befc90 <redacted> + 644
libc++.1.dylib                  0x18410425c _ZNSt3__118condition_variable4waitERNS_11unique_lockINS_5mutexEEE + 24
LiveStreaming                   0x1058d001c _ZN3BRC9SyncQueueINSt3__110shared_ptrINS_4TaskEEEE4TakeERS4_ + 80
LiveStreaming                   0x1058cfa7c _ZN3BRC18SingleThreadWorker4workEv + 176
LiveStreaming                   0x1058d0260 _ZNSt3__114__thread_proxyINS_5tupleIJNS_10unique_ptrINS_15__thread_structENS_14default_deleteIS3_EEEEMN3BRC18SingleThreadWorkerEFvvEPS8_EEEEEPvSD_ + 64
libsystem_pthread.dylib         0x184bed220 <redacted> + 272
libsystem_pthread.dylib         0x184bed110 _pthread_start + 292

Backtrace of Thread 168251:
libsystem_kernel.dylib          0x184a4d538 select$DARWIN_EXTSN + 8
CoreFoundation                  0x184f77378 <redacted> + 644
libsystem_pthread.dylib         0x184bed220 <redacted> + 272
libsystem_pthread.dylib         0x184bed110 _pthread_start + 292

Backtrace of Thread 99899:
libsystem_kernel.dylib          0x184a2be08 mach_msg_trap + 8
libsystem_kernel.dylib          0x184a2bc80 mach_msg + 72
CoreFoundation                  0x184f6ee40 <redacted> + 196
CoreFoundation                  0x184f6c908 <redacted> + 1568
CoreFoundation                  0x184e8cda8 CFRunLoopRunSpecific + 552
Foundation                      0x185901674 <redacted> + 304
LiveStreaming                   0x10497cdb8 -[_SRRunLoopThread main] + 360
Foundation                      0x185a11efc <redacted> + 1040
libsystem_pthread.dylib         0x184bed220 <redacted> + 272
libsystem_pthread.dylib         0x184bed110 _pthread_start + 292

Backtrace of Thread 108367:
libsystem_kernel.dylib          0x184a2be08 mach_msg_trap + 8
libsystem_kernel.dylib          0x184a2bc80 mach_msg + 72
LiveStreaming                   0x1065ace3c CLSMachExceptionServer + 100
libsystem_pthread.dylib         0x184bed220 <redacted> + 272
libsystem_pthread.dylib         0x184bed110 _pthread_start + 292

Backtrace of Thread 152679:
libsystem_kernel.dylib          0x184a4d0f4 __psynch_cvwait + 8
libsystem_pthread.dylib         0x184befc90 <redacted> + 644
LiveStreaming                   0x1060e16fc _ZN8AgoraRTC10EventPosix4WaitEm + 244
LiveStreaming                   0x1060eef7c _ZN8AgoraRTC9TraceImpl3RunEPv + 40
LiveStreaming                   0x1060eeb28 _ZN8AgoraRTC11ThreadPosix3RunEv + 160
LiveStreaming                   0x1060ee974 _ZN8AgoraRTC11StartThreadEPv + 12
libsystem_pthread.dylib         0x184bed220 <redacted> + 272
libsystem_pthread.dylib         0x184bed110 _pthread_start + 292

Backtrace of Thread 152859:
libsystem_kernel.dylib          0x184a4d0f4 __psynch_cvwait + 8
libsystem_pthread.dylib         0x184befc90 <redacted> + 644
libc++.1.dylib                  0x18410425c _ZNSt3__118condition_variable4waitERNS_11unique_lockINS_5mutexEEE + 24
LiveStreaming                   0x1064a2c94 _ZN5agora7commons10async_task3runENSt3__110shared_ptrINS1_11thread_dataEEE + 164
LiveStreaming                   0x1064a2ef8 _ZNSt3__114__thread_proxyINS_5tupleIJNS_6__bindIPFvNS_10shared_ptrIN5agora7commons10async_task11thread_dataEEEEJRS8_EEEEEEEEPvSE_ + 124
libsystem_pthread.dylib         0x184bed220 <redacted> + 272
libsystem_pthread.dylib         0x184bed110 _pthread_start + 292

Backtrace of Thread 108575:
libsystem_kernel.dylib          0x184a303e4 poll + 8
LiveStreaming                   0x106496e20 poll_dispatch + 188
LiveStreaming                   0x10648bff8 event_base_loop + 888
LiveStreaming                   0x1063d0254 _ZN5agora3rtc9RtcEngine3runEv + 64
LiveStreaming                   0x1064abe2c _ZNSt3__114__thread_proxyINS_5tupleIJNS_6__bindIMN5agora3rtc9RtcEngineEFvvEJPS5_EEEEEEEEPvSB_ + 116
libsystem_pthread.dylib         0x184bed220 <redacted> + 272
libsystem_pthread.dylib         0x184bed110 _pthread_start + 292

Backtrace of Thread 137359:
libsystem_kernel.dylib          0x184a4d118 __psynch_mutexdrop + 8
libsystem_pthread.dylib         0x184bf0a34 <redacted> + 48
CoreFoundation                  0x184e8bbf4 CFRunLoopWakeUp + 388
libdispatch.dylib               0x1848b8b24 <redacted> + 24
libdispatch.dylib               0x1848b8ae4 <redacted> + 16
libdispatch.dylib               0x1848c5e80 <redacted> + 924
libdispatch.dylib               0x1848c5a80 <redacted> + 120
libsystem_pthread.dylib         0x184bebfac _pthread_wqthread + 1176

Backtrace of Thread 158483:
libsystem_kernel.dylib          0x184a4dd84 __workq_kernreturn + 8
libsystem_pthread.dylib         0x184bebeb4 _pthread_wqthread + 928

Fail to get information about thread: 117631Fail to get frame pointerBacktrace of Thread 138775:
libsystem_kernel.dylib          0x184a4dd84 __workq_kernreturn + 8
libsystem_pthread.dylib         0x184bebeb4 _pthread_wqthread + 928

Backtrace of Thread 140839:
libsystem_kernel.dylib          0x184a4dd84 __workq_kernreturn + 8
libsystem_pthread.dylib         0x184bebeb4 _pthread_wqthread + 928

Backtrace of Thread 131255:
libsystem_kernel.dylib          0x184a4dd84 __workq_kernreturn + 8
libsystem_pthread.dylib         0x184bec0a0 _pthread_wqthread + 1420

Backtrace of Thread 183159:
LiveStreaming                   0x1060ccf28 ScaleFilterCols_NEON + 92
LiveStreaming                   0x1060c8528 ScaleFilterCols_Any_NEON + 76
LiveStreaming                   0x1060c8528 ScaleFilterCols_Any_NEON + 76
LiveStreaming                   0x1060c5c7c ScalePlaneBilinearDown + 528
LiveStreaming                   0x1060c7b30 I420Scale + 452
LiveStreaming                   0x1060ce4e0 _ZN8AgoraRTC6Scaler5ScaleERKNS_14I420VideoFrameEPS1_ + 488
LiveStreaming                   0x10608e5f0 _ZN8AgoraRTC25VPMSimpleSpatialResampler13ResampleFrameERKNS_14I420VideoFrameEPS1_ + 196
LiveStreaming                   0x10608e2dc _ZN8AgoraRTC20VPMFramePreprocessor15PreprocessFrameERKNS_14I420VideoFrameEPPS1_iii + 2004
LiveStreaming                   0x10608f888 _ZN8AgoraRTC25VideoProcessingModuleImpl15PreprocessFrameERKNS_14I420VideoFrameEPPS1_iii + 96
LiveStreaming                   0x105f7f0cc _ZN5agora5media11VideoEngine12DeliverFrameEiPN8AgoraRTC14I420VideoFrameEiPKj + 244
LiveStreaming                   0x105f73654 _ZN15PipelineManager7DeliverEPvS0_iiiiiiixi + 1696
LiveStreaming                   0x1063e9da8 -[AgoraRtcEngineKit pushRawData:stride:height:cropLeft:cropTop:cropRight:cropBottom:rotation:timeStamp:format:] + 100
LiveStreaming                   0x1063ea4d8 -[AgoraRtcEngineKit pushExternalVideoFrame:] + 556
LiveStreaming                   0x1049de6dc -[AgoraClient processVideo:timeInfo:] + 612
LiveStreaming                   0x103c224c4 -[HTSLiveLinkmicMediaService writePixelBuffer:timeInfo:] + 144
LiveStreaming                   0x103cf84bc -[HTSLiveRecordVideoDataPipe processPixelBuffer:timeInfo:] + 312
LiveStreaming                   0x103cecc88 __42-[HTSLiveRecordCameraProcesser startInput]_block_invoke + 584
LiveStreaming                   0x104664500 __30-[IESCamera startVideoCapture]_block_invoke_2 + 588
LiveStreaming                   0x104552530 -[HTSCameraKit captureOutput:didOutputSampleBuffer:fromConnection:] + 748
AVFoundation                    0x18aac45c0 <redacted> + 344
AVFoundation                    0x18aac43d8 <redacted> + 100
CoreMedia                       0x1882b26e8 <redacted> + 272
CoreMedia                       0x1882cf340 <redacted> + 224
libdispatch.dylib               0x1848b8ae4 <redacted> + 16
libdispatch.dylib               0x1848c0f18 <redacted> + 424
libdispatch.dylib               0x1848ca808 <redacted> + 1364
libdispatch.dylib               0x1848c28f0 <redacted> + 280
libdispatch.dylib               0x1848c3380 <redacted> + 336
libdispatch.dylib               0x1848c28f0 <redacted> + 280
libdispatch.dylib               0x1848c3380 <redacted> + 336
libdispatch.dylib               0x1848c3d4c <redacted> + 340
libdispatch.dylib               0x1848cc11c <redacted> + 668
libsystem_pthread.dylib         0x184bebe70 _pthread_wqthread + 860

Backtrace of Thread 182907:
libsystem_kernel.dylib          0x184a4dd84 __workq_kernreturn + 8
libsystem_pthread.dylib         0x184bebeb4 _pthread_wqthread + 928

Fail to get information about thread: 176507Fail to get information about thread: 143223Fail to get information about thread: 128863Backtrace of Thread 146995:
libsystem_kernel.dylib          0x184a4dd84 __workq_kernreturn + 8
libsystem_pthread.dylib         0x184bebeb4 _pthread_wqthread + 928

Fail to get information about thread: 341911Backtrace of Thread 183639:
libsystem_kernel.dylib          0x184a4dd84 __workq_kernreturn + 8
libsystem_pthread.dylib         0x184bebeb4 _pthread_wqthread + 928

Backtrace of Thread 345171:
libsystem_kernel.dylib          0x184a2be5c semaphore_timedwait_trap + 8
libdispatch.dylib               0x1848bb0b0 <redacted> + 60
libdispatch.dylib               0x1848bb924 <redacted> + 72
libdispatch.dylib               0x1848c723c <redacted> + 256
libsystem_pthread.dylib         0x184bed220 <redacted> + 272
libsystem_pthread.dylib         0x184bed110 _pthread_start + 292

Backtrace of Thread 339207:
libsystem_kernel.dylib          0x184a2be5c semaphore_timedwait_trap + 8
libdispatch.dylib               0x1848bb0b0 <redacted> + 60
libdispatch.dylib               0x1848bb924 <redacted> + 72
libdispatch.dylib               0x1848c723c <redacted> + 256
libsystem_pthread.dylib         0x184bed220 <redacted> + 272
libsystem_pthread.dylib         0x184bed110 _pthread_start + 292

