Call Backtrace of 33 threads:
Backtrace of Thread 771:
libsystem_kernel.dylib          0x184a2be08 mach_msg_trap + 8
libsystem_kernel.dylib          0x184a2bc80 mach_msg + 72
AudioToolbox                    0x188d8b978 <redacted> + 144
AudioToolbox                    0x188d6aa14 AudioSessionSetActive_Priv + 316
AVFAudio                        0x18a977590 <redacted> + 84
LiveStreaming                   0x104a1ef88 -[AEAudioController stopInternal] + 432
LiveStreaming                   0x104a1edc0 -[AEAudioController stop] + 28
LiveStreaming                   0x104a07468 -[TTLiveAudioSource stop] + 144
LiveStreaming                   0x104a1b184 -[TTLiveStreamer audioSourceStop] + 84
LiveStreaming                   0x104a19c40 -[TTLiveStreamer stopWithReason:] + 204
LiveStreaming                   0x1044f24b0 -[IESLiveBroadCaster stopStreamer] + 136
LiveStreaming                   0x1044f1f38 -[IESLiveBroadCaster stop] + 40
LiveStreaming                   0x103cf0788 -[HTSLiveRecordStreamer stop] + 76
LiveStreaming                   0x103cf0fac -[HTSLiveRecordStreamer stopOutputWithNext:] + 68
LiveStreaming                   0x103cf86b0 -[HTSLiveRecordVideoDataPipe stopWorkingWithNext:] + 248
LiveStreaming                   0x103cf8848 -[HTSLiveRecordVideoDataPipe redirectOutput:] + 256
LiveStreaming                   0x103a16b0c -[HTSInteractiveAnchorController enableInteractiveWithAccessKey:vendor:] + 164
LiveStreaming                   0x103a14cec __44-[HTSInteractiveAnchorController bindStore:]_block_invoke.306 + 288
LiveStreaming                   0x10491ccb0 -[RACSubscriber sendNext:] + 228
LiveStreaming                   0x1048e2fa8 -[RACPassthroughSubscriber sendNext:] + 444
LiveStreaming                   0x10490dcec __29-[RACSignal(RACStream) bind:]_block_invoke_2.95 + 84
LiveStreaming                   0x10491ccb0 -[RACSubscriber sendNext:] + 228
LiveStreaming                   0x1048e6694 __29-[RACReturnSignal subscribe:]_block_invoke + 100
LiveStreaming                   0x10491dc28 -[RACSubscriptionScheduler schedule:] + 632
LiveStreaming                   0x1048e65d8 -[RACReturnSignal subscribe:] + 616
LiveStreaming                   0x104911a24 -[RACSignal(Subscription) subscribeNext:error:completed:] + 1420
LiveStreaming                   0x10490dbc8 __29-[RACSignal(RACStream) bind:]_block_invoke.87 + 528
LiveStreaming                   0x10490e1d0 __29-[RACSignal(RACStream) bind:]_block_invoke.122 + 184
LiveStreaming                   0x10491ccb0 -[RACSubscriber sendNext:] + 228
LiveStreaming                   0x1048e2fa8 -[RACPassthroughSubscriber sendNext:] + 444
LiveStreaming                   0x10490dcec __29-[RACSignal(RACStream) bind:]_block_invoke_2.95 + 84
LiveStreaming                   0x10491ccb0 -[RACSubscriber sendNext:] + 228
LiveStreaming                   0x1048e6694 __29-[RACReturnSignal subscribe:]_block_invoke + 100
LiveStreaming                   0x10491dc28 -[RACSubscriptionScheduler schedule:] + 632
LiveStreaming                   0x1048e65d8 -[RACReturnSignal subscribe:] + 616
LiveStreaming                   0x104911a24 -[RACSignal(Subscription) subscribeNext:error:completed:] + 1420
LiveStreaming                   0x10490dbc8 __29-[RACSignal(RACStream) bind:]_block_invoke.87 + 528
LiveStreaming                   0x10490e1d0 __29-[RACSignal(RACStream) bind:]_block_invoke.122 + 184
LiveStreaming                   0x10491ccb0 -[RACSubscriber sendNext:] + 228
LiveStreaming                   0x1048e2fa8 -[RACPassthroughSubscriber sendNext:] + 444
LiveStreaming                   0x1048fe228 __35-[RACSignal(Operations) takeUntil:]_block_invoke.595 + 84
LiveStreaming                   0x10491ccb0 -[RACSubscriber sendNext:] + 228
LiveStreaming                   0x1048e2fa8 -[RACPassthroughSubscriber sendNext:] + 444
LiveStreaming                   0x1048c86fc __84-[NSObject(RACPropertySubscribing) rac_valuesAndChangesForKeyPath:options:observer:]_block_invoke.46 + 532
LiveStreaming                   0x1048c5ba8 __69-[NSObject(RACKVOWrapper) rac_observeKeyPath:options:observer:block:]_block_invoke.81 + 740
LiveStreaming                   0x1048e1b08 -[RACKVOTrampoline observeValueForKeyPath:ofObject:change:context:] + 516
LiveStreaming                   0x1048e09fc -[RACKVOProxy observeValueForKeyPath:ofObject:change:context:] + 472
Foundation                      0x1859552f8 <redacted> + 304
Foundation                      0x185954e30 <redacted> + 380
Foundation                      0x18592c5a4 <redacted> + 664

Backtrace of Thread 8715:
libsystem_kernel.dylib          0x184a4d0f4 __psynch_cvwait + 8
libsystem_pthread.dylib         0x184befc90 <redacted> + 644
libc++.1.dylib                  0x18410425c _ZNSt3__118condition_variable4waitERNS_11unique_lockINS_5mutexEEE + 24
JavaScriptCore                  0x18c5e31a4 <redacted> + 104
JavaScriptCore                  0x18c5e2db8 <redacted> + 164
JavaScriptCore                  0x18c5e2b60 <redacted> + 12
JavaScriptCore                  0x18c5e2f7c <redacted> + 44
libsystem_pthread.dylib         0x184bed220 <redacted> + 272
libsystem_pthread.dylib         0x184bed110 _pthread_start + 292

Backtrace of Thread 7171:
libsystem_kernel.dylib          0x184a2be08 mach_msg_trap + 8
libsystem_kernel.dylib          0x184a2bc80 mach_msg + 72
CoreFoundation                  0x184f6ee40 <redacted> + 196
CoreFoundation                  0x184f6c908 <redacted> + 1568
CoreFoundation                  0x184e8cda8 CFRunLoopRunSpecific + 552
WebCore                         0x18d119dcc <redacted> + 592
libsystem_pthread.dylib         0x184bed220 <redacted> + 272
libsystem_pthread.dylib         0x184bed110 _pthread_start + 292

Backtrace of Thread 12291:
libsystem_kernel.dylib          0x184a2be08 mach_msg_trap + 8
libsystem_kernel.dylib          0x184a2bc80 mach_msg + 72
CoreFoundation                  0x184f6ee40 <redacted> + 196
CoreFoundation                  0x184f6c908 <redacted> + 1568
CoreFoundation                  0x184e8cda8 CFRunLoopRunSpecific + 552
Foundation                      0x185901674 <redacted> + 304
Foundation                      0x18590151c <redacted> + 148
UIKit                           0x18eb527e4 <redacted> + 136
Foundation                      0x185a11efc <redacted> + 1040
libsystem_pthread.dylib         0x184bed220 <redacted> + 272
libsystem_pthread.dylib         0x184bed110 _pthread_start + 292

Backtrace of Thread 27139:
libsystem_kernel.dylib          0x184a2be08 mach_msg_trap + 8
libsystem_kernel.dylib          0x184a2bc80 mach_msg + 72
libsystem_kernel.dylib          0x184a2df34 thread_get_state + 136
LiveStreaming                   0x104a62694 bs_mach_copyMem + 60
LiveStreaming                   0x104a61dd4 _bs_backtraceOfThread + 636
LiveStreaming                   0x104a6252c +[BSBacktraceLogger bs_backtraceOfAllThread] + 220
LiveStreaming                   0x1044d1d64 __40+[IESDebugToolService startStuckMonitor]_block_invoke + 204
LiveStreaming                   0x1044cf1e4 __36-[IESDebugStuckMonitor startMonitor]_block_invoke_2 + 112
CoreFoundation                  0x184f5ff38 <redacted> + 76
LiveStreaming                   0x1044cf0dc __36-[IESDebugStuckMonitor startMonitor]_block_invoke + 436
Foundation                      0x1859eee88 <redacted> + 16
Foundation                      0x1859308d0 <redacted> + 72
Foundation                      0x18592fcac <redacted> + 848
Foundation                      0x1859f076c <redacted> + 404
libdispatch.dylib               0x1848b8ae4 <redacted> + 16
libdispatch.dylib               0x1848c0f18 <redacted> + 424
libdispatch.dylib               0x1848bf850 <redacted> + 604
libdispatch.dylib               0x1848c5d30 <redacted> + 588
libdispatch.dylib               0x1848c5a80 <redacted> + 120
libsystem_pthread.dylib         0x184bebfac _pthread_wqthread + 1176

Backtrace of Thread 37147:
libsystem_kernel.dylib          0x184a2be08 mach_msg_trap + 8
libsystem_kernel.dylib          0x184a2bc80 mach_msg + 72
CoreFoundation                  0x184f6ee40 <redacted> + 196
CoreFoundation                  0x184f6c908 <redacted> + 1568
CoreFoundation                  0x184e8cda8 CFRunLoopRunSpecific + 552
Foundation                      0x185901674 <redacted> + 304
Foundation                      0x1859761a8 <redacted> + 88
LiveStreaming                   0x103523f6c +[AFURLConnectionOperation networkRequestThreadEntryPoint:] + 308
Foundation                      0x185a11efc <redacted> + 1040
libsystem_pthread.dylib         0x184bed220 <redacted> + 272
libsystem_pthread.dylib         0x184bed110 _pthread_start + 292

Backtrace of Thread 45063:
libsystem_kernel.dylib          0x184a2be08 mach_msg_trap + 8
libsystem_kernel.dylib          0x184a2bc80 mach_msg + 72
CoreFoundation                  0x184f6ee40 <redacted> + 196
CoreFoundation                  0x184f6c908 <redacted> + 1568
CoreFoundation                  0x184e8cda8 CFRunLoopRunSpecific + 552
CFNetwork                       0x18579a4b0 <redacted> + 220
Foundation                      0x185a11efc <redacted> + 1040
libsystem_pthread.dylib         0x184bed220 <redacted> + 272
libsystem_pthread.dylib         0x184bed110 _pthread_start + 292

Backtrace of Thread 52751:
libsystem_kernel.dylib          0x184a2be08 mach_msg_trap + 8
libsystem_kernel.dylib          0x184a2bc80 mach_msg + 72
AudioToolbox                    0x188d8be48 <redacted> + 184
AudioToolbox                    0x188d6c740 <redacted> + 316
AudioToolbox                    0x188c282a8 <redacted> + 52
AudioToolbox                    0x188f0f210 <redacted> + 232
CoreFoundation                  0x184f6fae8 <redacted> + 56
CoreFoundation                  0x184f6f230 <redacted> + 440
CoreFoundation                  0x184f6cc80 <redacted> + 2456
CoreFoundation                  0x184e8cda8 CFRunLoopRunSpecific + 552
AVFAudio                        0x18a972424 <redacted> + 164
AVFAudio                        0x18a99c834 <redacted> + 88
libsystem_pthread.dylib         0x184bed220 <redacted> + 272
libsystem_pthread.dylib         0x184bed110 _pthread_start + 292

Backtrace of Thread 67623:
libsystem_kernel.dylib          0x184a2be08 mach_msg_trap + 8
libsystem_kernel.dylib          0x184a2bc80 mach_msg + 72
CoreFoundation                  0x184f6ee40 <redacted> + 196
CoreFoundation                  0x184f6c908 <redacted> + 1568
CoreFoundation                  0x184e8cda8 CFRunLoopRunSpecific + 552
CoreFoundation                  0x184edcb28 CFRunLoopRun + 116
CoreMotion                      0x18a46d9dc CLStartStopAdvertisingBeacon + 231572
libsystem_pthread.dylib         0x184bed220 <redacted> + 272
libsystem_pthread.dylib         0x184bed110 _pthread_start + 292

Backtrace of Thread 64275:
libsystem_kernel.dylib          0x184a2be08 mach_msg_trap + 8
libsystem_kernel.dylib          0x184a2bc80 mach_msg + 72
CoreFoundation                  0x184f6ee40 <redacted> + 196
CoreFoundation                  0x184f6c908 <redacted> + 1568
CoreFoundation                  0x184e8cda8 CFRunLoopRunSpecific + 552
GeoServices                     0x18b2356cc <redacted> + 468
libsystem_pthread.dylib         0x184bed220 <redacted> + 272
libsystem_pthread.dylib         0x184bed110 _pthread_start + 292

Backtrace of Thread 168251:
libsystem_kernel.dylib          0x184a4d538 select$DARWIN_EXTSN + 8
CoreFoundation                  0x184f77378 <redacted> + 644
libsystem_pthread.dylib         0x184bed220 <redacted> + 272
libsystem_pthread.dylib         0x184bed110 _pthread_start + 292

Backtrace of Thread 99899:
libsystem_kernel.dylib          0x184a2be08 mach_msg_trap + 8
libsystem_kernel.dylib          0x184a2bc80 mach_msg + 72
CoreFoundation                  0x184f6ee40 <redacted> + 196
CoreFoundation                  0x184f6c908 <redacted> + 1568
CoreFoundation                  0x184e8cda8 CFRunLoopRunSpecific + 552
Foundation                      0x185901674 <redacted> + 304
LiveStreaming                   0x10497cdb8 -[_SRRunLoopThread main] + 360
Foundation                      0x185a11efc <redacted> + 1040
libsystem_pthread.dylib         0x184bed220 <redacted> + 272
libsystem_pthread.dylib         0x184bed110 _pthread_start + 292

Backtrace of Thread 108367:
libsystem_kernel.dylib          0x184a2be08 mach_msg_trap + 8
libsystem_kernel.dylib          0x184a2bc80 mach_msg + 72
LiveStreaming                   0x1065ace3c CLSMachExceptionServer + 100
libsystem_pthread.dylib         0x184bed220 <redacted> + 272
libsystem_pthread.dylib         0x184bed110 _pthread_start + 292

Backtrace of Thread 152679:
libsystem_kernel.dylib          0x184a4d0f4 __psynch_cvwait + 8
libsystem_pthread.dylib         0x184befc90 <redacted> + 644
LiveStreaming                   0x1060e16fc _ZN8AgoraRTC10EventPosix4WaitEm + 244
LiveStreaming                   0x1060eef7c _ZN8AgoraRTC9TraceImpl3RunEPv + 40
LiveStreaming                   0x1060eeb28 _ZN8AgoraRTC11ThreadPosix3RunEv + 160
LiveStreaming                   0x1060ee974 _ZN8AgoraRTC11StartThreadEPv + 12
libsystem_pthread.dylib         0x184bed220 <redacted> + 272
libsystem_pthread.dylib         0x184bed110 _pthread_start + 292

Backtrace of Thread 152859:
libsystem_kernel.dylib          0x184a4d0f4 __psynch_cvwait + 8
libsystem_pthread.dylib         0x184befc90 <redacted> + 644
libc++.1.dylib                  0x18410425c _ZNSt3__118condition_variable4waitERNS_11unique_lockINS_5mutexEEE + 24
LiveStreaming                   0x1064a2c94 _ZN5agora7commons10async_task3runENSt3__110shared_ptrINS1_11thread_dataEEE + 164
LiveStreaming                   0x1064a2ef8 _ZNSt3__114__thread_proxyINS_5tupleIJNS_6__bindIPFvNS_10shared_ptrIN5agora7commons10async_task11thread_dataEEEEJRS8_EEEEEEEEPvSE_ + 124
libsystem_pthread.dylib         0x184bed220 <redacted> + 272
libsystem_pthread.dylib         0x184bed110 _pthread_start + 292

Backtrace of Thread 108575:
libsystem_kernel.dylib          0x184a4d118 __psynch_mutexdrop + 8
libsystem_pthread.dylib         0x184bf0a34 <redacted> + 48
AudioToolbox                    0x188f0e9c4 <redacted> + 68
AudioToolbox                    0x188f2f41c <redacted> + 96
LiveStreaming                   0x105f9b56c _ZN8AgoraRTC14AudioDeviceIOS12StartPlayoutEv + 144
LiveStreaming                   0x105f974a0 _ZN8AgoraRTC21AudioDeviceModuleImpl12StartPlayoutEv + 68
LiveStreaming                   0x105f55148 _ZN8AgoraRTC11ChEBaseImpl12StartPlayoutEv + 284
LiveStreaming                   0x105f3d614 _ZN5agora5media18AudioEngineWrapper9startCallEv + 316
LiveStreaming                   0x106408604 _ZN5agora3rtc3che10ChatEngine9startCallEv + 128
LiveStreaming                   0x1064070b0 _ZN5agora3rtc3che10ChatEngine15onJoinedChannelEv + 136
LiveStreaming                   0x1064bc468 _ZN7sigslot8internal11_connectionIN5agora3rtc3che10ChatEngineENS_6thread2stEJiEE4emitEi + 36
LiveStreaming                   0x10642c7a4 _ZN5agora3rtc11CallManager20onJoinChannelSuccessEi + 76
LiveStreaming                   0x106467ca4 _ZN5agora3rtc9VosClient13onJoinSuccessEv + 400
LiveStreaming                   0x106464cc0 _ZN5agora3rtc9VosClient10onLoggedInERNS0_8protocol15PLoginVosRes_v3E + 624
LiveStreaming                   0x10650cce0 _ZNSt3__110__function6__funcIN5agora7commons12bind_handlerINS2_3rtc8protocol15PLoginVosRes_v3EEENS_9allocatorIS8_EEFvRNS3_8unpackerEPKNS3_2ip10sockaddr_tEbEEclESC_OSG_Ob + 272
LiveStreaming                   0x1064e3e7c _ZN5agora7commons16event_dispatcher8dispatchEPKNS0_2ip10sockaddr_tERNS0_8unpackerEttb + 220
LiveStreaming                   0x1063f4338 _ZN5agora7commons8libevent10udp_server11on_datagramEiRKNS0_2ip10sockaddr_tEPKcm + 228
LiveStreaming                   0x1063f4240 _ZN5agora7commons8libevent10udp_server7on_dataEi + 296
LiveStreaming                   0x1063f1118 _ZN5agora7commons8libevent9event_udp18event_udp_callbackEisPv + 48
LiveStreaming                   0x10648c350 event_base_loop + 1744
LiveStreaming                   0x1063d0254 _ZN5agora3rtc9RtcEngine3runEv + 64
LiveStreaming                   0x1064abe2c _ZNSt3__114__thread_proxyINS_5tupleIJNS_6__bindIMN5agora3rtc9RtcEngineEFvvEJPS5_EEEEEEEEPvSB_ + 116
libsystem_pthread.dylib         0x184bed220 <redacted> + 272
libsystem_pthread.dylib         0x184bed110 _pthread_start + 292

Backtrace of Thread 201267:
libsystem_kernel.dylib          0x184a4dd84 __workq_kernreturn + 8
libsystem_pthread.dylib         0x184bebeb4 _pthread_wqthread + 928

Backtrace of Thread 187691:
libsystem_kernel.dylib          0x184a4dd84 __workq_kernreturn + 8
libsystem_pthread.dylib         0x184bebeb4 _pthread_wqthread + 928

Backtrace of Thread 196907:
libsystem_kernel.dylib          0x184a4dd84 __workq_kernreturn + 8
libsystem_pthread.dylib         0x184bebeb4 _pthread_wqthread + 928

Backtrace of Thread 343579:
libsystem_kernel.dylib          0x184a4dd84 __workq_kernreturn + 8
libsystem_pthread.dylib         0x184bec0a0 _pthread_wqthread + 1420

Backtrace of Thread 178295:
libsystem_kernel.dylib          0x184a4d0f4 __psynch_cvwait + 8
libsystem_pthread.dylib         0x184befc90 <redacted> + 644
libc++.1.dylib                  0x18410425c _ZNSt3__118condition_variable4waitERNS_11unique_lockINS_5mutexEEE + 24
LiveStreaming                   0x1058d001c _ZN3BRC9SyncQueueINSt3__110shared_ptrINS_4TaskEEEE4TakeERS4_ + 80
LiveStreaming                   0x1058cfa7c _ZN3BRC18SingleThreadWorker4workEv + 176
LiveStreaming                   0x1058d0260 _ZNSt3__114__thread_proxyINS_5tupleIJNS_10unique_ptrINS_15__thread_structENS_14default_deleteIS3_EEEEMN3BRC18SingleThreadWorkerEFvvEPS8_EEEEEPvSD_ + 64
libsystem_pthread.dylib         0x184bed220 <redacted> + 272
libsystem_pthread.dylib         0x184bed110 _pthread_start + 292

Backtrace of Thread 30583:
libsystem_kernel.dylib          0x184a4d0f4 __psynch_cvwait + 8
libsystem_pthread.dylib         0x184befc90 <redacted> + 644
libc++.1.dylib                  0x18410425c _ZNSt3__118condition_variable4waitERNS_11unique_lockINS_5mutexEEE + 24
LiveStreaming                   0x1058d001c _ZN3BRC9SyncQueueINSt3__110shared_ptrINS_4TaskEEEE4TakeERS4_ + 80
LiveStreaming                   0x1058cfa7c _ZN3BRC18SingleThreadWorker4workEv + 176
LiveStreaming                   0x1058d0260 _ZNSt3__114__thread_proxyINS_5tupleIJNS_10unique_ptrINS_15__thread_structENS_14default_deleteIS3_EEEEMN3BRC18SingleThreadWorkerEFvvEPS8_EEEEEPvSD_ + 64
libsystem_pthread.dylib         0x184bed220 <redacted> + 272
libsystem_pthread.dylib         0x184bed110 _pthread_start + 292

Backtrace of Thread 123507:
libsystem_kernel.dylib          0x184a4dd84 __workq_kernreturn + 8
libsystem_pthread.dylib         0x184bebeb4 _pthread_wqthread + 928

Backtrace of Thread 344439:
libsystem_kernel.dylib          0x184a4dd84 __workq_kernreturn + 8
libsystem_pthread.dylib         0x184bebeb4 _pthread_wqthread + 928

Backtrace of Thread 311651:
libsystem_kernel.dylib          0x184a4dd84 __workq_kernreturn + 8
libsystem_pthread.dylib         0x184bebeb4 _pthread_wqthread + 928

Backtrace of Thread 197923:
libsystem_kernel.dylib          0x184a2be5c semaphore_timedwait_trap + 8
libdispatch.dylib               0x1848bb0b0 <redacted> + 60
libdispatch.dylib               0x1848bb924 <redacted> + 72
libdispatch.dylib               0x1848c723c <redacted> + 256
libsystem_pthread.dylib         0x184bed220 <redacted> + 272
libsystem_pthread.dylib         0x184bed110 _pthread_start + 292

Backtrace of Thread 211231:
libsystem_kernel.dylib          0x184a2be5c semaphore_timedwait_trap + 8
libdispatch.dylib               0x1848bb0b0 <redacted> + 60
libdispatch.dylib               0x1848bb924 <redacted> + 72
libdispatch.dylib               0x1848c723c <redacted> + 256
libsystem_pthread.dylib         0x184bed220 <redacted> + 272
libsystem_pthread.dylib         0x184bed110 _pthread_start + 292

Backtrace of Thread 312707:
libsystem_kernel.dylib          0x184a4d0f4 __psynch_cvwait + 8
libsystem_pthread.dylib         0x184befc90 <redacted> + 644
AppleMetalGLRenderer            0x1a54b4584 <redacted> + 72
GLEngine                        0x1a624ce20 <redacted> + 168
LiveStreaming                   0x10460d138 __37-[HTSRawDataOutputRender pixelBuffer]_block_invoke + 92
libdispatch.dylib               0x1848b8ae4 <redacted> + 16
libdispatch.dylib               0x1848c1640 <redacted> + 56
LiveStreaming                   0x10457c4b4 runSynchronouslyOnVideoProcessingQueue + 212
LiveStreaming                   0x10460d070 -[HTSRawDataOutputRender pixelBuffer] + 160
LiveStreaming                   0x1046644bc __30-[IESCamera startVideoCapture]_block_invoke_2 + 520
LiveStreaming                   0x104552530 -[HTSCameraKit captureOutput:didOutputSampleBuffer:fromConnection:] + 748
AVFoundation                    0x18aac45c0 <redacted> + 344
AVFoundation                    0x18aac43d8 <redacted> + 100
CoreMedia                       0x1882b26e8 <redacted> + 272
CoreMedia                       0x1882cf340 <redacted> + 224
libdispatch.dylib               0x1848b8ae4 <redacted> + 16
libdispatch.dylib               0x1848c0f18 <redacted> + 424
libdispatch.dylib               0x1848ca808 <redacted> + 1364
libdispatch.dylib               0x1848c28f0 <redacted> + 280
libdispatch.dylib               0x1848c3380 <redacted> + 336
libdispatch.dylib               0x1848c28f0 <redacted> + 280
libdispatch.dylib               0x1848c3380 <redacted> + 336
libdispatch.dylib               0x1848c3d4c <redacted> + 340
libdispatch.dylib               0x1848cc11c <redacted> + 668
libsystem_pthread.dylib         0x184bebe70 _pthread_wqthread + 860

Backtrace of Thread 94051:
libsystem_kernel.dylib          0x184a4dd84 __workq_kernreturn + 8
libsystem_pthread.dylib         0x184bebeb4 _pthread_wqthread + 928

Backtrace of Thread 198491:
libsystem_kernel.dylib          0x184a4dd84 __workq_kernreturn + 8
libsystem_pthread.dylib         0x184bebeb4 _pthread_wqthread + 928

Fail to get information about thread: 319531Fail to get information about thread: 210219Fail to get information about thread: 315327