Call Backtrace of 40 threads:
Backtrace of Thread 771:
libsystem_kernel.dylib          0x184a2be08 mach_msg_trap + 8
libsystem_kernel.dylib          0x184a2bc80 mach_msg + 72
AudioToolbox                    0x188d8be48 <redacted> + 184
AudioToolbox                    0x188d6ae2c AudioSessionCopyProperty_Priv + 568
AVFAudio                        0x18a97d858 <redacted> + 72
AVFAudio                        0x18a977f90 <redacted> + 56
AVFAudio                        0x18a9790d8 <redacted> + 44
LiveStreaming                   0x104d35e64 -[AEAudioController housekeeping] + 64
CoreFoundation                  0x184fce580 <redacted> + 144
CoreFoundation                  0x184ead748 <redacted> + 284
LiveStreaming                   0x104d36640 -[AEAudioControllerProxy forwardInvocation:] + 100
CoreFoundation                  0x184fcc2d4 <redacted> + 624
CoreFoundation                  0x184eb241c _CF_forwarding_prep_0 + 92
Foundation                      0x185a133d4 __NSFireTimer + 88
CoreFoundation                  0x184f6faa8 <redacted> + 28
CoreFoundation                  0x184f6f76c <redacted> + 864
CoreFoundation                  0x184f6f010 <redacted> + 248
CoreFoundation                  0x184f6cb60 <redacted> + 2168
CoreFoundation                  0x184e8cda8 CFRunLoopRunSpecific + 552
GraphicsServices                0x186e6f020 GSEventRunModal + 100
UIKit                           0x18ee6d78c UIApplicationMain + 236
LiveStreaming                   0x103748db0 main + 124
libdyld.dylib                   0x18491dfc0 <redacted> + 4

Backtrace of Thread 7947:
libsystem_kernel.dylib          0x184a4d0f4 __psynch_cvwait + 8
libsystem_pthread.dylib         0x184befc90 <redacted> + 644
libc++.1.dylib                  0x1841042ec _ZNSt3__118condition_variable15__do_timed_waitERNS_11unique_lockINS_5mutexEEENS_6chrono10time_pointINS5_12system_clockENS5_8durationIxNS_5ratioILl1ELl1000000000EEEEEEE + 96
JavaScriptCore                  0x18c5e3430 <redacted> + 124
JavaScriptCore                  0x18c5e32e0 <redacted> + 112
JavaScriptCore                  0x18c5e2e24 <redacted> + 272
JavaScriptCore                  0x18c5e2b60 <redacted> + 12
JavaScriptCore                  0x18c5e2f7c <redacted> + 44
libsystem_pthread.dylib         0x184bed220 <redacted> + 272
libsystem_pthread.dylib         0x184bed110 _pthread_start + 292

Backtrace of Thread 7683:
libsystem_kernel.dylib          0x184a2be08 mach_msg_trap + 8
libsystem_kernel.dylib          0x184a2bc80 mach_msg + 72
CoreFoundation                  0x184f6ee40 <redacted> + 196
CoreFoundation                  0x184f6c908 <redacted> + 1568
CoreFoundation                  0x184e8cda8 CFRunLoopRunSpecific + 552
WebCore                         0x18d119dcc <redacted> + 592
libsystem_pthread.dylib         0x184bed220 <redacted> + 272
libsystem_pthread.dylib         0x184bed110 _pthread_start + 292

Backtrace of Thread 20483:
libsystem_kernel.dylib          0x184a2be08 mach_msg_trap + 8
libsystem_kernel.dylib          0x184a2bc80 mach_msg + 72
CoreFoundation                  0x184f6ee40 <redacted> + 196
CoreFoundation                  0x184f6c908 <redacted> + 1568
CoreFoundation                  0x184e8cda8 CFRunLoopRunSpecific + 552
Foundation                      0x185901674 <redacted> + 304
Foundation                      0x18590151c <redacted> + 148
UIKit                           0x18eb527e4 <redacted> + 136
Foundation                      0x185a11efc <redacted> + 1040
libsystem_pthread.dylib         0x184bed220 <redacted> + 272
libsystem_pthread.dylib         0x184bed110 _pthread_start + 292

Backtrace of Thread 25863:
libsystem_kernel.dylib          0x184a2be08 mach_msg_trap + 8
libsystem_kernel.dylib          0x184a2bc80 mach_msg + 72
CoreFoundation                  0x184f6ee40 <redacted> + 196
CoreFoundation                  0x184f6c908 <redacted> + 1568
CoreFoundation                  0x184e8cda8 CFRunLoopRunSpecific + 552
Foundation                      0x185901674 <redacted> + 304
Foundation                      0x1859761a8 <redacted> + 88
LiveStreaming                   0x10382bf6c +[AFURLConnectionOperation networkRequestThreadEntryPoint:] + 308
Foundation                      0x185a11efc <redacted> + 1040
libsystem_pthread.dylib         0x184bed220 <redacted> + 272
libsystem_pthread.dylib         0x184bed110 _pthread_start + 292

Backtrace of Thread 43531:
libsystem_kernel.dylib          0x184a2be08 mach_msg_trap + 8
libsystem_kernel.dylib          0x184a2bc80 mach_msg + 72
CoreFoundation                  0x184f6ee40 <redacted> + 196
CoreFoundation                  0x184f6c908 <redacted> + 1568
CoreFoundation                  0x184e8cda8 CFRunLoopRunSpecific + 552
CFNetwork                       0x18579a4b0 <redacted> + 220
Foundation                      0x185a11efc <redacted> + 1040
libsystem_pthread.dylib         0x184bed220 <redacted> + 272
libsystem_pthread.dylib         0x184bed110 _pthread_start + 292

Backtrace of Thread 4371:
libsystem_kernel.dylib          0x184a2be08 mach_msg_trap + 8
libsystem_kernel.dylib          0x184a2bc80 mach_msg + 72
libsystem_kernel.dylib          0x184a2df34 thread_get_state + 136
LiveStreaming                   0x104d6a694 bs_mach_copyMem + 60
LiveStreaming                   0x104d69dd4 _bs_backtraceOfThread + 636
LiveStreaming                   0x104d6a52c +[BSBacktraceLogger bs_backtraceOfAllThread] + 220
LiveStreaming                   0x1047d9d64 __40+[IESDebugToolService startStuckMonitor]_block_invoke + 204
LiveStreaming                   0x1047d71e4 __36-[IESDebugStuckMonitor startMonitor]_block_invoke_2 + 112
CoreFoundation                  0x184f5ff38 <redacted> + 76
LiveStreaming                   0x1047d70dc __36-[IESDebugStuckMonitor startMonitor]_block_invoke + 436
Foundation                      0x1859eee88 <redacted> + 16
Foundation                      0x1859308d0 <redacted> + 72
Foundation                      0x18592fcac <redacted> + 848
Foundation                      0x1859f076c <redacted> + 404
libdispatch.dylib               0x1848b8ae4 <redacted> + 16
libdispatch.dylib               0x1848c0f18 <redacted> + 424
libdispatch.dylib               0x1848bf850 <redacted> + 604
libdispatch.dylib               0x1848c5d30 <redacted> + 588
libdispatch.dylib               0x1848c5a80 <redacted> + 120
libsystem_pthread.dylib         0x184bebfac _pthread_wqthread + 1176

Backtrace of Thread 70679:
libsystem_kernel.dylib          0x184a2be08 mach_msg_trap + 8
libsystem_kernel.dylib          0x184a2bc80 mach_msg + 72
CoreFoundation                  0x184f6ee40 <redacted> + 196
CoreFoundation                  0x184f6c908 <redacted> + 1568
CoreFoundation                  0x184e8cda8 CFRunLoopRunSpecific + 552
AVFAudio                        0x18a972424 <redacted> + 164
AVFAudio                        0x18a99c834 <redacted> + 88
libsystem_pthread.dylib         0x184bed220 <redacted> + 272
libsystem_pthread.dylib         0x184bed110 _pthread_start + 292

Backtrace of Thread 172359:
libsystem_kernel.dylib          0x184a2be08 mach_msg_trap + 8
libsystem_kernel.dylib          0x184a2bc80 mach_msg + 72
CoreFoundation                  0x184f6ee40 <redacted> + 196
CoreFoundation                  0x184f6c908 <redacted> + 1568
CoreFoundation                  0x184e8cda8 CFRunLoopRunSpecific + 552
CoreFoundation                  0x184edcb28 CFRunLoopRun + 116
CoreMotion                      0x18a46d9dc CLStartStopAdvertisingBeacon + 231572
libsystem_pthread.dylib         0x184bed220 <redacted> + 272
libsystem_pthread.dylib         0x184bed110 _pthread_start + 292

Backtrace of Thread 64531:
libsystem_kernel.dylib          0x184a2be08 mach_msg_trap + 8
libsystem_kernel.dylib          0x184a2bc80 mach_msg + 72
CoreFoundation                  0x184f6ee40 <redacted> + 196
CoreFoundation                  0x184f6c908 <redacted> + 1568
CoreFoundation                  0x184e8cda8 CFRunLoopRunSpecific + 552
GeoServices                     0x18b2356cc <redacted> + 468
libsystem_pthread.dylib         0x184bed220 <redacted> + 272
libsystem_pthread.dylib         0x184bed110 _pthread_start + 292

Backtrace of Thread 167199:
libsystem_kernel.dylib          0x184a2be08 mach_msg_trap + 8
libsystem_kernel.dylib          0x184a2bc80 mach_msg + 72
CoreFoundation                  0x184f6ee40 <redacted> + 196
CoreFoundation                  0x184f6c908 <redacted> + 1568
CoreFoundation                  0x184e8cda8 CFRunLoopRunSpecific + 552
Foundation                      0x185901674 <redacted> + 304
LiveStreaming                   0x104c84db8 -[_SRRunLoopThread main] + 360
Foundation                      0x185a11efc <redacted> + 1040
libsystem_pthread.dylib         0x184bed220 <redacted> + 272
libsystem_pthread.dylib         0x184bed110 _pthread_start + 292

Backtrace of Thread 93955:
libsystem_kernel.dylib          0x184a4d538 select$DARWIN_EXTSN + 8
CoreFoundation                  0x184f77378 <redacted> + 644
libsystem_pthread.dylib         0x184bed220 <redacted> + 272
libsystem_pthread.dylib         0x184bed110 _pthread_start + 292

Backtrace of Thread 150059:
libsystem_kernel.dylib          0x184a2be08 mach_msg_trap + 8
libsystem_kernel.dylib          0x184a2bc80 mach_msg + 72
LiveStreaming                   0x1068b4e3c CLSMachExceptionServer + 100
libsystem_pthread.dylib         0x184bed220 <redacted> + 272
libsystem_pthread.dylib         0x184bed110 _pthread_start + 292

Backtrace of Thread 148751:
libsystem_kernel.dylib          0x184a4d0f4 __psynch_cvwait + 8
libsystem_pthread.dylib         0x184befc90 <redacted> + 644
LiveStreaming                   0x104e4da84 _ZN3com2ss3ttm5utils7AVQueueIPNS1_9AVMessageEE9dequeue_lEi + 148
LiveStreaming                   0x104e4ddf4 _ZN3com2ss3ttm8AVLooper7processEv + 60
LiveStreaming                   0x104e4677c _ZN3com2ss3ttm5utils8AVThread3runEv + 228
LiveStreaming                   0x104e4668c _ZN3com2ss3ttm5utils8AVThread10thread_funEPv + 12
libsystem_pthread.dylib         0x184bed220 <redacted> + 272
libsystem_pthread.dylib         0x184bed110 _pthread_start + 292

Backtrace of Thread 109831:
libsystem_kernel.dylib          0x184a4d0f4 __psynch_cvwait + 8
libsystem_pthread.dylib         0x184befc90 <redacted> + 644
LiveStreaming                   0x104e46728 _ZN3com2ss3ttm5utils8AVThread3runEv + 144
LiveStreaming                   0x104e4668c _ZN3com2ss3ttm5utils8AVThread10thread_funEPv + 12
libsystem_pthread.dylib         0x184bed220 <redacted> + 272
libsystem_pthread.dylib         0x184bed110 _pthread_start + 292

Backtrace of Thread 110087:
libsystem_kernel.dylib          0x184a4d0f4 __psynch_cvwait + 8
libsystem_pthread.dylib         0x184befc90 <redacted> + 644
LiveStreaming                   0x104e46728 _ZN3com2ss3ttm5utils8AVThread3runEv + 144
LiveStreaming                   0x104e4668c _ZN3com2ss3ttm5utils8AVThread10thread_funEPv + 12
libsystem_pthread.dylib         0x184bed220 <redacted> + 272
libsystem_pthread.dylib         0x184bed110 _pthread_start + 292

Backtrace of Thread 57619:
libsystem_kernel.dylib          0x184a4d0f4 __psynch_cvwait + 8
libsystem_pthread.dylib         0x184befc90 <redacted> + 644
LiveStreaming                   0x104e46728 _ZN3com2ss3ttm5utils8AVThread3runEv + 144
LiveStreaming                   0x104e4668c _ZN3com2ss3ttm5utils8AVThread10thread_funEPv + 12
libsystem_pthread.dylib         0x184bed220 <redacted> + 272
libsystem_pthread.dylib         0x184bed110 _pthread_start + 292

Backtrace of Thread 143763:
libsystem_kernel.dylib          0x184a4d0f4 __psynch_cvwait + 8
libsystem_pthread.dylib         0x184befc90 <redacted> + 644
LiveStreaming                   0x104e46728 _ZN3com2ss3ttm5utils8AVThread3runEv + 144
LiveStreaming                   0x104e4668c _ZN3com2ss3ttm5utils8AVThread10thread_funEPv + 12
libsystem_pthread.dylib         0x184bed220 <redacted> + 272
libsystem_pthread.dylib         0x184bed110 _pthread_start + 292

Backtrace of Thread 11067:
libsystem_kernel.dylib          0x184a2be08 mach_msg_trap + 8
libsystem_kernel.dylib          0x184a2bc80 mach_msg + 72
AudioToolbox                    0x188d8b978 <redacted> + 144
AudioToolbox                    0x188d6aa14 AudioSessionSetActive_Priv + 316
AVFAudio                        0x18a977590 <redacted> + 84
ZegoLiveRoom                    0x10b2b21fc 0x10b0dc000 + 1925628
ZegoLiveRoom                    0x10b2b18b8 0x10b0dc000 + 1923256
ZegoLiveRoom                    0x10b2b2a4c 0x10b0dc000 + 1927756
ZegoLiveRoom                    0x10b2b0ed8 0x10b0dc000 + 1920728
ZegoLiveRoom                    0x10b2b0cec 0x10b0dc000 + 1920236
ZegoLiveRoom                    0x10b2a8830 0x10b0dc000 + 1886256
ZegoLiveRoom                    0x10b19d910 0x10b0dc000 + 792848
ZegoLiveRoom                    0x10b1a95a4 0x10b0dc000 + 841124
ZegoLiveRoom                    0x10b13f37c 0x10b0dc000 + 406396
ZegoLiveRoom                    0x10b141a20 0x10b0dc000 + 416288
ZegoLiveRoom                    0x10b13b774 0x10b0dc000 + 391028
ZegoLiveRoom                    0x10b1f2844 0x10b0dc000 + 1140804
ZegoLiveRoom                    0x10b0eb8d0 0x10b0dc000 + 63696
ZegoLiveRoom                    0x10b210700 0x10b0dc000 + 1263360
ZegoLiveRoom                    0x10b212d00 0x10b0dc000 + 1273088
ZegoLiveRoom                    0x10b212ab0 0x10b0dc000 + 1272496
ZegoLiveRoom                    0x10b212864 0x10b0dc000 + 1271908
ZegoLiveRoom                    0x10b216dec 0x10b0dc000 + 1289708
libsystem_pthread.dylib         0x184bed220 <redacted> + 272
libsystem_pthread.dylib         0x184bed110 _pthread_start + 292

Backtrace of Thread 113699:
libsystem_kernel.dylib          0x184a303e4 poll + 8
ZegoLiveRoom                    0x10b20ea10 0x10b0dc000 + 1255952
ZegoLiveRoom                    0x10b212ac4 0x10b0dc000 + 1272516
ZegoLiveRoom                    0x10b212864 0x10b0dc000 + 1271908
ZegoLiveRoom                    0x10b216dec 0x10b0dc000 + 1289708
libsystem_pthread.dylib         0x184bed220 <redacted> + 272
libsystem_pthread.dylib         0x184bed110 _pthread_start + 292

Backtrace of Thread 116055:
libsystem_kernel.dylib          0x184a303e4 poll + 8
ZegoLiveRoom                    0x10b20ea10 0x10b0dc000 + 1255952
ZegoLiveRoom                    0x10b212ac4 0x10b0dc000 + 1272516
ZegoLiveRoom                    0x10b212864 0x10b0dc000 + 1271908
ZegoLiveRoom                    0x10b216dec 0x10b0dc000 + 1289708
libsystem_pthread.dylib         0x184bed220 <redacted> + 272
libsystem_pthread.dylib         0x184bed110 _pthread_start + 292

Backtrace of Thread 118035:
libsystem_kernel.dylib          0x184a4d0f4 __psynch_cvwait + 8
libsystem_pthread.dylib         0x184befc90 <redacted> + 644
ZegoLiveRoom                    0x10b214e28 0x10b0dc000 + 1281576
ZegoLiveRoom                    0x10b13f460 0x10b0dc000 + 406624
ZegoLiveRoom                    0x10b182910 0x10b0dc000 + 682256
ZegoLiveRoom                    0x10b182cdc 0x10b0dc000 + 683228
ZegoLiveRoom                    0x10b2394f4 0x10b0dc000 + 1430772
ZegoLiveRoom                    0x10b23bb64 0x10b0dc000 + 1440612
ZegoLiveRoom                    0x10b18317c 0x10b0dc000 + 684412
ZegoLiveRoom                    0x10b182cdc 0x10b0dc000 + 683228
ZegoLiveRoom                    0x10b2394f4 0x10b0dc000 + 1430772
ZegoLiveRoom                    0x10b23bb64 0x10b0dc000 + 1440612
ZegoLiveRoom                    0x10b18317c 0x10b0dc000 + 684412
ZegoLiveRoom                    0x10b182cdc 0x10b0dc000 + 683228
ZegoLiveRoom                    0x10b2394f4 0x10b0dc000 + 1430772
ZegoLiveRoom                    0x10b23925c 0x10b0dc000 + 1430108
ZegoLiveRoom                    0x10b185714 0x10b0dc000 + 694036
ZegoLiveRoom                    0x10b0eb8d0 0x10b0dc000 + 63696
ZegoLiveRoom                    0x10b210700 0x10b0dc000 + 1263360
ZegoLiveRoom                    0x10b212d00 0x10b0dc000 + 1273088
ZegoLiveRoom                    0x10b212ab0 0x10b0dc000 + 1272496
ZegoLiveRoom                    0x10b212864 0x10b0dc000 + 1271908
ZegoLiveRoom                    0x10b216dec 0x10b0dc000 + 1289708
libsystem_pthread.dylib         0x184bed220 <redacted> + 272
libsystem_pthread.dylib         0x184bed110 _pthread_start + 292

Backtrace of Thread 141571:
libsystem_kernel.dylib          0x184a303e4 poll + 8
ZegoLiveRoom                    0x10b20ea10 0x10b0dc000 + 1255952
ZegoLiveRoom                    0x10b212ac4 0x10b0dc000 + 1272516
ZegoLiveRoom                    0x10b212864 0x10b0dc000 + 1271908
ZegoLiveRoom                    0x10b216dec 0x10b0dc000 + 1289708
libsystem_pthread.dylib         0x184bed220 <redacted> + 272
libsystem_pthread.dylib         0x184bed110 _pthread_start + 292

Backtrace of Thread 180543:
libsystem_kernel.dylib          0x184a4dd84 __workq_kernreturn + 8
libsystem_pthread.dylib         0x184bebeb4 _pthread_wqthread + 928

Backtrace of Thread 121403:
GLEngine                        0x1a62214fc <redacted> + 0
GLEngine                        0x1a62a09d4 <redacted> + 2324
GLEngine                        0x1a62a353c <redacted> + 328
GLEngine                        0x1a627949c <redacted> + 272
LiveStreaming                   0x105bcea0c _ZN3BRC18RenderDeviceGLES2012drawElementsENS_9BeginModeEjNS_8DataTypeEPKv + 72
LiveStreaming                   0x105bcd7cc _ZN3BRC12RenderDevice19excuteRenderCommandEPNS_13RenderCommandE + 112
LiveStreaming                   0x105bb7704 _ZN3BRC12CommandQueue6renderEv + 96
LiveStreaming                   0x105bd0238 _ZN3BRC12RenderEngine6renderEv + 56
LiveStreaming                   0x105a81994 _ZN3BEF25IESBeauty12OptimizeFilter4drawERN3BRC7CBundleE + 396
LiveStreaming                   0x1059b5a44 _ZN3BEF23BEFImageProcessFilterV215processNewFrameERN3BRC7CBundleEi + 100
LiveStreaming                   0x105b53214 _ZN3BEF13RenderManager14processTextureEjii15bef_rotate_typejRN3BRC7CBundleE + 700
LiveStreaming                   0x105a042fc _ZN3BEF13EffectManager14_processTexureEjii15bef_rotate_typejRN3BRC7CBundleE + 304
LiveStreaming                   0x105a04198 _ZN3BEF13EffectManager14processTextureEjjd + 160
LiveStreaming                   0x1048a4718 -[HTSGLFilterNewEffect renderToTextureWithVertices:textureCoordinates:] + 6316
LiveStreaming                   0x1048921ec -[HTSGLFilter newFrameReadyAtTime:atIndex:] + 144
LiveStreaming                   0x1048a5aec -[HTSGLFilterNewEffect newFrameReadyAtTime:atIndex:] + 128
LiveStreaming                   0x1048c1cc0 -[HTSGLPassthroughFilter informTargetsAboutNewFrameAtTime:] + 1212
LiveStreaming                   0x1048c17f8 -[HTSGLPassthroughFilter newFrameReadyAtTime:atIndex:] + 396
LiveStreaming                   0x10489e7b4 -[HTSGLFilterInput updateTargetsForVideoCameraUsingCacheTextureAtWidth:height:time:] + 1668
LiveStreaming                   0x10489d640 -[HTSGLFilterInput processInputBuffer:andFrametime:] + 2324
LiveStreaming                   0x10489cc94 __59-[HTSGLFilterInput processInputBufferOnQueue:andFrametime:]_block_invoke_2 + 112
libdispatch.dylib               0x1848b8ae4 <redacted> + 16
libdispatch.dylib               0x1848c1640 <redacted> + 56
LiveStreaming                   0x1048844b4 runSynchronouslyOnVideoProcessingQueue + 212
LiveStreaming                   0x10489caec -[HTSGLFilterInput processInputBufferOnQueue:andFrametime:] + 180
LiveStreaming                   0x10489ca2c -[HTSGLFilterInput processInputBuffer:] + 240
LiveStreaming                   0x10496c30c __30-[IESCamera startVideoCapture]_block_invoke_2 + 88
LiveStreaming                   0x10485a530 -[HTSCameraKit captureOutput:didOutputSampleBuffer:fromConnection:] + 748
AVFoundation                    0x18aac45c0 <redacted> + 344
AVFoundation                    0x18aac43d8 <redacted> + 100
CoreMedia                       0x1882b26e8 <redacted> + 272
CoreMedia                       0x1882cf340 <redacted> + 224
libdispatch.dylib               0x1848b8ae4 <redacted> + 16
libdispatch.dylib               0x1848c0f18 <redacted> + 424
libdispatch.dylib               0x1848ca808 <redacted> + 1364
libdispatch.dylib               0x1848c28f0 <redacted> + 280
libdispatch.dylib               0x1848c3380 <redacted> + 336
libdispatch.dylib               0x1848c28f0 <redacted> + 280
libdispatch.dylib               0x1848c3380 <redacted> + 336
libdispatch.dylib               0x1848c3d4c <redacted> + 340
libdispatch.dylib               0x1848cc11c <redacted> + 668
libsystem_pthread.dylib         0x184bebe70 _pthread_wqthread + 860

Backtrace of Thread 347323:
libsystem_kernel.dylib          0x184a4dd84 __workq_kernreturn + 8
libsystem_pthread.dylib         0x184bebeb4 _pthread_wqthread + 928

Backtrace of Thread 100399:
libsystem_kernel.dylib          0x184a4d0f4 __psynch_cvwait + 8
libsystem_pthread.dylib         0x184befc90 <redacted> + 644
libc++.1.dylib                  0x18410425c _ZNSt3__118condition_variable4waitERNS_11unique_lockINS_5mutexEEE + 24
LiveStreaming                   0x105bd801c _ZN3BRC9SyncQueueINSt3__110shared_ptrINS_4TaskEEEE4TakeERS4_ + 80
LiveStreaming                   0x105bd7a7c _ZN3BRC18SingleThreadWorker4workEv + 176
LiveStreaming                   0x105bd8260 _ZNSt3__114__thread_proxyINS_5tupleIJNS_10unique_ptrINS_15__thread_structENS_14default_deleteIS3_EEEEMN3BRC18SingleThreadWorkerEFvvEPS8_EEEEEPvSD_ + 64
libsystem_pthread.dylib         0x184bed220 <redacted> + 272
libsystem_pthread.dylib         0x184bed110 _pthread_start + 292

Backtrace of Thread 99607:
libsystem_kernel.dylib          0x184a4d0f4 __psynch_cvwait + 8
libsystem_pthread.dylib         0x184befc90 <redacted> + 644
libc++.1.dylib                  0x18410425c _ZNSt3__118condition_variable4waitERNS_11unique_lockINS_5mutexEEE + 24
LiveStreaming                   0x105bd801c _ZN3BRC9SyncQueueINSt3__110shared_ptrINS_4TaskEEEE4TakeERS4_ + 80
LiveStreaming                   0x105bd7a7c _ZN3BRC18SingleThreadWorker4workEv + 176
LiveStreaming                   0x105bd8260 _ZNSt3__114__thread_proxyINS_5tupleIJNS_10unique_ptrINS_15__thread_structENS_14default_deleteIS3_EEEEMN3BRC18SingleThreadWorkerEFvvEPS8_EEEEEPvSD_ + 64
libsystem_pthread.dylib         0x184bed220 <redacted> + 272
libsystem_pthread.dylib         0x184bed110 _pthread_start + 292

Backtrace of Thread 178747:
libsystem_kernel.dylib          0x184a4dd84 __workq_kernreturn + 8
libsystem_pthread.dylib         0x184bebeb4 _pthread_wqthread + 928

Backtrace of Thread 184071:
libsystem_kernel.dylib          0x184a4dd84 __workq_kernreturn + 8
libsystem_pthread.dylib         0x184bebeb4 _pthread_wqthread + 928

Backtrace of Thread 189443:
libsystem_kernel.dylib          0x184a2be44 semaphore_wait_trap + 8
ZegoLiveRoom                    0x10b2b44e0 0x10b0dc000 + 1934560
ZegoLiveRoom                    0x10b2b4634 0x10b0dc000 + 1934900
libsystem_pthread.dylib         0x184bed220 <redacted> + 272
libsystem_pthread.dylib         0x184bed110 _pthread_start + 292

Backtrace of Thread 74759:
libsystem_kernel.dylib          0x184a2be44 semaphore_wait_trap + 8
ZegoLiveRoom                    0x10b2d0fac 0x10b0dc000 + 2052012
ZegoLiveRoom                    0x10b2d10ec 0x10b0dc000 + 2052332
libsystem_pthread.dylib         0x184bed220 <redacted> + 272
libsystem_pthread.dylib         0x184bed110 _pthread_start + 292

Backtrace of Thread 339383:
libsystem_kernel.dylib          0x184a2be44 semaphore_wait_trap + 8
ZegoLiveRoom                    0x10b2ae3ac 0x10b0dc000 + 1909676
ZegoLiveRoom                    0x10b2b4538 0x10b0dc000 + 1934648
ZegoLiveRoom                    0x10b2b4634 0x10b0dc000 + 1934900
libsystem_pthread.dylib         0x184bed220 <redacted> + 272
libsystem_pthread.dylib         0x184bed110 _pthread_start + 292

Backtrace of Thread 331271:
libsystem_kernel.dylib          0x184a2be08 mach_msg_trap + 8
libsystem_kernel.dylib          0x184a2bc80 mach_msg + 72
CoreFoundation                  0x184f6ee40 <redacted> + 196
CoreFoundation                  0x184f6c908 <redacted> + 1568
CoreFoundation                  0x184e8cda8 CFRunLoopRunSpecific + 552
Foundation                      0x185901674 <redacted> + 304
Foundation                      0x1859761a8 <redacted> + 88
ZegoLiveRoom                    0x10b30dd9c 0x10b0dc000 + 2301340
Foundation                      0x185a11efc <redacted> + 1040
libsystem_pthread.dylib         0x184bed220 <redacted> + 272
libsystem_pthread.dylib         0x184bed110 _pthread_start + 292

Backtrace of Thread 190263:
libsystem_kernel.dylib          0x184a303e4 poll + 8
ZegoLiveRoom                    0x10b2d1674 0x10b0dc000 + 2053748
ZegoLiveRoom                    0x10b2d0dbc 0x10b0dc000 + 2051516
ZegoLiveRoom                    0x10b2d0ff0 0x10b0dc000 + 2052080
ZegoLiveRoom                    0x10b2d10ec 0x10b0dc000 + 2052332
libsystem_pthread.dylib         0x184bed220 <redacted> + 272
libsystem_pthread.dylib         0x184bed110 _pthread_start + 292

Backtrace of Thread 330511:
libsystem_kernel.dylib          0x184a2be5c semaphore_timedwait_trap + 8
ZegoLiveRoom                    0x10b29d900 0x10b0dc000 + 1841408
ZegoLiveRoom                    0x10b2d0ff0 0x10b0dc000 + 2052080
ZegoLiveRoom                    0x10b2d10ec 0x10b0dc000 + 2052332
libsystem_pthread.dylib         0x184bed220 <redacted> + 272
libsystem_pthread.dylib         0x184bed110 _pthread_start + 292

Fail to get information about thread: 190979Backtrace of Thread 182095:
libsystem_kernel.dylib          0x184a4dd84 __workq_kernreturn + 8
libsystem_pthread.dylib         0x184bebeb4 _pthread_wqthread + 928

Backtrace of Thread 190755:
libsystem_kernel.dylib          0x184a2be5c semaphore_timedwait_trap + 8
libdispatch.dylib               0x1848bb0b0 <redacted> + 60
libdispatch.dylib               0x1848bb924 <redacted> + 72
libdispatch.dylib               0x1848c723c <redacted> + 256
libsystem_pthread.dylib         0x184bed220 <redacted> + 272
libsystem_pthread.dylib         0x184bed110 _pthread_start + 292

Backtrace of Thread 175259:
libsystem_kernel.dylib          0x184a2be5c semaphore_timedwait_trap + 8
libdispatch.dylib               0x1848bb0b0 <redacted> + 60
libdispatch.dylib               0x1848bb924 <redacted> + 72
libdispatch.dylib               0x1848c723c <redacted> + 256
libsystem_pthread.dylib         0x184bed220 <redacted> + 272
libsystem_pthread.dylib         0x184bed110 _pthread_start + 292

