Call Backtrace of 44 threads:
Backtrace of Thread 771:
libsystem_kernel.dylib          0x184a2be08 mach_msg_trap + 8
libsystem_kernel.dylib          0x184a2bc80 mach_msg + 72
AudioToolbox                    0x188d8be48 <redacted> + 184
AudioToolbox                    0x188d6ae2c AudioSessionCopyProperty_Priv + 568
AVFAudio                        0x18a97d858 <redacted> + 72
AVFAudio                        0x18a977f90 <redacted> + 56
AVFAudio                        0x18a9790d8 <redacted> + 44
LiveStreaming                   0x1042d1df4 -[AEAudioController housekeeping] + 64
CoreFoundation                  0x184fce580 <redacted> + 144
CoreFoundation                  0x184ead748 <redacted> + 284
LiveStreaming                   0x1042d25d0 -[AEAudioControllerProxy forwardInvocation:] + 100
CoreFoundation                  0x184fcc2d4 <redacted> + 624
CoreFoundation                  0x184eb241c _CF_forwarding_prep_0 + 92
Foundation                      0x185a133d4 __NSFireTimer + 88
CoreFoundation                  0x184f6faa8 <redacted> + 28
CoreFoundation                  0x184f6f76c <redacted> + 864
CoreFoundation                  0x184f6f010 <redacted> + 248
CoreFoundation                  0x184f6cb60 <redacted> + 2168
CoreFoundation                  0x184e8cda8 CFRunLoopRunSpecific + 552
GraphicsServices                0x186e6f020 GSEventRunModal + 100
UIKit                           0x18ee6d78c UIApplicationMain + 236
LiveStreaming                   0x102ce4bf0 main + 124
libdyld.dylib                   0x18491dfc0 <redacted> + 4

Backtrace of Thread 6155:
libsystem_kernel.dylib          0x184a4d610 __semwait_signal + 8
libsystem_c.dylib               0x18496612c nanosleep + 212
libsystem_c.dylib               0x18496604c usleep + 64
GPUToolsCore                    0x10dbba2bc _ZL21smt_poll_thread_entryPv + 136
libsystem_pthread.dylib         0x184bed220 <redacted> + 272
libsystem_pthread.dylib         0x184bed110 _pthread_start + 292

Backtrace of Thread 8455:
libsystem_kernel.dylib          0x184a4d610 __semwait_signal + 8
libsystem_c.dylib               0x18496612c nanosleep + 212
libsystem_c.dylib               0x18496604c usleep + 64
GPUToolsCore                    0x10dbba2bc _ZL21smt_poll_thread_entryPv + 136
libsystem_pthread.dylib         0x184bed220 <redacted> + 272
libsystem_pthread.dylib         0x184bed110 _pthread_start + 292

Backtrace of Thread 8715:
libsystem_kernel.dylib          0x184a4d0f4 __psynch_cvwait + 8
libsystem_pthread.dylib         0x184befc90 <redacted> + 644
libc++.1.dylib                  0x1841042ec _ZNSt3__118condition_variable15__do_timed_waitERNS_11unique_lockINS_5mutexEEENS_6chrono10time_pointINS5_12system_clockENS5_8durationIxNS_5ratioILl1ELl1000000000EEEEEEE + 96
JavaScriptCore                  0x18c5e3430 <redacted> + 124
JavaScriptCore                  0x18c5e32e0 <redacted> + 112
JavaScriptCore                  0x18c5e2e24 <redacted> + 272
JavaScriptCore                  0x18c5e2b60 <redacted> + 12
JavaScriptCore                  0x18c5e2f7c <redacted> + 44
libsystem_pthread.dylib         0x184bed220 <redacted> + 272
libsystem_pthread.dylib         0x184bed110 _pthread_start + 292

Backtrace of Thread 21255:
libsystem_kernel.dylib          0x184a2be08 mach_msg_trap + 8
libsystem_kernel.dylib          0x184a2bc80 mach_msg + 72
CoreFoundation                  0x184f6ee40 <redacted> + 196
CoreFoundation                  0x184f6c908 <redacted> + 1568
CoreFoundation                  0x184e8cda8 CFRunLoopRunSpecific + 552
WebCore                         0x18d119dcc <redacted> + 592
libsystem_pthread.dylib         0x184bed220 <redacted> + 272
libsystem_pthread.dylib         0x184bed110 _pthread_start + 292

Backtrace of Thread 19203:
libsystem_kernel.dylib          0x184a4dd84 __workq_kernreturn + 8
libsystem_pthread.dylib         0x184bebeb4 _pthread_wqthread + 928

Backtrace of Thread 12803:
libsystem_kernel.dylib          0x184a2be08 mach_msg_trap + 8
libsystem_kernel.dylib          0x184a2bc80 mach_msg + 72
CoreFoundation                  0x184f6ee40 <redacted> + 196
CoreFoundation                  0x184f6c908 <redacted> + 1568
CoreFoundation                  0x184e8cda8 CFRunLoopRunSpecific + 552
Foundation                      0x185901674 <redacted> + 304
Foundation                      0x18590151c <redacted> + 148
UIKit                           0x18eb527e4 <redacted> + 136
Foundation                      0x185a11efc <redacted> + 1040
libsystem_pthread.dylib         0x184bed220 <redacted> + 272
libsystem_pthread.dylib         0x184bed110 _pthread_start + 292

Backtrace of Thread 40707:
libsystem_kernel.dylib          0x184a4dd84 __workq_kernreturn + 8
libsystem_pthread.dylib         0x184bebeb4 _pthread_wqthread + 928

Backtrace of Thread 37383:
libsystem_kernel.dylib          0x184a2be08 mach_msg_trap + 8
libsystem_kernel.dylib          0x184a2bc80 mach_msg + 72
CoreFoundation                  0x184f6ee40 <redacted> + 196
CoreFoundation                  0x184f6c908 <redacted> + 1568
CoreFoundation                  0x184e8cda8 CFRunLoopRunSpecific + 552
Foundation                      0x185901674 <redacted> + 304
Foundation                      0x1859761a8 <redacted> + 88
LiveStreaming                   0x102dc7dac +[AFURLConnectionOperation networkRequestThreadEntryPoint:] + 308
Foundation                      0x185a11efc <redacted> + 1040
libsystem_pthread.dylib         0x184bed220 <redacted> + 272
libsystem_pthread.dylib         0x184bed110 _pthread_start + 292

Backtrace of Thread 28931:
libsystem_kernel.dylib          0x184a4dd84 __workq_kernreturn + 8
libsystem_pthread.dylib         0x184bebeb4 _pthread_wqthread + 928

Backtrace of Thread 29443:
libsystem_kernel.dylib          0x184a4dd84 __workq_kernreturn + 8
libsystem_pthread.dylib         0x184bebeb4 _pthread_wqthread + 928

Backtrace of Thread 32003:
libsystem_kernel.dylib          0x184a2be08 mach_msg_trap + 8
libsystem_kernel.dylib          0x184a2bc80 mach_msg + 72
CoreFoundation                  0x184f6ee40 <redacted> + 196
CoreFoundation                  0x184f6c908 <redacted> + 1568
CoreFoundation                  0x184e8cda8 CFRunLoopRunSpecific + 552
CFNetwork                       0x18579a4b0 <redacted> + 220
Foundation                      0x185a11efc <redacted> + 1040
libsystem_pthread.dylib         0x184bed220 <redacted> + 272
libsystem_pthread.dylib         0x184bed110 _pthread_start + 292

Backtrace of Thread 84739:
libsystem_kernel.dylib          0x184a4dd84 __workq_kernreturn + 8
libsystem_pthread.dylib         0x184bebeb4 _pthread_wqthread + 928

Backtrace of Thread 51227:
libsystem_kernel.dylib          0x184a2be08 mach_msg_trap + 8
libsystem_kernel.dylib          0x184a2bc80 mach_msg + 72
AudioToolbox                    0x188d8be48 <redacted> + 184
AudioToolbox                    0x188d6c740 <redacted> + 316
AudioToolbox                    0x188c282a8 <redacted> + 52
AudioToolbox                    0x188f0f210 <redacted> + 232
CoreFoundation                  0x184f6fae8 <redacted> + 56
CoreFoundation                  0x184f6f230 <redacted> + 440
CoreFoundation                  0x184f6cc80 <redacted> + 2456
CoreFoundation                  0x184e8cda8 CFRunLoopRunSpecific + 552
AVFAudio                        0x18a972424 <redacted> + 164
AVFAudio                        0x18a99c834 <redacted> + 88
libsystem_pthread.dylib         0x184bed220 <redacted> + 272
libsystem_pthread.dylib         0x184bed110 _pthread_start + 292

Backtrace of Thread 72971:
libsystem_kernel.dylib          0x184a2be08 mach_msg_trap + 8
libsystem_kernel.dylib          0x184a2bc80 mach_msg + 72
libsystem_kernel.dylib          0x184a2df34 thread_get_state + 136
LiveStreaming                   0x104306624 bs_mach_copyMem + 60
LiveStreaming                   0x104305d64 _bs_backtraceOfThread + 636
LiveStreaming                   0x1043064bc +[BSBacktraceLogger bs_backtraceOfAllThread] + 220
LiveStreaming                   0x103d75cf4 __40+[IESDebugToolService startStuckMonitor]_block_invoke + 204
LiveStreaming                   0x103d73174 __36-[IESDebugStuckMonitor startMonitor]_block_invoke_2 + 112
CoreFoundation                  0x184f5ff38 <redacted> + 76
LiveStreaming                   0x103d7306c __36-[IESDebugStuckMonitor startMonitor]_block_invoke + 436
Foundation                      0x1859eee88 <redacted> + 16
Foundation                      0x1859308d0 <redacted> + 72
Foundation                      0x18592fcac <redacted> + 848
Foundation                      0x1859f076c <redacted> + 404
libdispatch.dylib               0x10db35220 _dispatch_client_callout + 16
libdispatch.dylib               0x10db424d8 _dispatch_continuation_pop + 588
libdispatch.dylib               0x10db40dc8 _dispatch_async_redirect_invoke + 628
libdispatch.dylib               0x10db4684c _dispatch_root_queue_drain + 604
libdispatch.dylib               0x10db46584 _dispatch_worker_thread3 + 136
libsystem_pthread.dylib         0x184bebfac _pthread_wqthread + 1176

Backtrace of Thread 54539:
libsystem_kernel.dylib          0x184a2d8bc write + 8
CoreMedia                       0x1882cf004 <redacted> + 224
CoreMedia                       0x1882cf308 <redacted> + 168
libdispatch.dylib               0x10db35220 _dispatch_client_callout + 16
libdispatch.dylib               0x10db424d8 _dispatch_continuation_pop + 588
libdispatch.dylib               0x10db36ee8 _dispatch_source_invoke + 1368
libdispatch.dylib               0x10db43ca4 _dispatch_queue_serial_drain + 292
libdispatch.dylib               0x10db38730 _dispatch_queue_invoke + 328
libdispatch.dylib               0x10db43ca4 _dispatch_queue_serial_drain + 292
libdispatch.dylib               0x10db38730 _dispatch_queue_invoke + 328
libdispatch.dylib               0x10db44dd8 _dispatch_root_queue_drain_deferred_wlh + 352
libdispatch.dylib               0x10db4bebc _dispatch_workloop_worker_thread + 676
libsystem_pthread.dylib         0x184bebe70 _pthread_wqthread + 860

Backtrace of Thread 70411:
libsystem_kernel.dylib          0x184a4dd84 __workq_kernreturn + 8
libsystem_pthread.dylib         0x184bebeb4 _pthread_wqthread + 928

Backtrace of Thread 58911:
libsystem_kernel.dylib          0x184a4dd84 __workq_kernreturn + 8
libsystem_pthread.dylib         0x184bebeb4 _pthread_wqthread + 928

Backtrace of Thread 63499:
libsystem_kernel.dylib          0x184a2be08 mach_msg_trap + 8
libsystem_kernel.dylib          0x184a2bc80 mach_msg + 72
CoreFoundation                  0x184f6ee40 <redacted> + 196
CoreFoundation                  0x184f6c908 <redacted> + 1568
CoreFoundation                  0x184e8cda8 CFRunLoopRunSpecific + 552
CoreFoundation                  0x184edcb28 CFRunLoopRun + 116
CoreMotion                      0x18a46d9dc CLStartStopAdvertisingBeacon + 231572
libsystem_pthread.dylib         0x184bed220 <redacted> + 272
libsystem_pthread.dylib         0x184bed110 _pthread_start + 292

Backtrace of Thread 173575:
libsystem_kernel.dylib          0x184a2be08 mach_msg_trap + 8
libsystem_kernel.dylib          0x184a2bc80 mach_msg + 72
CoreFoundation                  0x184f6ee40 <redacted> + 196
CoreFoundation                  0x184f6c908 <redacted> + 1568
CoreFoundation                  0x184e8cda8 CFRunLoopRunSpecific + 552
GeoServices                     0x18b2356cc <redacted> + 468
libsystem_pthread.dylib         0x184bed220 <redacted> + 272
libsystem_pthread.dylib         0x184bed110 _pthread_start + 292

Backtrace of Thread 41755:
libsystem_kernel.dylib          0x184a2be08 mach_msg_trap + 8
libsystem_kernel.dylib          0x184a2bc80 mach_msg + 72
CoreFoundation                  0x184f6ee40 <redacted> + 196
CoreFoundation                  0x184f6c908 <redacted> + 1568
CoreFoundation                  0x184e8cda8 CFRunLoopRunSpecific + 552
Foundation                      0x185901674 <redacted> + 304
LiveStreaming                   0x104220d48 -[_SRRunLoopThread main] + 360
Foundation                      0x185a11efc <redacted> + 1040
libsystem_pthread.dylib         0x184bed220 <redacted> + 272
libsystem_pthread.dylib         0x184bed110 _pthread_start + 292

Backtrace of Thread 93203:
libsystem_kernel.dylib          0x184a4dd84 __workq_kernreturn + 8
libsystem_pthread.dylib         0x184bebeb4 _pthread_wqthread + 928

Backtrace of Thread 65047:
libsystem_kernel.dylib          0x184a4d538 select$DARWIN_EXTSN + 8
CoreFoundation                  0x184f77378 <redacted> + 644
libsystem_pthread.dylib         0x184bed220 <redacted> + 272
libsystem_pthread.dylib         0x184bed110 _pthread_start + 292

Backtrace of Thread 166035:
libsystem_kernel.dylib          0x184a2be08 mach_msg_trap + 8
libsystem_kernel.dylib          0x184a2bc80 mach_msg + 72
CoreFoundation                  0x184f6ee40 <redacted> + 196
CoreFoundation                  0x184f6c908 <redacted> + 1568
CoreFoundation                  0x184e8cda8 CFRunLoopRunSpecific + 552
Foundation                      0x185901674 <redacted> + 304
LiveStreaming                   0x104d0a708 +[WXOMTAGCDAsyncSocket cfstreamThread] + 360
Foundation                      0x185a11efc <redacted> + 1040
libsystem_pthread.dylib         0x184bed220 <redacted> + 272
libsystem_pthread.dylib         0x184bed110 _pthread_start + 292

Backtrace of Thread 105999:
libsystem_kernel.dylib          0x184a4d0f4 __psynch_cvwait + 8
libsystem_pthread.dylib         0x184befc90 <redacted> + 644
libc++.1.dylib                  0x18410425c _ZNSt3__118condition_variable4waitERNS_11unique_lockINS_5mutexEEE + 24
LiveStreaming                   0x105173f9c _ZN3BRC9SyncQueueINSt3__110shared_ptrINS_4TaskEEEE4TakeERS4_ + 80
LiveStreaming                   0x1051739fc _ZN3BRC18SingleThreadWorker4workEv + 176
LiveStreaming                   0x1051741e0 _ZNSt3__114__thread_proxyINS_5tupleIJNS_10unique_ptrINS_15__thread_structENS_14default_deleteIS3_EEEEMN3BRC18SingleThreadWorkerEFvvEPS8_EEEEEPvSD_ + 64
libsystem_pthread.dylib         0x184bed220 <redacted> + 272
libsystem_pthread.dylib         0x184bed110 _pthread_start + 292

Backtrace of Thread 156183:
libsystem_kernel.dylib          0x184a4d0f4 __psynch_cvwait + 8
libsystem_pthread.dylib         0x184befc90 <redacted> + 644
libc++.1.dylib                  0x18410425c _ZNSt3__118condition_variable4waitERNS_11unique_lockINS_5mutexEEE + 24
LiveStreaming                   0x105173f9c _ZN3BRC9SyncQueueINSt3__110shared_ptrINS_4TaskEEEE4TakeERS4_ + 80
LiveStreaming                   0x1051739fc _ZN3BRC18SingleThreadWorker4workEv + 176
LiveStreaming                   0x1051741e0 _ZNSt3__114__thread_proxyINS_5tupleIJNS_10unique_ptrINS_15__thread_structENS_14default_deleteIS3_EEEEMN3BRC18SingleThreadWorkerEFvvEPS8_EEEEEPvSD_ + 64
libsystem_pthread.dylib         0x184bed220 <redacted> + 272
libsystem_pthread.dylib         0x184bed110 _pthread_start + 292

Backtrace of Thread 150539:
libsystem_kernel.dylib          0x184a4dd84 __workq_kernreturn + 8
libsystem_pthread.dylib         0x184bebeb4 _pthread_wqthread + 928

Backtrace of Thread 93703:
libsystem_kernel.dylib          0x184a4dd84 __workq_kernreturn + 8
libsystem_pthread.dylib         0x184bebeb4 _pthread_wqthread + 928

Backtrace of Thread 123675:
libsystem_kernel.dylib          0x184a2be5c semaphore_timedwait_trap + 8
libdispatch.dylib               0x10db3d324 _dispatch_sema4_timedwait + 60
libdispatch.dylib               0x10db3da9c _dispatch_semaphore_wait_slow + 72
libdispatch.dylib               0x10db47f64 _dispatch_worker_thread + 260
libsystem_pthread.dylib         0x184bed220 <redacted> + 272
libsystem_pthread.dylib         0x184bed110 _pthread_start + 292

Backtrace of Thread 141927:
libsystem_kernel.dylib          0x184a2be5c semaphore_timedwait_trap + 8
libdispatch.dylib               0x10db3d324 _dispatch_sema4_timedwait + 60
libdispatch.dylib               0x10db3da9c _dispatch_semaphore_wait_slow + 72
libdispatch.dylib               0x10db47f64 _dispatch_worker_thread + 260
libsystem_pthread.dylib         0x184bed220 <redacted> + 272
libsystem_pthread.dylib         0x184bed110 _pthread_start + 292

Backtrace of Thread 108311:
libsystem_kernel.dylib          0x184a2be08 mach_msg_trap + 8
libsystem_kernel.dylib          0x184a2bc80 mach_msg + 72
AudioToolbox                    0x188d8bc78 <redacted> + 280
AudioToolbox                    0x188d6b350 AudioSessionSetProperty_Priv + 524
AVFAudio                        0x18a979b84 <redacted> + 60
ZegoLiveRoom                    0x10af4285c 0x10ad64000 + 1960028
ZegoLiveRoom                    0x10af43314 0x10ad64000 + 1962772
ZegoLiveRoom                    0x10af417a0 0x10ad64000 + 1955744
ZegoLiveRoom                    0x10af415b4 0x10ad64000 + 1955252
ZegoLiveRoom                    0x10af38a08 0x10ad64000 + 1919496
ZegoLiveRoom                    0x10ae1e648 0x10ad64000 + 763464
ZegoLiveRoom                    0x10ae1f810 0x10ad64000 + 768016
ZegoLiveRoom                    0x10ae24860 0x10ad64000 + 788576
ZegoLiveRoom                    0x10adefa60 0x10ad64000 + 572000
ZegoLiveRoom                    0x10adf0290 0x10ad64000 + 574096
ZegoLiveRoom                    0x10ae0ff24 0x10ad64000 + 704292
ZegoLiveRoom                    0x10ae138a8 0x10ad64000 + 719016
ZegoLiveRoom                    0x10ad737fc 0x10ad64000 + 63484
ZegoLiveRoom                    0x10aea1088 0x10ad64000 + 1298568
ZegoLiveRoom                    0x10aea3688 0x10ad64000 + 1308296
ZegoLiveRoom                    0x10aea3438 0x10ad64000 + 1307704
ZegoLiveRoom                    0x10aea31ec 0x10ad64000 + 1307116
ZegoLiveRoom                    0x10aea75bc 0x10ad64000 + 1324476
libsystem_pthread.dylib         0x184bed220 <redacted> + 272
libsystem_pthread.dylib         0x184bed110 _pthread_start + 292

Backtrace of Thread 122419:
libsystem_kernel.dylib          0x184a303e4 poll + 8
ZegoLiveRoom                    0x10ae9f398 0x10ad64000 + 1291160
ZegoLiveRoom                    0x10aea344c 0x10ad64000 + 1307724
ZegoLiveRoom                    0x10aea31ec 0x10ad64000 + 1307116
ZegoLiveRoom                    0x10aea75bc 0x10ad64000 + 1324476
libsystem_pthread.dylib         0x184bed220 <redacted> + 272
libsystem_pthread.dylib         0x184bed110 _pthread_start + 292

Backtrace of Thread 118027:
libsystem_kernel.dylib          0x184a303e4 poll + 8
ZegoLiveRoom                    0x10ae9f398 0x10ad64000 + 1291160
ZegoLiveRoom                    0x10aea344c 0x10ad64000 + 1307724
ZegoLiveRoom                    0x10aea31ec 0x10ad64000 + 1307116
ZegoLiveRoom                    0x10aea75bc 0x10ad64000 + 1324476
libsystem_pthread.dylib         0x184bed220 <redacted> + 272
libsystem_pthread.dylib         0x184bed110 _pthread_start + 292

Backtrace of Thread 138243:
libsystem_kernel.dylib          0x184a2be5c semaphore_timedwait_trap + 8
ZegoLiveRoom                    0x10af4544c 0x10ad64000 + 1971276
ZegoLiveRoom                    0x10af44e00 0x10ad64000 + 1969664
ZegoLiveRoom                    0x10af44efc 0x10ad64000 + 1969916
libsystem_pthread.dylib         0x184bed220 <redacted> + 272
libsystem_pthread.dylib         0x184bed110 _pthread_start + 292

Backtrace of Thread 137987:
libsystem_kernel.dylib          0x184a4d0f4 __psynch_cvwait + 8
libsystem_pthread.dylib         0x184befc90 <redacted> + 644
ZegoLiveRoom                    0x10aea57b0 0x10ad64000 + 1316784
ZegoLiveRoom                    0x10adcc414 0x10ad64000 + 427028
ZegoLiveRoom                    0x10ae0f83c 0x10ad64000 + 702524
ZegoLiveRoom                    0x10ae0fc08 0x10ad64000 + 703496
ZegoLiveRoom                    0x10aec9cc4 0x10ad64000 + 1465540
ZegoLiveRoom                    0x10aecc334 0x10ad64000 + 1475380
ZegoLiveRoom                    0x10ae100a8 0x10ad64000 + 704680
ZegoLiveRoom                    0x10ae0fc08 0x10ad64000 + 703496
ZegoLiveRoom                    0x10aec9cc4 0x10ad64000 + 1465540
ZegoLiveRoom                    0x10aecc334 0x10ad64000 + 1475380
ZegoLiveRoom                    0x10ae100a8 0x10ad64000 + 704680
ZegoLiveRoom                    0x10ae0fc08 0x10ad64000 + 703496
ZegoLiveRoom                    0x10aec9cc4 0x10ad64000 + 1465540
ZegoLiveRoom                    0x10aec9a2c 0x10ad64000 + 1464876
ZegoLiveRoom                    0x10ae126c0 0x10ad64000 + 714432
ZegoLiveRoom                    0x10ad737fc 0x10ad64000 + 63484
ZegoLiveRoom                    0x10aea1088 0x10ad64000 + 1298568
ZegoLiveRoom                    0x10aea3688 0x10ad64000 + 1308296
ZegoLiveRoom                    0x10aea3438 0x10ad64000 + 1307704
ZegoLiveRoom                    0x10aea31ec 0x10ad64000 + 1307116
ZegoLiveRoom                    0x10aea75bc 0x10ad64000 + 1324476
libsystem_pthread.dylib         0x184bed220 <redacted> + 272
libsystem_pthread.dylib         0x184bed110 _pthread_start + 292

Backtrace of Thread 137731:
libsystem_kernel.dylib          0x184a303e4 poll + 8
ZegoLiveRoom                    0x10ae9f398 0x10ad64000 + 1291160
ZegoLiveRoom                    0x10aea344c 0x10ad64000 + 1307724
ZegoLiveRoom                    0x10aea31ec 0x10ad64000 + 1307116
ZegoLiveRoom                    0x10aea75bc 0x10ad64000 + 1324476
libsystem_pthread.dylib         0x184bed220 <redacted> + 272
libsystem_pthread.dylib         0x184bed110 _pthread_start + 292

Backtrace of Thread 119339:
libsystem_kernel.dylib          0x184a2be44 semaphore_wait_trap + 8
ZegoLiveRoom                    0x10af61634 0x10ad64000 + 2086452
ZegoLiveRoom                    0x10af61774 0x10ad64000 + 2086772
libsystem_pthread.dylib         0x184bed220 <redacted> + 272
libsystem_pthread.dylib         0x184bed110 _pthread_start + 292

Backtrace of Thread 117263:
libsystem_kernel.dylib          0x184a2be44 semaphore_wait_trap + 8
ZegoLiveRoom                    0x10af61634 0x10ad64000 + 2086452
ZegoLiveRoom                    0x10af61774 0x10ad64000 + 2086772
libsystem_pthread.dylib         0x184bed220 <redacted> + 272
libsystem_pthread.dylib         0x184bed110 _pthread_start + 292

Backtrace of Thread 123151:
libsystem_kernel.dylib          0x184a2be44 semaphore_wait_trap + 8
ZegoLiveRoom                    0x10af3ec74 0x10ad64000 + 1944692
ZegoLiveRoom                    0x10af44e00 0x10ad64000 + 1969664
ZegoLiveRoom                    0x10af44efc 0x10ad64000 + 1969916
libsystem_pthread.dylib         0x184bed220 <redacted> + 272
libsystem_pthread.dylib         0x184bed110 _pthread_start + 292

Backtrace of Thread 26891:
libsystem_kernel.dylib          0x184a2be08 mach_msg_trap + 8
libsystem_kernel.dylib          0x184a2bc80 mach_msg + 72
CoreFoundation                  0x184f6ee40 <redacted> + 196
CoreFoundation                  0x184f6c908 <redacted> + 1568
CoreFoundation                  0x184e8cda8 CFRunLoopRunSpecific + 552
Foundation                      0x185901674 <redacted> + 304
Foundation                      0x1859761a8 <redacted> + 88
ZegoLiveRoom                    0x10af9e35c 0x10ad64000 + 2335580
Foundation                      0x185a11efc <redacted> + 1040
libsystem_pthread.dylib         0x184bed220 <redacted> + 272
libsystem_pthread.dylib         0x184bed110 _pthread_start + 292

Backtrace of Thread 133903:
libsystem_kernel.dylib          0x184a2be5c semaphore_timedwait_trap + 8
libdispatch.dylib               0x10db3d324 _dispatch_sema4_timedwait + 60
libdispatch.dylib               0x10db3da9c _dispatch_semaphore_wait_slow + 72
libdispatch.dylib               0x10db47f64 _dispatch_worker_thread + 260
libsystem_pthread.dylib         0x184bed220 <redacted> + 272
libsystem_pthread.dylib         0x184bed110 _pthread_start + 292

Backtrace of Thread 133671:
libsystem_kernel.dylib          0x184a303e4 poll + 8
ZegoLiveRoom                    0x10af61cfc 0x10ad64000 + 2088188
ZegoLiveRoom                    0x10af61444 0x10ad64000 + 2085956
ZegoLiveRoom                    0x10af61678 0x10ad64000 + 2086520
ZegoLiveRoom                    0x10af61774 0x10ad64000 + 2086772
libsystem_pthread.dylib         0x184bed220 <redacted> + 272
libsystem_pthread.dylib         0x184bed110 _pthread_start + 292

Backtrace of Thread 128803:
libsystem_kernel.dylib          0x184a2be5c semaphore_timedwait_trap + 8
ZegoLiveRoom                    0x10af2dfb4 0x10ad64000 + 1875892
ZegoLiveRoom                    0x10af61678 0x10ad64000 + 2086520
ZegoLiveRoom                    0x10af61774 0x10ad64000 + 2086772
libsystem_pthread.dylib         0x184bed220 <redacted> + 272
libsystem_pthread.dylib         0x184bed110 _pthread_start + 292

Backtrace of Thread 129543:
libsystem_kernel.dylib          0x184a2be44 semaphore_wait_trap + 8
ZegoLiveRoom                    0x10af44da8 0x10ad64000 + 1969576
ZegoLiveRoom                    0x10af44efc 0x10ad64000 + 1969916
libsystem_pthread.dylib         0x184bed220 <redacted> + 272
libsystem_pthread.dylib         0x184bed110 _pthread_start + 292

