Call Backtrace of 30 threads:
Backtrace of Thread 771:
LiveStreaming                   0x1046a7214 +[TTBaseRequestParam requestParam] + 0
LiveStreaming                   0x102aee910 +[LivePushService uploadPushServiceStatus] + 940
LiveStreaming                   0x1027353a4 __45+[HTSPermissionManager requestPushPermission]_block_invoke + 128
LiveStreaming                   0x102801c94 __59-[HTSQuestionnairesManager showQuestionnairesOrActionWith:]_block_invoke + 392
LiveStreaming                   0x10280235c __50-[HTSQuestionnairesManager requestWithCompletion:]_block_invoke + 460
LiveStreaming                   0x10437fa1c __223-[TTNetworkHTTPClient requestForJSONWithURL:params:method:commonParams:headerField:pureChannelForJSONResponseSerializer:verifyRequest:requestSerializer:responseSerializer:responsePreprocessor:callback:callbackWithResponse:]_block_invoke + 292
LiveStreaming                   0x10437ddcc __83-[TTNetworkHTTPClient _dataTaskWithRequest:responsePreprocessor:completionHandler:]_block_invoke_2 + 2392
LiveStreaming                   0x102de4c04 __72-[AFURLSessionManagerTaskDelegate URLSession:task:didCompleteWithError:]_block_invoke_2.72 + 224
libdispatch.dylib               0x10db35260 _dispatch_call_block_and_release + 24
libdispatch.dylib               0x10db35220 _dispatch_client_callout + 16
libdispatch.dylib               0x10db39b38 _dispatch_main_queue_callback_4CF + 548
CoreFoundation                  0x184f6f070 <redacted> + 12
CoreFoundation                  0x184f6cbc8 <redacted> + 2272
CoreFoundation                  0x184e8cda8 CFRunLoopRunSpecific + 552
GraphicsServices                0x186e6f020 GSEventRunModal + 100
UIKit                           0x18ee6d78c UIApplicationMain + 236
LiveStreaming                   0x102ce4bf0 main + 124
libdyld.dylib                   0x18491dfc0 <redacted> + 4

Fail to get frame pointerBacktrace of Thread 5635:
libsystem_kernel.dylib          0x184a4dd84 __workq_kernreturn + 8
libsystem_pthread.dylib         0x184bebeb4 _pthread_wqthread + 928

Backtrace of Thread 6155:
libsystem_kernel.dylib          0x184a4d610 __semwait_signal + 8
libsystem_c.dylib               0x18496612c nanosleep + 212
libsystem_c.dylib               0x18496604c usleep + 64
GPUToolsCore                    0x10dbba2bc _ZL21smt_poll_thread_entryPv + 136
libsystem_pthread.dylib         0x184bed220 <redacted> + 272
libsystem_pthread.dylib         0x184bed110 _pthread_start + 292

Backtrace of Thread 8455:
libsystem_kernel.dylib          0x184a4d610 __semwait_signal + 8
libsystem_c.dylib               0x18496612c nanosleep + 212
libsystem_c.dylib               0x18496604c usleep + 64
GPUToolsCore                    0x10dbba2bc _ZL21smt_poll_thread_entryPv + 136
libsystem_pthread.dylib         0x184bed220 <redacted> + 272
libsystem_pthread.dylib         0x184bed110 _pthread_start + 292

Backtrace of Thread 8715:
libsystem_kernel.dylib          0x184a4d0f4 __psynch_cvwait + 8
libsystem_pthread.dylib         0x184befc90 <redacted> + 644
libc++.1.dylib                  0x1841042ec _ZNSt3__118condition_variable15__do_timed_waitERNS_11unique_lockINS_5mutexEEENS_6chrono10time_pointINS5_12system_clockENS5_8durationIxNS_5ratioILl1ELl1000000000EEEEEEE + 96
JavaScriptCore                  0x18c5e3430 <redacted> + 124
JavaScriptCore                  0x18c5e32e0 <redacted> + 112
JavaScriptCore                  0x18c5e2e24 <redacted> + 272
JavaScriptCore                  0x18c5e2b60 <redacted> + 12
JavaScriptCore                  0x18c5e2f7c <redacted> + 44
libsystem_pthread.dylib         0x184bed220 <redacted> + 272
libsystem_pthread.dylib         0x184bed110 _pthread_start + 292

Backtrace of Thread 21255:
libsystem_kernel.dylib          0x184a2be08 mach_msg_trap + 8
libsystem_kernel.dylib          0x184a2bc80 mach_msg + 72
CoreFoundation                  0x184f6ee40 <redacted> + 196
CoreFoundation                  0x184f6c908 <redacted> + 1568
CoreFoundation                  0x184e8cda8 CFRunLoopRunSpecific + 552
WebCore                         0x18d119dcc <redacted> + 592
libsystem_pthread.dylib         0x184bed220 <redacted> + 272
libsystem_pthread.dylib         0x184bed110 _pthread_start + 292

Backtrace of Thread 19203:
libsystem_kernel.dylib          0x184a4dd84 __workq_kernreturn + 8
libsystem_pthread.dylib         0x184bebeb4 _pthread_wqthread + 928

Backtrace of Thread 12803:
libsystem_kernel.dylib          0x184a2be08 mach_msg_trap + 8
libsystem_kernel.dylib          0x184a2bc80 mach_msg + 72
CoreFoundation                  0x184f6ee40 <redacted> + 196
CoreFoundation                  0x184f6c908 <redacted> + 1568
CoreFoundation                  0x184e8cda8 CFRunLoopRunSpecific + 552
Foundation                      0x185901674 <redacted> + 304
Foundation                      0x1859014dc <redacted> + 84
UIKit                           0x18eb527e4 <redacted> + 136
Foundation                      0x185a11efc <redacted> + 1040
libsystem_pthread.dylib         0x184bed220 <redacted> + 272
libsystem_pthread.dylib         0x184bed110 _pthread_start + 292

Backtrace of Thread 15619:
libsystem_kernel.dylib          0x184a4dd84 __workq_kernreturn + 8
libsystem_pthread.dylib         0x184bebeb4 _pthread_wqthread + 928

Backtrace of Thread 16131:
libsystem_kernel.dylib          0x184a4dd84 __workq_kernreturn + 8
libsystem_pthread.dylib         0x184bebeb4 _pthread_wqthread + 928

Backtrace of Thread 40707:
libsystem_kernel.dylib          0x184a4dd84 __workq_kernreturn + 8
libsystem_pthread.dylib         0x184bebeb4 _pthread_wqthread + 928

Backtrace of Thread 37383:
libsystem_kernel.dylib          0x184a2be08 mach_msg_trap + 8
libsystem_kernel.dylib          0x184a2bc80 mach_msg + 72
CoreFoundation                  0x184f6ee40 <redacted> + 196
CoreFoundation                  0x184f6c908 <redacted> + 1568
CoreFoundation                  0x184e8cda8 CFRunLoopRunSpecific + 552
Foundation                      0x185901674 <redacted> + 304
Foundation                      0x1859761a8 <redacted> + 88
LiveStreaming                   0x102dc7dac +[AFURLConnectionOperation networkRequestThreadEntryPoint:] + 308
Foundation                      0x185a11efc <redacted> + 1040
libsystem_pthread.dylib         0x184bed220 <redacted> + 272
libsystem_pthread.dylib         0x184bed110 _pthread_start + 292

Fail to get frame pointerBacktrace of Thread 29443:
libobjc.A.dylib                 0x18418f288 objc_lookUpClass + 4
Foundation                      0x18597a068 <redacted> + 340
LiveStreaming                   0x10406ded8 __38-[MTLModel(NSCoding) encodeWithCoder:]_block_invoke + 416
CoreFoundation                  0x184eea564 <redacted> + 160
LiveStreaming                   0x10406dcc0 -[MTLModel(NSCoding) encodeWithCoder:] + 496
Foundation                      0x18597a3cc <redacted> + 1208
Foundation                      0x185920d0c <redacted> + 444
Foundation                      0x18597a3cc <redacted> + 1208
LiveStreaming                   0x10406ded8 __38-[MTLModel(NSCoding) encodeWithCoder:]_block_invoke + 416
CoreFoundation                  0x184eea564 <redacted> + 160
LiveStreaming                   0x10406dcc0 -[MTLModel(NSCoding) encodeWithCoder:] + 496
Foundation                      0x18597a3cc <redacted> + 1208
Foundation                      0x185920d0c <redacted> + 444
Foundation                      0x1859311e8 <redacted> + 964
Foundation                      0x18597a3cc <redacted> + 1208
Foundation                      0x1859dcad8 <redacted> + 212
LiveStreaming                   0x102f6227c __28-[EffectPlatform _saveCache]_block_invoke + 212
LiveStreaming                   0x102f6304c -[EffectPlatform _runInCacheQueue:] + 92
LiveStreaming                   0x102f62188 -[EffectPlatform _saveCache] + 136
LiveStreaming                   0x102f64790 __75+[EffectPlatform(EffectDownloader) downloadEffectListWithPanel:completion:]_block_invoke.292 + 508
LiveStreaming                   0x102f63124 __35-[EffectPlatform _runInCacheQueue:]_block_invoke + 40
libdispatch.dylib               0x10db35220 _dispatch_client_callout + 16
libdispatch.dylib               0x10db42a40 _dispatch_queue_barrier_sync_invoke_and_complete + 120
LiveStreaming                   0x102f630c8 -[EffectPlatform _runInCacheQueue:] + 216
LiveStreaming                   0x102f64168 __75+[EffectPlatform(EffectDownloader) downloadEffectListWithPanel:completion:]_block_invoke + 1196
LiveStreaming                   0x102f6788c __98+[EffectPlatform(EffectDownloader) _requestWithURLString:parameters:cookie:httpMethod:completion:]_block_invoke_2 + 504
libdispatch.dylib               0x10db35260 _dispatch_call_block_and_release + 24
libdispatch.dylib               0x10db35220 _dispatch_client_callout + 16
libdispatch.dylib               0x10db43e80 _dispatch_queue_serial_drain + 768
libdispatch.dylib               0x10db38730 _dispatch_queue_invoke + 328
libdispatch.dylib               0x10db44dd8 _dispatch_root_queue_drain_deferred_wlh + 352
libdispatch.dylib               0x10db4bebc _dispatch_workloop_worker_thread + 676
libsystem_pthread.dylib         0x184bebe70 _pthread_wqthread + 860

Backtrace of Thread 32003:
libsystem_kernel.dylib          0x184a2be08 mach_msg_trap + 8
libsystem_kernel.dylib          0x184a2bc80 mach_msg + 72
CoreFoundation                  0x184f6ee40 <redacted> + 196
CoreFoundation                  0x184f6c908 <redacted> + 1568
CoreFoundation                  0x184e8cda8 CFRunLoopRunSpecific + 552
CFNetwork                       0x18579a4b0 <redacted> + 220
Foundation                      0x185a11efc <redacted> + 1040
libsystem_pthread.dylib         0x184bed220 <redacted> + 272
libsystem_pthread.dylib         0x184bed110 _pthread_start + 292

Backtrace of Thread 84739:
libsystem_kernel.dylib          0x184a4dd84 __workq_kernreturn + 8
libsystem_pthread.dylib         0x184bebeb4 _pthread_wqthread + 928

Backtrace of Thread 51227:
libsystem_kernel.dylib          0x184a2be08 mach_msg_trap + 8
libsystem_kernel.dylib          0x184a2bc80 mach_msg + 72
CoreFoundation                  0x184f6ee40 <redacted> + 196
CoreFoundation                  0x184f6c908 <redacted> + 1568
CoreFoundation                  0x184e8cda8 CFRunLoopRunSpecific + 552
AVFAudio                        0x18a972424 <redacted> + 164
AVFAudio                        0x18a99c834 <redacted> + 88
libsystem_pthread.dylib         0x184bed220 <redacted> + 272
libsystem_pthread.dylib         0x184bed110 _pthread_start + 292

Backtrace of Thread 53007:
libsystem_kernel.dylib          0x184a4dd84 __workq_kernreturn + 8
libsystem_pthread.dylib         0x184bebeb4 _pthread_wqthread + 928

Backtrace of Thread 72971:
libsystem_kernel.dylib          0x184a2be08 mach_msg_trap + 8
libsystem_kernel.dylib          0x184a2bc80 mach_msg + 72
libsystem_kernel.dylib          0x184a2df34 thread_get_state + 136
LiveStreaming                   0x104306624 bs_mach_copyMem + 60
LiveStreaming                   0x104305d64 _bs_backtraceOfThread + 636
LiveStreaming                   0x1043064bc +[BSBacktraceLogger bs_backtraceOfAllThread] + 220
LiveStreaming                   0x103d75cf4 __40+[IESDebugToolService startStuckMonitor]_block_invoke + 204
LiveStreaming                   0x103d73174 __36-[IESDebugStuckMonitor startMonitor]_block_invoke_2 + 112
CoreFoundation                  0x184f5ff38 <redacted> + 76
LiveStreaming                   0x103d7306c __36-[IESDebugStuckMonitor startMonitor]_block_invoke + 436
Foundation                      0x1859eee88 <redacted> + 16
Foundation                      0x1859308d0 <redacted> + 72
Foundation                      0x18592fcac <redacted> + 848
Foundation                      0x1859f076c <redacted> + 404
libdispatch.dylib               0x10db35220 _dispatch_client_callout + 16
libdispatch.dylib               0x10db424d8 _dispatch_continuation_pop + 588
libdispatch.dylib               0x10db40dc8 _dispatch_async_redirect_invoke + 628
libdispatch.dylib               0x10db4684c _dispatch_root_queue_drain + 604
libdispatch.dylib               0x10db46584 _dispatch_worker_thread3 + 136
libsystem_pthread.dylib         0x184bebfac _pthread_wqthread + 1176

Backtrace of Thread 54539:
libsystem_kernel.dylib          0x184a4dd84 __workq_kernreturn + 8
libsystem_pthread.dylib         0x184bebeb4 _pthread_wqthread + 928

Backtrace of Thread 70927:
libsystem_kernel.dylib          0x184a4dd84 __workq_kernreturn + 8
libsystem_pthread.dylib         0x184bebeb4 _pthread_wqthread + 928

Backtrace of Thread 56331:
libsystem_kernel.dylib          0x184a4dd84 __workq_kernreturn + 8
libsystem_pthread.dylib         0x184bebeb4 _pthread_wqthread + 928

Backtrace of Thread 70411:
libsystem_kernel.dylib          0x184a4dd84 __workq_kernreturn + 8
libsystem_pthread.dylib         0x184bebeb4 _pthread_wqthread + 928

Backtrace of Thread 57355:
libsystem_kernel.dylib          0x184a4dd84 __workq_kernreturn + 8
libsystem_pthread.dylib         0x184bebeb4 _pthread_wqthread + 928

Backtrace of Thread 67875:
libsystem_kernel.dylib          0x184a2be5c semaphore_timedwait_trap + 8
libdispatch.dylib               0x10db3d324 _dispatch_sema4_timedwait + 60
libdispatch.dylib               0x10db3da9c _dispatch_semaphore_wait_slow + 72
libdispatch.dylib               0x10db47f64 _dispatch_worker_thread + 260
libsystem_pthread.dylib         0x184bed220 <redacted> + 272
libsystem_pthread.dylib         0x184bed110 _pthread_start + 292

Backtrace of Thread 87555:
libsystem_kernel.dylib          0x184a2be5c semaphore_timedwait_trap + 8
libdispatch.dylib               0x10db3d324 _dispatch_sema4_timedwait + 60
libdispatch.dylib               0x10db3da9c _dispatch_semaphore_wait_slow + 72
libdispatch.dylib               0x10db47f64 _dispatch_worker_thread + 260
libsystem_pthread.dylib         0x184bed220 <redacted> + 272
libsystem_pthread.dylib         0x184bed110 _pthread_start + 292

Backtrace of Thread 58911:
libsystem_kernel.dylib          0x184a4dd84 __workq_kernreturn + 8
libsystem_pthread.dylib         0x184bebeb4 _pthread_wqthread + 928

Backtrace of Thread 63499:
libsystem_kernel.dylib          0x184a2be08 mach_msg_trap + 8
libsystem_kernel.dylib          0x184a2bc80 mach_msg + 72
CoreFoundation                  0x184f6ee40 <redacted> + 196
CoreFoundation                  0x184f6c908 <redacted> + 1568
CoreFoundation                  0x184e8cda8 CFRunLoopRunSpecific + 552
CoreFoundation                  0x184edcb28 CFRunLoopRun + 116
CoreMotion                      0x18a46d9dc CLStartStopAdvertisingBeacon + 231572
libsystem_pthread.dylib         0x184bed220 <redacted> + 272
libsystem_pthread.dylib         0x184bed110 _pthread_start + 292

Backtrace of Thread 173575:
libsystem_kernel.dylib          0x184a2be08 mach_msg_trap + 8
libsystem_kernel.dylib          0x184a2bc80 mach_msg + 72
CoreFoundation                  0x184f6ee40 <redacted> + 196
CoreFoundation                  0x184f6c908 <redacted> + 1568
CoreFoundation                  0x184e8cda8 CFRunLoopRunSpecific + 552
GeoServices                     0x18b2356cc <redacted> + 468
libsystem_pthread.dylib         0x184bed220 <redacted> + 272
libsystem_pthread.dylib         0x184bed110 _pthread_start + 292

