Call Backtrace of 25 threads:
Backtrace of Thread 771:
libAccessibility.dylib          0x18cbc71fc _AXSHighContrastFocusIndicatorsEnabled + 0
UIKit                           0x18ebecf3c <redacted> + 320
UIKit                           0x18ebe47f4 <redacted> + 624
UIKit                           0x18ebe43d8 <redacted> + 524
UIKit                           0x18ebe32fc <redacted> + 1032
UIKit                           0x18ebe25ec <redacted> + 1940
UIKit                           0x18ebe1d98 <redacted> + 124
LiveStreaming                   0x10411cf74 -[HTSUGCTabBarViewController _configTabBar] + 2364
LiveStreaming                   0x10411b814 -[HTSUGCTabBarViewController initWithUserInfo:] + 444
LiveStreaming                   0x10411a138 __42+[HTSUGCTabBarViewController(Router) load]_block_invoke_2 + 2408
LiveStreaming                   0x10411a47c __42+[HTSUGCTabBarViewController(Router) load]_block_invoke.211 + 40
LiveStreaming                   0x10411af6c __67+[HTSUGCTabBarViewController(Router) presentDeviceDeniedAlertView:]_block_invoke.273 + 616
LiveStreaming                   0x104704c38 -[RACSubscriber sendNext:] + 228
LiveStreaming                   0x1046caf30 -[RACPassthroughSubscriber sendNext:] + 444
LiveStreaming                   0x1046ecf58 __44-[RACSignal(Operations) deliverOnMainThread]_block_invoke_2.839 + 52
LiveStreaming                   0x1046ecbd4 __44-[RACSignal(Operations) deliverOnMainThread]_block_invoke_2 + 144
LiveStreaming                   0x1046ecee8 __44-[RACSignal(Operations) deliverOnMainThread]_block_invoke.838 + 196
LiveStreaming                   0x104704c38 -[RACSubscriber sendNext:] + 228
LiveStreaming                   0x1046caf30 -[RACPassthroughSubscriber sendNext:] + 444
LiveStreaming                   0x1046df65c __43-[RACSignal(Operations) combineLatestWith:]_block_invoke_2 + 568
LiveStreaming                   0x1046dfe74 __43-[RACSignal(Operations) combineLatestWith:]_block_invoke.369 + 264
LiveStreaming                   0x104704c38 -[RACSubscriber sendNext:] + 228
LiveStreaming                   0x1046caf30 -[RACPassthroughSubscriber sendNext:] + 444
LiveStreaming                   0x1046f1638 __36-[RACSignal(Operations) materialize]_block_invoke.1009 + 120
LiveStreaming                   0x104704f70 -[RACSubscriber sendCompleted] + 272
LiveStreaming                   0x1046cb4cc -[RACPassthroughSubscriber sendCompleted] + 344
LiveStreaming                   0x1040db478 __51+[HTSPermissionSignals requestMicroPhonePermission]_block_invoke_2 + 60
LiveStreaming                   0x103ffa20c +[HTSDeviceManager requestMicroPhonePermission:] + 356
LiveStreaming                   0x1040db408 __51+[HTSPermissionSignals requestMicroPhonePermission]_block_invoke + 168
LiveStreaming                   0x1046c04a4 __30-[RACDynamicSignal subscribe:]_block_invoke + 104
LiveStreaming                   0x104705bb0 -[RACSubscriptionScheduler schedule:] + 632
LiveStreaming                   0x1046c0384 -[RACDynamicSignal subscribe:] + 828
LiveStreaming                   0x1046f99ac -[RACSignal(Subscription) subscribeNext:error:completed:] + 1420
LiveStreaming                   0x1046f12d8 __36-[RACSignal(Operations) materialize]_block_invoke + 344
LiveStreaming                   0x1046c04a4 __30-[RACDynamicSignal subscribe:]_block_invoke + 104
LiveStreaming                   0x104705bb0 -[RACSubscriptionScheduler schedule:] + 632
LiveStreaming                   0x1046c0384 -[RACDynamicSignal subscribe:] + 828
LiveStreaming                   0x1046f99ac -[RACSignal(Subscription) subscribeNext:error:completed:] + 1420
LiveStreaming                   0x1046df258 __43-[RACSignal(Operations) combineLatestWith:]_block_invoke + 1156
LiveStreaming                   0x1046c04a4 __30-[RACDynamicSignal subscribe:]_block_invoke + 104
LiveStreaming                   0x104705bb0 -[RACSubscriptionScheduler schedule:] + 632
LiveStreaming                   0x1046c0384 -[RACDynamicSignal subscribe:] + 828
LiveStreaming                   0x1046f99ac -[RACSignal(Subscription) subscribeNext:error:completed:] + 1420
LiveStreaming                   0x1046eca78 __44-[RACSignal(Operations) deliverOnMainThread]_block_invoke + 540
LiveStreaming                   0x1046c04a4 __30-[RACDynamicSignal subscribe:]_block_invoke + 104
LiveStreaming                   0x104705bb0 -[RACSubscriptionScheduler schedule:] + 632
LiveStreaming                   0x1046c0384 -[RACDynamicSignal subscribe:] + 828
LiveStreaming                   0x1046f8fd4 -[RACSignal(Subscription) subscribeNext:] + 528
LiveStreaming                   0x10411a6d0 +[HTSUGCTabBarViewController(Router) presentDeviceDeniedAlertView:] + 432
LiveStreaming                   0x104119760 __42+[HTSUGCTabBarViewController(Router) load]_block_invoke + 996

Backtrace of Thread 4099:
libsystem_kernel.dylib          0x184a2be08 mach_msg_trap + 8
libsystem_kernel.dylib          0x184a2bc80 mach_msg + 72
libdispatch.dylib               0x1848ce8b8 <redacted> + 560
libdispatch.dylib               0x1848cedb0 <redacted> + 56
libxpc.dylib                    0x184c288d8 xpc_connection_send_message_with_reply_sync + 196
CoreMedia                       0x18836219c FigXPCRemoteClientSendSyncMessageCreatingReply + 36
CoreMedia                       0x18836210c FigXPCSendStdCopyPropertyMessage + 116
CoreMedia                       0x1882e23cc <redacted> + 68
AVFoundation                    0x18ab44900 <redacted> + 88
MediaRemote                     0x190e1557c <redacted> + 100
Foundation                      0x1859ea060 <redacted> + 56
Foundation                      0x1859eee88 <redacted> + 16
Foundation                      0x1859308d0 <redacted> + 72
Foundation                      0x18592fcac <redacted> + 848
Foundation                      0x1859f076c <redacted> + 404
libdispatch.dylib               0x1848b8ae4 <redacted> + 16
libdispatch.dylib               0x1848c0f18 <redacted> + 424
libdispatch.dylib               0x1848bf850 <redacted> + 604
libdispatch.dylib               0x1848c5d30 <redacted> + 588
libdispatch.dylib               0x1848c5a80 <redacted> + 120
libsystem_pthread.dylib         0x184bebfac _pthread_wqthread + 1176

Backtrace of Thread 3843:
libsystem_kernel.dylib          0x184a4dd84 __workq_kernreturn + 8
libsystem_pthread.dylib         0x184bebeb4 _pthread_wqthread + 928

Backtrace of Thread 7435:
libsystem_kernel.dylib          0x184a4dd84 __workq_kernreturn + 8
libsystem_pthread.dylib         0x184bebeb4 _pthread_wqthread + 928

Backtrace of Thread 8963:
libsystem_kernel.dylib          0x184a4d0f4 __psynch_cvwait + 8
libsystem_pthread.dylib         0x184befc90 <redacted> + 644
libc++.1.dylib                  0x1841042ec _ZNSt3__118condition_variable15__do_timed_waitERNS_11unique_lockINS_5mutexEEENS_6chrono10time_pointINS5_12system_clockENS5_8durationIxNS_5ratioILl1ELl1000000000EEEEEEE + 96
JavaScriptCore                  0x18c5e3430 <redacted> + 124
JavaScriptCore                  0x18c5e32e0 <redacted> + 112
JavaScriptCore                  0x18c5e2e24 <redacted> + 272
JavaScriptCore                  0x18c5e2b60 <redacted> + 12
JavaScriptCore                  0x18c5e2f7c <redacted> + 44
libsystem_pthread.dylib         0x184bed220 <redacted> + 272
libsystem_pthread.dylib         0x184bed110 _pthread_start + 292

Backtrace of Thread 8707:
libsystem_kernel.dylib          0x184a2be08 mach_msg_trap + 8
libsystem_kernel.dylib          0x184a2bc80 mach_msg + 72
CoreFoundation                  0x184f6ee40 <redacted> + 196
CoreFoundation                  0x184f6c908 <redacted> + 1568
CoreFoundation                  0x184e8cda8 CFRunLoopRunSpecific + 552
WebCore                         0x18d119dcc <redacted> + 592
libsystem_pthread.dylib         0x184bed220 <redacted> + 272
libsystem_pthread.dylib         0x184bed110 _pthread_start + 292

Backtrace of Thread 20227:
libsystem_kernel.dylib          0x184a2be08 mach_msg_trap + 8
libsystem_kernel.dylib          0x184a2bc80 mach_msg + 72
CoreFoundation                  0x184f6ee40 <redacted> + 196
CoreFoundation                  0x184f6c908 <redacted> + 1568
CoreFoundation                  0x184e8cda8 CFRunLoopRunSpecific + 552
Foundation                      0x185901674 <redacted> + 304
Foundation                      0x18590151c <redacted> + 148
UIKit                           0x18eb527e4 <redacted> + 136
Foundation                      0x185a11efc <redacted> + 1040
libsystem_pthread.dylib         0x184bed220 <redacted> + 272
libsystem_pthread.dylib         0x184bed110 _pthread_start + 292

Backtrace of Thread 17163:
libsystem_kernel.dylib          0x184a4dd84 __workq_kernreturn + 8
libsystem_pthread.dylib         0x184bebeb4 _pthread_wqthread + 928

Backtrace of Thread 14083:
libsystem_kernel.dylib          0x184a4d0f4 __psynch_cvwait + 8
libsystem_pthread.dylib         0x184befc90 <redacted> + 644
Foundation                      0x185935be8 <redacted> + 780
Foundation                      0x18592a170 <redacted> + 236
CoreFoundation                  0x184f58c3c <redacted> + 20
CoreFoundation                  0x184f581b8 <redacted> + 428
CoreFoundation                  0x184f57f14 <redacted> + 216
CoreFoundation                  0x184fd584c <redacted> + 1408
CoreFoundation                  0x184e8ef38 _CFXNotificationPost + 384
Foundation                      0x1858ffbbc <redacted> + 68
AVFoundation                    0x18aaf4f24 <redacted> + 200
CoreFoundation                  0x184f58c3c <redacted> + 20
CoreFoundation                  0x184f581b8 <redacted> + 428
CoreFoundation                  0x184f57f14 <redacted> + 216
CoreFoundation                  0x184fd584c <redacted> + 1408
CoreFoundation                  0x184e8ef38 _CFXNotificationPost + 384
CoreFoundation                  0x184eb28f0 CFNotificationCenterPostNotification + 132
CoreMedia                       0x188259488 CMNotificationCenterPostNotification + 124
CoreMedia                       0x188365314 <redacted> + 164
libdispatch.dylib               0x1848b8b24 <redacted> + 24
libdispatch.dylib               0x1848b8ae4 <redacted> + 16
libdispatch.dylib               0x1848c2a38 <redacted> + 608
libdispatch.dylib               0x1848c3380 <redacted> + 336
libdispatch.dylib               0x1848c3d4c <redacted> + 340
libdispatch.dylib               0x1848cc11c <redacted> + 668
libsystem_pthread.dylib         0x184bebe70 _pthread_wqthread + 860

Backtrace of Thread 39427:
libsystem_kernel.dylib          0x184a4dd84 __workq_kernreturn + 8
libsystem_pthread.dylib         0x184bec0a0 _pthread_wqthread + 1420

Backtrace of Thread 25347:
libsystem_kernel.dylib          0x184a2be08 mach_msg_trap + 8
libsystem_kernel.dylib          0x184a2bc80 mach_msg + 72
libsystem_kernel.dylib          0x184a2df34 thread_get_state + 136
LiveStreaming                   0x10484a61c bs_mach_copyMem + 60
LiveStreaming                   0x104849d5c _bs_backtraceOfThread + 636
LiveStreaming                   0x10484a4b4 +[BSBacktraceLogger bs_backtraceOfAllThread] + 220
LiveStreaming                   0x1042b9cec __40+[IESDebugToolService startStuckMonitor]_block_invoke + 204
LiveStreaming                   0x1042b716c __36-[IESDebugStuckMonitor startMonitor]_block_invoke_2 + 112
CoreFoundation                  0x184f5ff38 <redacted> + 76
LiveStreaming                   0x1042b7064 __36-[IESDebugStuckMonitor startMonitor]_block_invoke + 436
Foundation                      0x1859eee88 <redacted> + 16
Foundation                      0x1859308d0 <redacted> + 72
Foundation                      0x18592fcac <redacted> + 848
Foundation                      0x1859f076c <redacted> + 404
libdispatch.dylib               0x1848b8ae4 <redacted> + 16
libdispatch.dylib               0x1848c0f18 <redacted> + 424
libdispatch.dylib               0x1848bf850 <redacted> + 604
libdispatch.dylib               0x1848c5d30 <redacted> + 588
libdispatch.dylib               0x1848c5a80 <redacted> + 120
libsystem_pthread.dylib         0x184bebfac _pthread_wqthread + 1176

Backtrace of Thread 38659:
libsystem_kernel.dylib          0x184a4dd84 __workq_kernreturn + 8
libsystem_pthread.dylib         0x184bebeb4 _pthread_wqthread + 928

Backtrace of Thread 38147:
libsystem_kernel.dylib          0x184a4dd84 __workq_kernreturn + 8
libsystem_pthread.dylib         0x184bebeb4 _pthread_wqthread + 928

Backtrace of Thread 26371:
libsystem_kernel.dylib          0x184a4dd84 __workq_kernreturn + 8
libsystem_pthread.dylib         0x184bebeb4 _pthread_wqthread + 928

Backtrace of Thread 27911:
libsystem_kernel.dylib          0x184a2be08 mach_msg_trap + 8
libsystem_kernel.dylib          0x184a2bc80 mach_msg + 72
CoreFoundation                  0x184f6ee40 <redacted> + 196
CoreFoundation                  0x184f6c908 <redacted> + 1568
CoreFoundation                  0x184e8cda8 CFRunLoopRunSpecific + 552
Foundation                      0x185901674 <redacted> + 304
Foundation                      0x1859761a8 <redacted> + 88
LiveStreaming                   0x10330bd2c +[AFURLConnectionOperation networkRequestThreadEntryPoint:] + 308
Foundation                      0x185a11efc <redacted> + 1040
libsystem_pthread.dylib         0x184bed220 <redacted> + 272
libsystem_pthread.dylib         0x184bed110 _pthread_start + 292

Backtrace of Thread 44803:
libsystem_kernel.dylib          0x184a4dd84 __workq_kernreturn + 8
libsystem_pthread.dylib         0x184bebeb4 _pthread_wqthread + 928

Backtrace of Thread 84487:
libsystem_kernel.dylib          0x184a2be08 mach_msg_trap + 8
libsystem_kernel.dylib          0x184a2bc80 mach_msg + 72
CoreFoundation                  0x184f6ee40 <redacted> + 196
CoreFoundation                  0x184f6c908 <redacted> + 1568
CoreFoundation                  0x184e8cda8 CFRunLoopRunSpecific + 552
CFNetwork                       0x18579a4b0 <redacted> + 220
Foundation                      0x185a11efc <redacted> + 1040
libsystem_pthread.dylib         0x184bed220 <redacted> + 272
libsystem_pthread.dylib         0x184bed110 _pthread_start + 292

Backtrace of Thread 53267:
libsystem_kernel.dylib          0x184a2be08 mach_msg_trap + 8
libsystem_kernel.dylib          0x184a2bc80 mach_msg + 72
CoreFoundation                  0x184f6ee40 <redacted> + 196
CoreFoundation                  0x184f6c908 <redacted> + 1568
CoreFoundation                  0x184e8cda8 CFRunLoopRunSpecific + 552
AVFAudio                        0x18a972424 <redacted> + 164
AVFAudio                        0x18a99c834 <redacted> + 88
libsystem_pthread.dylib         0x184bed220 <redacted> + 272
libsystem_pthread.dylib         0x184bed110 _pthread_start + 292

Backtrace of Thread 56843:
libsystem_kernel.dylib          0x184a2be5c semaphore_timedwait_trap + 8
libdispatch.dylib               0x1848bb0b0 <redacted> + 60
libdispatch.dylib               0x1848bb924 <redacted> + 72
libdispatch.dylib               0x1848c723c <redacted> + 256
libsystem_pthread.dylib         0x184bed220 <redacted> + 272
libsystem_pthread.dylib         0x184bed110 _pthread_start + 292

Backtrace of Thread 57871:
libsystem_kernel.dylib          0x184a2d8bc write + 8
CoreFoundation                  0x184f0c2e4 <redacted> + 32
CoreFoundation                  0x184ea6a20 CFWriteStreamWrite + 480
CoreFoundation                  0x184ea67e4 <redacted> + 216
CoreFoundation                  0x184ea5aec <redacted> + 316
CoreFoundation                  0x184ea62cc <redacted> + 1936
CoreFoundation                  0x184f2b1e4 <redacted> + 488
Foundation                      0x185921180 <redacted> + 588
Foundation                      0x1859dcae8 <redacted> + 228
LiveStreaming                   0x1034a61fc __28-[EffectPlatform _saveCache]_block_invoke + 212
LiveStreaming                   0x1034a6fcc -[EffectPlatform _runInCacheQueue:] + 92
LiveStreaming                   0x1034a6108 -[EffectPlatform _saveCache] + 136
LiveStreaming                   0x1034a8710 __75+[EffectPlatform(EffectDownloader) downloadEffectListWithPanel:completion:]_block_invoke.292 + 508
LiveStreaming                   0x1034a70a4 __35-[EffectPlatform _runInCacheQueue:]_block_invoke + 40
libdispatch.dylib               0x1848b8ae4 <redacted> + 16
libdispatch.dylib               0x1848c1640 <redacted> + 56
LiveStreaming                   0x1034a7048 -[EffectPlatform _runInCacheQueue:] + 216
LiveStreaming                   0x1034a80e8 __75+[EffectPlatform(EffectDownloader) downloadEffectListWithPanel:completion:]_block_invoke + 1196
LiveStreaming                   0x1034ab80c __98+[EffectPlatform(EffectDownloader) _requestWithURLString:parameters:cookie:httpMethod:completion:]_block_invoke_2 + 504
libdispatch.dylib               0x1848b8b24 <redacted> + 24
libdispatch.dylib               0x1848b8ae4 <redacted> + 16
libdispatch.dylib               0x1848c2a38 <redacted> + 608
libdispatch.dylib               0x1848c3380 <redacted> + 336
libdispatch.dylib               0x1848c3d4c <redacted> + 340
libdispatch.dylib               0x1848cc11c <redacted> + 668
libsystem_pthread.dylib         0x184bebe70 _pthread_wqthread + 860

Backtrace of Thread 59659:
libsystem_kernel.dylib          0x184a2be5c semaphore_timedwait_trap + 8
libdispatch.dylib               0x1848bb0b0 <redacted> + 60
libdispatch.dylib               0x1848bb924 <redacted> + 72
libdispatch.dylib               0x1848c723c <redacted> + 256
libsystem_pthread.dylib         0x184bed220 <redacted> + 272
libsystem_pthread.dylib         0x184bed110 _pthread_start + 292

Backtrace of Thread 70931:
libsystem_kernel.dylib          0x184a2be08 mach_msg_trap + 8
libsystem_kernel.dylib          0x184a2bc80 mach_msg + 72
CoreFoundation                  0x184f6ee40 <redacted> + 196
CoreFoundation                  0x184f6c908 <redacted> + 1568
CoreFoundation                  0x184e8cda8 CFRunLoopRunSpecific + 552
CoreFoundation                  0x184edcb28 CFRunLoopRun + 116
CoreMotion                      0x18a46d9dc CLStartStopAdvertisingBeacon + 231572
libsystem_pthread.dylib         0x184bed220 <redacted> + 272
libsystem_pthread.dylib         0x184bed110 _pthread_start + 292

Backtrace of Thread 65043:
libsystem_kernel.dylib          0x184a2be08 mach_msg_trap + 8
libsystem_kernel.dylib          0x184a2bc80 mach_msg + 72
CoreFoundation                  0x184f6ee40 <redacted> + 196
CoreFoundation                  0x184f6c908 <redacted> + 1568
CoreFoundation                  0x184e8cda8 CFRunLoopRunSpecific + 552
GeoServices                     0x18b2356cc <redacted> + 468
libsystem_pthread.dylib         0x184bed220 <redacted> + 272
libsystem_pthread.dylib         0x184bed110 _pthread_start + 292

Backtrace of Thread 67899:
libsystem_kernel.dylib          0x184a2be08 mach_msg_trap + 8
libsystem_kernel.dylib          0x184a2bc80 mach_msg + 72
CoreFoundation                  0x184f6ee40 <redacted> + 196
CoreFoundation                  0x184f6c908 <redacted> + 1568
CoreFoundation                  0x184e8cda8 CFRunLoopRunSpecific + 552
Foundation                      0x185901674 <redacted> + 304
LiveStreaming                   0x104764d40 -[_SRRunLoopThread main] + 360
Foundation                      0x185a11efc <redacted> + 1040
libsystem_pthread.dylib         0x184bed220 <redacted> + 272
libsystem_pthread.dylib         0x184bed110 _pthread_start + 292

Backtrace of Thread 88323:
libsystem_kernel.dylib          0x184a4d538 select$DARWIN_EXTSN + 8
CoreFoundation                  0x184f77378 <redacted> + 644
libsystem_pthread.dylib         0x184bed220 <redacted> + 272
libsystem_pthread.dylib         0x184bed110 _pthread_start + 292

