Call Backtrace of 41 threads:
Backtrace of Thread 771:
libsystem_kernel.dylib          0x184a2be08 mach_msg_trap + 8
libsystem_kernel.dylib          0x184a2bc80 mach_msg + 72
libdispatch.dylib               0x10df564f0 _dispatch_mach_send_and_wait_for_reply + 560
libdispatch.dylib               0x10df569e8 dispatch_mach_send_with_result_and_wait_for_reply + 56
libxpc.dylib                    0x184c288d8 xpc_connection_send_message_with_reply_sync + 196
CoreMedia                       0x18836219c FigXPCRemoteClientSendSyncMessageCreatingReply + 36
CoreMedia                       0x18836210c FigXPCSendStdCopyPropertyMessage + 116
CoreMedia                       0x188246214 <redacted> + 412
AVFoundation                    0x18ab2fb78 <redacted> + 88
MediaPlayer                     0x1963f350c <redacted> + 64
libdispatch.dylib               0x10df3d260 _dispatch_call_block_and_release + 24
libdispatch.dylib               0x10df3d220 _dispatch_client_callout + 16
libdispatch.dylib               0x10df41db0 _dispatch_main_queue_callback_4CF + 1180
CoreFoundation                  0x184f6f070 <redacted> + 12
CoreFoundation                  0x184f6cbc8 <redacted> + 2272
CoreFoundation                  0x184e8cda8 CFRunLoopRunSpecific + 552
GraphicsServices                0x186e6f020 GSEventRunModal + 100
UIKit                           0x18ee6d78c UIApplicationMain + 236
LiveStreaming                   0x1030e8b70 main + 124
libdyld.dylib                   0x18491dfc0 <redacted> + 4

Backtrace of Thread 9731:
libsystem_kernel.dylib          0x184a4d610 __semwait_signal + 8
libsystem_c.dylib               0x18496612c nanosleep + 212
libsystem_c.dylib               0x18496604c usleep + 64
GPUToolsCore                    0x10dfc22bc _ZL21smt_poll_thread_entryPv + 136
libsystem_pthread.dylib         0x184bed220 <redacted> + 272
libsystem_pthread.dylib         0x184bed110 _pthread_start + 292

Backtrace of Thread 9223:
libsystem_kernel.dylib          0x184a4d610 __semwait_signal + 8
libsystem_c.dylib               0x18496612c nanosleep + 212
libsystem_c.dylib               0x18496604c usleep + 64
GPUToolsCore                    0x10dfc22bc _ZL21smt_poll_thread_entryPv + 136
libsystem_pthread.dylib         0x184bed220 <redacted> + 272
libsystem_pthread.dylib         0x184bed110 _pthread_start + 292

Backtrace of Thread 11015:
libsystem_kernel.dylib          0x184a4d0f4 __psynch_cvwait + 8
libsystem_pthread.dylib         0x184befc90 <redacted> + 644
libc++.1.dylib                  0x18410425c _ZNSt3__118condition_variable4waitERNS_11unique_lockINS_5mutexEEE + 24
JavaScriptCore                  0x18c5e31a4 <redacted> + 104
JavaScriptCore                  0x18c5e2db8 <redacted> + 164
JavaScriptCore                  0x18c5e2b60 <redacted> + 12
JavaScriptCore                  0x18c5e2f7c <redacted> + 44
libsystem_pthread.dylib         0x184bed220 <redacted> + 272
libsystem_pthread.dylib         0x184bed110 _pthread_start + 292

Backtrace of Thread 11271:
libsystem_kernel.dylib          0x184a2be08 mach_msg_trap + 8
libsystem_kernel.dylib          0x184a2bc80 mach_msg + 72
CoreFoundation                  0x184f6ee40 <redacted> + 196
CoreFoundation                  0x184f6c908 <redacted> + 1568
CoreFoundation                  0x184e8cda8 CFRunLoopRunSpecific + 552
WebCore                         0x18d119dcc <redacted> + 592
libsystem_pthread.dylib         0x184bed220 <redacted> + 272
libsystem_pthread.dylib         0x184bed110 _pthread_start + 292

Backtrace of Thread 19459:
libsystem_kernel.dylib          0x184a2be08 mach_msg_trap + 8
libsystem_kernel.dylib          0x184a2bc80 mach_msg + 72
CoreFoundation                  0x184f6ee40 <redacted> + 196
CoreFoundation                  0x184f6c908 <redacted> + 1568
CoreFoundation                  0x184e8cda8 CFRunLoopRunSpecific + 552
Foundation                      0x185901674 <redacted> + 304
Foundation                      0x18590151c <redacted> + 148
UIKit                           0x18eb527e4 <redacted> + 136
Foundation                      0x185a11efc <redacted> + 1040
libsystem_pthread.dylib         0x184bed220 <redacted> + 272
libsystem_pthread.dylib         0x184bed110 _pthread_start + 292

Backtrace of Thread 37379:
libsystem_kernel.dylib          0x184a2be08 mach_msg_trap + 8
libsystem_kernel.dylib          0x184a2bc80 mach_msg + 72
libsystem_kernel.dylib          0x184a2df34 thread_get_state + 136
LiveStreaming                   0x10470a61c bs_mach_copyMem + 60
LiveStreaming                   0x104709d5c _bs_backtraceOfThread + 636
LiveStreaming                   0x10470a4b4 +[BSBacktraceLogger bs_backtraceOfAllThread] + 220
LiveStreaming                   0x104179cec __40+[IESDebugToolService startStuckMonitor]_block_invoke + 204
LiveStreaming                   0x10417716c __36-[IESDebugStuckMonitor startMonitor]_block_invoke_2 + 112
CoreFoundation                  0x184f5ff38 <redacted> + 76
LiveStreaming                   0x104177064 __36-[IESDebugStuckMonitor startMonitor]_block_invoke + 436
Foundation                      0x1859eee88 <redacted> + 16
Foundation                      0x1859308d0 <redacted> + 72
Foundation                      0x18592fcac <redacted> + 848
Foundation                      0x1859f076c <redacted> + 404
libdispatch.dylib               0x10df3d220 _dispatch_client_callout + 16
libdispatch.dylib               0x10df4a4d8 _dispatch_continuation_pop + 588
libdispatch.dylib               0x10df48dc8 _dispatch_async_redirect_invoke + 628
libdispatch.dylib               0x10df4e84c _dispatch_root_queue_drain + 604
libdispatch.dylib               0x10df4e584 _dispatch_worker_thread3 + 136
libsystem_pthread.dylib         0x184bebfac _pthread_wqthread + 1176

Backtrace of Thread 35079:
libsystem_kernel.dylib          0x184a2be08 mach_msg_trap + 8
libsystem_kernel.dylib          0x184a2bc80 mach_msg + 72
CoreFoundation                  0x184f6ee40 <redacted> + 196
CoreFoundation                  0x184f6c908 <redacted> + 1568
CoreFoundation                  0x184e8cda8 CFRunLoopRunSpecific + 552
Foundation                      0x185901674 <redacted> + 304
Foundation                      0x1859761a8 <redacted> + 88
LiveStreaming                   0x1031cbd2c +[AFURLConnectionOperation networkRequestThreadEntryPoint:] + 308
Foundation                      0x185a11efc <redacted> + 1040
libsystem_pthread.dylib         0x184bed220 <redacted> + 272
libsystem_pthread.dylib         0x184bed110 _pthread_start + 292

Backtrace of Thread 47627:
libsystem_kernel.dylib          0x184a2be08 mach_msg_trap + 8
libsystem_kernel.dylib          0x184a2bc80 mach_msg + 72
CoreFoundation                  0x184f6ee40 <redacted> + 196
CoreFoundation                  0x184f6c908 <redacted> + 1568
CoreFoundation                  0x184e8cda8 CFRunLoopRunSpecific + 552
CFNetwork                       0x18579a4b0 <redacted> + 220
Foundation                      0x185a11efc <redacted> + 1040
libsystem_pthread.dylib         0x184bed220 <redacted> + 272
libsystem_pthread.dylib         0x184bed110 _pthread_start + 292

Backtrace of Thread 77591:
libsystem_kernel.dylib          0x184a2be08 mach_msg_trap + 8
libsystem_kernel.dylib          0x184a2bc80 mach_msg + 72
AudioToolbox                    0x188d8be48 <redacted> + 184
AudioToolbox                    0x188d6ae2c AudioSessionCopyProperty_Priv + 568
AVFAudio                        0x18a8f3bc4 <redacted> + 72
AVFAudio                        0x18a97aa88 <redacted> + 76
AVFAudio                        0x18a97463c <redacted> + 312
AVFAudio                        0x18a973f08 <redacted> + 1764
AudioToolbox                    0x188c37cc0 <redacted> + 744
AudioToolbox                    0x188d2aa3c <redacted> + 224
AudioToolbox                    0x188d69754 <redacted> + 644
AudioToolbox                    0x188d6dcb4 <redacted> + 292
AudioToolbox                    0x188d6d110 <redacted> + 1496
AudioToolbox                    0x188d6c84c <redacted> + 584
AudioToolbox                    0x188c282a8 <redacted> + 52
AudioToolbox                    0x188f0f210 <redacted> + 232
CoreFoundation                  0x184f6fae8 <redacted> + 56
CoreFoundation                  0x184f6f230 <redacted> + 440
CoreFoundation                  0x184f6cc80 <redacted> + 2456
CoreFoundation                  0x184e8cda8 CFRunLoopRunSpecific + 552
AVFAudio                        0x18a972424 <redacted> + 164
AVFAudio                        0x18a99c834 <redacted> + 88
libsystem_pthread.dylib         0x184bed220 <redacted> + 272
libsystem_pthread.dylib         0x184bed110 _pthread_start + 292

Backtrace of Thread 69395:
libsystem_kernel.dylib          0x184a2be08 mach_msg_trap + 8
libsystem_kernel.dylib          0x184a2bc80 mach_msg + 72
CoreFoundation                  0x184f6ee40 <redacted> + 196
CoreFoundation                  0x184f6c908 <redacted> + 1568
CoreFoundation                  0x184e8cda8 CFRunLoopRunSpecific + 552
CoreFoundation                  0x184edcb28 CFRunLoopRun + 116
CoreMotion                      0x18a46d9dc CLStartStopAdvertisingBeacon + 231572
libsystem_pthread.dylib         0x184bed220 <redacted> + 272
libsystem_pthread.dylib         0x184bed110 _pthread_start + 292

Backtrace of Thread 83231:
libsystem_kernel.dylib          0x184a2be08 mach_msg_trap + 8
libsystem_kernel.dylib          0x184a2bc80 mach_msg + 72
CoreFoundation                  0x184f6ee40 <redacted> + 196
CoreFoundation                  0x184f6c908 <redacted> + 1568
CoreFoundation                  0x184e8cda8 CFRunLoopRunSpecific + 552
GeoServices                     0x18b2356cc <redacted> + 468
libsystem_pthread.dylib         0x184bed220 <redacted> + 272
libsystem_pthread.dylib         0x184bed110 _pthread_start + 292

Backtrace of Thread 174091:
libsystem_kernel.dylib          0x184a2be08 mach_msg_trap + 8
libsystem_kernel.dylib          0x184a2bc80 mach_msg + 72
CoreFoundation                  0x184f6ee40 <redacted> + 196
CoreFoundation                  0x184f6c908 <redacted> + 1568
CoreFoundation                  0x184e8cda8 CFRunLoopRunSpecific + 552
Foundation                      0x185901674 <redacted> + 304
LiveStreaming                   0x104624d40 -[_SRRunLoopThread main] + 360
Foundation                      0x185a11efc <redacted> + 1040
libsystem_pthread.dylib         0x184bed220 <redacted> + 272
libsystem_pthread.dylib         0x184bed110 _pthread_start + 292

Backtrace of Thread 173843:
libsystem_kernel.dylib          0x184a4d538 select$DARWIN_EXTSN + 8
CoreFoundation                  0x184f77378 <redacted> + 644
libsystem_pthread.dylib         0x184bed220 <redacted> + 272
libsystem_pthread.dylib         0x184bed110 _pthread_start + 292

Backtrace of Thread 98827:
libsystem_kernel.dylib          0x184a2be08 mach_msg_trap + 8
libsystem_kernel.dylib          0x184a2bc80 mach_msg + 72
CoreFoundation                  0x184f6ee40 <redacted> + 196
CoreFoundation                  0x184f6c908 <redacted> + 1568
CoreFoundation                  0x184e8cda8 CFRunLoopRunSpecific + 552
Foundation                      0x185901674 <redacted> + 304
LiveStreaming                   0x10510e708 +[WXOMTAGCDAsyncSocket cfstreamThread] + 360
Foundation                      0x185a11efc <redacted> + 1040
libsystem_pthread.dylib         0x184bed220 <redacted> + 272
libsystem_pthread.dylib         0x184bed110 _pthread_start + 292

Backtrace of Thread 31267:
libsystem_kernel.dylib          0x184a4dd84 __workq_kernreturn + 8
libsystem_pthread.dylib         0x184bebeb4 _pthread_wqthread + 928

Backtrace of Thread 51479:
libsystem_kernel.dylib          0x184a4d0f4 __psynch_cvwait + 8
libsystem_pthread.dylib         0x184befc90 <redacted> + 644
libc++.1.dylib                  0x18410425c _ZNSt3__118condition_variable4waitERNS_11unique_lockINS_5mutexEEE + 24
LiveStreaming                   0x105577f9c _ZN3BRC9SyncQueueINSt3__110shared_ptrINS_4TaskEEEE4TakeERS4_ + 80
LiveStreaming                   0x1055779fc _ZN3BRC18SingleThreadWorker4workEv + 176
LiveStreaming                   0x1055781e0 _ZNSt3__114__thread_proxyINS_5tupleIJNS_10unique_ptrINS_15__thread_structENS_14default_deleteIS3_EEEEMN3BRC18SingleThreadWorkerEFvvEPS8_EEEEEPvSD_ + 64
libsystem_pthread.dylib         0x184bed220 <redacted> + 272
libsystem_pthread.dylib         0x184bed110 _pthread_start + 292

Backtrace of Thread 51219:
libsystem_kernel.dylib          0x184a4d0f4 __psynch_cvwait + 8
libsystem_pthread.dylib         0x184befc90 <redacted> + 644
libc++.1.dylib                  0x18410425c _ZNSt3__118condition_variable4waitERNS_11unique_lockINS_5mutexEEE + 24
LiveStreaming                   0x105577f9c _ZN3BRC9SyncQueueINSt3__110shared_ptrINS_4TaskEEEE4TakeERS4_ + 80
LiveStreaming                   0x1055779fc _ZN3BRC18SingleThreadWorker4workEv + 176
LiveStreaming                   0x1055781e0 _ZNSt3__114__thread_proxyINS_5tupleIJNS_10unique_ptrINS_15__thread_structENS_14default_deleteIS3_EEEEMN3BRC18SingleThreadWorkerEFvvEPS8_EEEEEPvSD_ + 64
libsystem_pthread.dylib         0x184bed220 <redacted> + 272
libsystem_pthread.dylib         0x184bed110 _pthread_start + 292

Backtrace of Thread 162059:
libsystem_kernel.dylib          0x184a4dd84 __workq_kernreturn + 8
libsystem_pthread.dylib         0x184bebeb4 _pthread_wqthread + 928

Backtrace of Thread 169491:
libsystem_kernel.dylib          0x184a4dd84 __workq_kernreturn + 8
libsystem_pthread.dylib         0x184bebeb4 _pthread_wqthread + 928

Backtrace of Thread 89375:
libsystem_kernel.dylib          0x184a4dd84 __workq_kernreturn + 8
libsystem_pthread.dylib         0x184bebeb4 _pthread_wqthread + 928

Backtrace of Thread 106023:
libsystem_kernel.dylib          0x184a4dd84 __workq_kernreturn + 8
libsystem_pthread.dylib         0x184bebeb4 _pthread_wqthread + 928

Backtrace of Thread 153179:
libsystem_kernel.dylib          0x184a2be08 mach_msg_trap + 8
libsystem_kernel.dylib          0x184a2bc80 mach_msg + 72
AudioToolbox                    0x188d8bc78 <redacted> + 280
AudioToolbox                    0x188d6b350 AudioSessionSetProperty_Priv + 524
AVFAudio                        0x18a979b84 <redacted> + 60
ZegoLiveRoom                    0x10b34a85c 0x10b16c000 + 1960028
ZegoLiveRoom                    0x10b34b314 0x10b16c000 + 1962772
ZegoLiveRoom                    0x10b3497a0 0x10b16c000 + 1955744
ZegoLiveRoom                    0x10b3495b4 0x10b16c000 + 1955252
ZegoLiveRoom                    0x10b340a08 0x10b16c000 + 1919496
ZegoLiveRoom                    0x10b226648 0x10b16c000 + 763464
ZegoLiveRoom                    0x10b227810 0x10b16c000 + 768016
ZegoLiveRoom                    0x10b22c860 0x10b16c000 + 788576
ZegoLiveRoom                    0x10b1f7a60 0x10b16c000 + 572000
ZegoLiveRoom                    0x10b1f8290 0x10b16c000 + 574096
ZegoLiveRoom                    0x10b217f24 0x10b16c000 + 704292
ZegoLiveRoom                    0x10b21b8a8 0x10b16c000 + 719016
ZegoLiveRoom                    0x10b17b7fc 0x10b16c000 + 63484
ZegoLiveRoom                    0x10b2a9088 0x10b16c000 + 1298568
ZegoLiveRoom                    0x10b2ab688 0x10b16c000 + 1308296
ZegoLiveRoom                    0x10b2ab438 0x10b16c000 + 1307704
ZegoLiveRoom                    0x10b2ab1ec 0x10b16c000 + 1307116
ZegoLiveRoom                    0x10b2af5bc 0x10b16c000 + 1324476
libsystem_pthread.dylib         0x184bed220 <redacted> + 272
libsystem_pthread.dylib         0x184bed110 _pthread_start + 292

Backtrace of Thread 109843:
libsystem_kernel.dylib          0x184a303e4 poll + 8
ZegoLiveRoom                    0x10b2a7398 0x10b16c000 + 1291160
ZegoLiveRoom                    0x10b2ab44c 0x10b16c000 + 1307724
ZegoLiveRoom                    0x10b2ab1ec 0x10b16c000 + 1307116
ZegoLiveRoom                    0x10b2af5bc 0x10b16c000 + 1324476
libsystem_pthread.dylib         0x184bed220 <redacted> + 272
libsystem_pthread.dylib         0x184bed110 _pthread_start + 292

Backtrace of Thread 113415:
libsystem_kernel.dylib          0x184a303e4 poll + 8
ZegoLiveRoom                    0x10b2a7398 0x10b16c000 + 1291160
ZegoLiveRoom                    0x10b2ab44c 0x10b16c000 + 1307724
ZegoLiveRoom                    0x10b2ab1ec 0x10b16c000 + 1307116
ZegoLiveRoom                    0x10b2af5bc 0x10b16c000 + 1324476
libsystem_pthread.dylib         0x184bed220 <redacted> + 272
libsystem_pthread.dylib         0x184bed110 _pthread_start + 292

Backtrace of Thread 141315:
libsystem_kernel.dylib          0x184a4d0f4 __psynch_cvwait + 8
libsystem_pthread.dylib         0x184befc90 <redacted> + 644
ZegoLiveRoom                    0x10b2ad7b0 0x10b16c000 + 1316784
ZegoLiveRoom                    0x10b1d4414 0x10b16c000 + 427028
ZegoLiveRoom                    0x10b217658 0x10b16c000 + 702040
ZegoLiveRoom                    0x10b217c08 0x10b16c000 + 703496
ZegoLiveRoom                    0x10b2d1cc4 0x10b16c000 + 1465540
ZegoLiveRoom                    0x10b2d1ea4 0x10b16c000 + 1466020
ZegoLiveRoom                    0x10b2185d4 0x10b16c000 + 706004
ZegoLiveRoom                    0x10b2180dc 0x10b16c000 + 704732
ZegoLiveRoom                    0x10b21dccc 0x10b16c000 + 728268
ZegoLiveRoom                    0x10b2a7880 0x10b16c000 + 1292416
ZegoLiveRoom                    0x10b2ab44c 0x10b16c000 + 1307724
ZegoLiveRoom                    0x10b2ab1ec 0x10b16c000 + 1307116
ZegoLiveRoom                    0x10b2af5bc 0x10b16c000 + 1324476
libsystem_pthread.dylib         0x184bed220 <redacted> + 272
libsystem_pthread.dylib         0x184bed110 _pthread_start + 292

Backtrace of Thread 141059:
libsystem_kernel.dylib          0x184a303e4 poll + 8
ZegoLiveRoom                    0x10b2a7398 0x10b16c000 + 1291160
ZegoLiveRoom                    0x10b2ab44c 0x10b16c000 + 1307724
ZegoLiveRoom                    0x10b2ab1ec 0x10b16c000 + 1307116
ZegoLiveRoom                    0x10b2af5bc 0x10b16c000 + 1324476
libsystem_pthread.dylib         0x184bed220 <redacted> + 272
libsystem_pthread.dylib         0x184bed110 _pthread_start + 292

Backtrace of Thread 129083:
libsystem_kernel.dylib          0x184a2be08 mach_msg_trap + 8
libsystem_kernel.dylib          0x184a2bc80 mach_msg + 72
libdispatch.dylib               0x10df564f0 _dispatch_mach_send_and_wait_for_reply + 560
libdispatch.dylib               0x10df569e8 dispatch_mach_send_with_result_and_wait_for_reply + 56
libxpc.dylib                    0x184c288d8 xpc_connection_send_message_with_reply_sync + 196
CoreMedia                       0x18836219c FigXPCRemoteClientSendSyncMessageCreatingReply + 36
CoreMedia                       0x1882e2ef0 <redacted> + 92
AVFoundation                    0x18ab47c78 <redacted> + 88
MediaRemote                     0x190e1373c <redacted> + 148
MediaRemote                     0x190e11fa0 <redacted> + 356
CoreFoundation                  0x184f58c3c <redacted> + 20
CoreFoundation                  0x184f581b8 <redacted> + 428
CoreFoundation                  0x184f57f14 <redacted> + 216
CoreFoundation                  0x184fd584c <redacted> + 1408
CoreFoundation                  0x184e8ef38 _CFXNotificationPost + 384
Foundation                      0x1858ffbbc <redacted> + 68
AVFoundation                    0x18aaf4f24 <redacted> + 200
CoreFoundation                  0x184f58c3c <redacted> + 20
CoreFoundation                  0x184f581b8 <redacted> + 428
CoreFoundation                  0x184f57f14 <redacted> + 216
CoreFoundation                  0x184fd584c <redacted> + 1408
CoreFoundation                  0x184e8ef38 _CFXNotificationPost + 384
CoreFoundation                  0x184eb28f0 CFNotificationCenterPostNotification + 132
CoreMedia                       0x188259488 CMNotificationCenterPostNotification + 124
CoreMedia                       0x188365314 <redacted> + 164
libdispatch.dylib               0x10df3d260 _dispatch_call_block_and_release + 24
libdispatch.dylib               0x10df3d220 _dispatch_client_callout + 16
libdispatch.dylib               0x10df4be80 _dispatch_queue_serial_drain + 768
libdispatch.dylib               0x10df40730 _dispatch_queue_invoke + 328
libdispatch.dylib               0x10df4cdd8 _dispatch_root_queue_drain_deferred_wlh + 352
libdispatch.dylib               0x10df53ebc _dispatch_workloop_worker_thread + 676
libsystem_pthread.dylib         0x184bebe70 _pthread_wqthread + 860

Backtrace of Thread 153971:
libsystem_kernel.dylib          0x184a2be08 mach_msg_trap + 8
libsystem_kernel.dylib          0x184a2bc80 mach_msg + 72
IOKit                           0x185293ce0 <redacted> + 416
IOKit                           0x185230410 IOConnectCallMethod + 172
IOAccelerator                   0x186dc3020 IOAccelResourceFinishEvent + 164
AppleMetalGLRenderer            0x1a54c3e90 <redacted> + 56
AppleMetalGLRenderer            0x1a54c0a00 gldReadFramebufferData + 904
GLEngine                        0x1a6241b54 <redacted> + 988
libglInterpose.dylib            0x10ae87374 _ZL11read_pixelsP15__GLIContextReciiiijjPv + 380
LiveStreaming                   0x10556f740 _ZN3BRC18RenderDeviceGLES2010readPixelsERKNS_8ViewportENS_11PixelFormatEPv + 72
LiveStreaming                   0x1054f5064 _ZN3BEF13RenderManager12getTexBufferEN3BRC11PixelFormatEPhNS1_8ViewportE + 72
LiveStreaming                   0x1053a3928 _ZN3BEF13EffectManager16algorithmTextureEjd + 672
LiveStreaming                   0x1042437d4 -[HTSGLFilterNewEffect renderToTextureWithVertices:textureCoordinates:] + 2528
LiveStreaming                   0x104232174 -[HTSGLFilter newFrameReadyAtTime:atIndex:] + 144
LiveStreaming                   0x104245a74 -[HTSGLFilterNewEffect newFrameReadyAtTime:atIndex:] + 128
LiveStreaming                   0x104261c48 -[HTSGLPassthroughFilter informTargetsAboutNewFrameAtTime:] + 1212
LiveStreaming                   0x104261780 -[HTSGLPassthroughFilter newFrameReadyAtTime:atIndex:] + 396
LiveStreaming                   0x10423e73c -[HTSGLFilterInput updateTargetsForVideoCameraUsingCacheTextureAtWidth:height:time:] + 1668
LiveStreaming                   0x10423d5c8 -[HTSGLFilterInput processInputBuffer:andFrametime:] + 2324
LiveStreaming                   0x10423cc1c __59-[HTSGLFilterInput processInputBufferOnQueue:andFrametime:]_block_invoke_2 + 112
libdispatch.dylib               0x10df3d220 _dispatch_client_callout + 16
libdispatch.dylib               0x10df4aa40 _dispatch_queue_barrier_sync_invoke_and_complete + 120
LiveStreaming                   0x10422443c runSynchronouslyOnVideoProcessingQueue + 212
LiveStreaming                   0x10423ca74 -[HTSGLFilterInput processInputBufferOnQueue:andFrametime:] + 180
LiveStreaming                   0x10423c9b4 -[HTSGLFilterInput processInputBuffer:] + 240
LiveStreaming                   0x10430c294 __30-[IESCamera startVideoCapture]_block_invoke_2 + 88
LiveStreaming                   0x1041fa4b8 -[HTSCameraKit captureOutput:didOutputSampleBuffer:fromConnection:] + 748
AVFoundation                    0x18aac45c0 <redacted> + 344
AVFoundation                    0x18aac43d8 <redacted> + 100
CoreMedia                       0x1882b26e8 <redacted> + 272
CoreMedia                       0x1882cf340 <redacted> + 224
libdispatch.dylib               0x10df3d220 _dispatch_client_callout + 16
libdispatch.dylib               0x10df4a4d8 _dispatch_continuation_pop + 588
libdispatch.dylib               0x10df3eee8 _dispatch_source_invoke + 1368
libdispatch.dylib               0x10df4bca4 _dispatch_queue_serial_drain + 292
libdispatch.dylib               0x10df40730 _dispatch_queue_invoke + 328
libdispatch.dylib               0x10df4bca4 _dispatch_queue_serial_drain + 292
libdispatch.dylib               0x10df40730 _dispatch_queue_invoke + 328
libdispatch.dylib               0x10df4cdd8 _dispatch_root_queue_drain_deferred_wlh + 352
libdispatch.dylib               0x10df53ebc _dispatch_workloop_worker_thread + 676
libsystem_pthread.dylib         0x184bebe70 _pthread_wqthread + 860

Backtrace of Thread 92203:
libsystem_kernel.dylib          0x184a2be08 mach_msg_trap + 8
libsystem_kernel.dylib          0x184a2bc80 mach_msg + 72
libdispatch.dylib               0x10df564f0 _dispatch_mach_send_and_wait_for_reply + 560
libdispatch.dylib               0x10df569e8 dispatch_mach_send_with_result_and_wait_for_reply + 56
libxpc.dylib                    0x184c288d8 xpc_connection_send_message_with_reply_sync + 196
CoreMedia                       0x18836219c FigXPCRemoteClientSendSyncMessageCreatingReply + 36
CoreMedia                       0x18836210c FigXPCSendStdCopyPropertyMessage + 116
CoreMedia                       0x1882e23cc <redacted> + 68
AVFoundation                    0x18ab44900 <redacted> + 88
MediaRemote                     0x190e1557c <redacted> + 100
Foundation                      0x1859ea060 <redacted> + 56
Foundation                      0x1859eee88 <redacted> + 16
Foundation                      0x1859308d0 <redacted> + 72
Foundation                      0x18592fcac <redacted> + 848
Foundation                      0x1859f076c <redacted> + 404
libdispatch.dylib               0x10df3d220 _dispatch_client_callout + 16
libdispatch.dylib               0x10df4a4d8 _dispatch_continuation_pop + 588
libdispatch.dylib               0x10df48dc8 _dispatch_async_redirect_invoke + 628
libdispatch.dylib               0x10df4e84c _dispatch_root_queue_drain + 604
libdispatch.dylib               0x10df4e584 _dispatch_worker_thread3 + 136
libsystem_pthread.dylib         0x184bebfac _pthread_wqthread + 1176

Backtrace of Thread 144175:
libsystem_kernel.dylib          0x184a4dd84 __workq_kernreturn + 8
libsystem_pthread.dylib         0x184bebeb4 _pthread_wqthread + 928

Backtrace of Thread 96907:
libsystem_kernel.dylib          0x184a2be5c semaphore_timedwait_trap + 8
libdispatch.dylib               0x10df45324 _dispatch_sema4_timedwait + 60
libdispatch.dylib               0x10df45a9c _dispatch_semaphore_wait_slow + 72
libdispatch.dylib               0x10df4ff64 _dispatch_worker_thread + 260
libsystem_pthread.dylib         0x184bed220 <redacted> + 272
libsystem_pthread.dylib         0x184bed110 _pthread_start + 292

Backtrace of Thread 145275:
libsystem_kernel.dylib          0x184a2be5c semaphore_timedwait_trap + 8
libdispatch.dylib               0x10df45324 _dispatch_sema4_timedwait + 60
libdispatch.dylib               0x10df45a9c _dispatch_semaphore_wait_slow + 72
libdispatch.dylib               0x10df4ff64 _dispatch_worker_thread + 260
libsystem_pthread.dylib         0x184bed220 <redacted> + 272
libsystem_pthread.dylib         0x184bed110 _pthread_start + 292

Backtrace of Thread 120071:
libsystem_kernel.dylib          0x184a2be5c semaphore_timedwait_trap + 8
ZegoLiveRoom                    0x10b34d44c 0x10b16c000 + 1971276
ZegoLiveRoom                    0x10b34ce00 0x10b16c000 + 1969664
ZegoLiveRoom                    0x10b34cefc 0x10b16c000 + 1969916
libsystem_pthread.dylib         0x184bed220 <redacted> + 272
libsystem_pthread.dylib         0x184bed110 _pthread_start + 292

Backtrace of Thread 126243:
libsystem_kernel.dylib          0x184a2be44 semaphore_wait_trap + 8
ZegoLiveRoom                    0x10b369634 0x10b16c000 + 2086452
ZegoLiveRoom                    0x10b369774 0x10b16c000 + 2086772
libsystem_pthread.dylib         0x184bed220 <redacted> + 272
libsystem_pthread.dylib         0x184bed110 _pthread_start + 292

Backtrace of Thread 126059:
libsystem_kernel.dylib          0x184a2be44 semaphore_wait_trap + 8
ZegoLiveRoom                    0x10b369634 0x10b16c000 + 2086452
ZegoLiveRoom                    0x10b369774 0x10b16c000 + 2086772
libsystem_pthread.dylib         0x184bed220 <redacted> + 272
libsystem_pthread.dylib         0x184bed110 _pthread_start + 292

Backtrace of Thread 78851:
libsystem_kernel.dylib          0x184a2be44 semaphore_wait_trap + 8
ZegoLiveRoom                    0x10b346c74 0x10b16c000 + 1944692
ZegoLiveRoom                    0x10b34ce00 0x10b16c000 + 1969664
ZegoLiveRoom                    0x10b34cefc 0x10b16c000 + 1969916
libsystem_pthread.dylib         0x184bed220 <redacted> + 272
libsystem_pthread.dylib         0x184bed110 _pthread_start + 292

Backtrace of Thread 122143:
libsystem_kernel.dylib          0x184a2be08 mach_msg_trap + 8
libsystem_kernel.dylib          0x184a2bc80 mach_msg + 72
CoreFoundation                  0x184f6ee40 <redacted> + 196
CoreFoundation                  0x184f6c908 <redacted> + 1568
CoreFoundation                  0x184e8cda8 CFRunLoopRunSpecific + 552
Foundation                      0x185901674 <redacted> + 304
Foundation                      0x1859761a8 <redacted> + 88
ZegoLiveRoom                    0x10b3a635c 0x10b16c000 + 2335580
Foundation                      0x185a11efc <redacted> + 1040
libsystem_pthread.dylib         0x184bed220 <redacted> + 272
libsystem_pthread.dylib         0x184bed110 _pthread_start + 292

Backtrace of Thread 115487:
libsystem_kernel.dylib          0x184a303e4 poll + 8
ZegoLiveRoom                    0x10b369cfc 0x10b16c000 + 2088188
ZegoLiveRoom                    0x10b369444 0x10b16c000 + 2085956
ZegoLiveRoom                    0x10b369678 0x10b16c000 + 2086520
ZegoLiveRoom                    0x10b369774 0x10b16c000 + 2086772
libsystem_pthread.dylib         0x184bed220 <redacted> + 272
libsystem_pthread.dylib         0x184bed110 _pthread_start + 292

Backtrace of Thread 129339:
libsystem_kernel.dylib          0x184a2be5c semaphore_timedwait_trap + 8
ZegoLiveRoom                    0x10b335fb4 0x10b16c000 + 1875892
ZegoLiveRoom                    0x10b369678 0x10b16c000 + 2086520
ZegoLiveRoom                    0x10b369774 0x10b16c000 + 2086772
libsystem_pthread.dylib         0x184bed220 <redacted> + 272
libsystem_pthread.dylib         0x184bed110 _pthread_start + 292

Backtrace of Thread 136227:
libsystem_kernel.dylib          0x184a2be44 semaphore_wait_trap + 8
ZegoLiveRoom                    0x10b34cda8 0x10b16c000 + 1969576
ZegoLiveRoom                    0x10b34cefc 0x10b16c000 + 1969916
libsystem_pthread.dylib         0x184bed220 <redacted> + 272
libsystem_pthread.dylib         0x184bed110 _pthread_start + 292

