Call Backtrace of 22 threads:
Backtrace of Thread 771:
libobjc.A.dylib                 0x18418eb24 <redacted> + 92
libobjc.A.dylib                 0x184189db4 <redacted> + 100
MediaPlayer                     0x1966ef595 MPRestrictionMonitorContentRatingMaximum + 120997

Backtrace of Thread 3587:
libsystem_kernel.dylib          0x184a2be5c semaphore_timedwait_trap + 8
libdispatch.dylib               0x10df45324 _dispatch_sema4_timedwait + 60
libdispatch.dylib               0x10df45a9c _dispatch_semaphore_wait_slow + 72
CoreLocation                    0x18b738888 CLClientInvalidate + 888
CoreLocation                    0x18b73e43c CLClientRetrieveData + 1744
CoreLocation                    0x18b73e11c CLClientRetrieveData + 944
CoreLocation                    0x18b794928 CLClientCreateIso6709Notation + 79000
CoreLocation                    0x18b790988 CLClientCreateIso6709Notation + 62712
CoreLocation                    0x18b790850 CLClientCreateIso6709Notation + 62400
CoreLocation                    0x18b7922ac CLClientCreateIso6709Notation + 69148
libxpc.dylib                    0x184c27220 <redacted> + 68
libxpc.dylib                    0x184c24bb4 <redacted> + 984
libdispatch.dylib               0x10df3d2f0 _dispatch_client_callout4 + 16
libdispatch.dylib               0x10df40cdc _dispatch_mach_msg_invoke + 380
libdispatch.dylib               0x10df4bca4 _dispatch_queue_serial_drain + 292
libdispatch.dylib               0x10df40080 _dispatch_mach_invoke + 520
libdispatch.dylib               0x10df4bca4 _dispatch_queue_serial_drain + 292
libdispatch.dylib               0x10df40730 _dispatch_queue_invoke + 328
libdispatch.dylib               0x10df4bca4 _dispatch_queue_serial_drain + 292
libdispatch.dylib               0x10df40730 _dispatch_queue_invoke + 328
libdispatch.dylib               0x10df4cdd8 _dispatch_root_queue_drain_deferred_wlh + 352
libdispatch.dylib               0x10df53ebc _dispatch_workloop_worker_thread + 676
libsystem_pthread.dylib         0x184bebe70 _pthread_wqthread + 860

Backtrace of Thread 10503:
libsystem_kernel.dylib          0x184a4dd84 __workq_kernreturn + 8
libsystem_pthread.dylib         0x184bebeb4 _pthread_wqthread + 928

Backtrace of Thread 9731:
libsystem_kernel.dylib          0x184a4d610 __semwait_signal + 8
libsystem_c.dylib               0x18496612c nanosleep + 212
libsystem_c.dylib               0x18496604c usleep + 64
GPUToolsCore                    0x10dfc22bc _ZL21smt_poll_thread_entryPv + 136
libsystem_pthread.dylib         0x184bed220 <redacted> + 272
libsystem_pthread.dylib         0x184bed110 _pthread_start + 292

Backtrace of Thread 9223:
libsystem_kernel.dylib          0x184a4d610 __semwait_signal + 8
libsystem_c.dylib               0x18496612c nanosleep + 212
libsystem_c.dylib               0x18496604c usleep + 64
GPUToolsCore                    0x10dfc22bc _ZL21smt_poll_thread_entryPv + 136
libsystem_pthread.dylib         0x184bed220 <redacted> + 272
libsystem_pthread.dylib         0x184bed110 _pthread_start + 292

Backtrace of Thread 9483:
libsystem_kernel.dylib          0x184a2be44 semaphore_wait_trap + 8
libdispatch.dylib               0x10df45240 _dispatch_sema4_wait + 24
libdispatch.dylib               0x10df45adc _dispatch_semaphore_wait_slow + 136
CFNetwork                       0x1855d4f7c CFURLConnectionSendSynchronousRequest + 292
CFNetwork                       0x185603190 <redacted> + 116
LiveStreaming                   0x106356150 -[UMANWorker postDataToUop] + 380
LiveStreaming                   0x106355f80 -[UMANWorker main] + 152
Foundation                      0x18592fcac <redacted> + 848
Foundation                      0x1859f076c <redacted> + 404
libdispatch.dylib               0x10df3d220 _dispatch_client_callout + 16
libdispatch.dylib               0x10df4a4d8 _dispatch_continuation_pop + 588
libdispatch.dylib               0x10df48dc8 _dispatch_async_redirect_invoke + 628
libdispatch.dylib               0x10df4e84c _dispatch_root_queue_drain + 604
libdispatch.dylib               0x10df4e584 _dispatch_worker_thread3 + 136
libsystem_pthread.dylib         0x184bebfac _pthread_wqthread + 1176

Backtrace of Thread 11015:
libsystem_kernel.dylib          0x184a4d0f4 __psynch_cvwait + 8
libsystem_pthread.dylib         0x184befc90 <redacted> + 644
libc++.1.dylib                  0x1841042ec _ZNSt3__118condition_variable15__do_timed_waitERNS_11unique_lockINS_5mutexEEENS_6chrono10time_pointINS5_12system_clockENS5_8durationIxNS_5ratioILl1ELl1000000000EEEEEEE + 96
JavaScriptCore                  0x18c5e3430 <redacted> + 124
JavaScriptCore                  0x18c5e32e0 <redacted> + 112
JavaScriptCore                  0x18c5e2e24 <redacted> + 272
JavaScriptCore                  0x18c5e2b60 <redacted> + 12
JavaScriptCore                  0x18c5e2f7c <redacted> + 44
libsystem_pthread.dylib         0x184bed220 <redacted> + 272
libsystem_pthread.dylib         0x184bed110 _pthread_start + 292

Backtrace of Thread 11271:
libsystem_kernel.dylib          0x184a2be08 mach_msg_trap + 8
libsystem_kernel.dylib          0x184a2bc80 mach_msg + 72
CoreFoundation                  0x184f6ee40 <redacted> + 196
CoreFoundation                  0x184f6c908 <redacted> + 1568
CoreFoundation                  0x184e8cda8 CFRunLoopRunSpecific + 552
WebCore                         0x18d119dcc <redacted> + 592
libsystem_pthread.dylib         0x184bed220 <redacted> + 272
libsystem_pthread.dylib         0x184bed110 _pthread_start + 292

Backtrace of Thread 19459:
libsystem_kernel.dylib          0x184a2be08 mach_msg_trap + 8
libsystem_kernel.dylib          0x184a2bc80 mach_msg + 72
CoreFoundation                  0x184f6ee40 <redacted> + 196
CoreFoundation                  0x184f6c908 <redacted> + 1568
CoreFoundation                  0x184e8cda8 CFRunLoopRunSpecific + 552
Foundation                      0x185901674 <redacted> + 304
Foundation                      0x1859014dc <redacted> + 84
UIKit                           0x18eb527e4 <redacted> + 136
Foundation                      0x185a11efc <redacted> + 1040
libsystem_pthread.dylib         0x184bed220 <redacted> + 272
libsystem_pthread.dylib         0x184bed110 _pthread_start + 292

Backtrace of Thread 17419:
libsystem_kernel.dylib          0x184a4dbe4 __ulock_wait + 8
libsystem_platform.dylib        0x184be6b8c <redacted> + 220
libobjc.A.dylib                 0x18419d720 <redacted> + 104
libobjc.A.dylib                 0x18418c9d8 objc_destructInstance + 140
libdispatch.dylib               0x10df40e3c _dispatch_dispose + 96
libdispatch.dylib               0x10df3f1dc _dispatch_source_invoke + 2124
libdispatch.dylib               0x10df4bca4 _dispatch_queue_serial_drain + 292
libdispatch.dylib               0x10df40730 _dispatch_queue_invoke + 328
libdispatch.dylib               0x10df4cdd8 _dispatch_root_queue_drain_deferred_wlh + 352
libdispatch.dylib               0x10df53ebc _dispatch_workloop_worker_thread + 676
libsystem_pthread.dylib         0x184bebe70 _pthread_wqthread + 860

Fail to get frame pointerBacktrace of Thread 37635:
libsystem_kernel.dylib          0x184a2be44 semaphore_wait_trap + 8
libdispatch.dylib               0x10df45240 _dispatch_sema4_wait + 24
libdispatch.dylib               0x10df45f38 _dispatch_group_wait_slow + 192
LiveStreaming                   0x103335d04 -[DDLog lt_log:] + 996
LiveStreaming                   0x103332acc __40-[DDLog queueLogMessage:asynchronously:]_block_invoke + 100
libdispatch.dylib               0x10df3d260 _dispatch_call_block_and_release + 24
libdispatch.dylib               0x10df3d220 _dispatch_client_callout + 16
libdispatch.dylib               0x10df4be80 _dispatch_queue_serial_drain + 768
libdispatch.dylib               0x10df40730 _dispatch_queue_invoke + 328
libdispatch.dylib               0x10df4cdd8 _dispatch_root_queue_drain_deferred_wlh + 352
libdispatch.dylib               0x10df53ebc _dispatch_workloop_worker_thread + 676
libsystem_pthread.dylib         0x184bebe70 _pthread_wqthread + 860

Backtrace of Thread 37379:
libsystem_kernel.dylib          0x184a2be08 mach_msg_trap + 8
libsystem_kernel.dylib          0x184a2bc80 mach_msg + 72
libsystem_kernel.dylib          0x184a2df34 thread_get_state + 136
LiveStreaming                   0x10470a61c bs_mach_copyMem + 60
LiveStreaming                   0x104709d5c _bs_backtraceOfThread + 636
LiveStreaming                   0x10470a4b4 +[BSBacktraceLogger bs_backtraceOfAllThread] + 220
LiveStreaming                   0x104179cec __40+[IESDebugToolService startStuckMonitor]_block_invoke + 204
LiveStreaming                   0x10417716c __36-[IESDebugStuckMonitor startMonitor]_block_invoke_2 + 112
CoreFoundation                  0x184f5ff38 <redacted> + 76
LiveStreaming                   0x104177064 __36-[IESDebugStuckMonitor startMonitor]_block_invoke + 436
Foundation                      0x1859eee88 <redacted> + 16
Foundation                      0x1859308d0 <redacted> + 72
Foundation                      0x18592fcac <redacted> + 848
Foundation                      0x1859f076c <redacted> + 404
libdispatch.dylib               0x10df3d220 _dispatch_client_callout + 16
libdispatch.dylib               0x10df4a4d8 _dispatch_continuation_pop + 588
libdispatch.dylib               0x10df48dc8 _dispatch_async_redirect_invoke + 628
libdispatch.dylib               0x10df4e84c _dispatch_root_queue_drain + 604
libdispatch.dylib               0x10df4e584 _dispatch_worker_thread3 + 136
libsystem_pthread.dylib         0x184bebfac _pthread_wqthread + 1176

Backtrace of Thread 26883:
libsystem_kernel.dylib          0x184a4dd84 __workq_kernreturn + 8
libsystem_pthread.dylib         0x184bec0a0 _pthread_wqthread + 1420

Backtrace of Thread 35079:
libsystem_kernel.dylib          0x184a2be08 mach_msg_trap + 8
libsystem_kernel.dylib          0x184a2bc80 mach_msg + 72
CoreFoundation                  0x184f6ee40 <redacted> + 196
CoreFoundation                  0x184f6c908 <redacted> + 1568
CoreFoundation                  0x184e8cda8 CFRunLoopRunSpecific + 552
Foundation                      0x185901674 <redacted> + 304
Foundation                      0x1859761a8 <redacted> + 88
LiveStreaming                   0x1031cbd2c +[AFURLConnectionOperation networkRequestThreadEntryPoint:] + 308
Foundation                      0x185a11efc <redacted> + 1040
libsystem_pthread.dylib         0x184bed220 <redacted> + 272
libsystem_pthread.dylib         0x184bed110 _pthread_start + 292

Backtrace of Thread 45627:
libsystem_kernel.dylib          0x184a4dd84 __workq_kernreturn + 8
libsystem_pthread.dylib         0x184bebeb4 _pthread_wqthread + 928

Backtrace of Thread 47627:
libsystem_kernel.dylib          0x184a2be08 mach_msg_trap + 8
libsystem_kernel.dylib          0x184a2bc80 mach_msg + 72
CoreFoundation                  0x184f6ee40 <redacted> + 196
CoreFoundation                  0x184f6c908 <redacted> + 1568
CoreFoundation                  0x184e8cda8 CFRunLoopRunSpecific + 552
CFNetwork                       0x18579a4b0 <redacted> + 220
Foundation                      0x185a11efc <redacted> + 1040
libsystem_pthread.dylib         0x184bed220 <redacted> + 272
libsystem_pthread.dylib         0x184bed110 _pthread_start + 292

Backtrace of Thread 39175:
libsystem_kernel.dylib          0x184a4dd84 __workq_kernreturn + 8
libsystem_pthread.dylib         0x184bebeb4 _pthread_wqthread + 928

Backtrace of Thread 25363:
libsystem_kernel.dylib          0x184a4dd84 __workq_kernreturn + 8
libsystem_pthread.dylib         0x184bebeb4 _pthread_wqthread + 928

Backtrace of Thread 77591:
libsystem_kernel.dylib          0x184a2be08 mach_msg_trap + 8
libsystem_kernel.dylib          0x184a2bc80 mach_msg + 72
CoreFoundation                  0x184f6ee40 <redacted> + 196
CoreFoundation                  0x184f6c908 <redacted> + 1568
CoreFoundation                  0x184e8cda8 CFRunLoopRunSpecific + 552
AVFAudio                        0x18a972424 <redacted> + 164
AVFAudio                        0x18a99c834 <redacted> + 88
libsystem_pthread.dylib         0x184bed220 <redacted> + 272
libsystem_pthread.dylib         0x184bed110 _pthread_start + 292

Backtrace of Thread 74507:
libsystem_kernel.dylib          0x184a2be5c semaphore_timedwait_trap + 8
libdispatch.dylib               0x10df45324 _dispatch_sema4_timedwait + 60
libdispatch.dylib               0x10df45a9c _dispatch_semaphore_wait_slow + 72
libdispatch.dylib               0x10df4ff64 _dispatch_worker_thread + 260
libsystem_pthread.dylib         0x184bed220 <redacted> + 272
libsystem_pthread.dylib         0x184bed110 _pthread_start + 292

Backtrace of Thread 57127:
libsystem_kernel.dylib          0x184a4dd84 __workq_kernreturn + 8
libsystem_pthread.dylib         0x184bebeb4 _pthread_wqthread + 928

