Call Backtrace of 29 threads:
Backtrace of Thread 771:
libsystem_kernel.dylib          0x184a2be44 semaphore_wait_trap + 8
libdispatch.dylib               0x10df45240 _dispatch_sema4_wait + 24
libdispatch.dylib               0x10df45adc _dispatch_semaphore_wait_slow + 136
UIKit                           0x18f590b28 <redacted> + 1312
UIKit                           0x18f5903d0 <redacted> + 228
libdispatch.dylib               0x10df3d220 _dispatch_client_callout + 16
libdispatch.dylib               0x10df4aa40 _dispatch_queue_barrier_sync_invoke_and_complete + 120
UIKit                           0x18f59022c <redacted> + 332
UIKit                           0x18efb2b28 <redacted> + 148
LiveStreaming                   0x105119a34 +[WXOMTAOpenUDID valueWithError:] + 780
LiveStreaming                   0x10511193c -[WXOMTAHelper init] + 1020
LiveStreaming                   0x105111d60 __27+[WXOMTAHelper getInstance]_block_invoke + 40
libdispatch.dylib               0x10df3d220 _dispatch_client_callout + 16
libdispatch.dylib               0x10df3df34 dispatch_once_f + 120
LiveStreaming                   0x105111d30 +[WXOMTAHelper getInstance] + 56
LiveStreaming                   0x1050f4250 -[WXOMTA init] + 116
LiveStreaming                   0x1050f4910 +[WXOMTA getInstance] + 68
LiveStreaming                   0x1050f4b80 +[WXOMTA startWithAppkey:] + 372
LiveStreaming                   0x1050e3a2c -[MMApiRegister startMTA:] + 32
LiveStreaming                   0x1050e4080 +[MMApiRegister registerApp:withDescription:andAppSupportContentFlag:enableMTA:] + 72
LiveStreaming                   0x1050ebf90 +[WXApi registerApp:enableMTA:] + 80
LiveStreaming                   0x10348ba4c -[NHAccountPlatformWeChat registerApp:] + 80
LiveStreaming                   0x10346b6f8 -[HTSAccountService registerAppImmediately] + 624
LiveStreaming                   0x103071aec +[HTSRegisterAppTask performTaskWithLaunchContext:completion:] + 224
LiveStreaming                   0x1033644a4 -[IESTaskOperation main] + 396
Foundation                      0x18592fcac <redacted> + 848
Foundation                      0x1859f076c <redacted> + 404
libdispatch.dylib               0x10df3d220 _dispatch_client_callout + 16
libdispatch.dylib               0x10df41db0 _dispatch_main_queue_callback_4CF + 1180
CoreFoundation                  0x184f6f070 <redacted> + 12
CoreFoundation                  0x184f6cbc8 <redacted> + 2272
CoreFoundation                  0x184e8cda8 CFRunLoopRunSpecific + 552
GraphicsServices                0x186e6f020 GSEventRunModal + 100
UIKit                           0x18ee6d78c UIApplicationMain + 236
LiveStreaming                   0x1030e8b70 main + 124
libdyld.dylib                   0x18491dfc0 <redacted> + 4

Backtrace of Thread 3587:
libsystem_kernel.dylib          0x184a4dd84 __workq_kernreturn + 8
libsystem_pthread.dylib         0x184bebeb4 _pthread_wqthread + 928

Backtrace of Thread 10503:
libsystem_kernel.dylib          0x184a4dd84 __workq_kernreturn + 8
libsystem_pthread.dylib         0x184bebeb4 _pthread_wqthread + 928

Backtrace of Thread 9731:
libsystem_kernel.dylib          0x184a4d610 __semwait_signal + 8
libsystem_c.dylib               0x18496612c nanosleep + 212
libsystem_c.dylib               0x18496604c usleep + 64
GPUToolsCore                    0x10dfc22bc _ZL21smt_poll_thread_entryPv + 136
libsystem_pthread.dylib         0x184bed220 <redacted> + 272
libsystem_pthread.dylib         0x184bed110 _pthread_start + 292

Backtrace of Thread 9223:
libsystem_kernel.dylib          0x184a4d610 __semwait_signal + 8
libsystem_c.dylib               0x18496612c nanosleep + 212
libsystem_c.dylib               0x18496604c usleep + 64
GPUToolsCore                    0x10dfc22bc _ZL21smt_poll_thread_entryPv + 136
libsystem_pthread.dylib         0x184bed220 <redacted> + 272
libsystem_pthread.dylib         0x184bed110 _pthread_start + 292

Backtrace of Thread 9483:
libsystem_kernel.dylib          0x184a4dd84 __workq_kernreturn + 8
libsystem_pthread.dylib         0x184bebeb4 _pthread_wqthread + 928

Backtrace of Thread 11015:
libsystem_kernel.dylib          0x184a4d0f4 __psynch_cvwait + 8
libsystem_pthread.dylib         0x184befc90 <redacted> + 644
libc++.1.dylib                  0x1841042ec _ZNSt3__118condition_variable15__do_timed_waitERNS_11unique_lockINS_5mutexEEENS_6chrono10time_pointINS5_12system_clockENS5_8durationIxNS_5ratioILl1ELl1000000000EEEEEEE + 96
JavaScriptCore                  0x18c5e3430 <redacted> + 124
JavaScriptCore                  0x18c5e32e0 <redacted> + 112
JavaScriptCore                  0x18c5e2e24 <redacted> + 272
JavaScriptCore                  0x18c5e2b60 <redacted> + 12
JavaScriptCore                  0x18c5e2f7c <redacted> + 44
libsystem_pthread.dylib         0x184bed220 <redacted> + 272
libsystem_pthread.dylib         0x184bed110 _pthread_start + 292

Backtrace of Thread 11271:
libsystem_kernel.dylib          0x184a2be08 mach_msg_trap + 8
libsystem_kernel.dylib          0x184a2bc80 mach_msg + 72
CoreFoundation                  0x184f6ee40 <redacted> + 196
CoreFoundation                  0x184f6c908 <redacted> + 1568
CoreFoundation                  0x184e8cda8 CFRunLoopRunSpecific + 552
WebCore                         0x18d119dcc <redacted> + 592
libsystem_pthread.dylib         0x184bed220 <redacted> + 272
libsystem_pthread.dylib         0x184bed110 _pthread_start + 292

Backtrace of Thread 19459:
libsystem_kernel.dylib          0x184a2be08 mach_msg_trap + 8
libsystem_kernel.dylib          0x184a2bc80 mach_msg + 72
CoreFoundation                  0x184f6ee40 <redacted> + 196
CoreFoundation                  0x184f6c908 <redacted> + 1568
CoreFoundation                  0x184e8cda8 CFRunLoopRunSpecific + 552
Foundation                      0x185901674 <redacted> + 304
Foundation                      0x1859014dc <redacted> + 84
UIKit                           0x18eb527e4 <redacted> + 136
Foundation                      0x185a11efc <redacted> + 1040
libsystem_pthread.dylib         0x184bed220 <redacted> + 272
libsystem_pthread.dylib         0x184bed110 _pthread_start + 292

Backtrace of Thread 17419:
libsystem_kernel.dylib          0x184a4dd84 __workq_kernreturn + 8
libsystem_pthread.dylib         0x184bebeb4 _pthread_wqthread + 928

Backtrace of Thread 16643:
libsystem_kernel.dylib          0x184a4dd84 __workq_kernreturn + 8
libsystem_pthread.dylib         0x184bebeb4 _pthread_wqthread + 928

Backtrace of Thread 37635:
libsystem_kernel.dylib          0x184a4dd84 __workq_kernreturn + 8
libsystem_pthread.dylib         0x184bebeb4 _pthread_wqthread + 928

Backtrace of Thread 37379:
libsystem_kernel.dylib          0x184a2be08 mach_msg_trap + 8
libsystem_kernel.dylib          0x184a2bc80 mach_msg + 72
libsystem_kernel.dylib          0x184a2df34 thread_get_state + 136
LiveStreaming                   0x10470a61c bs_mach_copyMem + 60
LiveStreaming                   0x104709d5c _bs_backtraceOfThread + 636
LiveStreaming                   0x10470a4b4 +[BSBacktraceLogger bs_backtraceOfAllThread] + 220
LiveStreaming                   0x104179cec __40+[IESDebugToolService startStuckMonitor]_block_invoke + 204
LiveStreaming                   0x10417716c __36-[IESDebugStuckMonitor startMonitor]_block_invoke_2 + 112
CoreFoundation                  0x184f5ff38 <redacted> + 76
LiveStreaming                   0x104177064 __36-[IESDebugStuckMonitor startMonitor]_block_invoke + 436
Foundation                      0x1859eee88 <redacted> + 16
Foundation                      0x1859308d0 <redacted> + 72
Foundation                      0x18592fcac <redacted> + 848
Foundation                      0x1859f076c <redacted> + 404
libdispatch.dylib               0x10df3d220 _dispatch_client_callout + 16
libdispatch.dylib               0x10df4a4d8 _dispatch_continuation_pop + 588
libdispatch.dylib               0x10df48dc8 _dispatch_async_redirect_invoke + 628
libdispatch.dylib               0x10df4e84c _dispatch_root_queue_drain + 604
libdispatch.dylib               0x10df4e584 _dispatch_worker_thread3 + 136
libsystem_pthread.dylib         0x184bebfac _pthread_wqthread + 1176

Backtrace of Thread 26883:
libsystem_kernel.dylib          0x184a4dd84 __workq_kernreturn + 8
libsystem_pthread.dylib         0x184bebeb4 _pthread_wqthread + 928

Backtrace of Thread 35079:
libsystem_kernel.dylib          0x184a2be08 mach_msg_trap + 8
libsystem_kernel.dylib          0x184a2bc80 mach_msg + 72
CoreFoundation                  0x184f6ee40 <redacted> + 196
CoreFoundation                  0x184f6c908 <redacted> + 1568
CoreFoundation                  0x184e8cda8 CFRunLoopRunSpecific + 552
Foundation                      0x185901674 <redacted> + 304
Foundation                      0x1859761a8 <redacted> + 88
LiveStreaming                   0x1031cbd2c +[AFURLConnectionOperation networkRequestThreadEntryPoint:] + 308
Foundation                      0x185a11efc <redacted> + 1040
libsystem_pthread.dylib         0x184bed220 <redacted> + 272
libsystem_pthread.dylib         0x184bed110 _pthread_start + 292

Backtrace of Thread 45627:
libsystem_kernel.dylib          0x184a4dd84 __workq_kernreturn + 8
libsystem_pthread.dylib         0x184bebeb4 _pthread_wqthread + 928

Backtrace of Thread 47627:
libsystem_kernel.dylib          0x184a2be08 mach_msg_trap + 8
libsystem_kernel.dylib          0x184a2bc80 mach_msg + 72
CoreFoundation                  0x184f6ee40 <redacted> + 196
CoreFoundation                  0x184f6c908 <redacted> + 1568
CoreFoundation                  0x184e8cda8 CFRunLoopRunSpecific + 552
CFNetwork                       0x18579a4b0 <redacted> + 220
Foundation                      0x185a11efc <redacted> + 1040
libsystem_pthread.dylib         0x184bed220 <redacted> + 272
libsystem_pthread.dylib         0x184bed110 _pthread_start + 292

Backtrace of Thread 39175:
libsystem_kernel.dylib          0x184a4dd84 __workq_kernreturn + 8
libsystem_pthread.dylib         0x184bec0a0 _pthread_wqthread + 1420

Backtrace of Thread 25363:
libsystem_kernel.dylib          0x184a4dd84 __workq_kernreturn + 8
libsystem_pthread.dylib         0x184bebeb4 _pthread_wqthread + 928

Backtrace of Thread 77591:
libsystem_kernel.dylib          0x184a2be08 mach_msg_trap + 8
libsystem_kernel.dylib          0x184a2bc80 mach_msg + 72
CoreFoundation                  0x184f6ee40 <redacted> + 196
CoreFoundation                  0x184f6c908 <redacted> + 1568
CoreFoundation                  0x184e8cda8 CFRunLoopRunSpecific + 552
AVFAudio                        0x18a972424 <redacted> + 164
AVFAudio                        0x18a99c834 <redacted> + 88
libsystem_pthread.dylib         0x184bed220 <redacted> + 272
libsystem_pthread.dylib         0x184bed110 _pthread_start + 292

Backtrace of Thread 74507:
libsystem_kernel.dylib          0x184a2be5c semaphore_timedwait_trap + 8
libdispatch.dylib               0x10df45324 _dispatch_sema4_timedwait + 60
libdispatch.dylib               0x10df45a9c _dispatch_semaphore_wait_slow + 72
libdispatch.dylib               0x10df4ff64 _dispatch_worker_thread + 260
libsystem_pthread.dylib         0x184bed220 <redacted> + 272
libsystem_pthread.dylib         0x184bed110 _pthread_start + 292

Backtrace of Thread 57127:
libboringssl.dylib              0x185e2cba8 <redacted> + 128
libboringssl.dylib              0x185e2cb84 <redacted> + 92
libboringssl.dylib              0x185e30700 <redacted> + 188
libboringssl.dylib              0x185e2a1e8 <redacted> + 220
libboringssl.dylib              0x185e2a290 <redacted> + 132
libboringssl.dylib              0x185dd82f4 <redacted> + 484
libboringssl.dylib              0x185e160c8 <redacted> + 224
libboringssl.dylib              0x185e130b4 <redacted> + 124
libboringssl.dylib              0x185e2d834 EVP_DigestVerifyFinal + 116
libboringssl.dylib              0x185e49f5c <redacted> + 268
libboringssl.dylib              0x185dfacd4 <redacted> + 8240
libboringssl.dylib              0x185e54ad0 SSL_do_handshake + 124
libboringssl.dylib              0x185de2ae8 boringssl_session_handshake_continue + 216
libboringssl.dylib              0x185de26ac boringssl_context_handshake_negotiate + 560
libboringssl.dylib              0x185dedd9c <redacted> + 92
libdispatch.dylib               0x10df3d260 _dispatch_call_block_and_release + 24
libdispatch.dylib               0x10df3d220 _dispatch_client_callout + 16
libdispatch.dylib               0x10df4be80 _dispatch_queue_serial_drain + 768
libdispatch.dylib               0x10df40730 _dispatch_queue_invoke + 328
libdispatch.dylib               0x10df4cdd8 _dispatch_root_queue_drain_deferred_wlh + 352
libdispatch.dylib               0x10df53ebc _dispatch_workloop_worker_thread + 676
libsystem_pthread.dylib         0x184bebe70 _pthread_wqthread + 860

Backtrace of Thread 70667:
libsystem_kernel.dylib          0x184a2be5c semaphore_timedwait_trap + 8
libdispatch.dylib               0x10df45324 _dispatch_sema4_timedwait + 60
libdispatch.dylib               0x10df45a9c _dispatch_semaphore_wait_slow + 72
libdispatch.dylib               0x10df4ff64 _dispatch_worker_thread + 260
libsystem_pthread.dylib         0x184bed220 <redacted> + 272
libsystem_pthread.dylib         0x184bed110 _pthread_start + 292

Backtrace of Thread 69395:
libsystem_kernel.dylib          0x184a2be08 mach_msg_trap + 8
libsystem_kernel.dylib          0x184a2bc80 mach_msg + 72
CoreFoundation                  0x184f6ee40 <redacted> + 196
CoreFoundation                  0x184f6c908 <redacted> + 1568
CoreFoundation                  0x184e8cda8 CFRunLoopRunSpecific + 552
CoreFoundation                  0x184edcb28 CFRunLoopRun + 116
CoreMotion                      0x18a46d9dc CLStartStopAdvertisingBeacon + 231572
libsystem_pthread.dylib         0x184bed220 <redacted> + 272
libsystem_pthread.dylib         0x184bed110 _pthread_start + 292

Backtrace of Thread 83231:
libsystem_kernel.dylib          0x184a2be08 mach_msg_trap + 8
libsystem_kernel.dylib          0x184a2bc80 mach_msg + 72
CoreFoundation                  0x184f6ee40 <redacted> + 196
CoreFoundation                  0x184f6c908 <redacted> + 1568
CoreFoundation                  0x184e8cda8 CFRunLoopRunSpecific + 552
GeoServices                     0x18b2356cc <redacted> + 468
libsystem_pthread.dylib         0x184bed220 <redacted> + 272
libsystem_pthread.dylib         0x184bed110 _pthread_start + 292

Backtrace of Thread 89103:
libsystem_kernel.dylib          0x184a4dd84 __workq_kernreturn + 8
libsystem_pthread.dylib         0x184bebeb4 _pthread_wqthread + 928

Backtrace of Thread 172559:
libsystem_kernel.dylib          0x184a4dd84 __workq_kernreturn + 8
libsystem_pthread.dylib         0x184bebeb4 _pthread_wqthread + 928

Backtrace of Thread 174091:
libsystem_kernel.dylib          0x184a2be08 mach_msg_trap + 8
libsystem_kernel.dylib          0x184a2bc80 mach_msg + 72
CoreFoundation                  0x184f6ee40 <redacted> + 196
CoreFoundation                  0x184f6c908 <redacted> + 1568
CoreFoundation                  0x184e8cda8 CFRunLoopRunSpecific + 552
Foundation                      0x185901674 <redacted> + 304
LiveStreaming                   0x104624d40 -[_SRRunLoopThread main] + 360
Foundation                      0x185a11efc <redacted> + 1040
libsystem_pthread.dylib         0x184bed220 <redacted> + 272
libsystem_pthread.dylib         0x184bed110 _pthread_start + 292

Backtrace of Thread 173843:
libsystem_kernel.dylib          0x184a4d538 select$DARWIN_EXTSN + 8
CoreFoundation                  0x184f77378 <redacted> + 644
libsystem_pthread.dylib         0x184bed220 <redacted> + 272
libsystem_pthread.dylib         0x184bed110 _pthread_start + 292

