Call Backtrace of 38 threads:
Backtrace of Thread 771:
libsystem_kernel.dylib          0x184a4d13c __psynch_mutexwait + 8
libsystem_pthread.dylib         0x184bf0604 <redacted> + 96
libsystem_pthread.dylib         0x184bf0550 <redacted> + 260
AudioToolbox                    0x188f0e864 <redacted> + 76
AudioToolbox                    0x188f2e334 <redacted> + 96
LiveStreaming                   0x10480b52c -[AEAudioController running] + 60
LiveStreaming                   0x10480d0b8 __50-[AEAudioController audioRouteChangeNotification:]_block_invoke + 68
libdispatch.dylib               0x1848b8b24 <redacted> + 24
libdispatch.dylib               0x1848b8ae4 <redacted> + 16
libdispatch.dylib               0x1848c56e0 <redacted> + 1012
CoreFoundation                  0x184f6f070 <redacted> + 12
CoreFoundation                  0x184f6cbc8 <redacted> + 2272
CoreFoundation                  0x184e8cda8 CFRunLoopRunSpecific + 552
GraphicsServices                0x186e6f020 GSEventRunModal + 100
UIKit                           0x18ee6d78c UIApplicationMain + 236
LiveStreaming                   0x103228b70 main + 124
libdyld.dylib                   0x18491dfc0 <redacted> + 4

Backtrace of Thread 8963:
libsystem_kernel.dylib          0x184a4d0f4 __psynch_cvwait + 8
libsystem_pthread.dylib         0x184befc90 <redacted> + 644
libc++.1.dylib                  0x1841042ec _ZNSt3__118condition_variable15__do_timed_waitERNS_11unique_lockINS_5mutexEEENS_6chrono10time_pointINS5_12system_clockENS5_8durationIxNS_5ratioILl1ELl1000000000EEEEEEE + 96
JavaScriptCore                  0x18c5e3430 <redacted> + 124
JavaScriptCore                  0x18c5e32e0 <redacted> + 112
JavaScriptCore                  0x18c5e2e24 <redacted> + 272
JavaScriptCore                  0x18c5e2b60 <redacted> + 12
JavaScriptCore                  0x18c5e2f7c <redacted> + 44
libsystem_pthread.dylib         0x184bed220 <redacted> + 272
libsystem_pthread.dylib         0x184bed110 _pthread_start + 292

Backtrace of Thread 8707:
libsystem_kernel.dylib          0x184a4d0f4 __psynch_cvwait + 8
libsystem_pthread.dylib         0x184befc90 <redacted> + 644
JavaScriptCore                  0x18bb372cc _ZN3WTF15ThreadCondition9timedWaitERNS_5MutexEd + 80
JavaScriptCore                  0x18c5c873c _ZN3WTF10ParkingLot21parkConditionallyImplEPKvRKNS_12ScopedLambdaIFbvEEERKNS3_IFvvEEERKNS_24TimeWithDynamicClockTypeE + 2252
JavaScriptCore                  0x18c5c06c0 <redacted> + 372
WebCore                         0x18d62fb40 <redacted> + 244
WebCore                         0x18d11d350 <redacted> + 44
CoreFoundation                  0x184f6e910 <redacted> + 32
CoreFoundation                  0x184f6c238 <redacted> + 412
CoreFoundation                  0x184f6ca6c <redacted> + 1924
CoreFoundation                  0x184e8cda8 CFRunLoopRunSpecific + 552
WebCore                         0x18d119dcc <redacted> + 592
libsystem_pthread.dylib         0x184bed220 <redacted> + 272
libsystem_pthread.dylib         0x184bed110 _pthread_start + 292

Backtrace of Thread 20227:
libsystem_kernel.dylib          0x184a2be08 mach_msg_trap + 8
libsystem_kernel.dylib          0x184a2bc80 mach_msg + 72
CoreFoundation                  0x184f6ee40 <redacted> + 196
CoreFoundation                  0x184f6c908 <redacted> + 1568
CoreFoundation                  0x184e8cda8 CFRunLoopRunSpecific + 552
Foundation                      0x185901674 <redacted> + 304
Foundation                      0x18590151c <redacted> + 148
UIKit                           0x18eb527e4 <redacted> + 136
Foundation                      0x185a11efc <redacted> + 1040
libsystem_pthread.dylib         0x184bed220 <redacted> + 272
libsystem_pthread.dylib         0x184bed110 _pthread_start + 292

Backtrace of Thread 25347:
libsystem_kernel.dylib          0x184a2be08 mach_msg_trap + 8
libsystem_kernel.dylib          0x184a2bc80 mach_msg + 72
libsystem_kernel.dylib          0x184a2df34 thread_get_state + 136
LiveStreaming                   0x10484a61c bs_mach_copyMem + 60
LiveStreaming                   0x104849d5c _bs_backtraceOfThread + 636
LiveStreaming                   0x10484a4b4 +[BSBacktraceLogger bs_backtraceOfAllThread] + 220
LiveStreaming                   0x1042b9cec __40+[IESDebugToolService startStuckMonitor]_block_invoke + 204
LiveStreaming                   0x1042b716c __36-[IESDebugStuckMonitor startMonitor]_block_invoke_2 + 112
CoreFoundation                  0x184f5ff38 <redacted> + 76
LiveStreaming                   0x1042b7064 __36-[IESDebugStuckMonitor startMonitor]_block_invoke + 436
Foundation                      0x1859eee88 <redacted> + 16
Foundation                      0x1859308d0 <redacted> + 72
Foundation                      0x18592fcac <redacted> + 848
Foundation                      0x1859f076c <redacted> + 404
libdispatch.dylib               0x1848b8ae4 <redacted> + 16
libdispatch.dylib               0x1848c0f18 <redacted> + 424
libdispatch.dylib               0x1848bf850 <redacted> + 604
libdispatch.dylib               0x1848c5d30 <redacted> + 588
libdispatch.dylib               0x1848c5a80 <redacted> + 120
libsystem_pthread.dylib         0x184bebfac _pthread_wqthread + 1176

Backtrace of Thread 27911:
libsystem_kernel.dylib          0x184a2be08 mach_msg_trap + 8
libsystem_kernel.dylib          0x184a2bc80 mach_msg + 72
CoreFoundation                  0x184f6ee40 <redacted> + 196
CoreFoundation                  0x184f6c908 <redacted> + 1568
CoreFoundation                  0x184e8cda8 CFRunLoopRunSpecific + 552
Foundation                      0x185901674 <redacted> + 304
Foundation                      0x1859761a8 <redacted> + 88
LiveStreaming                   0x10330bd2c +[AFURLConnectionOperation networkRequestThreadEntryPoint:] + 308
Foundation                      0x185a11efc <redacted> + 1040
libsystem_pthread.dylib         0x184bed220 <redacted> + 272
libsystem_pthread.dylib         0x184bed110 _pthread_start + 292

Backtrace of Thread 84487:
libsystem_kernel.dylib          0x184a2be08 mach_msg_trap + 8
libsystem_kernel.dylib          0x184a2bc80 mach_msg + 72
CoreFoundation                  0x184f6ee40 <redacted> + 196
CoreFoundation                  0x184f6c908 <redacted> + 1568
CoreFoundation                  0x184e8cda8 CFRunLoopRunSpecific + 552
CFNetwork                       0x18579a4b0 <redacted> + 220
Foundation                      0x185a11efc <redacted> + 1040
libsystem_pthread.dylib         0x184bed220 <redacted> + 272
libsystem_pthread.dylib         0x184bed110 _pthread_start + 292

Backtrace of Thread 53267:
libsystem_kernel.dylib          0x184a2be08 mach_msg_trap + 8
libsystem_kernel.dylib          0x184a2bc80 mach_msg + 72
CoreFoundation                  0x184f6ee40 <redacted> + 196
CoreFoundation                  0x184f6c908 <redacted> + 1568
CoreFoundation                  0x184e8cda8 CFRunLoopRunSpecific + 552
AVFAudio                        0x18a972424 <redacted> + 164
AVFAudio                        0x18a99c834 <redacted> + 88
libsystem_pthread.dylib         0x184bed220 <redacted> + 272
libsystem_pthread.dylib         0x184bed110 _pthread_start + 292

Backtrace of Thread 70931:
libsystem_kernel.dylib          0x184a2be08 mach_msg_trap + 8
libsystem_kernel.dylib          0x184a2bc80 mach_msg + 72
CoreFoundation                  0x184f6ee40 <redacted> + 196
CoreFoundation                  0x184f6c908 <redacted> + 1568
CoreFoundation                  0x184e8cda8 CFRunLoopRunSpecific + 552
CoreFoundation                  0x184edcb28 CFRunLoopRun + 116
CoreMotion                      0x18a46d9dc CLStartStopAdvertisingBeacon + 231572
libsystem_pthread.dylib         0x184bed220 <redacted> + 272
libsystem_pthread.dylib         0x184bed110 _pthread_start + 292

Backtrace of Thread 65043:
libsystem_kernel.dylib          0x184a2be08 mach_msg_trap + 8
libsystem_kernel.dylib          0x184a2bc80 mach_msg + 72
CoreFoundation                  0x184f6ee40 <redacted> + 196
CoreFoundation                  0x184f6c908 <redacted> + 1568
CoreFoundation                  0x184e8cda8 CFRunLoopRunSpecific + 552
GeoServices                     0x18b2356cc <redacted> + 468
libsystem_pthread.dylib         0x184bed220 <redacted> + 272
libsystem_pthread.dylib         0x184bed110 _pthread_start + 292

Backtrace of Thread 67899:
libsystem_kernel.dylib          0x184a2be08 mach_msg_trap + 8
libsystem_kernel.dylib          0x184a2bc80 mach_msg + 72
CoreFoundation                  0x184f6ee40 <redacted> + 196
CoreFoundation                  0x184f6c908 <redacted> + 1568
CoreFoundation                  0x184e8cda8 CFRunLoopRunSpecific + 552
Foundation                      0x185901674 <redacted> + 304
LiveStreaming                   0x104764d40 -[_SRRunLoopThread main] + 360
Foundation                      0x185a11efc <redacted> + 1040
libsystem_pthread.dylib         0x184bed220 <redacted> + 272
libsystem_pthread.dylib         0x184bed110 _pthread_start + 292

Backtrace of Thread 88323:
libsystem_kernel.dylib          0x184a4d538 select$DARWIN_EXTSN + 8
CoreFoundation                  0x184f77378 <redacted> + 644
libsystem_pthread.dylib         0x184bed220 <redacted> + 272
libsystem_pthread.dylib         0x184bed110 _pthread_start + 292

Backtrace of Thread 107527:
libsystem_kernel.dylib          0x184a2be08 mach_msg_trap + 8
libsystem_kernel.dylib          0x184a2bc80 mach_msg + 72
LiveStreaming                   0x106394dbc CLSMachExceptionServer + 100
libsystem_pthread.dylib         0x184bed220 <redacted> + 272
libsystem_pthread.dylib         0x184bed110 _pthread_start + 292

Backtrace of Thread 151063:
libsystem_kernel.dylib          0x184a303e4 poll + 8
ZegoLiveRoom                    0x10b063398 0x10af28000 + 1291160
ZegoLiveRoom                    0x10b06744c 0x10af28000 + 1307724
ZegoLiveRoom                    0x10b0671ec 0x10af28000 + 1307116
ZegoLiveRoom                    0x10b06b5bc 0x10af28000 + 1324476
libsystem_pthread.dylib         0x184bed220 <redacted> + 272
libsystem_pthread.dylib         0x184bed110 _pthread_start + 292

Backtrace of Thread 95535:
libsystem_kernel.dylib          0x184a303e4 poll + 8
ZegoLiveRoom                    0x10b063398 0x10af28000 + 1291160
ZegoLiveRoom                    0x10b06744c 0x10af28000 + 1307724
ZegoLiveRoom                    0x10b0671ec 0x10af28000 + 1307116
ZegoLiveRoom                    0x10b06b5bc 0x10af28000 + 1324476
libsystem_pthread.dylib         0x184bed220 <redacted> + 272
libsystem_pthread.dylib         0x184bed110 _pthread_start + 292

Backtrace of Thread 148091:
libsystem_kernel.dylib          0x184a303e4 poll + 8
ZegoLiveRoom                    0x10b063398 0x10af28000 + 1291160
ZegoLiveRoom                    0x10b06744c 0x10af28000 + 1307724
ZegoLiveRoom                    0x10b0671ec 0x10af28000 + 1307116
ZegoLiveRoom                    0x10b06b5bc 0x10af28000 + 1324476
libsystem_pthread.dylib         0x184bed220 <redacted> + 272
libsystem_pthread.dylib         0x184bed110 _pthread_start + 292

Backtrace of Thread 140547:
libsystem_kernel.dylib          0x184a2be08 mach_msg_trap + 8
libsystem_kernel.dylib          0x184a2bc80 mach_msg + 72
libdispatch.dylib               0x1848ce8b8 <redacted> + 560
libdispatch.dylib               0x1848cedb0 <redacted> + 56
libxpc.dylib                    0x184c288d8 xpc_connection_send_message_with_reply_sync + 196
Security                        0x185bfd180 securityd_message_with_reply_sync + 168
Security                        0x185bfd4cc securityd_send_sync_and_do + 80
Security                        0x185c94034 <redacted> + 424
Security                        0x185c60cc8 SecOSStatusWith + 52
Security                        0x185c93e70 <redacted> + 96
libsystem_trace.dylib           0x184c09c70 <redacted> + 60
Security                        0x185c93e00 <redacted> + 256
libdispatch.dylib               0x1848b8ae4 <redacted> + 16
libdispatch.dylib               0x1848c1640 <redacted> + 56
Security                        0x185c8fed0 <redacted> + 520
Security                        0x185c901d8 SecTrustEvaluate + 64
Security                        0x185c3adc4 <redacted> + 80
libcoretls.dylib                0x185e8f5dc <redacted> + 188
libcoretls.dylib                0x185e93ef4 tls_handshake_process + 108
Security                        0x185c3a2e4 <redacted> + 88
Security                        0x185c3a92c SSLHandshake + 228
ZegoLiveRoom                    0x10b09c4c4 0x10af28000 + 1524932
ZegoLiveRoom                    0x10b09b3c4 0x10af28000 + 1520580
ZegoLiveRoom                    0x10b09a46c 0x10af28000 + 1516652
ZegoLiveRoom                    0x10b07af7c 0x10af28000 + 1388412
ZegoLiveRoom                    0x10b08ecf4 0x10af28000 + 1469684
ZegoLiveRoom                    0x10b090218 0x10af28000 + 1475096
ZegoLiveRoom                    0x10b090320 0x10af28000 + 1475360
ZegoLiveRoom                    0x10afd40a8 0x10af28000 + 704680
ZegoLiveRoom                    0x10afd9ccc 0x10af28000 + 728268
ZegoLiveRoom                    0x10b063880 0x10af28000 + 1292416
ZegoLiveRoom                    0x10b06744c 0x10af28000 + 1307724
ZegoLiveRoom                    0x10b0671ec 0x10af28000 + 1307116
ZegoLiveRoom                    0x10b06b5bc 0x10af28000 + 1324476
libsystem_pthread.dylib         0x184bed220 <redacted> + 272
libsystem_pthread.dylib         0x184bed110 _pthread_start + 292

Backtrace of Thread 140291:
libsystem_kernel.dylib          0x184a303e4 poll + 8
ZegoLiveRoom                    0x10b063398 0x10af28000 + 1291160
ZegoLiveRoom                    0x10b06744c 0x10af28000 + 1307724
ZegoLiveRoom                    0x10b0671ec 0x10af28000 + 1307116
ZegoLiveRoom                    0x10b06b5bc 0x10af28000 + 1324476
libsystem_pthread.dylib         0x184bed220 <redacted> + 272
libsystem_pthread.dylib         0x184bed110 _pthread_start + 292

Backtrace of Thread 119339:
libsystem_kernel.dylib          0x184a4dd84 __workq_kernreturn + 8
libsystem_pthread.dylib         0x184bebeb4 _pthread_wqthread + 928

Backtrace of Thread 163511:
libsystem_kernel.dylib          0x184a4d0f4 __psynch_cvwait + 8
libsystem_pthread.dylib         0x184befc90 <redacted> + 644
libc++.1.dylib                  0x18410425c _ZNSt3__118condition_variable4waitERNS_11unique_lockINS_5mutexEEE + 24
LiveStreaming                   0x1056b7f9c _ZN3BRC9SyncQueueINSt3__110shared_ptrINS_4TaskEEEE4TakeERS4_ + 80
LiveStreaming                   0x1056b79fc _ZN3BRC18SingleThreadWorker4workEv + 176
LiveStreaming                   0x1056b81e0 _ZNSt3__114__thread_proxyINS_5tupleIJNS_10unique_ptrINS_15__thread_structENS_14default_deleteIS3_EEEEMN3BRC18SingleThreadWorkerEFvvEPS8_EEEEEPvSD_ + 64
libsystem_pthread.dylib         0x184bed220 <redacted> + 272
libsystem_pthread.dylib         0x184bed110 _pthread_start + 292

Backtrace of Thread 161551:
libsystem_kernel.dylib          0x184a4d0f4 __psynch_cvwait + 8
libsystem_pthread.dylib         0x184befc90 <redacted> + 644
libc++.1.dylib                  0x18410425c _ZNSt3__118condition_variable4waitERNS_11unique_lockINS_5mutexEEE + 24
LiveStreaming                   0x1056b7f9c _ZN3BRC9SyncQueueINSt3__110shared_ptrINS_4TaskEEEE4TakeERS4_ + 80
LiveStreaming                   0x1056b79fc _ZN3BRC18SingleThreadWorker4workEv + 176
LiveStreaming                   0x1056b81e0 _ZNSt3__114__thread_proxyINS_5tupleIJNS_10unique_ptrINS_15__thread_structENS_14default_deleteIS3_EEEEMN3BRC18SingleThreadWorkerEFvvEPS8_EEEEEPvSD_ + 64
libsystem_pthread.dylib         0x184bed220 <redacted> + 272
libsystem_pthread.dylib         0x184bed110 _pthread_start + 292

Backtrace of Thread 152687:
libsystem_kernel.dylib          0x184a4dd84 __workq_kernreturn + 8
libsystem_pthread.dylib         0x184bebeb4 _pthread_wqthread + 928

Backtrace of Thread 111455:
libsystem_kernel.dylib          0x184a4dd84 __workq_kernreturn + 8
libsystem_pthread.dylib         0x184bebeb4 _pthread_wqthread + 928

Backtrace of Thread 47803:
libsystem_kernel.dylib          0x184a4dd84 __workq_kernreturn + 8
libsystem_pthread.dylib         0x184bebeb4 _pthread_wqthread + 928

Backtrace of Thread 127827:
libsystem_kernel.dylib          0x184a4dd84 __workq_kernreturn + 8
libsystem_pthread.dylib         0x184bebeb4 _pthread_wqthread + 928

Backtrace of Thread 170359:
libsystem_kernel.dylib          0x184a4dd84 __workq_kernreturn + 8
libsystem_pthread.dylib         0x184bebeb4 _pthread_wqthread + 928

Backtrace of Thread 95951:
libsystem_kernel.dylib          0x184a4dd84 __workq_kernreturn + 8
libsystem_pthread.dylib         0x184bebeb4 _pthread_wqthread + 928

Backtrace of Thread 348231:
libsystem_kernel.dylib          0x184a4dd84 __workq_kernreturn + 8
libsystem_pthread.dylib         0x184bebeb4 _pthread_wqthread + 928

Backtrace of Thread 16739:
libsystem_kernel.dylib          0x184a4dd84 __workq_kernreturn + 8
libsystem_pthread.dylib         0x184bebeb4 _pthread_wqthread + 928

Backtrace of Thread 87183:
libsystem_kernel.dylib          0x184a4dd84 __workq_kernreturn + 8
libsystem_pthread.dylib         0x184bec0a0 _pthread_wqthread + 1420

Fail to get instruction addressBacktrace of Thread 342507:
libsystem_kernel.dylib          0x184a2be5c semaphore_timedwait_trap + 8
libdispatch.dylib               0x1848bb0b0 <redacted> + 60
libdispatch.dylib               0x1848bb924 <redacted> + 72
libdispatch.dylib               0x1848c723c <redacted> + 256
libsystem_pthread.dylib         0x184bed220 <redacted> + 272
libsystem_pthread.dylib         0x184bed110 _pthread_start + 292

Backtrace of Thread 185427:
libsystem_kernel.dylib          0x184a2be5c semaphore_timedwait_trap + 8
libdispatch.dylib               0x1848bb0b0 <redacted> + 60
libdispatch.dylib               0x1848bb924 <redacted> + 72
libdispatch.dylib               0x1848c723c <redacted> + 256
libsystem_pthread.dylib         0x184bed220 <redacted> + 272
libsystem_pthread.dylib         0x184bed110 _pthread_start + 292

Backtrace of Thread 192039:
libsystem_kernel.dylib          0x184a2be44 semaphore_wait_trap + 8
ZegoLiveRoom                    0x10b108da8 0x10af28000 + 1969576
ZegoLiveRoom                    0x10b108efc 0x10af28000 + 1969916
libsystem_pthread.dylib         0x184bed220 <redacted> + 272
libsystem_pthread.dylib         0x184bed110 _pthread_start + 292

Backtrace of Thread 334639:
libsystem_kernel.dylib          0x184a2be44 semaphore_wait_trap + 8
ZegoLiveRoom                    0x10b125634 0x10af28000 + 2086452
ZegoLiveRoom                    0x10b125774 0x10af28000 + 2086772
libsystem_pthread.dylib         0x184bed220 <redacted> + 272
libsystem_pthread.dylib         0x184bed110 _pthread_start + 292

Backtrace of Thread 188443:
libsystem_kernel.dylib          0x184a2be44 semaphore_wait_trap + 8
ZegoLiveRoom                    0x10b125634 0x10af28000 + 2086452
ZegoLiveRoom                    0x10b125774 0x10af28000 + 2086772
libsystem_pthread.dylib         0x184bed220 <redacted> + 272
libsystem_pthread.dylib         0x184bed110 _pthread_start + 292

Backtrace of Thread 146867:
libsystem_kernel.dylib          0x184a2be44 semaphore_wait_trap + 8
ZegoLiveRoom                    0x10b102c74 0x10af28000 + 1944692
ZegoLiveRoom                    0x10b108e00 0x10af28000 + 1969664
ZegoLiveRoom                    0x10b108efc 0x10af28000 + 1969916
libsystem_pthread.dylib         0x184bed220 <redacted> + 272
libsystem_pthread.dylib         0x184bed110 _pthread_start + 292

Backtrace of Thread 330787:
libsystem_kernel.dylib          0x184a2be08 mach_msg_trap + 8
libsystem_kernel.dylib          0x184a2bc80 mach_msg + 72
AudioToolbox                    0x188ba0a6c <redacted> + 260
AudioToolbox                    0x188ba52f0 <redacted> + 156
AudioToolbox                    0x188f17128 <redacted> + 88
libsystem_pthread.dylib         0x184bed220 <redacted> + 272
libsystem_pthread.dylib         0x184bed110 _pthread_start + 292

