Call Backtrace of 35 threads:
Backtrace of Thread 771:
CoreText                        0x188985fe0 <redacted> + 280
CoreText                        0x188985f20 <redacted> + 88
CoreText                        0x18897fc34 <redacted> + 352
CoreText                        0x188983d68 <redacted> + 124
CoreText                        0x18892b040 <redacted> + 592
CoreText                        0x18892acc8 <redacted> + 340
CoreText                        0x188980edc <redacted> + 420
CoreText                        0x18893e240 <redacted> + 528
CoreText                        0x18893dea0 <redacted> + 184
UIFoundation                    0x18fc482a8 <redacted> + 9076
UIFoundation                    0x18fcab8c0 <redacted> + 6144
UIFoundation                    0x18fc4afdc <redacted> + 500
UIKit                           0x18ebd6af8 <redacted> + 3968
UIKit                           0x18ebec358 <redacted> + 688
UIKit                           0x18ebebfdc <redacted> + 536
QuartzCore                      0x18913ce18 <redacted> + 296
UIKit                           0x18f364928 <redacted> + 168
QuartzCore                      0x189033728 <redacted> + 236
QuartzCore                      0x189142bd8 <redacted> + 52
QuartzCore                      0x18913c844 <redacted> + 1680
UIKit                           0x18f364864 <redacted> + 124
QuartzCore                      0x1890adb64 <redacted> + 516
QuartzCore                      0x1890d55d0 <redacted> + 580
QuartzCore                      0x1890261a8 <redacted> + 296
IOKit                           0x18522f8a0 IODispatchCalloutFromCFMessage + 492
CoreFoundation                  0x184f54b20 <redacted> + 188
CoreFoundation                  0x184f6fae8 <redacted> + 56
CoreFoundation                  0x184f6f230 <redacted> + 440
CoreFoundation                  0x184f6cc80 <redacted> + 2456
CoreFoundation                  0x184e8cda8 CFRunLoopRunSpecific + 552
GraphicsServices                0x186e6f020 GSEventRunModal + 100
UIKit                           0x18ee6d78c UIApplicationMain + 236
LiveStreaming                   0x103228b70 main + 124
libdyld.dylib                   0x18491dfc0 <redacted> + 4

Backtrace of Thread 8963:
libsystem_kernel.dylib          0x184a4d0f4 __psynch_cvwait + 8
libsystem_pthread.dylib         0x184befc90 <redacted> + 644
libc++.1.dylib                  0x1841042ec _ZNSt3__118condition_variable15__do_timed_waitERNS_11unique_lockINS_5mutexEEENS_6chrono10time_pointINS5_12system_clockENS5_8durationIxNS_5ratioILl1ELl1000000000EEEEEEE + 96
JavaScriptCore                  0x18c5e3430 <redacted> + 124
JavaScriptCore                  0x18c5e32e0 <redacted> + 112
JavaScriptCore                  0x18c5e2e24 <redacted> + 272
JavaScriptCore                  0x18c5e2b60 <redacted> + 12
JavaScriptCore                  0x18c5e2f7c <redacted> + 44
libsystem_pthread.dylib         0x184bed220 <redacted> + 272
libsystem_pthread.dylib         0x184bed110 _pthread_start + 292

Backtrace of Thread 8707:
libsystem_kernel.dylib          0x184a2be08 mach_msg_trap + 8
libsystem_kernel.dylib          0x184a2bc80 mach_msg + 72
CoreFoundation                  0x184f6ee40 <redacted> + 196
CoreFoundation                  0x184f6c908 <redacted> + 1568
CoreFoundation                  0x184e8cda8 CFRunLoopRunSpecific + 552
WebCore                         0x18d119dcc <redacted> + 592
libsystem_pthread.dylib         0x184bed220 <redacted> + 272
libsystem_pthread.dylib         0x184bed110 _pthread_start + 292

Backtrace of Thread 20227:
libsystem_kernel.dylib          0x184a2be08 mach_msg_trap + 8
libsystem_kernel.dylib          0x184a2bc80 mach_msg + 72
CoreFoundation                  0x184f6ee40 <redacted> + 196
CoreFoundation                  0x184f6c908 <redacted> + 1568
CoreFoundation                  0x184e8cda8 CFRunLoopRunSpecific + 552
Foundation                      0x185901674 <redacted> + 304
Foundation                      0x18590151c <redacted> + 148
UIKit                           0x18eb527e4 <redacted> + 136
Foundation                      0x185a11efc <redacted> + 1040
libsystem_pthread.dylib         0x184bed220 <redacted> + 272
libsystem_pthread.dylib         0x184bed110 _pthread_start + 292

Backtrace of Thread 25347:
libsystem_kernel.dylib          0x184a2be08 mach_msg_trap + 8
libsystem_kernel.dylib          0x184a2bc80 mach_msg + 72
libsystem_kernel.dylib          0x184a2df34 thread_get_state + 136
LiveStreaming                   0x10484a61c bs_mach_copyMem + 60
LiveStreaming                   0x104849d5c _bs_backtraceOfThread + 636
LiveStreaming                   0x10484a4b4 +[BSBacktraceLogger bs_backtraceOfAllThread] + 220
LiveStreaming                   0x1042b9cec __40+[IESDebugToolService startStuckMonitor]_block_invoke + 204
LiveStreaming                   0x1042b716c __36-[IESDebugStuckMonitor startMonitor]_block_invoke_2 + 112
CoreFoundation                  0x184f5ff38 <redacted> + 76
LiveStreaming                   0x1042b7064 __36-[IESDebugStuckMonitor startMonitor]_block_invoke + 436
Foundation                      0x1859eee88 <redacted> + 16
Foundation                      0x1859308d0 <redacted> + 72
Foundation                      0x18592fcac <redacted> + 848
Foundation                      0x1859f076c <redacted> + 404
libdispatch.dylib               0x1848b8ae4 <redacted> + 16
libdispatch.dylib               0x1848c0f18 <redacted> + 424
libdispatch.dylib               0x1848bf850 <redacted> + 604
libdispatch.dylib               0x1848c5d30 <redacted> + 588
libdispatch.dylib               0x1848c5a80 <redacted> + 120
libsystem_pthread.dylib         0x184bebfac _pthread_wqthread + 1176

Backtrace of Thread 27911:
libsystem_kernel.dylib          0x184a2be08 mach_msg_trap + 8
libsystem_kernel.dylib          0x184a2bc80 mach_msg + 72
CoreFoundation                  0x184f6ee40 <redacted> + 196
CoreFoundation                  0x184f6c908 <redacted> + 1568
CoreFoundation                  0x184e8cda8 CFRunLoopRunSpecific + 552
Foundation                      0x185901674 <redacted> + 304
Foundation                      0x1859761a8 <redacted> + 88
LiveStreaming                   0x10330bd2c +[AFURLConnectionOperation networkRequestThreadEntryPoint:] + 308
Foundation                      0x185a11efc <redacted> + 1040
libsystem_pthread.dylib         0x184bed220 <redacted> + 272
libsystem_pthread.dylib         0x184bed110 _pthread_start + 292

Backtrace of Thread 84487:
libsystem_kernel.dylib          0x184a2be08 mach_msg_trap + 8
libsystem_kernel.dylib          0x184a2bc80 mach_msg + 72
CoreFoundation                  0x184f6ee40 <redacted> + 196
CoreFoundation                  0x184f6c908 <redacted> + 1568
CoreFoundation                  0x184e8cda8 CFRunLoopRunSpecific + 552
CFNetwork                       0x18579a4b0 <redacted> + 220
Foundation                      0x185a11efc <redacted> + 1040
libsystem_pthread.dylib         0x184bed220 <redacted> + 272
libsystem_pthread.dylib         0x184bed110 _pthread_start + 292

Backtrace of Thread 53267:
libsystem_kernel.dylib          0x184a2be08 mach_msg_trap + 8
libsystem_kernel.dylib          0x184a2bc80 mach_msg + 72
CoreFoundation                  0x184f6ee40 <redacted> + 196
CoreFoundation                  0x184f6c908 <redacted> + 1568
CoreFoundation                  0x184e8cda8 CFRunLoopRunSpecific + 552
AVFAudio                        0x18a972424 <redacted> + 164
AVFAudio                        0x18a99c834 <redacted> + 88
libsystem_pthread.dylib         0x184bed220 <redacted> + 272
libsystem_pthread.dylib         0x184bed110 _pthread_start + 292

Backtrace of Thread 70931:
libsystem_kernel.dylib          0x184a2be08 mach_msg_trap + 8
libsystem_kernel.dylib          0x184a2bc80 mach_msg + 72
CoreFoundation                  0x184f6ee40 <redacted> + 196
CoreFoundation                  0x184f6c908 <redacted> + 1568
CoreFoundation                  0x184e8cda8 CFRunLoopRunSpecific + 552
CoreFoundation                  0x184edcb28 CFRunLoopRun + 116
CoreMotion                      0x18a46d9dc CLStartStopAdvertisingBeacon + 231572
libsystem_pthread.dylib         0x184bed220 <redacted> + 272
libsystem_pthread.dylib         0x184bed110 _pthread_start + 292

Backtrace of Thread 65043:
libsystem_kernel.dylib          0x184a2be08 mach_msg_trap + 8
libsystem_kernel.dylib          0x184a2bc80 mach_msg + 72
CoreFoundation                  0x184f6ee40 <redacted> + 196
CoreFoundation                  0x184f6c908 <redacted> + 1568
CoreFoundation                  0x184e8cda8 CFRunLoopRunSpecific + 552
GeoServices                     0x18b2356cc <redacted> + 468
libsystem_pthread.dylib         0x184bed220 <redacted> + 272
libsystem_pthread.dylib         0x184bed110 _pthread_start + 292

Backtrace of Thread 67899:
libsystem_kernel.dylib          0x184a2be08 mach_msg_trap + 8
libsystem_kernel.dylib          0x184a2bc80 mach_msg + 72
CoreFoundation                  0x184f6ee40 <redacted> + 196
CoreFoundation                  0x184f6c908 <redacted> + 1568
CoreFoundation                  0x184e8cda8 CFRunLoopRunSpecific + 552
Foundation                      0x185901674 <redacted> + 304
LiveStreaming                   0x104764d40 -[_SRRunLoopThread main] + 360
Foundation                      0x185a11efc <redacted> + 1040
libsystem_pthread.dylib         0x184bed220 <redacted> + 272
libsystem_pthread.dylib         0x184bed110 _pthread_start + 292

Backtrace of Thread 88323:
libsystem_kernel.dylib          0x184a4d538 select$DARWIN_EXTSN + 8
CoreFoundation                  0x184f77378 <redacted> + 644
libsystem_pthread.dylib         0x184bed220 <redacted> + 272
libsystem_pthread.dylib         0x184bed110 _pthread_start + 292

Backtrace of Thread 107527:
libsystem_kernel.dylib          0x184a2be08 mach_msg_trap + 8
libsystem_kernel.dylib          0x184a2bc80 mach_msg + 72
LiveStreaming                   0x106394dbc CLSMachExceptionServer + 100
libsystem_pthread.dylib         0x184bed220 <redacted> + 272
libsystem_pthread.dylib         0x184bed110 _pthread_start + 292

Backtrace of Thread 151063:
libsystem_kernel.dylib          0x184a303e4 poll + 8
ZegoLiveRoom                    0x10b063398 0x10af28000 + 1291160
ZegoLiveRoom                    0x10b06744c 0x10af28000 + 1307724
ZegoLiveRoom                    0x10b0671ec 0x10af28000 + 1307116
ZegoLiveRoom                    0x10b06b5bc 0x10af28000 + 1324476
libsystem_pthread.dylib         0x184bed220 <redacted> + 272
libsystem_pthread.dylib         0x184bed110 _pthread_start + 292

Backtrace of Thread 95535:
libsystem_kernel.dylib          0x184a303e4 poll + 8
ZegoLiveRoom                    0x10b063398 0x10af28000 + 1291160
ZegoLiveRoom                    0x10b06744c 0x10af28000 + 1307724
ZegoLiveRoom                    0x10b0671ec 0x10af28000 + 1307116
ZegoLiveRoom                    0x10b06b5bc 0x10af28000 + 1324476
libsystem_pthread.dylib         0x184bed220 <redacted> + 272
libsystem_pthread.dylib         0x184bed110 _pthread_start + 292

Backtrace of Thread 148091:
libsystem_kernel.dylib          0x184a303e4 poll + 8
ZegoLiveRoom                    0x10b063398 0x10af28000 + 1291160
ZegoLiveRoom                    0x10b06744c 0x10af28000 + 1307724
ZegoLiveRoom                    0x10b0671ec 0x10af28000 + 1307116
ZegoLiveRoom                    0x10b06b5bc 0x10af28000 + 1324476
libsystem_pthread.dylib         0x184bed220 <redacted> + 272
libsystem_pthread.dylib         0x184bed110 _pthread_start + 292

Backtrace of Thread 140547:
libsystem_kernel.dylib          0x184a303e4 poll + 8
ZegoLiveRoom                    0x10b063398 0x10af28000 + 1291160
ZegoLiveRoom                    0x10b06744c 0x10af28000 + 1307724
ZegoLiveRoom                    0x10b0671ec 0x10af28000 + 1307116
ZegoLiveRoom                    0x10b06b5bc 0x10af28000 + 1324476
libsystem_pthread.dylib         0x184bed220 <redacted> + 272
libsystem_pthread.dylib         0x184bed110 _pthread_start + 292

Backtrace of Thread 140291:
libsystem_kernel.dylib          0x184a303e4 poll + 8
ZegoLiveRoom                    0x10b063398 0x10af28000 + 1291160
ZegoLiveRoom                    0x10b06744c 0x10af28000 + 1307724
ZegoLiveRoom                    0x10b0671ec 0x10af28000 + 1307116
ZegoLiveRoom                    0x10b06b5bc 0x10af28000 + 1324476
libsystem_pthread.dylib         0x184bed220 <redacted> + 272
libsystem_pthread.dylib         0x184bed110 _pthread_start + 292

Backtrace of Thread 163511:
libsystem_kernel.dylib          0x184a4d0f4 __psynch_cvwait + 8
libsystem_pthread.dylib         0x184befc90 <redacted> + 644
libc++.1.dylib                  0x18410425c _ZNSt3__118condition_variable4waitERNS_11unique_lockINS_5mutexEEE + 24
LiveStreaming                   0x1056b7f9c _ZN3BRC9SyncQueueINSt3__110shared_ptrINS_4TaskEEEE4TakeERS4_ + 80
LiveStreaming                   0x1056b79fc _ZN3BRC18SingleThreadWorker4workEv + 176
LiveStreaming                   0x1056b81e0 _ZNSt3__114__thread_proxyINS_5tupleIJNS_10unique_ptrINS_15__thread_structENS_14default_deleteIS3_EEEEMN3BRC18SingleThreadWorkerEFvvEPS8_EEEEEPvSD_ + 64
libsystem_pthread.dylib         0x184bed220 <redacted> + 272
libsystem_pthread.dylib         0x184bed110 _pthread_start + 292

Backtrace of Thread 161551:
libsystem_kernel.dylib          0x184a4d0f4 __psynch_cvwait + 8
libsystem_pthread.dylib         0x184befc90 <redacted> + 644
libc++.1.dylib                  0x18410425c _ZNSt3__118condition_variable4waitERNS_11unique_lockINS_5mutexEEE + 24
LiveStreaming                   0x1056b7f9c _ZN3BRC9SyncQueueINSt3__110shared_ptrINS_4TaskEEEE4TakeERS4_ + 80
LiveStreaming                   0x1056b79fc _ZN3BRC18SingleThreadWorker4workEv + 176
LiveStreaming                   0x1056b81e0 _ZNSt3__114__thread_proxyINS_5tupleIJNS_10unique_ptrINS_15__thread_structENS_14default_deleteIS3_EEEEMN3BRC18SingleThreadWorkerEFvvEPS8_EEEEEPvSD_ + 64
libsystem_pthread.dylib         0x184bed220 <redacted> + 272
libsystem_pthread.dylib         0x184bed110 _pthread_start + 292

Backtrace of Thread 152687:
libsystem_kernel.dylib          0x184a2be08 mach_msg_trap + 8
libsystem_kernel.dylib          0x184a2bc80 mach_msg + 72
CoreFoundation                  0x184f6ee40 <redacted> + 196
CoreFoundation                  0x184f6c908 <redacted> + 1568
CoreFoundation                  0x184e8cda8 CFRunLoopRunSpecific + 552
Foundation                      0x185901674 <redacted> + 304
Foundation                      0x1859761a8 <redacted> + 88
libdispatch.dylib               0x1848b8b24 <redacted> + 24
libdispatch.dylib               0x1848b8ae4 <redacted> + 16
libdispatch.dylib               0x1848c2a38 <redacted> + 608
libdispatch.dylib               0x1848c3380 <redacted> + 336
libdispatch.dylib               0x1848c3d4c <redacted> + 340
libdispatch.dylib               0x1848cc11c <redacted> + 668
libsystem_pthread.dylib         0x184bebe70 _pthread_wqthread + 860

Backtrace of Thread 47803:
libsystem_kernel.dylib          0x184a4dd84 __workq_kernreturn + 8
libsystem_pthread.dylib         0x184bebeb4 _pthread_wqthread + 928

Backtrace of Thread 16739:
libsystem_kernel.dylib          0x184a4dd84 __workq_kernreturn + 8
libsystem_pthread.dylib         0x184bebeb4 _pthread_wqthread + 928

Backtrace of Thread 193563:
libsystem_kernel.dylib          0x184a4d0f4 __psynch_cvwait + 8
libsystem_pthread.dylib         0x184befc90 <redacted> + 644
libc++.1.dylib                  0x1841042ec _ZNSt3__118condition_variable15__do_timed_waitERNS_11unique_lockINS_5mutexEEENS_6chrono10time_pointINS5_12system_clockENS5_8durationIxNS_5ratioILl1ELl1000000000EEEEEEE + 96
LiveStreaming                   0x10482b32c _ZNSt3__118condition_variable10wait_untilINS_6chrono12steady_clockENS2_8durationIxNS_5ratioILl1ELl1000000000EEEEEEENS_9cv_statusERNS_11unique_lockINS_5mutexEEERKNS2_10time_pointIT_T0_EE + 124
LiveStreaming                   0x104827d80 _ZN9videocore17GenericAudioMixer9mixThreadEv + 500
LiveStreaming                   0x1048284d8 _ZNSt3__114__thread_proxyINS_5tupleIJNS_10unique_ptrINS_15__thread_structENS_14default_deleteIS3_EEEEZN9videocore17GenericAudioMixer5startEvE3$_1EEEEEPvSB_ + 64
libsystem_pthread.dylib         0x184bed220 <redacted> + 272
libsystem_pthread.dylib         0x184bed110 _pthread_start + 292

Backtrace of Thread 329487:
libsystem_kernel.dylib          0x184a4d0f4 __psynch_cvwait + 8
libsystem_pthread.dylib         0x184befc90 <redacted> + 644
libc++.1.dylib                  0x1841042ec _ZNSt3__118condition_variable15__do_timed_waitERNS_11unique_lockINS_5mutexEEENS_6chrono10time_pointINS5_12system_clockENS5_8durationIxNS_5ratioILl1ELl1000000000EEEEEEE + 96
LiveStreaming                   0x10482b32c _ZNSt3__118condition_variable10wait_untilINS_6chrono12steady_clockENS2_8durationIxNS_5ratioILl1ELl1000000000EEEEEEENS_9cv_statusERNS_11unique_lockINS_5mutexEEERKNS2_10time_pointIT_T0_EE + 124
LiveStreaming                   0x10482b114 _ZN9videocore3iOS14GLESVideoMixer9mixThreadEv + 256
LiveStreaming                   0x10482cdfc _ZNSt3__114__thread_proxyINS_5tupleIJNS_10unique_ptrINS_15__thread_structENS_14default_deleteIS3_EEEEZN9videocore3iOS14GLESVideoMixer5startEvE3$_5EEEEEPvSC_ + 48
libsystem_pthread.dylib         0x184bed220 <redacted> + 272
libsystem_pthread.dylib         0x184bed110 _pthread_start + 292

Backtrace of Thread 347467:
libsystem_kernel.dylib          0x184a4d610 __semwait_signal + 8
libsystem_c.dylib               0x18496612c nanosleep + 212
libsystem_c.dylib               0x18496604c usleep + 64
LiveStreaming                   0x104821e70 -[AEMessageQueuePollThread main] + 424
Foundation                      0x185a11efc <redacted> + 1040
libsystem_pthread.dylib         0x184bed220 <redacted> + 272
libsystem_pthread.dylib         0x184bed110 _pthread_start + 292

Backtrace of Thread 348523:
libsystem_kernel.dylib          0x184a2be08 mach_msg_trap + 8
libsystem_kernel.dylib          0x184a2bc80 mach_msg + 72
AudioToolbox                    0x188ba0a6c <redacted> + 260
AudioToolbox                    0x188ba52f0 <redacted> + 156
AudioToolbox                    0x188f17128 <redacted> + 88
libsystem_pthread.dylib         0x184bed220 <redacted> + 272
libsystem_pthread.dylib         0x184bed110 _pthread_start + 292

Backtrace of Thread 347151:
libsystem_kernel.dylib          0x184a4d0f4 __psynch_cvwait + 8
libsystem_pthread.dylib         0x184befc90 <redacted> + 644
libc++.1.dylib                  0x1841042ec _ZNSt3__118condition_variable15__do_timed_waitERNS_11unique_lockINS_5mutexEEENS_6chrono10time_pointINS5_12system_clockENS5_8durationIxNS_5ratioILl1ELl1000000000EEEEEEE + 96
LiveStreaming                   0x10482b32c _ZNSt3__118condition_variable10wait_untilINS_6chrono12steady_clockENS2_8durationIxNS_5ratioILl1ELl1000000000EEEEEEENS_9cv_statusERNS_11unique_lockINS_5mutexEEERKNS2_10time_pointIT_T0_EE + 124
LiveStreaming                   0x104847bf8 _ZN9videocore23TCPThroughputAdaptation12sampleThreadEv + 316
LiveStreaming                   0x1048482a0 _ZNSt3__114__thread_proxyINS_5tupleIJNS_10unique_ptrINS_15__thread_structENS_14default_deleteIS3_EEEEZN9videocore23TCPThroughputAdaptation5startEvE3$_0EEEEEPvSB_ + 48
libsystem_pthread.dylib         0x184bed220 <redacted> + 272
libsystem_pthread.dylib         0x184bed110 _pthread_start + 292

Backtrace of Thread 184707:
libsystem_kernel.dylib          0x184a4dd84 __workq_kernreturn + 8
libsystem_pthread.dylib         0x184bebeb4 _pthread_wqthread + 928

Backtrace of Thread 141183:
libsystem_kernel.dylib          0x184a4dd84 __workq_kernreturn + 8
libsystem_pthread.dylib         0x184bebeb4 _pthread_wqthread + 928

Backtrace of Thread 348023:
libsystem_kernel.dylib          0x184a4dd84 __workq_kernreturn + 8
libsystem_pthread.dylib         0x184bebeb4 _pthread_wqthread + 928

Backtrace of Thread 333687:
libsystem_kernel.dylib          0x184a4dd84 __workq_kernreturn + 8
libsystem_pthread.dylib         0x184bebeb4 _pthread_wqthread + 928

Backtrace of Thread 39019:
libsystem_kernel.dylib          0x184a4e7c8 kevent_id + 8
libdispatch.dylib               0x1848d45f8 <redacted> + 208
libdispatch.dylib               0x1848d3c1c <redacted> + 428
Metal                           0x186dda8e0 <redacted> + 144
AGXMetalA10                     0x1a54383e0 0x1a53f6000 + 271328
AppleMetalGLRenderer            0x1a54c4154 <redacted> + 512
AppleMetalGLRenderer            0x1a54c09e4 gldReadFramebufferData + 876
GLEngine                        0x1a6241b54 <redacted> + 988
LiveStreaming                   0x1056af740 _ZN3BRC18RenderDeviceGLES2010readPixelsERKNS_8ViewportENS_11PixelFormatEPv + 72
LiveStreaming                   0x105635064 _ZN3BEF13RenderManager12getTexBufferEN3BRC11PixelFormatEPhNS1_8ViewportE + 72
LiveStreaming                   0x1054e3928 _ZN3BEF13EffectManager16algorithmTextureEjd + 672
LiveStreaming                   0x1043837d4 -[HTSGLFilterNewEffect renderToTextureWithVertices:textureCoordinates:] + 2528
LiveStreaming                   0x104372174 -[HTSGLFilter newFrameReadyAtTime:atIndex:] + 144
LiveStreaming                   0x104385a74 -[HTSGLFilterNewEffect newFrameReadyAtTime:atIndex:] + 128
LiveStreaming                   0x1043a1c48 -[HTSGLPassthroughFilter informTargetsAboutNewFrameAtTime:] + 1212
LiveStreaming                   0x1043a1780 -[HTSGLPassthroughFilter newFrameReadyAtTime:atIndex:] + 396
LiveStreaming                   0x10437e73c -[HTSGLFilterInput updateTargetsForVideoCameraUsingCacheTextureAtWidth:height:time:] + 1668
LiveStreaming                   0x10437d5c8 -[HTSGLFilterInput processInputBuffer:andFrametime:] + 2324
LiveStreaming                   0x10437cc1c __59-[HTSGLFilterInput processInputBufferOnQueue:andFrametime:]_block_invoke_2 + 112
libdispatch.dylib               0x1848b8ae4 <redacted> + 16
libdispatch.dylib               0x1848c1640 <redacted> + 56
LiveStreaming                   0x10436443c runSynchronouslyOnVideoProcessingQueue + 212
LiveStreaming                   0x10437ca74 -[HTSGLFilterInput processInputBufferOnQueue:andFrametime:] + 180
LiveStreaming                   0x10437c9b4 -[HTSGLFilterInput processInputBuffer:] + 240
LiveStreaming                   0x10444c294 __30-[IESCamera startVideoCapture]_block_invoke_2 + 88
LiveStreaming                   0x10433a4b8 -[HTSCameraKit captureOutput:didOutputSampleBuffer:fromConnection:] + 748
AVFoundation                    0x18aac45c0 <redacted> + 344
AVFoundation                    0x18aac43d8 <redacted> + 100
CoreMedia                       0x1882b26e8 <redacted> + 272
CoreMedia                       0x1882cf340 <redacted> + 224
libdispatch.dylib               0x1848b8ae4 <redacted> + 16
libdispatch.dylib               0x1848c0f18 <redacted> + 424
libdispatch.dylib               0x1848ca808 <redacted> + 1364
libdispatch.dylib               0x1848c28f0 <redacted> + 280
libdispatch.dylib               0x1848c3380 <redacted> + 336
libdispatch.dylib               0x1848c28f0 <redacted> + 280
libdispatch.dylib               0x1848c3380 <redacted> + 336
libdispatch.dylib               0x1848c3d4c <redacted> + 340
libdispatch.dylib               0x1848cc11c <redacted> + 668
libsystem_pthread.dylib         0x184bebe70 _pthread_wqthread + 860

Backtrace of Thread 48527:
libsystem_kernel.dylib          0x184a4dd84 __workq_kernreturn + 8
libsystem_pthread.dylib         0x184bebeb4 _pthread_wqthread + 928

Backtrace of Thread 332111:
libsystem_kernel.dylib          0x184a4dd84 __workq_kernreturn + 8
libsystem_pthread.dylib         0x184bebeb4 _pthread_wqthread + 928

