Call Backtrace of 41 threads:
Backtrace of Thread 771:
0x0000000000000000              0x10aeab908 0x0 + 4478122248
0x0000000000000000              0x10aeab7d8 0x0 + 4478121944
0x0000000000000000              0x10ae9fd18 0x0 + 4478074136
libdyld.dylib                   0x18491edc8 dladdr + 132
LiveStreaming                   0x106440934 _Z48NmZlMGQ2NzEwNGY5MTNlMzc4YzU2MjM1NTg1N2JlNWQgIC0KRNSt3__112basic_stringIcNS_11char_traitsIcEENS_9allocatorIcEEEEi + 88
LiveStreaming                   0x10643df98 MTkyNGU3Y2JkZDAwNWU5OGQ1YmVkYzU5ZjJlMWNhYjQgIC0K + 88
LiveStreaming                   0x10643a618 _Z48NjdlMDU3NTcyZWQ0ZTcwNTIyZjYwZTY3OTZmZTFkYWQgIC0KPhjjPS_Pj + 144
LiveStreaming                   0x10644380c e_ + 148
LiveStreaming                   0x1064486c8 -[SGMSafeGuardManager ODU2M2Y2Y2EzZmU4ZWZkZDJmYzA3MzAwYzEyZmM2MzcgIC0K:] + 60
LiveStreaming                   0x1064402ac +[IESAntiSpam encryptDataWithTimeStamp:MTY2ZTY0ZjZjMzY3N2QwYzUxMzkwMTI0MmEzZTcwMmQgIC0K:] + 1556
LiveStreaming                   0x10643f500 -[IESAntiSpam Y2MxYWIwMTRlN2E1NWE1OWU3ZDVjZDAwMjJlNzc2ZDYgIC0K:formData:] + 1596
LiveStreaming                   0x106448754 -[SGMSafeGuardManager sgm_encryptURLWithURL:formData:] + 104
LiveStreaming                   0x102c019b0 __32+[HTSNetworkConfiguration setup]_block_invoke + 140
LiveStreaming                   0x103e51f68 -[HTSNetworkRequestSerializer preprocessRequest:parameters:] + 816
LiveStreaming                   0x103e51a14 -[HTSNetworkRequestSerializer URLRequestWithURL:params:method:constructingBodyBlock:commonParams:] + 288
LiveStreaming                   0x1048c3500 -[TTNetworkHTTPClient requestForJSONWithURL:params:method:commonParams:headerField:pureChannelForJSONResponseSerializer:verifyRequest:requestSerializer:responseSerializer:responsePreprocessor:callback:callbackWithResponse:] + 1780
LiveStreaming                   0x1048ca594 -[TTNetworkManagerAFNetworking requestForJSONWithURL:params:method:needCommonParams:requestSerializer:responseSerializer:autoResume:callback:] + 596
LiveStreaming                   0x103e589dc -[HTSNetworkService GET:parameters:completion:] + 324
LiveStreaming                   0x103a760c0 +[HTSLiveNetworkManager GET:parameters:completion:] + 260
LiveStreaming                   0x103a761bc +[HTSLiveNetworkManager GETPath:parameters:completion:] + 168
LiveStreaming                   0x103978c58 -[HTSLiveHTTPMessageFetcher pollMessageWith:completion:] + 948
LiveStreaming                   0x1042e0ba8 -[IESLiveMessageHTTPTransport pollMessage] + 436
LiveStreaming                   0x1042e0684 __49-[IESLiveMessageHTTPTransport nextMessageLoopIn:]_block_invoke + 48
libdispatch.dylib               0x1848b8ae4 <redacted> + 16
libdispatch.dylib               0x1848c0f18 <redacted> + 424
libdispatch.dylib               0x1848ca808 <redacted> + 1364
libdispatch.dylib               0x1848c55b8 <redacted> + 716
CoreFoundation                  0x184f6f070 <redacted> + 12
CoreFoundation                  0x184f6cbc8 <redacted> + 2272
CoreFoundation                  0x184e8cda8 CFRunLoopRunSpecific + 552
GraphicsServices                0x186e6f020 GSEventRunModal + 100
UIKit                           0x18ee6d78c UIApplicationMain + 236
LiveStreaming                   0x103228b70 main + 124
libdyld.dylib                   0x18491dfc0 <redacted> + 4

Backtrace of Thread 8963:
libsystem_kernel.dylib          0x184a4d0f4 __psynch_cvwait + 8
libsystem_pthread.dylib         0x184befc90 <redacted> + 644
libc++.1.dylib                  0x1841042ec _ZNSt3__118condition_variable15__do_timed_waitERNS_11unique_lockINS_5mutexEEENS_6chrono10time_pointINS5_12system_clockENS5_8durationIxNS_5ratioILl1ELl1000000000EEEEEEE + 96
JavaScriptCore                  0x18c5e3430 <redacted> + 124
JavaScriptCore                  0x18c5e32e0 <redacted> + 112
JavaScriptCore                  0x18c5e2e24 <redacted> + 272
JavaScriptCore                  0x18c5e2b60 <redacted> + 12
JavaScriptCore                  0x18c5e2f7c <redacted> + 44
libsystem_pthread.dylib         0x184bed220 <redacted> + 272
libsystem_pthread.dylib         0x184bed110 _pthread_start + 292

Backtrace of Thread 8707:
libsystem_kernel.dylib          0x184a2be08 mach_msg_trap + 8
libsystem_kernel.dylib          0x184a2bc80 mach_msg + 72
CoreFoundation                  0x184f6ee40 <redacted> + 196
CoreFoundation                  0x184f6c908 <redacted> + 1568
CoreFoundation                  0x184e8cda8 CFRunLoopRunSpecific + 552
WebCore                         0x18d119dcc <redacted> + 592
libsystem_pthread.dylib         0x184bed220 <redacted> + 272
libsystem_pthread.dylib         0x184bed110 _pthread_start + 292

Backtrace of Thread 20227:
libsystem_kernel.dylib          0x184a2be08 mach_msg_trap + 8
libsystem_kernel.dylib          0x184a2bc80 mach_msg + 72
CoreFoundation                  0x184f6ee40 <redacted> + 196
CoreFoundation                  0x184f6c908 <redacted> + 1568
CoreFoundation                  0x184e8cda8 CFRunLoopRunSpecific + 552
Foundation                      0x185901674 <redacted> + 304
Foundation                      0x18590151c <redacted> + 148
UIKit                           0x18eb527e4 <redacted> + 136
Foundation                      0x185a11efc <redacted> + 1040
libsystem_pthread.dylib         0x184bed220 <redacted> + 272
libsystem_pthread.dylib         0x184bed110 _pthread_start + 292

Backtrace of Thread 25347:
libsystem_kernel.dylib          0x184a2be08 mach_msg_trap + 8
libsystem_kernel.dylib          0x184a2bc80 mach_msg + 72
libsystem_kernel.dylib          0x184a2df34 thread_get_state + 136
LiveStreaming                   0x10484a61c bs_mach_copyMem + 60
LiveStreaming                   0x104849d5c _bs_backtraceOfThread + 636
LiveStreaming                   0x10484a4b4 +[BSBacktraceLogger bs_backtraceOfAllThread] + 220
LiveStreaming                   0x1042b9cec __40+[IESDebugToolService startStuckMonitor]_block_invoke + 204
LiveStreaming                   0x1042b716c __36-[IESDebugStuckMonitor startMonitor]_block_invoke_2 + 112
CoreFoundation                  0x184f5ff38 <redacted> + 76
LiveStreaming                   0x1042b7064 __36-[IESDebugStuckMonitor startMonitor]_block_invoke + 436
Foundation                      0x1859eee88 <redacted> + 16
Foundation                      0x1859308d0 <redacted> + 72
Foundation                      0x18592fcac <redacted> + 848
Foundation                      0x1859f076c <redacted> + 404
libdispatch.dylib               0x1848b8ae4 <redacted> + 16
libdispatch.dylib               0x1848c0f18 <redacted> + 424
libdispatch.dylib               0x1848bf850 <redacted> + 604
libdispatch.dylib               0x1848c5d30 <redacted> + 588
libdispatch.dylib               0x1848c5a80 <redacted> + 120
libsystem_pthread.dylib         0x184bebfac _pthread_wqthread + 1176

Backtrace of Thread 27911:
libsystem_kernel.dylib          0x184a2be08 mach_msg_trap + 8
libsystem_kernel.dylib          0x184a2bc80 mach_msg + 72
CoreFoundation                  0x184f6ee40 <redacted> + 196
CoreFoundation                  0x184f6c908 <redacted> + 1568
CoreFoundation                  0x184e8cda8 CFRunLoopRunSpecific + 552
Foundation                      0x185901674 <redacted> + 304
Foundation                      0x1859761a8 <redacted> + 88
LiveStreaming                   0x10330bd2c +[AFURLConnectionOperation networkRequestThreadEntryPoint:] + 308
Foundation                      0x185a11efc <redacted> + 1040
libsystem_pthread.dylib         0x184bed220 <redacted> + 272
libsystem_pthread.dylib         0x184bed110 _pthread_start + 292

Backtrace of Thread 84487:
libsystem_kernel.dylib          0x184a2be08 mach_msg_trap + 8
libsystem_kernel.dylib          0x184a2bc80 mach_msg + 72
CoreFoundation                  0x184f6ee40 <redacted> + 196
CoreFoundation                  0x184f6c908 <redacted> + 1568
CoreFoundation                  0x184e8cda8 CFRunLoopRunSpecific + 552
CFNetwork                       0x18579a4b0 <redacted> + 220
Foundation                      0x185a11efc <redacted> + 1040
libsystem_pthread.dylib         0x184bed220 <redacted> + 272
libsystem_pthread.dylib         0x184bed110 _pthread_start + 292

Backtrace of Thread 53267:
libsystem_kernel.dylib          0x184a2be08 mach_msg_trap + 8
libsystem_kernel.dylib          0x184a2bc80 mach_msg + 72
AudioToolbox                    0x188d8be48 <redacted> + 184
AudioToolbox                    0x188d6c740 <redacted> + 316
AudioToolbox                    0x188c282a8 <redacted> + 52
AudioToolbox                    0x188f0f210 <redacted> + 232
CoreFoundation                  0x184f6fae8 <redacted> + 56
CoreFoundation                  0x184f6f230 <redacted> + 440
CoreFoundation                  0x184f6cc80 <redacted> + 2456
CoreFoundation                  0x184e8cda8 CFRunLoopRunSpecific + 552
AVFAudio                        0x18a972424 <redacted> + 164
AVFAudio                        0x18a99c834 <redacted> + 88
libsystem_pthread.dylib         0x184bed220 <redacted> + 272
libsystem_pthread.dylib         0x184bed110 _pthread_start + 292

Backtrace of Thread 70931:
libsystem_kernel.dylib          0x184a2be08 mach_msg_trap + 8
libsystem_kernel.dylib          0x184a2bc80 mach_msg + 72
CoreFoundation                  0x184f6ee40 <redacted> + 196
CoreFoundation                  0x184f6c908 <redacted> + 1568
CoreFoundation                  0x184e8cda8 CFRunLoopRunSpecific + 552
CoreFoundation                  0x184edcb28 CFRunLoopRun + 116
CoreMotion                      0x18a46d9dc CLStartStopAdvertisingBeacon + 231572
libsystem_pthread.dylib         0x184bed220 <redacted> + 272
libsystem_pthread.dylib         0x184bed110 _pthread_start + 292

Backtrace of Thread 65043:
libsystem_kernel.dylib          0x184a2be08 mach_msg_trap + 8
libsystem_kernel.dylib          0x184a2bc80 mach_msg + 72
CoreFoundation                  0x184f6ee40 <redacted> + 196
CoreFoundation                  0x184f6c908 <redacted> + 1568
CoreFoundation                  0x184e8cda8 CFRunLoopRunSpecific + 552
GeoServices                     0x18b2356cc <redacted> + 468
libsystem_pthread.dylib         0x184bed220 <redacted> + 272
libsystem_pthread.dylib         0x184bed110 _pthread_start + 292

Backtrace of Thread 67899:
libsystem_kernel.dylib          0x184a2be08 mach_msg_trap + 8
libsystem_kernel.dylib          0x184a2bc80 mach_msg + 72
CoreFoundation                  0x184f6ee40 <redacted> + 196
CoreFoundation                  0x184f6c908 <redacted> + 1568
CoreFoundation                  0x184e8cda8 CFRunLoopRunSpecific + 552
Foundation                      0x185901674 <redacted> + 304
LiveStreaming                   0x104764d40 -[_SRRunLoopThread main] + 360
Foundation                      0x185a11efc <redacted> + 1040
libsystem_pthread.dylib         0x184bed220 <redacted> + 272
libsystem_pthread.dylib         0x184bed110 _pthread_start + 292

Backtrace of Thread 88323:
libsystem_kernel.dylib          0x184a4d538 select$DARWIN_EXTSN + 8
CoreFoundation                  0x184f77378 <redacted> + 644
libsystem_pthread.dylib         0x184bed220 <redacted> + 272
libsystem_pthread.dylib         0x184bed110 _pthread_start + 292

Backtrace of Thread 107527:
libsystem_kernel.dylib          0x184a2be08 mach_msg_trap + 8
libsystem_kernel.dylib          0x184a2bc80 mach_msg + 72
LiveStreaming                   0x106394dbc CLSMachExceptionServer + 100
libsystem_pthread.dylib         0x184bed220 <redacted> + 272
libsystem_pthread.dylib         0x184bed110 _pthread_start + 292

Backtrace of Thread 151063:
libsystem_kernel.dylib          0x184a2be08 mach_msg_trap + 8
libsystem_kernel.dylib          0x184a2bc80 mach_msg + 72
AudioToolbox                    0x188d8b978 <redacted> + 144
AudioToolbox                    0x188d6aa14 AudioSessionSetActive_Priv + 316
AVFAudio                        0x18a977590 <redacted> + 84
ZegoLiveRoom                    0x10b106ac4 0x10af28000 + 1960644
ZegoLiveRoom                    0x10b1069ec 0x10af28000 + 1960428
ZegoLiveRoom                    0x10b0fc880 0x10af28000 + 1919104
ZegoLiveRoom                    0x10aff90a4 0x10af28000 + 856228
ZegoLiveRoom                    0x10aff9330 0x10af28000 + 856880
ZegoLiveRoom                    0x10af90330 0x10af28000 + 426800
ZegoLiveRoom                    0x10af92f20 0x10af28000 + 438048
ZegoLiveRoom                    0x10b040fa0 0x10af28000 + 1150880
ZegoLiveRoom                    0x10af377fc 0x10af28000 + 63484
ZegoLiveRoom                    0x10b065088 0x10af28000 + 1298568
ZegoLiveRoom                    0x10b067688 0x10af28000 + 1308296
ZegoLiveRoom                    0x10b067438 0x10af28000 + 1307704
ZegoLiveRoom                    0x10b0671ec 0x10af28000 + 1307116
ZegoLiveRoom                    0x10b06b5bc 0x10af28000 + 1324476
libsystem_pthread.dylib         0x184bed220 <redacted> + 272
libsystem_pthread.dylib         0x184bed110 _pthread_start + 292

Backtrace of Thread 95535:
libsystem_kernel.dylib          0x184a303e4 poll + 8
ZegoLiveRoom                    0x10b063398 0x10af28000 + 1291160
ZegoLiveRoom                    0x10b06744c 0x10af28000 + 1307724
ZegoLiveRoom                    0x10b0671ec 0x10af28000 + 1307116
ZegoLiveRoom                    0x10b06b5bc 0x10af28000 + 1324476
libsystem_pthread.dylib         0x184bed220 <redacted> + 272
libsystem_pthread.dylib         0x184bed110 _pthread_start + 292

Backtrace of Thread 148091:
libsystem_kernel.dylib          0x184a303e4 poll + 8
ZegoLiveRoom                    0x10b063398 0x10af28000 + 1291160
ZegoLiveRoom                    0x10b06744c 0x10af28000 + 1307724
ZegoLiveRoom                    0x10b0671ec 0x10af28000 + 1307116
ZegoLiveRoom                    0x10b06b5bc 0x10af28000 + 1324476
libsystem_pthread.dylib         0x184bed220 <redacted> + 272
libsystem_pthread.dylib         0x184bed110 _pthread_start + 292

Backtrace of Thread 140547:
libsystem_kernel.dylib          0x184a4d0f4 __psynch_cvwait + 8
libsystem_pthread.dylib         0x184befc90 <redacted> + 644
ZegoLiveRoom                    0x10b0697b0 0x10af28000 + 1316784
ZegoLiveRoom                    0x10af90414 0x10af28000 + 427028
ZegoLiveRoom                    0x10afd383c 0x10af28000 + 702524
ZegoLiveRoom                    0x10afd3c08 0x10af28000 + 703496
ZegoLiveRoom                    0x10b08dcc4 0x10af28000 + 1465540
ZegoLiveRoom                    0x10b090334 0x10af28000 + 1475380
ZegoLiveRoom                    0x10afd40a8 0x10af28000 + 704680
ZegoLiveRoom                    0x10afd3c08 0x10af28000 + 703496
ZegoLiveRoom                    0x10b08dcc4 0x10af28000 + 1465540
ZegoLiveRoom                    0x10b090334 0x10af28000 + 1475380
ZegoLiveRoom                    0x10afd40a8 0x10af28000 + 704680
ZegoLiveRoom                    0x10afd3c08 0x10af28000 + 703496
ZegoLiveRoom                    0x10b08dcc4 0x10af28000 + 1465540
ZegoLiveRoom                    0x10b08da2c 0x10af28000 + 1464876
ZegoLiveRoom                    0x10afd66c0 0x10af28000 + 714432
ZegoLiveRoom                    0x10af377fc 0x10af28000 + 63484
ZegoLiveRoom                    0x10b065088 0x10af28000 + 1298568
ZegoLiveRoom                    0x10b067688 0x10af28000 + 1308296
ZegoLiveRoom                    0x10b067438 0x10af28000 + 1307704
ZegoLiveRoom                    0x10b0671ec 0x10af28000 + 1307116
ZegoLiveRoom                    0x10b06b5bc 0x10af28000 + 1324476
libsystem_pthread.dylib         0x184bed220 <redacted> + 272
libsystem_pthread.dylib         0x184bed110 _pthread_start + 292

Backtrace of Thread 140291:
libsystem_kernel.dylib          0x184a303e4 poll + 8
ZegoLiveRoom                    0x10b063398 0x10af28000 + 1291160
ZegoLiveRoom                    0x10b06744c 0x10af28000 + 1307724
ZegoLiveRoom                    0x10b0671ec 0x10af28000 + 1307116
ZegoLiveRoom                    0x10b06b5bc 0x10af28000 + 1324476
libsystem_pthread.dylib         0x184bed220 <redacted> + 272
libsystem_pthread.dylib         0x184bed110 _pthread_start + 292

Backtrace of Thread 163511:
libsystem_kernel.dylib          0x184a4d0f4 __psynch_cvwait + 8
libsystem_pthread.dylib         0x184befc90 <redacted> + 644
libc++.1.dylib                  0x18410425c _ZNSt3__118condition_variable4waitERNS_11unique_lockINS_5mutexEEE + 24
LiveStreaming                   0x1056b7f9c _ZN3BRC9SyncQueueINSt3__110shared_ptrINS_4TaskEEEE4TakeERS4_ + 80
LiveStreaming                   0x1056b79fc _ZN3BRC18SingleThreadWorker4workEv + 176
LiveStreaming                   0x1056b81e0 _ZNSt3__114__thread_proxyINS_5tupleIJNS_10unique_ptrINS_15__thread_structENS_14default_deleteIS3_EEEEMN3BRC18SingleThreadWorkerEFvvEPS8_EEEEEPvSD_ + 64
libsystem_pthread.dylib         0x184bed220 <redacted> + 272
libsystem_pthread.dylib         0x184bed110 _pthread_start + 292

Backtrace of Thread 161551:
libsystem_kernel.dylib          0x184a4d0f4 __psynch_cvwait + 8
libsystem_pthread.dylib         0x184befc90 <redacted> + 644
libc++.1.dylib                  0x18410425c _ZNSt3__118condition_variable4waitERNS_11unique_lockINS_5mutexEEE + 24
LiveStreaming                   0x1056b7f9c _ZN3BRC9SyncQueueINSt3__110shared_ptrINS_4TaskEEEE4TakeERS4_ + 80
LiveStreaming                   0x1056b79fc _ZN3BRC18SingleThreadWorker4workEv + 176
LiveStreaming                   0x1056b81e0 _ZNSt3__114__thread_proxyINS_5tupleIJNS_10unique_ptrINS_15__thread_structENS_14default_deleteIS3_EEEEMN3BRC18SingleThreadWorkerEFvvEPS8_EEEEEPvSD_ + 64
libsystem_pthread.dylib         0x184bed220 <redacted> + 272
libsystem_pthread.dylib         0x184bed110 _pthread_start + 292

Backtrace of Thread 152687:
libsystem_kernel.dylib          0x184a4dd84 __workq_kernreturn + 8
libsystem_pthread.dylib         0x184bebeb4 _pthread_wqthread + 928

Backtrace of Thread 189959:
libsystem_kernel.dylib          0x184a2be08 mach_msg_trap + 8
libsystem_kernel.dylib          0x184a2bc80 mach_msg + 72
IOKit                           0x185293ce0 <redacted> + 416
IOKit                           0x185230410 IOConnectCallMethod + 172
IOAccelerator                   0x186dc3020 IOAccelResourceFinishEvent + 164
AppleMetalGLRenderer            0x1a54c3e90 <redacted> + 56
AppleMetalGLRenderer            0x1a54c0a00 gldReadFramebufferData + 904
GLEngine                        0x1a6241b54 <redacted> + 988
LiveStreaming                   0x1056af740 _ZN3BRC18RenderDeviceGLES2010readPixelsERKNS_8ViewportENS_11PixelFormatEPv + 72
LiveStreaming                   0x105635064 _ZN3BEF13RenderManager12getTexBufferEN3BRC11PixelFormatEPhNS1_8ViewportE + 72
LiveStreaming                   0x1054e3928 _ZN3BEF13EffectManager16algorithmTextureEjd + 672
LiveStreaming                   0x1043837d4 -[HTSGLFilterNewEffect renderToTextureWithVertices:textureCoordinates:] + 2528
LiveStreaming                   0x104372174 -[HTSGLFilter newFrameReadyAtTime:atIndex:] + 144
LiveStreaming                   0x104385a74 -[HTSGLFilterNewEffect newFrameReadyAtTime:atIndex:] + 128
LiveStreaming                   0x1043a1c48 -[HTSGLPassthroughFilter informTargetsAboutNewFrameAtTime:] + 1212
LiveStreaming                   0x1043a1780 -[HTSGLPassthroughFilter newFrameReadyAtTime:atIndex:] + 396
LiveStreaming                   0x10437e73c -[HTSGLFilterInput updateTargetsForVideoCameraUsingCacheTextureAtWidth:height:time:] + 1668
LiveStreaming                   0x10437d5c8 -[HTSGLFilterInput processInputBuffer:andFrametime:] + 2324
LiveStreaming                   0x10437cc1c __59-[HTSGLFilterInput processInputBufferOnQueue:andFrametime:]_block_invoke_2 + 112
libdispatch.dylib               0x1848b8ae4 <redacted> + 16
libdispatch.dylib               0x1848c1640 <redacted> + 56
LiveStreaming                   0x10436443c runSynchronouslyOnVideoProcessingQueue + 212
LiveStreaming                   0x10437ca74 -[HTSGLFilterInput processInputBufferOnQueue:andFrametime:] + 180
LiveStreaming                   0x10437c9b4 -[HTSGLFilterInput processInputBuffer:] + 240
LiveStreaming                   0x10444c294 __30-[IESCamera startVideoCapture]_block_invoke_2 + 88
LiveStreaming                   0x10433a4b8 -[HTSCameraKit captureOutput:didOutputSampleBuffer:fromConnection:] + 748
AVFoundation                    0x18aac45c0 <redacted> + 344
AVFoundation                    0x18aac43d8 <redacted> + 100
CoreMedia                       0x1882b26e8 <redacted> + 272
CoreMedia                       0x1882cf340 <redacted> + 224
libdispatch.dylib               0x1848b8ae4 <redacted> + 16
libdispatch.dylib               0x1848c0f18 <redacted> + 424
libdispatch.dylib               0x1848ca808 <redacted> + 1364
libdispatch.dylib               0x1848c28f0 <redacted> + 280
libdispatch.dylib               0x1848c3380 <redacted> + 336
libdispatch.dylib               0x1848c28f0 <redacted> + 280
libdispatch.dylib               0x1848c3380 <redacted> + 336
libdispatch.dylib               0x1848c3d4c <redacted> + 340
libdispatch.dylib               0x1848cc11c <redacted> + 668
libsystem_pthread.dylib         0x184bebe70 _pthread_wqthread + 860

Backtrace of Thread 192435:
libsystem_kernel.dylib          0x184a4dd84 __workq_kernreturn + 8
libsystem_pthread.dylib         0x184bebeb4 _pthread_wqthread + 928

Backtrace of Thread 207635:
libsystem_kernel.dylib          0x184a4dd84 __workq_kernreturn + 8
libsystem_pthread.dylib         0x184bebeb4 _pthread_wqthread + 928

Backtrace of Thread 189495:
libsystem_kernel.dylib          0x184a2be08 mach_msg_trap + 8
libsystem_kernel.dylib          0x184a2bc80 mach_msg + 72
CoreFoundation                  0x184f6ee40 <redacted> + 196
CoreFoundation                  0x184f6c908 <redacted> + 1568
CoreFoundation                  0x184e8cda8 CFRunLoopRunSpecific + 552
Foundation                      0x185901674 <redacted> + 304
Foundation                      0x1859761a8 <redacted> + 88
libdispatch.dylib               0x1848b8b24 <redacted> + 24
libdispatch.dylib               0x1848b8ae4 <redacted> + 16
libdispatch.dylib               0x1848c2a38 <redacted> + 608
libdispatch.dylib               0x1848c3380 <redacted> + 336
libdispatch.dylib               0x1848c3d4c <redacted> + 340
libdispatch.dylib               0x1848cc11c <redacted> + 668
libsystem_pthread.dylib         0x184bebe70 _pthread_wqthread + 860

Backtrace of Thread 321367:
libsystem_kernel.dylib          0x184a4dd84 __workq_kernreturn + 8
libsystem_pthread.dylib         0x184bebeb4 _pthread_wqthread + 928

Backtrace of Thread 333499:
libsystem_kernel.dylib          0x184a4dd84 __workq_kernreturn + 8
libsystem_pthread.dylib         0x184bebeb4 _pthread_wqthread + 928

Backtrace of Thread 326183:
libsystem_kernel.dylib          0x184a4dd84 __workq_kernreturn + 8
libsystem_pthread.dylib         0x184bebeb4 _pthread_wqthread + 928

Fail to get information about thread: 176163Fail to get information about thread: 198731Fail to get information about thread: 324131Fail to get information about thread: 318991Fail to get information about thread: 212955Fail to get information about thread: 204119Fail to get information about thread: 195903Fail to get information about thread: 199963Fail to get information about thread: 214275Fail to get information about thread: 311315Fail to get information about thread: 312579Fail to get frame pointerBacktrace of Thread 215095:
CoreFoundation                  0x184e8a3c4 CFEqual + 460
CoreFoundation                  0x184e8642c <redacted> + 432
CoreFoundation                  0x184e8642c <redacted> + 432
CoreFoundation                  0x184e8cf28 CFSetGetValue + 224
CoreFoundation                  0x184f6bba4 <redacted> + 144
CoreFoundation                  0x184e912b4 CFRunLoopPerformBlock + 212
CFNetwork                       0x185602c30 <redacted> + 60
libdispatch.dylib               0x1848b8b24 <redacted> + 24
libdispatch.dylib               0x1848b8ae4 <redacted> + 16
libdispatch.dylib               0x1848c5e80 <redacted> + 924
libdispatch.dylib               0x1848c5a80 <redacted> + 120
libsystem_pthread.dylib         0x184bebfac _pthread_wqthread + 1176

