Call Backtrace of 38 threads:
Backtrace of Thread 771:
libsystem_kernel.dylib          0x184a2be08 mach_msg_trap + 8
libsystem_kernel.dylib          0x184a2bc80 mach_msg + 72
libdispatch.dylib               0x10d9624f0 _dispatch_mach_send_and_wait_for_reply + 560
libdispatch.dylib               0x10d9629e8 dispatch_mach_send_with_result_and_wait_for_reply + 56
libxpc.dylib                    0x184c288d8 xpc_connection_send_message_with_reply_sync + 196
CoreMedia                       0x18836219c FigXPCRemoteClientSendSyncMessageCreatingReply + 36
Celestial                       0x18a7434dc FigCaptureSourceRemoteCopyCaptureSources + 120
AVFoundation                    0x18aa8d6ac <redacted> + 28
AVFoundation                    0x18aa8d76c <redacted> + 96
AVFoundation                    0x18aa88408 <redacted> + 60
AVFoundation                    0x18aa8834c <redacted> + 124
LiveStreaming                   0x103a7b1d0 -[HTSVideoRecordConfigContainer initWithFrame:] + 2488
LiveStreaming                   0x1038bf398 -[HTSCaptureVideoViewController _drawControls] + 416
LiveStreaming                   0x1038bd6e8 -[HTSCaptureVideoViewController viewDidLoad] + 196
LiveStreaming                   0x1029cc788 -[UIViewController(HTSRenderTimeTracker) htsrtt_viewDidLoad] + 40
UIKit                           0x18eba2ee0 <redacted> + 1020
UIKit                           0x18eba2acc <redacted> + 28
UIKit                           0x18ebed948 <redacted> + 736
UIKit                           0x18ebed654 <redacted> + 68
UIKit                           0x18ebed4b0 <redacted> + 400
UIKit                           0x18ebed058 <redacted> + 124
LiveStreaming                   0x103a0137c -[HTSUGCTabBarViewController _configTabBar] + 3424
LiveStreaming                   0x1039ff7f8 -[HTSUGCTabBarViewController initWithUserInfo:] + 444
LiveStreaming                   0x1039fe11c __42+[HTSUGCTabBarViewController(Router) load]_block_invoke_2 + 2408
LiveStreaming                   0x1039fe460 __42+[HTSUGCTabBarViewController(Router) load]_block_invoke.211 + 40
LiveStreaming                   0x1039fef50 __67+[HTSUGCTabBarViewController(Router) presentDeviceDeniedAlertView:]_block_invoke.273 + 616
LiveStreaming                   0x103fe8c1c -[RACSubscriber sendNext:] + 228
LiveStreaming                   0x103faef14 -[RACPassthroughSubscriber sendNext:] + 444
LiveStreaming                   0x103fd0f3c __44-[RACSignal(Operations) deliverOnMainThread]_block_invoke_2.839 + 52
LiveStreaming                   0x103fd0bb8 __44-[RACSignal(Operations) deliverOnMainThread]_block_invoke_2 + 144
LiveStreaming                   0x103fd0ecc __44-[RACSignal(Operations) deliverOnMainThread]_block_invoke.838 + 196
LiveStreaming                   0x103fe8c1c -[RACSubscriber sendNext:] + 228
LiveStreaming                   0x103faef14 -[RACPassthroughSubscriber sendNext:] + 444
LiveStreaming                   0x103fc3640 __43-[RACSignal(Operations) combineLatestWith:]_block_invoke_2 + 568
LiveStreaming                   0x103fc3e58 __43-[RACSignal(Operations) combineLatestWith:]_block_invoke.369 + 264
LiveStreaming                   0x103fe8c1c -[RACSubscriber sendNext:] + 228
LiveStreaming                   0x103faef14 -[RACPassthroughSubscriber sendNext:] + 444
LiveStreaming                   0x103fd561c __36-[RACSignal(Operations) materialize]_block_invoke.1009 + 120
LiveStreaming                   0x103fe8f54 -[RACSubscriber sendCompleted] + 272
LiveStreaming                   0x103faf4b0 -[RACPassthroughSubscriber sendCompleted] + 344
LiveStreaming                   0x1039bf45c __51+[HTSPermissionSignals requestMicroPhonePermission]_block_invoke_2 + 60
LiveStreaming                   0x1038de1f0 +[HTSDeviceManager requestMicroPhonePermission:] + 356
LiveStreaming                   0x1039bf3ec __51+[HTSPermissionSignals requestMicroPhonePermission]_block_invoke + 168
LiveStreaming                   0x103fa4488 __30-[RACDynamicSignal subscribe:]_block_invoke + 104
LiveStreaming                   0x103fe9b94 -[RACSubscriptionScheduler schedule:] + 632
LiveStreaming                   0x103fa4368 -[RACDynamicSignal subscribe:] + 828
LiveStreaming                   0x103fdd990 -[RACSignal(Subscription) subscribeNext:error:completed:] + 1420
LiveStreaming                   0x103fd52bc __36-[RACSignal(Operations) materialize]_block_invoke + 344
LiveStreaming                   0x103fa4488 __30-[RACDynamicSignal subscribe:]_block_invoke + 104
LiveStreaming                   0x103fe9b94 -[RACSubscriptionScheduler schedule:] + 632

Backtrace of Thread 3075:
libsystem_kernel.dylib          0x184a2be08 mach_msg_trap + 8
libsystem_kernel.dylib          0x184a2bc80 mach_msg + 72
libsystem_kernel.dylib          0x184a2df34 thread_get_state + 136
LiveStreaming                   0x10412e600 bs_mach_copyMem + 60
LiveStreaming                   0x10412dd40 _bs_backtraceOfThread + 636
LiveStreaming                   0x10412e498 +[BSBacktraceLogger bs_backtraceOfAllThread] + 220
LiveStreaming                   0x103b9dcd0 __40+[IESDebugToolService startStuckMonitor]_block_invoke + 204
LiveStreaming                   0x103b9b150 __36-[IESDebugStuckMonitor startMonitor]_block_invoke_2 + 112
CoreFoundation                  0x184f5ff38 <redacted> + 76
LiveStreaming                   0x103b9b048 __36-[IESDebugStuckMonitor startMonitor]_block_invoke + 436
Foundation                      0x1859eee88 <redacted> + 16
Foundation                      0x1859308d0 <redacted> + 72
Foundation                      0x18592fcac <redacted> + 848
Foundation                      0x1859f076c <redacted> + 404
libdispatch.dylib               0x10d949220 _dispatch_client_callout + 16
libdispatch.dylib               0x10d9564d8 _dispatch_continuation_pop + 588
libdispatch.dylib               0x10d954dc8 _dispatch_async_redirect_invoke + 628
libdispatch.dylib               0x10d95a84c _dispatch_root_queue_drain + 604
libdispatch.dylib               0x10d95a584 _dispatch_worker_thread3 + 136
libsystem_pthread.dylib         0x184bebfac _pthread_wqthread + 1176

Backtrace of Thread 6151:
libsystem_kernel.dylib          0x184a4dd84 __workq_kernreturn + 8
libsystem_pthread.dylib         0x184bebeb4 _pthread_wqthread + 928

Backtrace of Thread 9731:
libsystem_kernel.dylib          0x184a4d610 __semwait_signal + 8
libsystem_c.dylib               0x18496612c nanosleep + 212
libsystem_c.dylib               0x18496604c usleep + 64
GPUToolsCore                    0x10d9ce2bc _ZL21smt_poll_thread_entryPv + 136
libsystem_pthread.dylib         0x184bed220 <redacted> + 272
libsystem_pthread.dylib         0x184bed110 _pthread_start + 292

Backtrace of Thread 6659:
libsystem_kernel.dylib          0x184a4dd84 __workq_kernreturn + 8
libsystem_pthread.dylib         0x184bebeb4 _pthread_wqthread + 928

Backtrace of Thread 7687:
libsystem_kernel.dylib          0x184a4d610 __semwait_signal + 8
libsystem_c.dylib               0x18496612c nanosleep + 212
libsystem_c.dylib               0x18496604c usleep + 64
GPUToolsCore                    0x10d9ce2bc _ZL21smt_poll_thread_entryPv + 136
libsystem_pthread.dylib         0x184bed220 <redacted> + 272
libsystem_pthread.dylib         0x184bed110 _pthread_start + 292

Backtrace of Thread 5395:
libsystem_kernel.dylib          0x184a4d0f4 __psynch_cvwait + 8
libsystem_pthread.dylib         0x184befc90 <redacted> + 644
libc++.1.dylib                  0x1841042ec _ZNSt3__118condition_variable15__do_timed_waitERNS_11unique_lockINS_5mutexEEENS_6chrono10time_pointINS5_12system_clockENS5_8durationIxNS_5ratioILl1ELl1000000000EEEEEEE + 96
JavaScriptCore                  0x18c5e3430 <redacted> + 124
JavaScriptCore                  0x18c5e32e0 <redacted> + 112
JavaScriptCore                  0x18c5e2e24 <redacted> + 272
JavaScriptCore                  0x18c5e2b60 <redacted> + 12
JavaScriptCore                  0x18c5e2f7c <redacted> + 44
libsystem_pthread.dylib         0x184bed220 <redacted> + 272
libsystem_pthread.dylib         0x184bed110 _pthread_start + 292

Backtrace of Thread 21511:
libsystem_kernel.dylib          0x184a2be08 mach_msg_trap + 8
libsystem_kernel.dylib          0x184a2bc80 mach_msg + 72
CoreFoundation                  0x184f6ee40 <redacted> + 196
CoreFoundation                  0x184f6c908 <redacted> + 1568
CoreFoundation                  0x184e8cda8 CFRunLoopRunSpecific + 552
WebCore                         0x18d119dcc <redacted> + 592
libsystem_pthread.dylib         0x184bed220 <redacted> + 272
libsystem_pthread.dylib         0x184bed110 _pthread_start + 292

Backtrace of Thread 13827:
libsystem_kernel.dylib          0x184a2be08 mach_msg_trap + 8
libsystem_kernel.dylib          0x184a2bc80 mach_msg + 72
CoreFoundation                  0x184f6ee40 <redacted> + 196
CoreFoundation                  0x184f6c908 <redacted> + 1568
CoreFoundation                  0x184e8cda8 CFRunLoopRunSpecific + 552
Foundation                      0x185901674 <redacted> + 304
Foundation                      0x18590151c <redacted> + 148
UIKit                           0x18eb527e4 <redacted> + 136
Foundation                      0x185a11efc <redacted> + 1040
libsystem_pthread.dylib         0x184bed220 <redacted> + 272
libsystem_pthread.dylib         0x184bed110 _pthread_start + 292

Backtrace of Thread 41219:
libsystem_kernel.dylib          0x184a4d0f4 __psynch_cvwait + 8
libsystem_pthread.dylib         0x184befc90 <redacted> + 644
Foundation                      0x185935be8 <redacted> + 780
Foundation                      0x18592a170 <redacted> + 236
CoreFoundation                  0x184f58c3c <redacted> + 20
CoreFoundation                  0x184f581b8 <redacted> + 428
CoreFoundation                  0x184f57f14 <redacted> + 216
CoreFoundation                  0x184fd584c <redacted> + 1408
CoreFoundation                  0x184e8ef38 _CFXNotificationPost + 384
Foundation                      0x1858ffbbc <redacted> + 68
AVFoundation                    0x18aaf4f24 <redacted> + 200
CoreFoundation                  0x184f58c3c <redacted> + 20
CoreFoundation                  0x184f581b8 <redacted> + 428
CoreFoundation                  0x184f57f14 <redacted> + 216
CoreFoundation                  0x184fd584c <redacted> + 1408
CoreFoundation                  0x184e8ef38 _CFXNotificationPost + 384
CoreFoundation                  0x184eb28f0 CFNotificationCenterPostNotification + 132
CoreMedia                       0x188259488 CMNotificationCenterPostNotification + 124
CoreMedia                       0x188365314 <redacted> + 164
libdispatch.dylib               0x10d949260 _dispatch_call_block_and_release + 24
libdispatch.dylib               0x10d949220 _dispatch_client_callout + 16
libdispatch.dylib               0x10d957e80 _dispatch_queue_serial_drain + 768
libdispatch.dylib               0x10d94c730 _dispatch_queue_invoke + 328
libdispatch.dylib               0x10d958dd8 _dispatch_root_queue_drain_deferred_wlh + 352
libdispatch.dylib               0x10d95febc _dispatch_workloop_worker_thread + 676
libsystem_pthread.dylib         0x184bebe70 _pthread_wqthread + 860

Backtrace of Thread 26883:
libsystem_kernel.dylib          0x184a4dd84 __workq_kernreturn + 8
libsystem_pthread.dylib         0x184bebeb4 _pthread_wqthread + 928

Backtrace of Thread 39171:
libsystem_kernel.dylib          0x184a4dd84 __workq_kernreturn + 8
libsystem_pthread.dylib         0x184bebeb4 _pthread_wqthread + 928

Backtrace of Thread 27139:
libsystem_kernel.dylib          0x184a4dd84 __workq_kernreturn + 8
libsystem_pthread.dylib         0x184bebeb4 _pthread_wqthread + 928

Backtrace of Thread 36867:
libsystem_kernel.dylib          0x184a4dd84 __workq_kernreturn + 8
libsystem_pthread.dylib         0x184bebeb4 _pthread_wqthread + 928

Backtrace of Thread 37127:
libsystem_kernel.dylib          0x184a2be08 mach_msg_trap + 8
libsystem_kernel.dylib          0x184a2bc80 mach_msg + 72
CoreFoundation                  0x184f6ee40 <redacted> + 196
CoreFoundation                  0x184f6c908 <redacted> + 1568
CoreFoundation                  0x184e8cda8 CFRunLoopRunSpecific + 552
Foundation                      0x185901674 <redacted> + 304
Foundation                      0x1859761a8 <redacted> + 88
LiveStreaming                   0x102beffac +[AFURLConnectionOperation networkRequestThreadEntryPoint:] + 308
Foundation                      0x185a11efc <redacted> + 1040
libsystem_pthread.dylib         0x184bed220 <redacted> + 272
libsystem_pthread.dylib         0x184bed110 _pthread_start + 292

Backtrace of Thread 32775:
libsystem_kernel.dylib          0x184a2be08 mach_msg_trap + 8
libsystem_kernel.dylib          0x184a2bc80 mach_msg + 72
CoreFoundation                  0x184f6ee40 <redacted> + 196
CoreFoundation                  0x184f6c908 <redacted> + 1568
CoreFoundation                  0x184e8cda8 CFRunLoopRunSpecific + 552
CFNetwork                       0x18579a4b0 <redacted> + 220
Foundation                      0x185a11efc <redacted> + 1040
libsystem_pthread.dylib         0x184bed220 <redacted> + 272
libsystem_pthread.dylib         0x184bed110 _pthread_start + 292

Backtrace of Thread 85511:
libsystem_kernel.dylib          0x184a4dd84 __workq_kernreturn + 8
libsystem_pthread.dylib         0x184bebeb4 _pthread_wqthread + 928

Backtrace of Thread 52499:
libsystem_kernel.dylib          0x184a2be08 mach_msg_trap + 8
libsystem_kernel.dylib          0x184a2bc80 mach_msg + 72
AudioToolbox                    0x188d8be48 <redacted> + 184
AudioToolbox                    0x188d6c740 <redacted> + 316
AudioToolbox                    0x188c282a8 <redacted> + 52
AudioToolbox                    0x188f0f210 <redacted> + 232
CoreFoundation                  0x184f6fae8 <redacted> + 56
CoreFoundation                  0x184f6f230 <redacted> + 440
CoreFoundation                  0x184f6cc80 <redacted> + 2456
CoreFoundation                  0x184e8cda8 CFRunLoopRunSpecific + 552
AVFAudio                        0x18a972424 <redacted> + 164
AVFAudio                        0x18a99c834 <redacted> + 88
libsystem_pthread.dylib         0x184bed220 <redacted> + 272
libsystem_pthread.dylib         0x184bed110 _pthread_start + 292

Backtrace of Thread 75283:
libsystem_kernel.dylib          0x184a4dd84 __workq_kernreturn + 8
libsystem_pthread.dylib         0x184bebeb4 _pthread_wqthread + 928

Backtrace of Thread 75799:
libsystem_kernel.dylib          0x184a4dd84 __workq_kernreturn + 8
libsystem_pthread.dylib         0x184bebeb4 _pthread_wqthread + 928

Backtrace of Thread 72203:
libsystem_kernel.dylib          0x184a4dd84 __workq_kernreturn + 8
libsystem_pthread.dylib         0x184bebeb4 _pthread_wqthread + 928

Backtrace of Thread 70923:
libsystem_kernel.dylib          0x184a2be5c semaphore_timedwait_trap + 8
libdispatch.dylib               0x10d951324 _dispatch_sema4_timedwait + 60
libdispatch.dylib               0x10d951a9c _dispatch_semaphore_wait_slow + 72
libdispatch.dylib               0x10d95bf64 _dispatch_worker_thread + 260
libsystem_pthread.dylib         0x184bed220 <redacted> + 272
libsystem_pthread.dylib         0x184bed110 _pthread_start + 292

Backtrace of Thread 57875:
CoreFoundation                  0x184e8a604 <redacted> + 96
CoreFoundation                  0x184e8a590 CFSetContainsValue + 208
CoreFoundation                  0x184e8a590 CFSetContainsValue + 208
Foundation                      0x185979f70 <redacted> + 92
Foundation                      0x185920d0c <redacted> + 444
Foundation                      0x18597a3cc <redacted> + 1208
LiveStreaming                   0x103e95eb4 __38-[MTLModel(NSCoding) encodeWithCoder:]_block_invoke + 416
CoreFoundation                  0x184eea564 <redacted> + 160
LiveStreaming                   0x103e95c9c -[MTLModel(NSCoding) encodeWithCoder:] + 496
Foundation                      0x18597a3cc <redacted> + 1208
Foundation                      0x185920d0c <redacted> + 444
Foundation                      0x18597a3cc <redacted> + 1208
LiveStreaming                   0x103e95eb4 __38-[MTLModel(NSCoding) encodeWithCoder:]_block_invoke + 416
CoreFoundation                  0x184eea564 <redacted> + 160
LiveStreaming                   0x103e95c9c -[MTLModel(NSCoding) encodeWithCoder:] + 496
Foundation                      0x18597a3cc <redacted> + 1208
Foundation                      0x185920d0c <redacted> + 444
Foundation                      0x1859311e8 <redacted> + 964
Foundation                      0x18597a3cc <redacted> + 1208
Foundation                      0x1859dcad8 <redacted> + 212
LiveStreaming                   0x102d8a47c __28-[EffectPlatform _saveCache]_block_invoke + 212
LiveStreaming                   0x102d8b24c -[EffectPlatform _runInCacheQueue:] + 92
LiveStreaming                   0x102d8a388 -[EffectPlatform _saveCache] + 136
LiveStreaming                   0x102d8c990 __75+[EffectPlatform(EffectDownloader) downloadEffectListWithPanel:completion:]_block_invoke.292 + 508
LiveStreaming                   0x102d8b324 __35-[EffectPlatform _runInCacheQueue:]_block_invoke + 40
libdispatch.dylib               0x10d949220 _dispatch_client_callout + 16
libdispatch.dylib               0x10d956a40 _dispatch_queue_barrier_sync_invoke_and_complete + 120
LiveStreaming                   0x102d8b2c8 -[EffectPlatform _runInCacheQueue:] + 216
LiveStreaming                   0x102d8c368 __75+[EffectPlatform(EffectDownloader) downloadEffectListWithPanel:completion:]_block_invoke + 1196
LiveStreaming                   0x102d8fa8c __98+[EffectPlatform(EffectDownloader) _requestWithURLString:parameters:cookie:httpMethod:completion:]_block_invoke_2 + 504
libdispatch.dylib               0x10d949260 _dispatch_call_block_and_release + 24
libdispatch.dylib               0x10d949220 _dispatch_client_callout + 16
libdispatch.dylib               0x10d957e80 _dispatch_queue_serial_drain + 768
libdispatch.dylib               0x10d94c730 _dispatch_queue_invoke + 328
libdispatch.dylib               0x10d958dd8 _dispatch_root_queue_drain_deferred_wlh + 352
libdispatch.dylib               0x10d95febc _dispatch_workloop_worker_thread + 676
libsystem_pthread.dylib         0x184bebe70 _pthread_wqthread + 860

Backtrace of Thread 58123:
libsystem_kernel.dylib          0x184a4dd84 __workq_kernreturn + 8
libsystem_pthread.dylib         0x184bebeb4 _pthread_wqthread + 928

Backtrace of Thread 59151:
libsystem_kernel.dylib          0x184a4dd84 __workq_kernreturn + 8
libsystem_pthread.dylib         0x184bebeb4 _pthread_wqthread + 928

Backtrace of Thread 59407:
libsystem_kernel.dylib          0x184a4dd84 __workq_kernreturn + 8
libsystem_pthread.dylib         0x184bebeb4 _pthread_wqthread + 928

Backtrace of Thread 66315:
libsystem_kernel.dylib          0x184a4dd84 __workq_kernreturn + 8
libsystem_pthread.dylib         0x184bec0a0 _pthread_wqthread + 1420

Backtrace of Thread 68123:
libsystem_kernel.dylib          0x184a4dd84 __workq_kernreturn + 8
libsystem_pthread.dylib         0x184bebeb4 _pthread_wqthread + 928

Backtrace of Thread 65807:
libsystem_kernel.dylib          0x184a4dd84 __workq_kernreturn + 8
libsystem_pthread.dylib         0x184bebeb4 _pthread_wqthread + 928

Backtrace of Thread 65035:
libsystem_kernel.dylib          0x184a4dd84 __workq_kernreturn + 8
libsystem_pthread.dylib         0x184bebeb4 _pthread_wqthread + 928

Backtrace of Thread 60427:
libsystem_kernel.dylib          0x184a4dd84 __workq_kernreturn + 8
libsystem_pthread.dylib         0x184bebeb4 _pthread_wqthread + 928

Backtrace of Thread 60947:
libsystem_kernel.dylib          0x184a4dd84 __workq_kernreturn + 8
libsystem_pthread.dylib         0x184bebeb4 _pthread_wqthread + 928

Backtrace of Thread 62987:
libsystem_kernel.dylib          0x184a2be5c semaphore_timedwait_trap + 8
libdispatch.dylib               0x10d951324 _dispatch_sema4_timedwait + 60
libdispatch.dylib               0x10d951a9c _dispatch_semaphore_wait_slow + 72
libdispatch.dylib               0x10d95bf64 _dispatch_worker_thread + 260
libsystem_pthread.dylib         0x184bed220 <redacted> + 272
libsystem_pthread.dylib         0x184bed110 _pthread_start + 292

Backtrace of Thread 68659:
libsystem_kernel.dylib          0x184a2be08 mach_msg_trap + 8
libsystem_kernel.dylib          0x184a2bc80 mach_msg + 72
CoreFoundation                  0x184f6ee40 <redacted> + 196
CoreFoundation                  0x184f6c908 <redacted> + 1568
CoreFoundation                  0x184e8cda8 CFRunLoopRunSpecific + 552
CoreFoundation                  0x184edcb28 CFRunLoopRun + 116
CoreMotion                      0x18a46d9dc CLStartStopAdvertisingBeacon + 231572
libsystem_pthread.dylib         0x184bed220 <redacted> + 272
libsystem_pthread.dylib         0x184bed110 _pthread_start + 292

Backtrace of Thread 64531:
libsystem_kernel.dylib          0x184a2be08 mach_msg_trap + 8
libsystem_kernel.dylib          0x184a2bc80 mach_msg + 72
CoreFoundation                  0x184f6ee40 <redacted> + 196
CoreFoundation                  0x184f6c908 <redacted> + 1568
CoreFoundation                  0x184e8cda8 CFRunLoopRunSpecific + 552
GeoServices                     0x18b2356cc <redacted> + 468
libsystem_pthread.dylib         0x184bed220 <redacted> + 272
libsystem_pthread.dylib         0x184bed110 _pthread_start + 292

Backtrace of Thread 60179:
libsystem_kernel.dylib          0x184a2be08 mach_msg_trap + 8
libsystem_kernel.dylib          0x184a2bc80 mach_msg + 72
CoreFoundation                  0x184f6ee40 <redacted> + 196
CoreFoundation                  0x184f6c908 <redacted> + 1568
CoreFoundation                  0x184e8cda8 CFRunLoopRunSpecific + 552
Foundation                      0x185901674 <redacted> + 304
LiveStreaming                   0x104048d24 -[_SRRunLoopThread main] + 360
Foundation                      0x185a11efc <redacted> + 1040
libsystem_pthread.dylib         0x184bed220 <redacted> + 272
libsystem_pthread.dylib         0x184bed110 _pthread_start + 292

Backtrace of Thread 170511:
libsystem_kernel.dylib          0x184a4d538 select$DARWIN_EXTSN + 8
CoreFoundation                  0x184f77378 <redacted> + 644
libsystem_pthread.dylib         0x184bed220 <redacted> + 272
libsystem_pthread.dylib         0x184bed110 _pthread_start + 292

Backtrace of Thread 164103:
libsystem_kernel.dylib          0x184a2be08 mach_msg_trap + 8
libsystem_kernel.dylib          0x184a2bc80 mach_msg + 72
CoreFoundation                  0x184f6ee40 <redacted> + 196
CoreFoundation                  0x184f6c908 <redacted> + 1568
CoreFoundation                  0x184e8cda8 CFRunLoopRunSpecific + 552
Foundation                      0x185901674 <redacted> + 304
LiveStreaming                   0x104b32708 +[WXOMTAGCDAsyncSocket cfstreamThread] + 360
Foundation                      0x185a11efc <redacted> + 1040
libsystem_pthread.dylib         0x184bed220 <redacted> + 272
libsystem_pthread.dylib         0x184bed110 _pthread_start + 292

