Call Backtrace of 40 threads:
Backtrace of Thread 771:
libsystem_kernel.dylib          0x184a4d13c __psynch_mutexwait + 8
libsystem_pthread.dylib         0x184bf0604 <redacted> + 96
libsystem_pthread.dylib         0x184bf0550 <redacted> + 260
libdyld.dylib                   0x18491e148 <redacted> + 28
libdyld.dylib                   0x18491ed94 dladdr + 80
LiveStreaming                   0x105d24934 _Z48NmZlMGQ2NzEwNGY5MTNlMzc4YzU2MjM1NTg1N2JlNWQgIC0KRNSt3__112basic_stringIcNS_11char_traitsIcEENS_9allocatorIcEEEEi + 88
LiveStreaming                   0x105d21f98 MTkyNGU3Y2JkZDAwNWU5OGQ1YmVkYzU5ZjJlMWNhYjQgIC0K + 88
LiveStreaming                   0x105d1e618 _Z48NjdlMDU3NTcyZWQ0ZTcwNTIyZjYwZTY3OTZmZTFkYWQgIC0KPhjjPS_Pj + 144
LiveStreaming                   0x105d2780c e_ + 148
LiveStreaming                   0x105d2c6c8 -[SGMSafeGuardManager ODU2M2Y2Y2EzZmU4ZWZkZDJmYzA3MzAwYzEyZmM2MzcgIC0K:] + 60
LiveStreaming                   0x105d242ac +[IESAntiSpam encryptDataWithTimeStamp:MTY2ZTY0ZjZjMzY3N2QwYzUxMzkwMTI0MmEzZTcwMmQgIC0K:] + 1556
LiveStreaming                   0x105d23500 -[IESAntiSpam Y2MxYWIwMTRlN2E1NWE1OWU3ZDVjZDAwMjJlNzc2ZDYgIC0K:formData:] + 1596
LiveStreaming                   0x105d2c754 -[SGMSafeGuardManager sgm_encryptURLWithURL:formData:] + 104
LiveStreaming                   0x1024e5c30 __32+[HTSNetworkConfiguration setup]_block_invoke + 140
LiveStreaming                   0x103735f4c -[HTSNetworkRequestSerializer preprocessRequest:parameters:] + 816
LiveStreaming                   0x1037359f8 -[HTSNetworkRequestSerializer URLRequestWithURL:params:method:constructingBodyBlock:commonParams:] + 288
LiveStreaming                   0x1041a74e4 -[TTNetworkHTTPClient requestForJSONWithURL:params:method:commonParams:headerField:pureChannelForJSONResponseSerializer:verifyRequest:requestSerializer:responseSerializer:responsePreprocessor:callback:callbackWithResponse:] + 1780
LiveStreaming                   0x1041ae578 -[TTNetworkManagerAFNetworking requestForJSONWithURL:params:method:needCommonParams:requestSerializer:responseSerializer:autoResume:callback:] + 596
LiveStreaming                   0x10373c9c0 -[HTSNetworkService GET:parameters:completion:] + 324
LiveStreaming                   0x10335a11c +[HTSLiveNetworkManager GET:parameters:completion:] + 260
LiveStreaming                   0x10335a218 +[HTSLiveNetworkManager GETPath:parameters:completion:] + 168
LiveStreaming                   0x10325cef4 -[HTSLiveHTTPMessageFetcher pollMessageWith:completion:] + 948
LiveStreaming                   0x103bc4b8c -[IESLiveMessageHTTPTransport pollMessage] + 436
LiveStreaming                   0x103bc4668 __49-[IESLiveMessageHTTPTransport nextMessageLoopIn:]_block_invoke + 48
libdispatch.dylib               0x10d949220 _dispatch_client_callout + 16
libdispatch.dylib               0x10d9564d8 _dispatch_continuation_pop + 588
libdispatch.dylib               0x10d94aee8 _dispatch_source_invoke + 1368
libdispatch.dylib               0x10d94dbf0 _dispatch_main_queue_callback_4CF + 732
CoreFoundation                  0x184f6f070 <redacted> + 12
CoreFoundation                  0x184f6cbc8 <redacted> + 2272
CoreFoundation                  0x184e8cda8 CFRunLoopRunSpecific + 552
GraphicsServices                0x186e6f020 GSEventRunModal + 100
UIKit                           0x18ee6d78c UIApplicationMain + 236
LiveStreaming                   0x102b0cdf0 main + 124
libdyld.dylib                   0x18491dfc0 <redacted> + 4

Backtrace of Thread 3075:
libsystem_kernel.dylib          0x184a2be08 mach_msg_trap + 8
libsystem_kernel.dylib          0x184a2bc80 mach_msg + 72
libsystem_kernel.dylib          0x184a2df34 thread_get_state + 136
LiveStreaming                   0x10412e600 bs_mach_copyMem + 60
LiveStreaming                   0x10412dd40 _bs_backtraceOfThread + 636
LiveStreaming                   0x10412e498 +[BSBacktraceLogger bs_backtraceOfAllThread] + 220
LiveStreaming                   0x103b9dcd0 __40+[IESDebugToolService startStuckMonitor]_block_invoke + 204
LiveStreaming                   0x103b9b150 __36-[IESDebugStuckMonitor startMonitor]_block_invoke_2 + 112
CoreFoundation                  0x184f5ff38 <redacted> + 76
LiveStreaming                   0x103b9b048 __36-[IESDebugStuckMonitor startMonitor]_block_invoke + 436
Foundation                      0x1859eee88 <redacted> + 16
Foundation                      0x1859308d0 <redacted> + 72
Foundation                      0x18592fcac <redacted> + 848
Foundation                      0x1859f076c <redacted> + 404
libdispatch.dylib               0x10d949220 _dispatch_client_callout + 16
libdispatch.dylib               0x10d9564d8 _dispatch_continuation_pop + 588
libdispatch.dylib               0x10d954dc8 _dispatch_async_redirect_invoke + 628
libdispatch.dylib               0x10d95a84c _dispatch_root_queue_drain + 604
libdispatch.dylib               0x10d95a584 _dispatch_worker_thread3 + 136
libsystem_pthread.dylib         0x184bebfac _pthread_wqthread + 1176

Backtrace of Thread 6151:
libsystem_kernel.dylib          0x184a4dd84 __workq_kernreturn + 8
libsystem_pthread.dylib         0x184bec0a0 _pthread_wqthread + 1420

Backtrace of Thread 9731:
libsystem_kernel.dylib          0x184a4d610 __semwait_signal + 8
libsystem_c.dylib               0x18496612c nanosleep + 212
libsystem_c.dylib               0x18496604c usleep + 64
GPUToolsCore                    0x10d9ce2bc _ZL21smt_poll_thread_entryPv + 136
libsystem_pthread.dylib         0x184bed220 <redacted> + 272
libsystem_pthread.dylib         0x184bed110 _pthread_start + 292

Backtrace of Thread 6659:
libsystem_kernel.dylib          0x184a2d8bc write + 8
LiveStreaming                   0x105c8d3c0 __CLSFileWriteWithRetries_block_invoke + 56
LiveStreaming                   0x105c8d2a4 CLSFileLoopWithWriteBlock + 60
LiveStreaming                   0x105c8d5b0 CLSFileWriteToFileDescriptorOrBuffer + 208
LiveStreaming                   0x105c8d884 CLSFileWriteCollectionStart + 72
LiveStreaming                   0x105c8d788 CLSFileWriteSectionStart + 28
LiveStreaming                   0x105c752ac __CLSBinaryImageChanged_block_invoke + 140
libdispatch.dylib               0x10d949260 _dispatch_call_block_and_release + 24
libdispatch.dylib               0x10d949220 _dispatch_client_callout + 16
libdispatch.dylib               0x10d957e80 _dispatch_queue_serial_drain + 768
libdispatch.dylib               0x10d94c730 _dispatch_queue_invoke + 328
libdispatch.dylib               0x10d958dd8 _dispatch_root_queue_drain_deferred_wlh + 352
libdispatch.dylib               0x10d95febc _dispatch_workloop_worker_thread + 676
libsystem_pthread.dylib         0x184bebe70 _pthread_wqthread + 860

Backtrace of Thread 7687:
libsystem_kernel.dylib          0x184a4d610 __semwait_signal + 8
libsystem_c.dylib               0x18496612c nanosleep + 212
libsystem_c.dylib               0x18496604c usleep + 64
GPUToolsCore                    0x10d9ce2bc _ZL21smt_poll_thread_entryPv + 136
libsystem_pthread.dylib         0x184bed220 <redacted> + 272
libsystem_pthread.dylib         0x184bed110 _pthread_start + 292

Backtrace of Thread 5395:
libsystem_kernel.dylib          0x184a4d0f4 __psynch_cvwait + 8
libsystem_pthread.dylib         0x184befc90 <redacted> + 644
libc++.1.dylib                  0x1841042ec _ZNSt3__118condition_variable15__do_timed_waitERNS_11unique_lockINS_5mutexEEENS_6chrono10time_pointINS5_12system_clockENS5_8durationIxNS_5ratioILl1ELl1000000000EEEEEEE + 96
JavaScriptCore                  0x18c5e3430 <redacted> + 124
JavaScriptCore                  0x18c5e32e0 <redacted> + 112
JavaScriptCore                  0x18c5e2e24 <redacted> + 272
JavaScriptCore                  0x18c5e2b60 <redacted> + 12
JavaScriptCore                  0x18c5e2f7c <redacted> + 44
libsystem_pthread.dylib         0x184bed220 <redacted> + 272
libsystem_pthread.dylib         0x184bed110 _pthread_start + 292

Backtrace of Thread 21511:
libsystem_platform.dylib        0x184be78f4 <redacted> + 40
libicucore.A.dylib              0x184dacb94 _ZN3icu12RegexPattern3zapEv + 252
libicucore.A.dylib              0x184dacbcc _ZN3icu12RegexPatternD2Ev + 40
libicucore.A.dylib              0x184dacbf4 _ZN3icu12RegexPatternD0Ev + 12
libicucore.A.dylib              0x184deeb18 uplrules_getKeywords + 192
libicucore.A.dylib              0x184deef88 uregex_close + 36
Foundation                      0x185983490 <redacted> + 64
LiveStreaming                   0x103bbcbf0 -[NSString(PrefixMatch) ies_prefixMatchedByRegex:] + 424
LiveStreaming                   0x103bb954c +[IESJSBridgeURLProtocol _parseURLString:prefix:path:channel:] + 168
LiveStreaming                   0x103bb82d0 __45+[IESJSBridgeURLProtocol canInitWithRequest:]_block_invoke + 268
CoreFoundation                  0x184e953a0 <redacted> + 232
LiveStreaming                   0x103bb7d24 +[IESJSBridgeURLProtocol canInitWithRequest:] + 1084
CFNetwork                       0x1855583ac <redacted> + 436
CFNetwork                       0x18555860c <redacted> + 88
CFNetwork                       0x1856bf56c <redacted> + 140
CFNetwork                       0x1855ef520 <redacted> + 228
CFNetwork                       0x1855f735c CFURLConnectionStart + 68
CFNetwork                       0x18577c710 <redacted> + 80
WebCore                         0x18d0f4070 <redacted> + 564
WebCore                         0x18e27315c _ZN7WebCore14ResourceHandle6createEPNS_17NetworkingContextERKNS_15ResourceRequestEPNS_20ResourceHandleClientEbbb + 464
WebCore                         0x18d0f37f0 _ZN7WebCore14ResourceLoader5startEv + 300
WebCore                         0x18e03f058 <redacted> + 168
WebCore                         0x18e03f1b0 <redacted> + 88
WebCore                         0x18e036460 <redacted> + 228
WebCore                         0x18e03eb88 <redacted> + 120
WebCore                         0x18e032ff0 <redacted> + 1592
WebCore                         0x18e03a5b4 <redacted> + 356
WebCore                         0x18e039180 <redacted> + 400
WebCore                         0x18e0322e0 <redacted> + 452
WebCore                         0x18d0f25d8 <redacted> + 156
WebKitLegacy                    0x18e888f30 <redacted> + 500
WebKitLegacy                    0x18e88be78 <redacted> + 44
WebCore                         0x18e038ee4 _ZN7WebCore17SubresourceLoader6createERNS_5FrameERNS_14CachedResourceEONS_15ResourceRequestERKNS_21ResourceLoaderOptionsEON3WTF17CompletionHandlerIFvONSA_6RefPtrIS0_NSA_13DumbPtrTraitsIS0_EEEEEEE + 312
WebKitLegacy                    0x18e888a70 <redacted> + 108
WebCore                         0x18e05a860 <redacted> + 2728
WebCore                         0x18e0625e0 <redacted> + 5896
WebCore                         0x18e0632d4 <redacted> + 80
WebCore                         0x18daf94e8 <redacted> + 416
WebCore                         0x18dd58f84 <redacted> + 64
WebCore                         0x18dd83a44 <redacted> + 964
WebCore                         0x18d0ee5c8 <redacted> + 632
WebCore                         0x18df4ae00 <redacted> + 236
WebCore                         0x18df4acb8 <redacted> + 64
WebCore                         0x18d159c00 <redacted> + 184
WebCore                         0x18df426e8 <redacted> + 516
WebCore                         0x18d1110e4 <redacted> + 116
WebCore                         0x18df42dcc <redacted> + 880
WebCore                         0x18dd0c438 <redacted> + 116
WebCore                         0x18d125130 _ZN7WebCore14DocumentLoader10commitDataEPKcm + 868
WebKitLegacy                    0x18e7ba394 <redacted> + 112

Backtrace of Thread 13827:
libsystem_kernel.dylib          0x184a2be08 mach_msg_trap + 8
libsystem_kernel.dylib          0x184a2bc80 mach_msg + 72
CoreFoundation                  0x184f6ee40 <redacted> + 196
CoreFoundation                  0x184f6c908 <redacted> + 1568
CoreFoundation                  0x184e8cda8 CFRunLoopRunSpecific + 552
Foundation                      0x185901674 <redacted> + 304
Foundation                      0x18590151c <redacted> + 148
UIKit                           0x18eb527e4 <redacted> + 136
Foundation                      0x185a11efc <redacted> + 1040
libsystem_pthread.dylib         0x184bed220 <redacted> + 272
libsystem_pthread.dylib         0x184bed110 _pthread_start + 292

Backtrace of Thread 41219:
libsystem_kernel.dylib          0x184a4dd84 __workq_kernreturn + 8
libsystem_pthread.dylib         0x184bebeb4 _pthread_wqthread + 928

Backtrace of Thread 26883:
libsystem_kernel.dylib          0x184a4dd84 __workq_kernreturn + 8
libsystem_pthread.dylib         0x184bec0a0 _pthread_wqthread + 1420

Backtrace of Thread 39171:
libsystem_kernel.dylib          0x184a4c244 __channel_sync + 8
libsystem_network.dylib         0x184acd68c <redacted> + 4284
libsystem_network.dylib         0x184acc56c <redacted> + 136
libsystem_network.dylib         0x184acbd64 <redacted> + 52
libdispatch.dylib               0x10d949220 _dispatch_client_callout + 16
libdispatch.dylib               0x10d9564d8 _dispatch_continuation_pop + 588
libdispatch.dylib               0x10d94aee8 _dispatch_source_invoke + 1368
libdispatch.dylib               0x10d957ca4 _dispatch_queue_serial_drain + 292
libdispatch.dylib               0x10d94c730 _dispatch_queue_invoke + 328
libdispatch.dylib               0x10d958dd8 _dispatch_root_queue_drain_deferred_wlh + 352
libdispatch.dylib               0x10d95febc _dispatch_workloop_worker_thread + 676
libsystem_pthread.dylib         0x184bebe70 _pthread_wqthread + 860

Backtrace of Thread 27139:
libsystem_kernel.dylib          0x184a4dd84 __workq_kernreturn + 8
libsystem_pthread.dylib         0x184bec0a0 _pthread_wqthread + 1420

Backtrace of Thread 36867:
libsystem_kernel.dylib          0x184a4dd84 __workq_kernreturn + 8
libsystem_pthread.dylib         0x184bec0a0 _pthread_wqthread + 1420

Backtrace of Thread 37127:
libsystem_kernel.dylib          0x184a2be08 mach_msg_trap + 8
libsystem_kernel.dylib          0x184a2bc80 mach_msg + 72
CoreFoundation                  0x184f6ee40 <redacted> + 196
CoreFoundation                  0x184f6c908 <redacted> + 1568
CoreFoundation                  0x184e8cda8 CFRunLoopRunSpecific + 552
Foundation                      0x185901674 <redacted> + 304
Foundation                      0x1859761a8 <redacted> + 88
LiveStreaming                   0x102beffac +[AFURLConnectionOperation networkRequestThreadEntryPoint:] + 308
Foundation                      0x185a11efc <redacted> + 1040
libsystem_pthread.dylib         0x184bed220 <redacted> + 272
libsystem_pthread.dylib         0x184bed110 _pthread_start + 292

Backtrace of Thread 32775:
libsystem_kernel.dylib          0x184a2be08 mach_msg_trap + 8
libsystem_kernel.dylib          0x184a2bc80 mach_msg + 72
CoreFoundation                  0x184f6ee40 <redacted> + 196
CoreFoundation                  0x184f6c908 <redacted> + 1568
CoreFoundation                  0x184e8cda8 CFRunLoopRunSpecific + 552
CFNetwork                       0x18579a4b0 <redacted> + 220
Foundation                      0x185a11efc <redacted> + 1040
libsystem_pthread.dylib         0x184bed220 <redacted> + 272
libsystem_pthread.dylib         0x184bed110 _pthread_start + 292

Backtrace of Thread 85511:
libsystem_kernel.dylib          0x184a4dd84 __workq_kernreturn + 8
libsystem_pthread.dylib         0x184bec0a0 _pthread_wqthread + 1420

Backtrace of Thread 52499:
libsystem_kernel.dylib          0x184a2be08 mach_msg_trap + 8
libsystem_kernel.dylib          0x184a2bc80 mach_msg + 72
CoreFoundation                  0x184f6ee40 <redacted> + 196
CoreFoundation                  0x184f6c908 <redacted> + 1568
CoreFoundation                  0x184e8cda8 CFRunLoopRunSpecific + 552
AVFAudio                        0x18a972424 <redacted> + 164
AVFAudio                        0x18a99c834 <redacted> + 88
libsystem_pthread.dylib         0x184bed220 <redacted> + 272
libsystem_pthread.dylib         0x184bed110 _pthread_start + 292

Backtrace of Thread 75283:
libsystem_kernel.dylib          0x184a4dd84 __workq_kernreturn + 8
libsystem_pthread.dylib         0x184bec0a0 _pthread_wqthread + 1420

Backtrace of Thread 75799:
libsystem_kernel.dylib          0x184a4dd84 __workq_kernreturn + 8
libsystem_pthread.dylib         0x184bebeb4 _pthread_wqthread + 928

Backtrace of Thread 72203:
libsystem_kernel.dylib          0x184a4dd84 __workq_kernreturn + 8
libsystem_pthread.dylib         0x184bebeb4 _pthread_wqthread + 928

Backtrace of Thread 70923:
libsystem_kernel.dylib          0x184a2be5c semaphore_timedwait_trap + 8
libdispatch.dylib               0x10d951324 _dispatch_sema4_timedwait + 60
libdispatch.dylib               0x10d951a9c _dispatch_semaphore_wait_slow + 72
libdispatch.dylib               0x10d95bf64 _dispatch_worker_thread + 260
libsystem_pthread.dylib         0x184bed220 <redacted> + 272
libsystem_pthread.dylib         0x184bed110 _pthread_start + 292

Backtrace of Thread 57875:
libsystem_kernel.dylib          0x184a4dd84 __workq_kernreturn + 8
libsystem_pthread.dylib         0x184bec0a0 _pthread_wqthread + 1420

Backtrace of Thread 68123:
libsystem_kernel.dylib          0x184a4dd84 __workq_kernreturn + 8
libsystem_pthread.dylib         0x184bec0a0 _pthread_wqthread + 1420

Backtrace of Thread 65035:
libsystem_kernel.dylib          0x184a4dd84 __workq_kernreturn + 8
libsystem_pthread.dylib         0x184bec0a0 _pthread_wqthread + 1420

Backtrace of Thread 60947:
libsystem_kernel.dylib          0x184a4dd84 __workq_kernreturn + 8
libsystem_pthread.dylib         0x184bec0a0 _pthread_wqthread + 1420

Backtrace of Thread 62987:
libsystem_kernel.dylib          0x184a2be5c semaphore_timedwait_trap + 8
libdispatch.dylib               0x10d951324 _dispatch_sema4_timedwait + 60
libdispatch.dylib               0x10d951a9c _dispatch_semaphore_wait_slow + 72
libdispatch.dylib               0x10d95bf64 _dispatch_worker_thread + 260
libsystem_pthread.dylib         0x184bed220 <redacted> + 272
libsystem_pthread.dylib         0x184bed110 _pthread_start + 292

Backtrace of Thread 68659:
libsystem_kernel.dylib          0x184a2be08 mach_msg_trap + 8
libsystem_kernel.dylib          0x184a2bc80 mach_msg + 72
CoreFoundation                  0x184f6ee40 <redacted> + 196
CoreFoundation                  0x184f6c908 <redacted> + 1568
CoreFoundation                  0x184e8cda8 CFRunLoopRunSpecific + 552
CoreFoundation                  0x184edcb28 CFRunLoopRun + 116
CoreMotion                      0x18a46d9dc CLStartStopAdvertisingBeacon + 231572
libsystem_pthread.dylib         0x184bed220 <redacted> + 272
libsystem_pthread.dylib         0x184bed110 _pthread_start + 292

Backtrace of Thread 64531:
libsystem_kernel.dylib          0x184a2be08 mach_msg_trap + 8
libsystem_kernel.dylib          0x184a2bc80 mach_msg + 72
CoreFoundation                  0x184f6ee40 <redacted> + 196
CoreFoundation                  0x184f6c908 <redacted> + 1568
CoreFoundation                  0x184e8cda8 CFRunLoopRunSpecific + 552
GeoServices                     0x18b2356cc <redacted> + 468
libsystem_pthread.dylib         0x184bed220 <redacted> + 272
libsystem_pthread.dylib         0x184bed110 _pthread_start + 292

Backtrace of Thread 60179:
libsystem_kernel.dylib          0x184a2be08 mach_msg_trap + 8
libsystem_kernel.dylib          0x184a2bc80 mach_msg + 72
CoreFoundation                  0x184f6ee40 <redacted> + 196
CoreFoundation                  0x184f6c908 <redacted> + 1568
CoreFoundation                  0x184e8cda8 CFRunLoopRunSpecific + 552
Foundation                      0x185901674 <redacted> + 304
LiveStreaming                   0x104048d24 -[_SRRunLoopThread main] + 360
Foundation                      0x185a11efc <redacted> + 1040
libsystem_pthread.dylib         0x184bed220 <redacted> + 272
libsystem_pthread.dylib         0x184bed110 _pthread_start + 292

Backtrace of Thread 170511:
libsystem_kernel.dylib          0x184a4d538 select$DARWIN_EXTSN + 8
CoreFoundation                  0x184f77378 <redacted> + 644
libsystem_pthread.dylib         0x184bed220 <redacted> + 272
libsystem_pthread.dylib         0x184bed110 _pthread_start + 292

Backtrace of Thread 164103:
libsystem_kernel.dylib          0x184a2be08 mach_msg_trap + 8
libsystem_kernel.dylib          0x184a2bc80 mach_msg + 72
CoreFoundation                  0x184f6ee40 <redacted> + 196
CoreFoundation                  0x184f6c908 <redacted> + 1568
CoreFoundation                  0x184e8cda8 CFRunLoopRunSpecific + 552
Foundation                      0x185901674 <redacted> + 304
LiveStreaming                   0x104b32708 +[WXOMTAGCDAsyncSocket cfstreamThread] + 360
Foundation                      0x185a11efc <redacted> + 1040
libsystem_pthread.dylib         0x184bed220 <redacted> + 272
libsystem_pthread.dylib         0x184bed110 _pthread_start + 292

Backtrace of Thread 162315:
libsystem_kernel.dylib          0x184a4d0f4 __psynch_cvwait + 8
libsystem_pthread.dylib         0x184befc90 <redacted> + 644
libc++.1.dylib                  0x18410425c _ZNSt3__118condition_variable4waitERNS_11unique_lockINS_5mutexEEE + 24
LiveStreaming                   0x104f9bf9c _ZN3BRC9SyncQueueINSt3__110shared_ptrINS_4TaskEEEE4TakeERS4_ + 80
LiveStreaming                   0x104f9b9fc _ZN3BRC18SingleThreadWorker4workEv + 176
LiveStreaming                   0x104f9c1e0 _ZNSt3__114__thread_proxyINS_5tupleIJNS_10unique_ptrINS_15__thread_structENS_14default_deleteIS3_EEEEMN3BRC18SingleThreadWorkerEFvvEPS8_EEEEEPvSD_ + 64
libsystem_pthread.dylib         0x184bed220 <redacted> + 272
libsystem_pthread.dylib         0x184bed110 _pthread_start + 292

Backtrace of Thread 162575:
libsystem_kernel.dylib          0x184a4d0f4 __psynch_cvwait + 8
libsystem_pthread.dylib         0x184befc90 <redacted> + 644
libc++.1.dylib                  0x18410425c _ZNSt3__118condition_variable4waitERNS_11unique_lockINS_5mutexEEE + 24
LiveStreaming                   0x104f9bf9c _ZN3BRC9SyncQueueINSt3__110shared_ptrINS_4TaskEEEE4TakeERS4_ + 80
LiveStreaming                   0x104f9b9fc _ZN3BRC18SingleThreadWorker4workEv + 176
LiveStreaming                   0x104f9c1e0 _ZNSt3__114__thread_proxyINS_5tupleIJNS_10unique_ptrINS_15__thread_structENS_14default_deleteIS3_EEEEMN3BRC18SingleThreadWorkerEFvvEPS8_EEEEEPvSD_ + 64
libsystem_pthread.dylib         0x184bed220 <redacted> + 272
libsystem_pthread.dylib         0x184bed110 _pthread_start + 292

Backtrace of Thread 65303:
libsystem_kernel.dylib          0x184a4dd84 __workq_kernreturn + 8
libsystem_pthread.dylib         0x184bebeb4 _pthread_wqthread + 928

Backtrace of Thread 114443:
libsystem_kernel.dylib          0x184a4dd84 __workq_kernreturn + 8
libsystem_pthread.dylib         0x184bec0a0 _pthread_wqthread + 1420

Backtrace of Thread 104199:
libsystem_kernel.dylib          0x184a4dd84 __workq_kernreturn + 8
libsystem_pthread.dylib         0x184bebeb4 _pthread_wqthread + 928

Backtrace of Thread 116231:
libsystem_kernel.dylib          0x184a2be44 semaphore_wait_trap + 8
libdispatch.dylib               0x10d951240 _dispatch_sema4_wait + 24
libdispatch.dylib               0x10d951f38 _dispatch_group_wait_slow + 192
LiveStreaming                   0x102f7c370 __62-[HTSNetworkLinkQualityManager __startSpeedTestWithGroupName:]_block_invoke + 1808
libdispatch.dylib               0x10d949260 _dispatch_call_block_and_release + 24
libdispatch.dylib               0x10d949220 _dispatch_client_callout + 16
libdispatch.dylib               0x10d957e80 _dispatch_queue_serial_drain + 768
libdispatch.dylib               0x10d94c730 _dispatch_queue_invoke + 328
libdispatch.dylib               0x10d958dd8 _dispatch_root_queue_drain_deferred_wlh + 352
libdispatch.dylib               0x10d95febc _dispatch_workloop_worker_thread + 676
libsystem_pthread.dylib         0x184bebe70 _pthread_wqthread + 860

Backtrace of Thread 115207:
libsystem_kernel.dylib          0x184a2be5c semaphore_timedwait_trap + 8
libdispatch.dylib               0x10d951324 _dispatch_sema4_timedwait + 60
libdispatch.dylib               0x10d951a9c _dispatch_semaphore_wait_slow + 72
libdispatch.dylib               0x10d95bf64 _dispatch_worker_thread + 260
libsystem_pthread.dylib         0x184bed220 <redacted> + 272
libsystem_pthread.dylib         0x184bed110 _pthread_start + 292

Backtrace of Thread 115463:
libsystem_kernel.dylib          0x184a2be5c semaphore_timedwait_trap + 8
libdispatch.dylib               0x10d951324 _dispatch_sema4_timedwait + 60
libdispatch.dylib               0x10d951a9c _dispatch_semaphore_wait_slow + 72
libdispatch.dylib               0x10d95bf64 _dispatch_worker_thread + 260
libsystem_pthread.dylib         0x184bed220 <redacted> + 272
libsystem_pthread.dylib         0x184bed110 _pthread_start + 292

