2018/07/30 12:38:01:279  launching sync user
2018/07/30 12:38:16:893  sync user error Error Domain=NSURLErrorDomain Code=-1001 "请求超时。" UserInfo={_kCFStreamErrorCodeKey=-2102, kTTNetworkCustomErrorKey=Error Domain=kTTNetworkErrorDomain Code=1 "(null)", NSUnderlyingError=0x1c025bde0 {Error Domain=kCFErrorDomainCFNetwork Code=-1001 "(null)" UserInfo={_kCFStreamErrorCodeKey=-2102, _kCFStreamErrorDomainKey=4}}, NSLocalizedDescription=请求超时。, NSErrorFailingURLStringKey=https://api.huoshan.com/hotsoon/user/?iid=38972713661&ac=WIFI&os_api=18&app_name=live_stream&channel=test&idfa=7C70D675-99AC-4D12-BA07-3D1070152A59&device_platform=iphone&live_sdk_version=4.5.0&vid=B8AED8D2-7D2A-43A6-8910-4E44021393A7&openudid=bab9c46081b05611726adf0410946be8fa1e7ab9&device_type=iPhone9,1&version_code=4.5.0&os_version=11.3&screen_width=750&aid=1112&device_id=48004135606&mas=00fe59a17e23becd977936567b8acccd7e738890c470cf0ff45281&as=a28559e57992dbc64e6439&ts=1532925481, NSErrorFailingURLKey=https://api.huoshan.com/hotsoon/user/?iid=38972713661&ac=WIFI&os_api=18&app_name=live_stream&channel=test&idfa=7C70D675-99AC-4D12-BA07-3D1070152A59&device_platform=iphone&live_sdk_version=4.5.0&vid=B8AED8D2-7D2A-43A6-8910-4E44021393A7&openudid=bab9c46081b05611726adf0410946be8fa1e7ab9&device_type=iPhone9,1&version_code=4.5.0&os_version=11.3&screen_width=750&aid=1112&device_id=48004135606&mas=00fe59a17e23becd977936567b8acccd7e738890c470cf0ff45281&as=a28559e57992dbc64e6439&ts=1532925481, _kCFStreamErrorDomainKey=4}
2018/07/30 12:38:16:895  check in error? Error Domain=NSURLErrorDomain Code=-1001 "请求超时。" UserInfo={_kCFStreamErrorCodeKey=-2102, kTTNetworkCustomErrorKey=Error Domain=kTTNetworkErrorDomain Code=1 "(null)", NSUnderlyingError=0x1c0454c70 {Error Domain=kCFErrorDomainCFNetwork Code=-1001 "(null)" UserInfo={_kCFStreamErrorCodeKey=-2102, _kCFStreamErrorDomainKey=4}}, NSLocalizedDescription=请求超时。, NSErrorFailingURLStringKey=https://api.huoshan.com/hotsoon/checkin/?iid=38972713661&ac=WIFI&os_api=18&app_name=live_stream&channel=test&idfa=7C70D675-99AC-4D12-BA07-3D1070152A59&device_platform=iphone&live_sdk_version=4.5.0&vid=B8AED8D2-7D2A-43A6-8910-4E44021393A7&openudid=bab9c46081b05611726adf0410946be8fa1e7ab9&device_type=iPhone9,1&version_code=4.5.0&os_version=11.3&screen_width=750&aid=1112&device_id=48004135606&mas=00ba9be085e37df59374ec479a0b0d9ebd84a28d716dc1254e2a98&as=a245496549a2bbe6ce4927&ts=1532925481, NSErrorFailingURLKey=https://api.huoshan.com/hotsoon/checkin/?iid=38972713661&ac=WIFI&os_api=18&app_name=live_stream&channel=test&idfa=7C70D675-99AC-4D12-BA07-3D1070152A59&device_platform=iphone&live_sdk_version=4.5.0&vid=B8AED8D2-7D2A-43A6-8910-4E44021393A7&openudid=bab9c46081b05611726adf0410946be8fa1e7ab9&device_type=iPhone9,1&version_code=4.5.0&os_version=11.3&screen_width=750&aid=1112&device_id=48004135606&mas=00ba9be085e37df59374ec479a0b0d9ebd84a28d716dc1254e2a98&as=a245496549a2bbe6ce4927&ts=1532925481, _kCFStreamErrorDomainKey=4}
2018/07/30 13:55:59:847  login button added, time: Jul 27 2018 18:02:04, blk magic:0
2018/07/30 14:43:28:421  launching sync user
2018/07/30 14:43:28:561  login button added, time: Jul 30 2018 13:53:04, blk magic:0
2018/07/30 14:43:28:857  check in error? (null)
2018/07/30 14:43:29:049  sync user success, uid:68398478202
2018/07/30 14:43:29:049  current user merged
2018/07/30 14:43:29:053  user did update, 68398478202
2018/07/30 14:51:25:987  launching sync user
2018/07/30 14:51:26:049  login button added, time: Jul 30 2018 13:53:04, blk magic:0
2018/07/30 14:51:26:460  check in error? (null)
2018/07/30 14:51:26:537  sync user success, uid:68398478202
2018/07/30 14:51:26:538  current user merged
2018/07/30 14:51:26:542  user did update, 68398478202
2018/07/30 15:05:39:474  launching sync user
2018/07/30 15:05:39:551  login button added, time: Jul 30 2018 13:53:04, blk magic:0
2018/07/30 15:05:40:044  check in error? (null)
2018/07/30 15:05:40:064  sync user success, uid:68398478202
2018/07/30 15:05:40:065  current user merged
2018/07/30 15:05:40:069  user did update, 68398478202
2018/07/30 15:06:12:252  launching sync user
2018/07/30 15:06:12:332  login button added, time: Jul 30 2018 13:53:04, blk magic:0
2018/07/30 15:06:12:632  check in error? (null)
2018/07/30 15:06:12:861  sync user success, uid:68398478202
2018/07/30 15:06:12:863  current user merged
2018/07/30 15:06:12:868  user did update, 68398478202
2018/07/30 16:34:12:824  launching sync user
2018/07/30 16:34:12:913  login button added, time: Jul 30 2018 13:53:04, blk magic:0
2018/07/30 16:34:13:264  check in error? (null)
2018/07/30 16:34:13:288  sync user success, uid:68398478202
2018/07/30 16:34:13:289  current user merged
2018/07/30 16:34:13:291  user did update, 68398478202
2018/07/30 16:35:02:226  launching sync user
2018/07/30 16:35:02:293  login button added, time: Jul 30 2018 13:53:04, blk magic:0
2018/07/30 16:35:02:653  check in error? (null)
2018/07/30 16:35:02:870  sync user success, uid:68398478202
2018/07/30 16:35:02:872  current user merged
2018/07/30 16:35:02:877  user did update, 68398478202
2018/07/30 16:57:57:027  launching sync user
2018/07/30 16:57:57:103  login button added, time: Jul 30 2018 13:53:04, blk magic:0
2018/07/30 16:57:57:538  check in error? (null)
2018/07/30 16:57:57:562  sync user success, uid:68398478202
2018/07/30 16:57:57:563  current user merged
2018/07/30 16:57:57:565  user did update, 68398478202
2018/07/30 18:29:31:277  launching sync user
2018/07/30 18:38:56:326  check in error? (null)
2018/07/30 18:38:56:348  sync user success, uid:68398478202
2018/07/30 18:38:56:349  current user merged
2018/07/30 18:38:56:351  user did update, 68398478202
2018/07/30 19:31:48:417  login button added, time: Jul 30 2018 13:53:04, blk magic:0
2018/07/30 20:09:19:258  launching sync user
2018/07/30 20:09:19:445  login button added, time: Jul 30 2018 13:53:04, blk magic:0
2018/07/30 20:09:19:848  check in error? (null)
2018/07/30 20:09:20:252  sync user success, uid:68398478202
2018/07/30 20:09:20:254  current user merged
2018/07/30 20:09:20:262  user did update, 68398478202
2018/07/30 20:11:55:080  launching sync user
2018/07/30 20:11:55:154  login button added, time: Jul 30 2018 13:53:04, blk magic:0
2018/07/30 20:11:55:488  check in error? (null)
2018/07/30 20:11:55:509  sync user success, uid:68398478202
2018/07/30 20:11:55:511  current user merged
2018/07/30 20:11:55:514  user did update, 68398478202
2018/07/30 20:13:58:523  launching sync user
2018/07/30 20:13:58:600  login button added, time: Jul 30 2018 13:53:04, blk magic:0
2018/07/30 20:13:58:930  check in error? (null)
2018/07/30 20:13:58:950  sync user success, uid:68398478202
2018/07/30 20:13:58:951  current user merged
2018/07/30 20:13:58:954  user did update, 68398478202
2018/07/30 21:28:44:222  launching sync user
2018/07/30 21:28:44:296  login button added, time: Jul 30 2018 13:53:04, blk magic:0
2018/07/30 21:28:44:688  check in error? (null)
2018/07/30 21:28:44:712  sync user success, uid:68398478202
2018/07/30 21:28:44:713  current user merged
2018/07/30 21:28:44:716  user did update, 68398478202
2018/07/30 21:34:10:693  current user merged
2018/07/30 21:34:10:701  user did update, 68398478202
2018/07/31 10:10:49:686  launching sync user
2018/07/31 10:10:49:831  login button added, time: Jul 30 2018 13:53:04, blk magic:0
2018/07/31 10:10:50:111  check in error? (null)
2018/07/31 10:10:50:298  sync user success, uid:68398478202
2018/07/31 10:10:50:299  current user merged
2018/07/31 10:10:50:302  user did update, 68398478202
2018/07/31 10:19:01:628  launching sync user
2018/07/31 10:19:01:702  login button added, time: Jul 30 2018 13:53:04, blk magic:0
2018/07/31 10:19:02:092  check in error? (null)
2018/07/31 10:19:02:109  sync user success, uid:68398478202
2018/07/31 10:19:02:110  current user merged
2018/07/31 10:19:02:113  user did update, 68398478202
2018/07/31 10:25:53:340  launching sync user
2018/07/31 10:25:53:421  login button added, time: Jul 30 2018 13:53:04, blk magic:0
2018/07/31 10:25:53:812  check in error? (null)
2018/07/31 10:25:53:838  sync user success, uid:68398478202
2018/07/31 10:25:53:839  current user merged
2018/07/31 10:25:53:843  user did update, 68398478202
2018/07/31 10:37:23:974  launching sync user
2018/07/31 10:37:24:065  login button added, time: Jul 30 2018 13:53:04, blk magic:0
2018/07/31 10:37:24:564  check in error? (null)
2018/07/31 10:37:24:593  sync user success, uid:68398478202
2018/07/31 10:37:24:594  current user merged
2018/07/31 10:37:24:598  user did update, 68398478202
2018/07/31 11:17:33:590  launching sync user
2018/07/31 11:17:33:734  login button added, time: Jul 30 2018 13:53:04, blk magic:0
2018/07/31 11:17:34:023  check in error? (null)
2018/07/31 11:17:34:355  sync user success, uid:68398478202
2018/07/31 11:17:34:358  current user merged
2018/07/31 11:17:34:370  user did update, 68398478202
2018/07/31 11:20:45:911  launching sync user
2018/07/31 11:20:45:991  login button added, time: Jul 30 2018 13:53:04, blk magic:0
2018/07/31 11:20:46:366  check in error? (null)
2018/07/31 11:20:46:387  sync user success, uid:68398478202
2018/07/31 11:20:46:388  current user merged
2018/07/31 11:20:46:391  user did update, 68398478202
2018/07/31 11:21:40:827  launching sync user
2018/07/31 11:21:40:915  login button added, time: Jul 30 2018 13:53:04, blk magic:0
2018/07/31 11:21:41:291  check in error? (null)
2018/07/31 11:21:41:307  sync user success, uid:68398478202
2018/07/31 11:21:41:309  current user merged
2018/07/31 11:21:41:312  user did update, 68398478202
2018/07/31 11:26:58:545  launching sync user
2018/07/31 11:26:58:624  login button added, time: Jul 30 2018 13:53:04, blk magic:0
2018/07/31 11:26:58:983  check in error? (null)
2018/07/31 11:26:59:008  sync user success, uid:68398478202
2018/07/31 11:26:59:009  current user merged
2018/07/31 11:26:59:014  user did update, 68398478202
2018/07/31 11:32:49:609  launching sync user
2018/07/31 11:32:49:701  login button added, time: Jul 30 2018 13:53:04, blk magic:0
2018/07/31 11:32:50:083  check in error? (null)
2018/07/31 11:32:50:096  sync user success, uid:68398478202
2018/07/31 11:32:50:097  current user merged
2018/07/31 11:32:50:100  user did update, 68398478202
