2018/07/27 18:09:12:016  launching sync user
2018/07/27 18:09:12:207  login button added, time: Jul 27 2018 18:02:04, blk magic:0
2018/07/27 18:09:12:525  check in error? (null)
2018/07/27 18:09:12:801  sync user success, uid:68398478202
2018/07/27 18:09:12:802  current user merged
2018/07/27 18:09:12:806  user did update, 68398478202
2018/07/27 18:15:22:925  launching sync user
2018/07/27 18:15:23:008  login button added, time: Jul 27 2018 18:02:04, blk magic:0
2018/07/27 18:15:23:535  check in error? (null)
2018/07/27 18:15:23:550  sync user success, uid:68398478202
2018/07/27 18:15:23:551  current user merged
2018/07/27 18:15:23:554  user did update, 68398478202
2018/07/27 18:19:59:221  launching sync user
2018/07/27 18:19:59:317  login button added, time: Jul 27 2018 18:02:04, blk magic:0
2018/07/27 18:19:59:743  check in error? (null)
2018/07/27 18:19:59:771  sync user success, uid:68398478202
2018/07/27 18:19:59:772  current user merged
2018/07/27 18:19:59:776  user did update, 68398478202
2018/07/27 18:35:24:707  launching sync user
2018/07/27 18:35:24:777  login button added, time: Jul 27 2018 18:02:04, blk magic:0
2018/07/27 18:35:25:637  sync user success, uid:68398478202
2018/07/27 18:35:25:638  current user merged
2018/07/27 18:35:25:641  user did update, 68398478202
2018/07/27 18:35:25:922  check in error? (null)
2018/07/27 19:59:09:316  launching sync user
2018/07/27 19:59:09:545  login button added, time: Jul 27 2018 18:02:04, blk magic:0
2018/07/27 19:59:10:107  check in error? (null)
2018/07/27 19:59:10:253  sync user success, uid:68398478202
2018/07/27 19:59:10:254  current user merged
2018/07/27 19:59:10:257  user did update, 68398478202
2018/07/27 20:02:28:398  launching sync user
2018/07/27 20:02:28:484  login button added, time: Jul 27 2018 18:02:04, blk magic:0
2018/07/27 20:02:28:932  check in error? (null)
2018/07/27 20:02:29:430  sync user success, uid:68398478202
2018/07/27 20:02:29:431  current user merged
2018/07/27 20:02:29:436  user did update, 68398478202
2018/07/27 20:02:44:097  launching sync user
2018/07/27 20:02:44:166  login button added, time: Jul 27 2018 18:02:04, blk magic:0
2018/07/27 20:02:44:773  check in error? (null)
2018/07/27 20:02:44:780  sync user success, uid:68398478202
2018/07/27 20:02:44:780  current user merged
2018/07/27 20:02:44:785  user did update, 68398478202
2018/07/27 21:18:08:838  launching sync user
2018/07/27 21:18:08:971  login button added, time: Jul 27 2018 18:02:04, blk magic:0
2018/07/27 21:18:11:298  sync user success, uid:68398478202
2018/07/27 21:18:11:302  current user merged
2018/07/27 21:18:11:309  user did update, 68398478202
2018/07/27 21:18:11:510  check in error? (null)
2018/07/27 21:22:14:667  launching sync user
2018/07/27 21:22:14:743  login button added, time: Jul 27 2018 18:02:04, blk magic:0
2018/07/27 21:22:15:221  check in error? (null)
2018/07/27 21:22:15:298  sync user success, uid:68398478202
2018/07/27 21:22:15:299  current user merged
2018/07/27 21:22:15:304  user did update, 68398478202
2018/07/27 22:07:40:486  launching sync user
2018/07/27 22:07:40:687  login button added, time: Jul 27 2018 18:02:04, blk magic:0
2018/07/27 22:07:41:250  check in error? (null)
2018/07/27 22:07:41:267  sync user success, uid:68398478202
2018/07/27 22:07:41:268  current user merged
2018/07/27 22:07:41:272  user did update, 68398478202
2018/07/27 22:18:11:705  launching sync user
2018/07/27 22:18:11:817  login button added, time: Jul 27 2018 18:02:04, blk magic:0
2018/07/27 22:18:12:177  check in error? (null)
2018/07/27 22:18:12:263  sync user success, uid:68398478202
2018/07/27 22:18:12:264  current user merged
2018/07/27 22:18:12:267  user did update, 68398478202
2018/07/27 22:21:00:996  launching sync user
2018/07/27 22:21:01:101  login button added, time: Jul 27 2018 18:02:04, blk magic:0
2018/07/27 22:21:01:460  check in error? (null)
2018/07/27 22:21:01:583  sync user success, uid:68398478202
2018/07/27 22:21:01:584  current user merged
2018/07/27 22:21:01:589  user did update, 68398478202
2018/07/27 22:23:08:921  launching sync user
2018/07/27 22:23:09:001  login button added, time: Jul 27 2018 18:02:04, blk magic:0
2018/07/27 22:23:09:376  check in error? (null)
2018/07/27 22:23:09:390  sync user success, uid:68398478202
2018/07/27 22:23:09:391  current user merged
2018/07/27 22:23:09:394  user did update, 68398478202
2018/07/27 22:25:09:825  launching sync user
2018/07/27 22:25:09:893  login button added, time: Jul 27 2018 18:02:04, blk magic:0
2018/07/27 22:25:10:594  check in error? (null)
2018/07/27 22:25:10:631  sync user success, uid:68398478202
2018/07/27 22:25:10:632  current user merged
2018/07/27 22:25:10:635  user did update, 68398478202
2018/07/27 22:47:02:479  launching sync user
2018/07/27 22:47:02:646  login button added, time: Jul 27 2018 18:02:04, blk magic:0
2018/07/27 22:47:03:291  check in error? (null)
2018/07/27 22:47:03:340  sync user success, uid:68398478202
2018/07/27 22:47:03:342  current user merged
2018/07/27 22:47:03:347  user did update, 68398478202
2018/07/27 22:48:14:653  launching sync user
2018/07/27 22:48:14:777  login button added, time: Jul 27 2018 18:02:04, blk magic:0
2018/07/27 22:48:15:275  check in error? (null)
2018/07/27 22:48:15:292  sync user success, uid:68398478202
2018/07/27 22:48:15:294  current user merged
2018/07/27 22:48:15:299  user did update, 68398478202
